#
# A fatal error has been detected by the Java Runtime Environment:
#
#  EXCEPTION_ACCESS_VIOLATION (0xc0000005) at pc=0x0000000060e307d6, pid=15364, tid=12588
#
# JRE version: Java(TM) SE Runtime Environment (8.0-b113) (build 1.8.0-ea-b113)
# Java VM: Java HotSpot(TM) 64-Bit Server VM (25.0-b55 mixed mode windows-amd64 compressed oops)
# Problematic frame:
# V  [jvm.dll+0x1107d6]
#
# Failed to write core dump. Minidumps are not enabled by default on client versions of Windows
#
# If you would like to submit a bug report, please visit:
#   http://bugreport.sun.com/bugreport/crash.jsp
#

---------------  T H R E A D  ---------------

Current thread (0x0000000016845800):  VMThread [stack: 0x00000000178d0000,0x00000000179d0000] [id=12588]

siginfo: ExceptionCode=0xc0000005, reading address 0x000000000003d288

Registers:
RAX=0x000000006131f950, RBX=0x0000000018cd5560, RCX=0x000000000003d220, RDX=0x00000000614859f0
RSP=0x00000000179cf268, RBP=0x00000000614859f0, RSI=0x0000000000000001, RDI=0x0000000000000002
R8 =0x00000000614859f0, R9 =0x0000000000000004, R10=0x00000000000001fe, R11=0x0000000018cd5550
R12=0x0000000000000000, R13=0x00000000614859f0, R14=0x000000006131f858, R15=0x0000000061485960
RIP=0x0000000060e307d6, EFLAGS=0x0000000000010202

Top of Stack: (sp=0x00000000179cf268)
0x00000000179cf268:   0000000060e3a298 00000000612c49d8
0x00000000179cf278:   0000000060da9e8c 0000000000000000
0x00000000179cf288:   0000000002cac0d0 00000008001f8828
0x00000000179cf298:   0000000060d54a53 00000000614859f0
0x00000000179cf2a8:   0000000018cd5550 0000000000000000
0x00000000179cf2b8:   0000000000000000 000000001aa9fc28
0x00000000179cf2c8:   0000000060e136dd 0000000018cd5550
0x00000000179cf2d8:   0000000000000000 0000000000000000
0x00000000179cf2e8:   000000001aa9fc28 00000000612d7260
0x00000000179cf2f8:   0000000000000000 00000008001f8828
0x00000000179cf308:   0000000060e319a2 00000008001f8428
0x00000000179cf318:   00000000179cf388 00000000614859f0
0x00000000179cf328:   0000000060d7ad8d 00000000612d7260
0x00000000179cf338:   00000000000001fe ffffffffffffff00
0x00000000179cf348:   0000000000000004 00000000000000f9
0x00000000179cf358:   0000000000000000 0000000000000000 

Instructions: (pc=0x0000000060e307d6)
0x0000000060e307b6:   c0 74 14 48 8b 50 78 48 85 d2 74 07 48 89 91 80
0x0000000060e307c6:   00 00 00 48 89 48 78 f3 c3 cc 48 8b 02 4c 8b c2
0x0000000060e307d6:   48 8b 51 68 49 8b c8 48 ff 20 48 8b 81 90 00 00
0x0000000060e307e6:   00 48 8b 00 c3 cc cc cc cc cc 40 53 48 83 ec 50 


Register to memory mapping:

RAX=0x000000006131f950 is an unknown value
RBX=0x0000000018cd5560 is an unknown value
RCX=0x000000000003d220 is an unknown value
RDX=0x00000000614859f0 is an unknown value
RSP=0x00000000179cf268 is an unknown value
RBP=0x00000000614859f0 is an unknown value
RSI=0x0000000000000001 is an unknown value
RDI=0x0000000000000002 is an unknown value
R8 =0x00000000614859f0 is an unknown value
R9 =0x0000000000000004 is an unknown value
R10=0x00000000000001fe is an unknown value
R11=0x0000000018cd5550 is an unknown value
R12=0x0000000000000000 is an unknown value
R13=0x00000000614859f0 is an unknown value
R14=0x000000006131f858 is an unknown value
R15=0x0000000061485960 is an unknown value


Stack: [0x00000000178d0000,0x00000000179d0000],  sp=0x00000000179cf268,  free space=1020k
Native frames: (J=compiled Java code, j=interpreted, Vv=VM code, C=native code)
V  [jvm.dll+0x1107d6]

VM_Operation (0x000000001a4da5e0): CollectForMetadataAllocation, mode: safepoint, requested by thread 0x00000000197be800


---------------  P R O C E S S  ---------------

Java Threads: ( => current thread )
  0x000000001898a800 JavaThread "ForkJoinPool.commonPool-worker-1" daemon [_thread_blocked, id=14092, stack(0x000000001b3e0000,0x000000001b4e0000)]
  0x0000000019e56000 JavaThread "ForkJoinPool.commonPool-worker-2" daemon [_thread_blocked, id=16336, stack(0x000000001b2e0000,0x000000001b3e0000)]
  0x0000000018d58000 JavaThread "ForkJoinPool.commonPool-worker-3" daemon [_thread_blocked, id=9700, stack(0x000000001b1e0000,0x000000001b2e0000)]
  0x0000000019569000 JavaThread "Exec Stream Pumper" daemon [_thread_in_native, id=11612, stack(0x000000001b0e0000,0x000000001b1e0000)]
  0x0000000018282800 JavaThread "Exec Stream Pumper" daemon [_thread_in_native, id=18208, stack(0x000000001afe0000,0x000000001b0e0000)]
  0x0000000019568800 JavaThread "Exec Default Executor" daemon [_thread_in_native, id=19280, stack(0x000000001aee0000,0x000000001afe0000)]
  0x00000000197be800 JavaThread "Forwarding newSession on session null to remote" [_thread_blocked, id=9184, stack(0x000000001a3e0000,0x000000001a4e0000)]
  0x00000000184cd000 JavaThread "ReaderThread" [_thread_in_native, id=13760, stack(0x0000000019310000,0x0000000019410000)]
  0x00000000180db000 JavaThread "Service Thread" daemon [_thread_blocked, id=6132, stack(0x00000000184d0000,0x00000000185d0000)]
  0x000000001687c000 JavaThread "C1 CompilerThread2" daemon [_thread_blocked, id=13180, stack(0x0000000017fd0000,0x00000000180d0000)]
  0x000000001687b000 JavaThread "C2 CompilerThread1" daemon [_thread_blocked, id=10064, stack(0x0000000017ed0000,0x0000000017fd0000)]
  0x0000000016876000 JavaThread "C2 CompilerThread0" daemon [_thread_blocked, id=5580, stack(0x0000000017dd0000,0x0000000017ed0000)]
  0x0000000016874000 JavaThread "Attach Listener" daemon [_thread_blocked, id=17496, stack(0x0000000017cd0000,0x0000000017dd0000)]
  0x0000000016873000 JavaThread "Signal Dispatcher" daemon [_thread_blocked, id=14936, stack(0x0000000017bd0000,0x0000000017cd0000)]
  0x0000000002618000 JavaThread "Finalizer" daemon [_thread_blocked, id=13944, stack(0x0000000017ad0000,0x0000000017bd0000)]
  0x0000000002611000 JavaThread "Reference Handler" daemon [_thread_blocked, id=8616, stack(0x00000000179d0000,0x0000000017ad0000)]
  0x0000000002523800 JavaThread "main" [_thread_blocked, id=13284, stack(0x0000000002340000,0x0000000002440000)]

Other Threads:
=>0x0000000016845800 VMThread [stack: 0x00000000178d0000,0x00000000179d0000] [id=12588]
  0x00000000180e5800 WatcherThread [stack: 0x00000000185d0000,0x00000000186d0000] [id=11120]

VM state:at safepoint (normal execution)

VM Mutex/Monitor currently owned by a thread:  ([mutex/lock_event])
[0x00000000025201d0] Threads_lock - owner thread: 0x0000000016845800
[0x0000000002520fd0] Heap_lock - owner thread: 0x00000000197be800

Heap:
 PSYoungGen      total 124416K, used 7655K [0x00000000dae80000, 0x00000000ea180000, 0x0000000100000000)
  eden space 112128K, 0% used [0x00000000dae80000,0x00000000dae80000,0x00000000e1c00000)
  from space 12288K, 62% used [0x00000000e1c00000,0x00000000e2379cc0,0x00000000e2800000)
  to   space 12288K, 0% used [0x00000000e9580000,0x00000000e9580000,0x00000000ea180000)
 ParOldGen       total 75776K, used 11097K [0x0000000090c00000, 0x0000000095600000, 0x00000000dae80000)
  object space 75776K, 14% used [0x0000000090c00000,0x00000000916d6638,0x0000000095600000)
 Metaspace       used 20946K, capacity 21192K, committed 21296K, reserved 1067008K
  class space    used 2732K, capacity 2848K, committed 2864K, reserved 1048576K

Card table byte_map: [0x00000000119e0000,0x0000000011d60000] byte_map_base: 0x000000001155a000

Marking Bits: (ParMarkBitMap*) 0x00000000614c2bd0
 Begin Bits: [0x00000000123c0000, 0x0000000013f90000)
 End Bits:   [0x0000000013f90000, 0x0000000015b60000)

Polling page: 0x0000000002440000

CodeCache: size=245760Kb used=6691Kb max_used=6691Kb free=239068Kb
 bounds [0x0000000002620000, 0x0000000002cb0000, 0x0000000011620000]
 total_blobs=2500 nmethods=2077 adapters=338
 compilation: enabled

Compilation events (10 events):
Event: 5.752 Thread 0x000000001687c000 nmethod 2380 0x0000000002ca1a90 code [0x0000000002ca1d80, 0x0000000002ca3428]
Event: 5.752 Thread 0x000000001687c000 2384       3       jdk.internal.org.objectweb.asm.MethodWriter::put (1599 bytes)
Event: 5.758 Thread 0x0000000016876000 nmethod 2383 0x0000000002c9d590 code [0x0000000002c9d6e0, 0x0000000002c9dc98]
Event: 5.761 Thread 0x000000001687c000 nmethod 2384 0x0000000002ca58d0 code [0x0000000002ca6160, 0x0000000002ca9bd8]
Event: 5.761 Thread 0x000000001687c000 2382       3       jdk.internal.org.objectweb.asm.MethodWriter::getSize (849 bytes)
Event: 5.766 Thread 0x000000001687c000 nmethod 2382 0x0000000002cac0d0 code [0x0000000002cac560, 0x0000000002cae9d8]
Event: 5.766 Thread 0x000000001687c000 2381       3       jdk.internal.org.objectweb.asm.Type::getReturnType (18 bytes)
Event: 5.766 Thread 0x000000001687c000 nmethod 2381 0x0000000002c9ccd0 code [0x0000000002c9ce60, 0x0000000002c9d3c8]
Event: 5.766 Thread 0x000000001687c000 2386   !   3       java.lang.Class::getSimpleBinaryName (38 bytes)
Event: 5.767 Thread 0x000000001687c000 nmethod 2386 0x0000000002ca0d50 code [0x0000000002ca0f20, 0x0000000002ca1728]

GC Heap History (10 events):
Event: 2.118 GC heap after
Heap after GC invocations=3 (full 0):
 PSYoungGen      total 33792K, used 4016K [0x00000000dae80000, 0x00000000df080000, 0x0000000100000000)
  eden space 29184K, 0% used [0x00000000dae80000,0x00000000dae80000,0x00000000dcb00000)
  from space 4608K, 87% used [0x00000000dcb00000,0x00000000dceec010,0x00000000dcf80000)
  to   space 4608K, 0% used [0x00000000dec00000,0x00000000dec00000,0x00000000df080000)
 ParOldGen       total 75776K, used 293K [0x0000000090c00000, 0x0000000095600000, 0x00000000dae80000)
  object space 75776K, 0% used [0x0000000090c00000,0x0000000090c495b0,0x0000000095600000)
 Metaspace       used 8605K, capacity 8712K, committed 8960K, reserved 1056768K
  class space    used 960K, capacity 982K, committed 1024K, reserved 1048576K
}
Event: 2.244 GC heap before
{Heap before GC invocations=4 (full 0):
 PSYoungGen      total 33792K, used 33200K [0x00000000dae80000, 0x00000000df080000, 0x0000000100000000)
  eden space 29184K, 100% used [0x00000000dae80000,0x00000000dcb00000,0x00000000dcb00000)
  from space 4608K, 87% used [0x00000000dcb00000,0x00000000dceec010,0x00000000dcf80000)
  to   space 4608K, 0% used [0x00000000dec00000,0x00000000dec00000,0x00000000df080000)
 ParOldGen       total 75776K, used 293K [0x0000000090c00000, 0x0000000095600000, 0x00000000dae80000)
  object space 75776K, 0% used [0x0000000090c00000,0x0000000090c495b0,0x0000000095600000)
 Metaspace       used 8623K, capacity 8724K, committed 8960K, reserved 1056768K
  class space    used 961K, capacity 984K, committed 1024K, reserved 1048576K
Event: 2.257 GC heap after
Heap after GC invocations=4 (full 0):
 PSYoungGen      total 62976K, used 4592K [0x00000000dae80000, 0x00000000df080000, 0x0000000100000000)
  eden space 58368K, 0% used [0x00000000dae80000,0x00000000dae80000,0x00000000de780000)
  from space 4608K, 99% used [0x00000000dec00000,0x00000000df07c010,0x00000000df080000)
  to   space 4608K, 0% used [0x00000000de780000,0x00000000de780000,0x00000000dec00000)
 ParOldGen       total 75776K, used 717K [0x0000000090c00000, 0x0000000095600000, 0x00000000dae80000)
  object space 75776K, 0% used [0x0000000090c00000,0x0000000090cb35b0,0x0000000095600000)
 Metaspace       used 8623K, capacity 8724K, committed 8960K, reserved 1056768K
  class space    used 961K, capacity 984K, committed 1024K, reserved 1048576K
}
Event: 2.825 GC heap before
{Heap before GC invocations=5 (full 0):
 PSYoungGen      total 62976K, used 62960K [0x00000000dae80000, 0x00000000df080000, 0x0000000100000000)
  eden space 58368K, 100% used [0x00000000dae80000,0x00000000de780000,0x00000000de780000)
  from space 4608K, 99% used [0x00000000dec00000,0x00000000df07c010,0x00000000df080000)
  to   space 4608K, 0% used [0x00000000de780000,0x00000000de780000,0x00000000dec00000)
 ParOldGen       total 75776K, used 717K [0x0000000090c00000, 0x0000000095600000, 0x00000000dae80000)
  object space 75776K, 0% used [0x0000000090c00000,0x0000000090cb35b0,0x0000000095600000)
 Metaspace       used 10651K, capacity 10740K, committed 10752K, reserved 1058816K
  class space    used 1244K, capacity 1272K, committed 1280K, reserved 1048576K
Event: 2.841 GC heap after
Heap after GC invocations=5 (full 0):
 PSYoungGen      total 62976K, used 4576K [0x00000000dae80000, 0x00000000e2f80000, 0x0000000100000000)
  eden space 58368K, 0% used [0x00000000dae80000,0x00000000dae80000,0x00000000de780000)
  from space 4608K, 99% used [0x00000000de780000,0x00000000debf8020,0x00000000dec00000)
  to   space 7680K, 0% used [0x00000000e2800000,0x00000000e2800000,0x00000000e2f80000)
 ParOldGen       total 75776K, used 3558K [0x0000000090c00000, 0x0000000095600000, 0x00000000dae80000)
  object space 75776K, 4% used [0x0000000090c00000,0x0000000090f79818,0x0000000095600000)
 Metaspace       used 10651K, capacity 10740K, committed 10752K, reserved 1058816K
  class space    used 1244K, capacity 1272K, committed 1280K, reserved 1048576K
}
Event: 5.235 GC heap before
{Heap before GC invocations=6 (full 0):
 PSYoungGen      total 62976K, used 62944K [0x00000000dae80000, 0x00000000e2f80000, 0x0000000100000000)
  eden space 58368K, 100% used [0x00000000dae80000,0x00000000de780000,0x00000000de780000)
  from space 4608K, 99% used [0x00000000de780000,0x00000000debf8020,0x00000000dec00000)
  to   space 7680K, 0% used [0x00000000e2800000,0x00000000e2800000,0x00000000e2f80000)
 ParOldGen       total 75776K, used 3558K [0x0000000090c00000, 0x0000000095600000, 0x00000000dae80000)
  object space 75776K, 4% used [0x0000000090c00000,0x0000000090f79818,0x0000000095600000)
 Metaspace       used 19257K, capacity 19496K, committed 19840K, reserved 1067008K
  class space    used 2469K, capacity 2576K, committed 2688K, reserved 1048576K
Event: 5.275 GC heap after
Heap after GC invocations=6 (full 0):
 PSYoungGen      total 119808K, used 7669K [0x00000000dae80000, 0x00000000e3880000, 0x0000000100000000)
  eden space 112128K, 0% used [0x00000000dae80000,0x00000000dae80000,0x00000000e1c00000)
  from space 7680K, 99% used [0x00000000e2800000,0x00000000e2f7d6c0,0x00000000e2f80000)
  to   space 12288K, 0% used [0x00000000e1c00000,0x00000000e1c00000,0x00000000e2800000)
 ParOldGen       total 75776K, used 9467K [0x0000000090c00000, 0x0000000095600000, 0x00000000dae80000)
  object space 75776K, 12% used [0x0000000090c00000,0x000000009153eda8,0x0000000095600000)
 Metaspace       used 19257K, capacity 19496K, committed 19840K, reserved 1067008K
  class space    used 2469K, capacity 2576K, committed 2688K, reserved 1048576K
}
Event: 5.781 GC heap before
{Heap before GC invocations=7 (full 0):
 PSYoungGen      total 119808K, used 23278K [0x00000000dae80000, 0x00000000e3880000, 0x0000000100000000)
  eden space 112128K, 13% used [0x00000000dae80000,0x00000000dbdbe2c8,0x00000000e1c00000)
  from space 7680K, 99% used [0x00000000e2800000,0x00000000e2f7d6c0,0x00000000e2f80000)
  to   space 12288K, 0% used [0x00000000e1c00000,0x00000000e1c00000,0x00000000e2800000)
 ParOldGen       total 75776K, used 9467K [0x0000000090c00000, 0x0000000095600000, 0x00000000dae80000)
  object space 75776K, 12% used [0x0000000090c00000,0x000000009153eda8,0x0000000095600000)
 Metaspace       used 20946K, capacity 21192K, committed 21296K, reserved 1067008K
  class space    used 2732K, capacity 2848K, committed 2864K, reserved 1048576K
Event: 5.802 GC heap after
Heap after GC invocations=7 (full 0):
 PSYoungGen      total 124416K, used 7655K [0x00000000dae80000, 0x00000000ea180000, 0x0000000100000000)
  eden space 112128K, 0% used [0x00000000dae80000,0x00000000dae80000,0x00000000e1c00000)
  from space 12288K, 62% used [0x00000000e1c00000,0x00000000e2379cc0,0x00000000e2800000)
  to   space 12288K, 0% used [0x00000000e9580000,0x00000000e9580000,0x00000000ea180000)
 ParOldGen       total 75776K, used 11097K [0x0000000090c00000, 0x0000000095600000, 0x00000000dae80000)
  object space 75776K, 14% used [0x0000000090c00000,0x00000000916d6638,0x0000000095600000)
 Metaspace       used 20946K, capacity 21192K, committed 21296K, reserved 1067008K
  class space    used 2732K, capacity 2848K, committed 2864K, reserved 1048576K
}
Event: 5.802 GC heap before
{Heap before GC invocations=8 (full 1):
 PSYoungGen      total 124416K, used 7655K [0x00000000dae80000, 0x00000000ea180000, 0x0000000100000000)
  eden space 112128K, 0% used [0x00000000dae80000,0x00000000dae80000,0x00000000e1c00000)
  from space 12288K, 62% used [0x00000000e1c00000,0x00000000e2379cc0,0x00000000e2800000)
  to   space 12288K, 0% used [0x00000000e9580000,0x00000000e9580000,0x00000000ea180000)
 ParOldGen       total 75776K, used 11097K [0x0000000090c00000, 0x0000000095600000, 0x00000000dae80000)
  object space 75776K, 14% used [0x0000000090c00000,0x00000000916d6638,0x0000000095600000)
 Metaspace       used 20946K, capacity 21192K, committed 21296K, reserved 1067008K
  class space    used 2732K, capacity 2848K, committed 2864K, reserved 1048576K

Deoptimization events (10 events):
Event: 4.363 Thread 0x00000000197be800 Uncommon trap: reason=class_check action=maybe_recompile pc=0x00000000029df180 method=java.util.HashSet.add(Ljava/lang/Object;)Z @ 8
Event: 4.487 Thread 0x00000000197be800 Uncommon trap: reason=bimorphic action=maybe_recompile pc=0x0000000002901aa0 method=java.util.regex.Pattern$SliceNode.study(Ljava/util/regex/Pattern$TreeInfo;)Z @ 33
Event: 4.487 Thread 0x00000000197be800 Uncommon trap: reason=bimorphic action=maybe_recompile pc=0x0000000002901aa0 method=java.util.regex.Pattern$SliceNode.study(Ljava/util/regex/Pattern$TreeInfo;)Z @ 33
Event: 4.487 Thread 0x00000000197be800 Uncommon trap: reason=bimorphic action=maybe_recompile pc=0x0000000002901aa0 method=java.util.regex.Pattern$SliceNode.study(Ljava/util/regex/Pattern$TreeInfo;)Z @ 33
Event: 4.502 Thread 0x00000000197be800 Uncommon trap: reason=unreached action=reinterpret pc=0x0000000002b7b788 method=java.util.ArrayList.indexOf(Ljava/lang/Object;)I @ 1
Event: 5.308 Thread 0x00000000197be800 Uncommon trap: reason=class_check action=maybe_recompile pc=0x0000000002b6daf8 method=org.openqa.selenium.json.Input.init()V @ 18
Event: 5.309 Thread 0x00000000197be800 Uncommon trap: reason=class_check action=maybe_recompile pc=0x0000000002b6daf8 method=org.openqa.selenium.json.Input.init()V @ 18
Event: 5.309 Thread 0x00000000197be800 Uncommon trap: reason=class_check action=maybe_recompile pc=0x0000000002b6daf8 method=org.openqa.selenium.json.Input.init()V @ 18
Event: 5.309 Thread 0x00000000197be800 Uncommon trap: reason=class_check action=maybe_recompile pc=0x0000000002b6daf8 method=org.openqa.selenium.json.Input.init()V @ 18
Event: 5.593 Thread 0x00000000197be800 Uncommon trap: reason=class_check action=maybe_recompile pc=0x0000000002bb9208 method=java.util.regex.Matcher.search(I)Z @ 86

Internal exceptions (10 events):
Event: 5.772 Thread 0x00000000197be800 Exception <a 'java/security/PrivilegedActionException'> (0x00000000dbcc4e28) thrown at [D:\re\workspace\8-2-build-windows-amd64-cygwin\jdk8\563\hotspot\src\share\vm\prims\jvm.cpp, line 1248]
Event: 5.772 Thread 0x00000000197be800 Exception <a 'java/security/PrivilegedActionException'> (0x00000000dbccaa30) thrown at [D:\re\workspace\8-2-build-windows-amd64-cygwin\jdk8\563\hotspot\src\share\vm\prims\jvm.cpp, line 1248]
Event: 5.773 Thread 0x00000000197be800 Exception <a 'java/security/PrivilegedActionException'> (0x00000000dbcd44b8) thrown at [D:\re\workspace\8-2-build-windows-amd64-cygwin\jdk8\563\hotspot\src\share\vm\prims\jvm.cpp, line 1248]
Event: 5.774 Thread 0x00000000197be800 Exception <a 'java/security/PrivilegedActionException'> (0x00000000dbcdadf8) thrown at [D:\re\workspace\8-2-build-windows-amd64-cygwin\jdk8\563\hotspot\src\share\vm\prims\jvm.cpp, line 1248]
Event: 5.774 Thread 0x00000000197be800 Exception <a 'java/security/PrivilegedActionException'> (0x00000000dbce3b20) thrown at [D:\re\workspace\8-2-build-windows-amd64-cygwin\jdk8\563\hotspot\src\share\vm\prims\jvm.cpp, line 1248]
Event: 5.775 Thread 0x00000000197be800 Exception <a 'java/security/PrivilegedActionException'> (0x00000000dbcec490) thrown at [D:\re\workspace\8-2-build-windows-amd64-cygwin\jdk8\563\hotspot\src\share\vm\prims\jvm.cpp, line 1248]
Event: 5.776 Thread 0x00000000197be800 Exception <a 'java/security/PrivilegedActionException'> (0x00000000dbcf0650) thrown at [D:\re\workspace\8-2-build-windows-amd64-cygwin\jdk8\563\hotspot\src\share\vm\prims\jvm.cpp, line 1248]
Event: 5.777 Thread 0x00000000197be800 Exception <a 'java/security/PrivilegedActionException'> (0x00000000dbcfe7f8) thrown at [D:\re\workspace\8-2-build-windows-amd64-cygwin\jdk8\563\hotspot\src\share\vm\prims\jvm.cpp, line 1248]
Event: 5.779 Thread 0x00000000197be800 Exception <a 'java/security/PrivilegedActionException'> (0x00000000dbd067c8) thrown at [D:\re\workspace\8-2-build-windows-amd64-cygwin\jdk8\563\hotspot\src\share\vm\prims\jvm.cpp, line 1248]
Event: 5.780 Thread 0x00000000197be800 Exception <a 'java/security/PrivilegedActionException'> (0x00000000dbd10b08) thrown at [D:\re\workspace\8-2-build-windows-amd64-cygwin\jdk8\563\hotspot\src\share\vm\prims\jvm.cpp, line 1248]

Events (10 events):
Event: 5.775 loading class okhttp3/Connection done
Event: 5.776 loading class okhttp3/internal/connection/StreamAllocation
Event: 5.776 loading class okhttp3/internal/connection/StreamAllocation done
Event: 5.777 loading class okhttp3/Address
Event: 5.777 loading class okhttp3/Address done
Event: 5.779 loading class okhttp3/internal/connection/RouteSelector
Event: 5.779 loading class okhttp3/internal/connection/RouteSelector done
Event: 5.780 loading class okhttp3/internal/cache/CacheStrategy$Factory
Event: 5.780 loading class okhttp3/internal/cache/CacheStrategy$Factory done
Event: 5.781 Executing VM operation: CollectForMetadataAllocation


Dynamic libraries:
0x00007ff634dc0000 - 0x00007ff634df4000 	C:\Program Files\Java\jdk1.8.0\bin\javaw.exe
0x00007ff9375c0000 - 0x00007ff937781000 	C:\Windows\SYSTEM32\ntdll.dll
0x00007ff937340000 - 0x00007ff9373ed000 	C:\Windows\system32\KERNEL32.DLL
0x00007ff934180000 - 0x00007ff934368000 	C:\Windows\system32\KERNELBASE.dll
0x00007ff936ac0000 - 0x00007ff936b67000 	C:\Windows\system32\ADVAPI32.dll
0x00007ff936a20000 - 0x00007ff936abd000 	C:\Windows\system32\msvcrt.dll
0x00007ff936790000 - 0x00007ff9367eb000 	C:\Windows\system32\sechost.dll
0x00007ff936cf0000 - 0x00007ff936e0d000 	C:\Windows\system32\RPCRT4.dll
0x00007ff936630000 - 0x00007ff936786000 	C:\Windows\system32\USER32.dll
0x00007ff936880000 - 0x00007ff936a07000 	C:\Windows\system32\GDI32.dll
0x00007ff92a670000 - 0x00007ff92a8e4000 	C:\Windows\WinSxS\amd64_microsoft.windows.common-controls_6595b64144ccf1df_6.0.10586.839_none_a2ddba30a539a2ae\COMCTL32.dll
0x00007ff936080000 - 0x00007ff9362fe000 	C:\Windows\system32\combase.dll
0x00007ff933e40000 - 0x00007ff933eaa000 	C:\Windows\system32\bcryptPrimitives.dll
0x00007ff9372a0000 - 0x00007ff9372db000 	C:\Windows\system32\IMM32.DLL
0x0000000062050000 - 0x0000000062122000 	C:\Program Files\Java\jdk1.8.0\jre\bin\msvcr100.dll
0x0000000060d20000 - 0x0000000061539000 	C:\Program Files\Java\jdk1.8.0\jre\bin\server\jvm.dll
0x00007ff9375b0000 - 0x00007ff9375b8000 	C:\Windows\system32\PSAPI.DLL
0x00007ff92e100000 - 0x00007ff92e109000 	C:\Windows\SYSTEM32\WSOCK32.dll
0x00007ff936c80000 - 0x00007ff936ceb000 	C:\Windows\system32\WS2_32.dll
0x00007ff931f20000 - 0x00007ff931f43000 	C:\Windows\SYSTEM32\WINMM.dll
0x00007ff931ec0000 - 0x00007ff931eec000 	C:\Windows\SYSTEM32\WINMMBASE.dll
0x00007ff934000000 - 0x00007ff934043000 	C:\Windows\system32\cfgmgr32.dll
0x0000000062040000 - 0x000000006204f000 	C:\Program Files\Java\jdk1.8.0\jre\bin\verify.dll
0x0000000062010000 - 0x0000000062038000 	C:\Program Files\Java\jdk1.8.0\jre\bin\java.dll
0x0000000061fa0000 - 0x0000000061fb6000 	C:\Program Files\Java\jdk1.8.0\jre\bin\zip.dll
0x00007ff9349c0000 - 0x00007ff935f1c000 	C:\Windows\system32\SHELL32.dll
0x00007ff934370000 - 0x00007ff9349b5000 	C:\Windows\system32\windows.storage.dll
0x00007ff9372e0000 - 0x00007ff937332000 	C:\Windows\system32\shlwapi.dll
0x00007ff933bf0000 - 0x00007ff933bff000 	C:\Windows\system32\kernel.appcore.dll
0x00007ff933eb0000 - 0x00007ff933f65000 	C:\Windows\system32\shcore.dll
0x00007ff933c00000 - 0x00007ff933c4b000 	C:\Windows\system32\powrprof.dll
0x00007ff933c50000 - 0x00007ff933c64000 	C:\Windows\system32\profapi.dll
0x0000000060cd0000 - 0x0000000060ce9000 	C:\Program Files\Java\jdk1.8.0\jre\bin\net.dll
0x00007ff933510000 - 0x00007ff93356c000 	C:\Windows\system32\mswsock.dll
0x00007ff932710000 - 0x00007ff9327ba000 	C:\Windows\SYSTEM32\DNSAPI.dll
0x00007ff936a10000 - 0x00007ff936a18000 	C:\Windows\system32\NSI.dll
0x00007ff92b490000 - 0x00007ff92b49a000 	C:\Windows\System32\rasadhlp.dll
0x00007ff92e440000 - 0x00007ff92e4a7000 	C:\Windows\System32\fwpuclnt.dll
0x00007ff933a70000 - 0x00007ff933a99000 	C:\Windows\SYSTEM32\bcrypt.dll
0x00007ff9335c0000 - 0x00007ff9335d7000 	C:\Windows\SYSTEM32\CRYPTSP.dll
0x00007ff933250000 - 0x00007ff933284000 	C:\Windows\system32\rsaenh.dll
0x00007ff9333a0000 - 0x00007ff9333bf000 	C:\Windows\SYSTEM32\USERENV.dll
0x00007ff9336e0000 - 0x00007ff9336eb000 	C:\Windows\SYSTEM32\CRYPTBASE.dll
0x00007ff91e670000 - 0x00007ff91e686000 	C:\Windows\system32\napinsp.dll
0x00007ff91e690000 - 0x00007ff91e6aa000 	C:\Windows\system32\pnrpnsp.dll
0x00007ff9316a0000 - 0x00007ff9316b8000 	C:\Windows\system32\NLAapi.dll
0x00007ff91e6b0000 - 0x00007ff91e6bd000 	C:\Windows\System32\winrnr.dll
0x00007ff91e6c0000 - 0x00007ff91e6d5000 	C:\Windows\System32\wshbth.dll
0x00007ff92fb20000 - 0x00007ff92fb58000 	C:\Windows\SYSTEM32\IPHLPAPI.DLL
0x0000000060cb0000 - 0x0000000060cc1000 	C:\Program Files\Java\jdk1.8.0\jre\bin\nio.dll
0x0000000060cf0000 - 0x0000000060d14000 	C:\Program Files\Java\jdk1.8.0\jre\bin\sunec.dll
0x0000000061f80000 - 0x0000000061f8b000 	C:\Program Files\Java\jdk1.8.0\jre\bin\sunmscapi.dll
0x00007ff933c70000 - 0x00007ff933e38000 	C:\Windows\system32\CRYPT32.dll
0x00007ff933be0000 - 0x00007ff933bf0000 	C:\Windows\system32\MSASN1.dll
0x00007ff92df30000 - 0x00007ff92df46000 	C:\Windows\SYSTEM32\dhcpcsvc6.DLL
0x00007ff92e0e0000 - 0x00007ff92e0fa000 	C:\Windows\SYSTEM32\dhcpcsvc.DLL
0x00007ff911ce0000 - 0x00007ff911e6c000 	C:\Windows\SYSTEM32\dbghelp.dll

VM Arguments:
jvm_args: -ea -Dfile.encoding=Cp1252 
java_command: org.testng.remote.RemoteTestNG -serport 60347 -protocol json -d E:\New Projects\eSign\test-output E:\New Projects\eSign\Build\Package.xml
java_class_path (initial): E:\Softwares\eclipse\configuration\org.eclipse.osgi\935\0\.cp\lib\testng-remote.jar;E:\New Projects\eSign\target\test-classes;E:\New Projects\eSign\target\classes;C:\Users\admin\.m2\repository\org\testng\testng\6.14.2\testng-6.14.2.jar;C:\Users\admin\.m2\repository\com\beust\jcommander\1.72\jcommander-1.72.jar;C:\Users\admin\.m2\repository\org\apache-extras\beanshell\bsh\2.0b6\bsh-2.0b6.jar;C:\Users\admin\.m2\repository\org\seleniumhq\selenium\selenium-java\3.13.0\selenium-java-3.13.0.jar;C:\Users\admin\.m2\repository\org\seleniumhq\selenium\selenium-edge-driver\3.13.0\selenium-edge-driver-3.13.0.jar;C:\Users\admin\.m2\repository\org\seleniumhq\selenium\selenium-ie-driver\3.13.0\selenium-ie-driver-3.13.0.jar;C:\Users\admin\.m2\repository\org\seleniumhq\selenium\selenium-opera-driver\3.13.0\selenium-opera-driver-3.13.0.jar;C:\Users\admin\.m2\repository\org\seleniumhq\selenium\selenium-safari-driver\3.13.0\selenium-safari-driver-3.13.0.jar;C:\Users\admin\.m2\repository\org\seleniumhq\selenium\selenium-support\3.13.0\selenium-support-3.13.0.jar;C:\Users\admin\.m2\repository\net\bytebuddy\byte-buddy\1.8.3\byte-buddy-1.8.3.jar;C:\Users\admin\.m2\repository\org\apache\commons\commons-exec\1.3\commons-exec-1.3.jar;C:\Users\admin\.m2\repository\commons-codec\commons-codec\1.10\commons-codec-1.10.jar;C:\Users\admin\.m2\repository\commons-logging\commons-logging\1.2\commons-logging-1.2.jar;C:\Users\admin\.m2\repository\com\google\code\gson\gson\2.8.4\gson-2.8.4.jar;C:\Users\admin\.m2\repository\com\google\guava\guava\25.0-jre\guava-25.0-jre.jar;C:\Users\admin\.m2\repository\com\google\code\findbugs\jsr305\1.3.9\jsr305-1.3.9.jar;C:\Users\admin\.m2\repository\org\checkerframework\checker-compat-qual\2.0.0\checker-compat-qual-2.0.0.jar;C:\Users\admin\.m2\repository\com\google\errorprone\error_prone_annotations\2.1.3\error_prone_annotations-2.1.3.jar;C:\Users\admin\.m2\repository\com\google\j2objc\j2objc-annotations\1.1\j2objc-annotations-1.1.jar;C:\U
Launcher Type: SUN_STANDARD

Environment Variables:
JAVA_HOME=C:\Program Files\Java\jdk1.8.0
PATH=C:\Windows\system32;C:\Windows;C:\Windows\System32\Wbem;C:\Windows\System32\WindowsPowerShell\v1.0\;C:\Program Files (x86)\Skype\Phone\;E:\Backup Folder\Chirag Backup\Software\apache-maven-3.5.2-bin\apache-maven-3.5.2\bin;C:\Program Files\Java\jdk1.8.0\bin
USERNAME=admin
OS=Windows_NT
PROCESSOR_IDENTIFIER=AMD64 Family 21 Model 48 Stepping 1, AuthenticAMD



---------------  S Y S T E M  ---------------

OS: Windows 8.1 , 64 bit Build 9600 

CPU:total 4 (4 cores per cpu, 1 threads per core) family 21 model 48 stepping 1, cmov, cx8, fxsr, mmx, sse, sse2, sse3, ssse3, sse4.1, sse4.2, popcnt, avx, aes, clmul, mmxext, 3dnowpref, lzcnt, sse4a, tsc, tscinvbit

Memory: 4k page, physical 7284048k(1734896k free), swap 14929584k(2589928k free)

vm_info: Java HotSpot(TM) 64-Bit Server VM (25.0-b55) for windows-amd64 JRE (1.8.0-ea-b113), built on Oct 24 2013 10:27:42 by "java_re" with MS VC++ 10.0 (VS2010)

time: Wed Oct 10 16:04:37 2018
elapsed time: 5 seconds

