#
# A fatal error has been detected by the Java Runtime Environment:
#
#  EXCEPTION_ACCESS_VIOLATION (0xc0000005) at pc=0x00000000534c07d6, pid=19020, tid=26016
#
# JRE version: Java(TM) SE Runtime Environment (8.0-b113) (build 1.8.0-ea-b113)
# Java VM: Java HotSpot(TM) 64-Bit Server VM (25.0-b55 mixed mode windows-amd64 compressed oops)
# Problematic frame:
# V  [jvm.dll+0x1107d6]
#
# Failed to write core dump. Minidumps are not enabled by default on client versions of Windows
#
# If you would like to submit a bug report, please visit:
#   http://bugreport.sun.com/bugreport/crash.jsp
#

---------------  T H R E A D  ---------------

Current thread (0x00000000167e5000):  VMThread [stack: 0x0000000017870000,0x0000000017970000] [id=26016]

siginfo: ExceptionCode=0xc0000005, reading address 0x000000000039bb88

Registers:
RAX=0x00000000539af950, RBX=0x000000001846b120, RCX=0x000000000039bb20, RDX=0x0000000053b159f0
RSP=0x000000001796f0f8, RBP=0x0000000053b159f0, RSI=0x0000000000000001, RDI=0x0000000000000002
R8 =0x0000000053b159f0, R9 =0x0000000000000004, R10=0x00000000000001fe, R11=0x000000001846b110
R12=0x0000000000000000, R13=0x0000000053b159f0, R14=0x00000000539af858, R15=0x0000000053b15960
RIP=0x00000000534c07d6, EFLAGS=0x0000000000010202

Top of Stack: (sp=0x000000001796f0f8)
0x000000001796f0f8:   00000000534ca298 00000000539549d8
0x000000001796f108:   0000000053439e8c 0000000000000000
0x000000001796f118:   0000000002b75650 00000008001f8028
0x000000001796f128:   00000000533e4a53 0000000053b159f0
0x000000001796f138:   000000001846b110 0000000000000000
0x000000001796f148:   0000000000000000 000000001aa2fc28
0x000000001796f158:   00000000534a36dd 000000001846b110
0x000000001796f168:   0000000000000000 0000000000000000
0x000000001796f178:   000000001aa2fc28 0000000053967260
0x000000001796f188:   0000000000000000 00000008001f8028
0x000000001796f198:   00000000534c19a2 00000008001f7c28
0x000000001796f1a8:   000000001796f218 0000000053b159f0
0x000000001796f1b8:   000000005340ad8d 0000000053967260
0x000000001796f1c8:   00000000000001fe ffffffffffffff00
0x000000001796f1d8:   0000000000000004 00000000000000fe
0x000000001796f1e8:   0000000000000000 0000000000000000 

Instructions: (pc=0x00000000534c07d6)
0x00000000534c07b6:   c0 74 14 48 8b 50 78 48 85 d2 74 07 48 89 91 80
0x00000000534c07c6:   00 00 00 48 89 48 78 f3 c3 cc 48 8b 02 4c 8b c2
0x00000000534c07d6:   48 8b 51 68 49 8b c8 48 ff 20 48 8b 81 90 00 00
0x00000000534c07e6:   00 48 8b 00 c3 cc cc cc cc cc 40 53 48 83 ec 50 


Register to memory mapping:

RAX=0x00000000539af950 is an unknown value
RBX=0x000000001846b120 is an unknown value
RCX=0x000000000039bb20 is an unknown value
RDX=0x0000000053b159f0 is an unknown value
RSP=0x000000001796f0f8 is an unknown value
RBP=0x0000000053b159f0 is an unknown value
RSI=0x0000000000000001 is an unknown value
RDI=0x0000000000000002 is an unknown value
R8 =0x0000000053b159f0 is an unknown value
R9 =0x0000000000000004 is an unknown value
R10=0x00000000000001fe is an unknown value
R11=0x000000001846b110 is an unknown value
R12=0x0000000000000000 is an unknown value
R13=0x0000000053b159f0 is an unknown value
R14=0x00000000539af858 is an unknown value
R15=0x0000000053b15960 is an unknown value


Stack: [0x0000000017870000,0x0000000017970000],  sp=0x000000001796f0f8,  free space=1020k
Native frames: (J=compiled Java code, j=interpreted, Vv=VM code, C=native code)
V  [jvm.dll+0x1107d6]

VM_Operation (0x000000001a47c500): CollectForMetadataAllocation, mode: safepoint, requested by thread 0x0000000018c19000


---------------  P R O C E S S  ---------------

Java Threads: ( => current thread )
  0x000000001687c000 JavaThread "Okio Watchdog" daemon [_thread_blocked, id=28140, stack(0x000000001b580000,0x000000001b680000)]
  0x0000000016879800 JavaThread "OkHttp ConnectionPool" daemon [_thread_blocked, id=25752, stack(0x000000001b480000,0x000000001b580000)]
  0x0000000019c1f000 JavaThread "ForkJoinPool.commonPool-worker-2" daemon [_thread_blocked, id=21892, stack(0x000000001b280000,0x000000001b380000)]
  0x00000000198c5000 JavaThread "ForkJoinPool.commonPool-worker-3" daemon [_thread_blocked, id=14596, stack(0x000000001b180000,0x000000001b280000)]
  0x0000000019587000 JavaThread "Exec Stream Pumper" daemon [_thread_in_native, id=21008, stack(0x000000001b080000,0x000000001b180000)]
  0x0000000019586800 JavaThread "Exec Stream Pumper" daemon [_thread_in_native, id=5700, stack(0x000000001af80000,0x000000001b080000)]
  0x00000000193f8800 JavaThread "Exec Default Executor" daemon [_thread_in_native, id=20680, stack(0x000000001ac80000,0x000000001ad80000)]
  0x0000000018c19000 JavaThread "Forwarding newSession on session null to remote" [_thread_blocked, id=26272, stack(0x000000001a380000,0x000000001a480000)]
  0x0000000018850800 JavaThread "ReaderThread" [_thread_in_native, id=27804, stack(0x00000000192b0000,0x00000000193b0000)]
  0x000000001809b000 JavaThread "Service Thread" daemon [_thread_blocked, id=29204, stack(0x0000000018470000,0x0000000018570000)]
  0x000000001681c800 JavaThread "C1 CompilerThread2" daemon [_thread_blocked, id=29444, stack(0x0000000017f70000,0x0000000018070000)]
  0x000000001681a800 JavaThread "C2 CompilerThread1" daemon [_thread_blocked, id=26692, stack(0x0000000017e70000,0x0000000017f70000)]
  0x0000000016816800 JavaThread "C2 CompilerThread0" daemon [_thread_blocked, id=28088, stack(0x0000000017d70000,0x0000000017e70000)]
  0x0000000016814800 JavaThread "Attach Listener" daemon [_thread_blocked, id=29212, stack(0x0000000017c70000,0x0000000017d70000)]
  0x0000000016813800 JavaThread "Signal Dispatcher" daemon [_thread_blocked, id=28988, stack(0x0000000017b70000,0x0000000017c70000)]
  0x00000000025b7800 JavaThread "Finalizer" daemon [_thread_blocked, id=25524, stack(0x0000000017a70000,0x0000000017b70000)]
  0x00000000025b0800 JavaThread "Reference Handler" daemon [_thread_blocked, id=23600, stack(0x0000000017970000,0x0000000017a70000)]
  0x00000000024c3800 JavaThread "main" [_thread_blocked, id=23840, stack(0x0000000002340000,0x0000000002440000)]

Other Threads:
=>0x00000000167e5000 VMThread [stack: 0x0000000017870000,0x0000000017970000] [id=26016]
  0x00000000180a9800 WatcherThread [stack: 0x0000000018570000,0x0000000018670000] [id=24892]

VM state:at safepoint (normal execution)

VM Mutex/Monitor currently owned by a thread:  ([mutex/lock_event])
[0x00000000024c08d0] Threads_lock - owner thread: 0x00000000167e5000
[0x00000000024c0b50] Heap_lock - owner thread: 0x0000000018c19000

Heap:
 PSYoungGen      total 62976K, used 4588K [0x00000000dae80000, 0x00000000e3380000, 0x0000000100000000)
  eden space 58368K, 0% used [0x00000000dae80000,0x00000000dae80000,0x00000000de780000)
  from space 4608K, 99% used [0x00000000de780000,0x00000000debfb0b8,0x00000000dec00000)
  to   space 9728K, 0% used [0x00000000e2a00000,0x00000000e2a00000,0x00000000e3380000)
 ParOldGen       total 75776K, used 8546K [0x0000000090c00000, 0x0000000095600000, 0x00000000dae80000)
  object space 75776K, 11% used [0x0000000090c00000,0x00000000914588b8,0x0000000095600000)
 Metaspace       used 20980K, capacity 21160K, committed 21296K, reserved 1067008K
  class space    used 2754K, capacity 2842K, committed 2864K, reserved 1048576K

Card table byte_map: [0x0000000011980000,0x0000000011d00000] byte_map_base: 0x00000000114fa000

Marking Bits: (ParMarkBitMap*) 0x0000000053b52bd0
 Begin Bits: [0x0000000012360000, 0x0000000013f30000)
 End Bits:   [0x0000000013f30000, 0x0000000015b00000)

Polling page: 0x0000000000620000

CodeCache: size=245760Kb used=5703Kb max_used=5823Kb free=240056Kb
 bounds [0x00000000025c0000, 0x0000000002b80000, 0x00000000115c0000]
 total_blobs=2196 nmethods=1770 adapters=341
 compilation: enabled

Compilation events (10 events):
Event: 9.745 Thread 0x0000000016816800 2028       4       sun.util.calendar.ZoneInfo::getTransitionIndex (156 bytes)
Event: 9.748 Thread 0x000000001681c800 2029       3       org.openqa.selenium.json.JsonInputIterator::hasNext (8 bytes)
Event: 9.748 Thread 0x000000001681c800 nmethod 2029 0x00000000026e1650 code [0x00000000026e17c0, 0x00000000026e1988]
Event: 9.749 Thread 0x000000001681c800 2030       3       java.util.stream.ReduceOps$3ReducingSink::accept (15 bytes)
Event: 9.749 Thread 0x000000001681c800 nmethod 2030 0x000000000285da50 code [0x000000000285dbc0, 0x000000000285de28]
Event: 9.749 Thread 0x000000001681a800 nmethod 2026 0x00000000028a0390 code [0x00000000028a04e0, 0x00000000028a07f8]
Event: 9.754 Thread 0x0000000016816800 nmethod 2028 0x00000000028367d0 code [0x0000000002836920, 0x0000000002836c58]
Event: 9.756 Thread 0x000000001681c800 2031       3       java.lang.invoke.MethodHandleNatives::findMethodHandleType (7 bytes)
Event: 9.756 Thread 0x000000001681c800 nmethod 2031 0x00000000028706d0 code [0x0000000002870840, 0x00000000028709e8]
Event: 9.757 Thread 0x000000001681c800 2033       3       jdk.internal.org.objectweb.asm.MethodWriter::put (1599 bytes)

GC Heap History (10 events):
Event: 1.898 GC heap after
Heap after GC invocations=1 (full 0):
 PSYoungGen      total 33792K, used 4601K [0x00000000dae80000, 0x00000000dd400000, 0x0000000100000000)
  eden space 29184K, 0% used [0x00000000dae80000,0x00000000dae80000,0x00000000dcb00000)
  from space 4608K, 99% used [0x00000000dcb00000,0x00000000dcf7e5e0,0x00000000dcf80000)
  to   space 4608K, 0% used [0x00000000dcf80000,0x00000000dcf80000,0x00000000dd400000)
 ParOldGen       total 75776K, used 171K [0x0000000090c00000, 0x0000000095600000, 0x00000000dae80000)
  object space 75776K, 0% used [0x0000000090c00000,0x0000000090c2ad68,0x0000000095600000)
 Metaspace       used 8489K, capacity 8584K, committed 8704K, reserved 1056768K
  class space    used 959K, capacity 982K, committed 1024K, reserved 1048576K
}
Event: 2.625 GC heap before
{Heap before GC invocations=2 (full 0):
 PSYoungGen      total 33792K, used 33785K [0x00000000dae80000, 0x00000000dd400000, 0x0000000100000000)
  eden space 29184K, 100% used [0x00000000dae80000,0x00000000dcb00000,0x00000000dcb00000)
  from space 4608K, 99% used [0x00000000dcb00000,0x00000000dcf7e5e0,0x00000000dcf80000)
  to   space 4608K, 0% used [0x00000000dcf80000,0x00000000dcf80000,0x00000000dd400000)
 ParOldGen       total 75776K, used 171K [0x0000000090c00000, 0x0000000095600000, 0x00000000dae80000)
  object space 75776K, 0% used [0x0000000090c00000,0x0000000090c2ad68,0x0000000095600000)
 Metaspace       used 11318K, capacity 11400K, committed 11648K, reserved 1058816K
  class space    used 1333K, capacity 1366K, committed 1408K, reserved 1048576K
Event: 2.638 GC heap after
Heap after GC invocations=2 (full 0):
 PSYoungGen      total 33792K, used 4600K [0x00000000dae80000, 0x00000000df080000, 0x0000000100000000)
  eden space 29184K, 0% used [0x00000000dae80000,0x00000000dae80000,0x00000000dcb00000)
  from space 4608K, 99% used [0x00000000dcf80000,0x00000000dd3fe020,0x00000000dd400000)
  to   space 4608K, 0% used [0x00000000dcb00000,0x00000000dcb00000,0x00000000dcf80000)
 ParOldGen       total 75776K, used 374K [0x0000000090c00000, 0x0000000095600000, 0x00000000dae80000)
  object space 75776K, 0% used [0x0000000090c00000,0x0000000090c5daf0,0x0000000095600000)
 Metaspace       used 11318K, capacity 11400K, committed 11648K, reserved 1058816K
  class space    used 1333K, capacity 1366K, committed 1408K, reserved 1048576K
}
Event: 3.817 GC heap before
{Heap before GC invocations=3 (full 0):
 PSYoungGen      total 33792K, used 33784K [0x00000000dae80000, 0x00000000df080000, 0x0000000100000000)
  eden space 29184K, 100% used [0x00000000dae80000,0x00000000dcb00000,0x00000000dcb00000)
  from space 4608K, 99% used [0x00000000dcf80000,0x00000000dd3fe020,0x00000000dd400000)
  to   space 4608K, 0% used [0x00000000dcb00000,0x00000000dcb00000,0x00000000dcf80000)
 ParOldGen       total 75776K, used 374K [0x0000000090c00000, 0x0000000095600000, 0x00000000dae80000)
  object space 75776K, 0% used [0x0000000090c00000,0x0000000090c5daf0,0x0000000095600000)
 Metaspace       used 15790K, capacity 15912K, committed 16256K, reserved 1062912K
  class space    used 2000K, capacity 2052K, committed 2176K, reserved 1048576K
Event: 3.834 GC heap after
Heap after GC invocations=3 (full 0):
 PSYoungGen      total 33792K, used 4592K [0x00000000dae80000, 0x00000000df080000, 0x0000000100000000)
  eden space 29184K, 0% used [0x00000000dae80000,0x00000000dae80000,0x00000000dcb00000)
  from space 4608K, 99% used [0x00000000dcb00000,0x00000000dcf7c090,0x00000000dcf80000)
  to   space 4608K, 0% used [0x00000000dec00000,0x00000000dec00000,0x00000000df080000)
 ParOldGen       total 75776K, used 3650K [0x0000000090c00000, 0x0000000095600000, 0x00000000dae80000)
  object space 75776K, 4% used [0x0000000090c00000,0x0000000090f90858,0x0000000095600000)
 Metaspace       used 15790K, capacity 15912K, committed 16256K, reserved 1062912K
  class space    used 2000K, capacity 2052K, committed 2176K, reserved 1048576K
}
Event: 5.564 GC heap before
{Heap before GC invocations=4 (full 0):
 PSYoungGen      total 33792K, used 33776K [0x00000000dae80000, 0x00000000df080000, 0x0000000100000000)
  eden space 29184K, 100% used [0x00000000dae80000,0x00000000dcb00000,0x00000000dcb00000)
  from space 4608K, 99% used [0x00000000dcb00000,0x00000000dcf7c090,0x00000000dcf80000)
  to   space 4608K, 0% used [0x00000000dec00000,0x00000000dec00000,0x00000000df080000)
 ParOldGen       total 75776K, used 3650K [0x0000000090c00000, 0x0000000095600000, 0x00000000dae80000)
  object space 75776K, 4% used [0x0000000090c00000,0x0000000090f90858,0x0000000095600000)
 Metaspace       used 20062K, capacity 20358K, committed 20736K, reserved 1067008K
  class space    used 2637K, capacity 2745K, committed 2816K, reserved 1048576K
Event: 5.582 GC heap after
Heap after GC invocations=4 (full 0):
 PSYoungGen      total 62976K, used 4592K [0x00000000dae80000, 0x00000000df080000, 0x0000000100000000)
  eden space 58368K, 0% used [0x00000000dae80000,0x00000000dae80000,0x00000000de780000)
  from space 4608K, 99% used [0x00000000dec00000,0x00000000df07c0b0,0x00000000df080000)
  to   space 4608K, 0% used [0x00000000de780000,0x00000000de780000,0x00000000dec00000)
 ParOldGen       total 75776K, used 7615K [0x0000000090c00000, 0x0000000095600000, 0x00000000dae80000)
  object space 75776K, 10% used [0x0000000090c00000,0x000000009136fc30,0x0000000095600000)
 Metaspace       used 20062K, capacity 20358K, committed 20736K, reserved 1067008K
  class space    used 2637K, capacity 2745K, committed 2816K, reserved 1048576K
}
Event: 9.765 GC heap before
{Heap before GC invocations=5 (full 0):
 PSYoungGen      total 62976K, used 10513K [0x00000000dae80000, 0x00000000df080000, 0x0000000100000000)
  eden space 58368K, 10% used [0x00000000dae80000,0x00000000db448658,0x00000000de780000)
  from space 4608K, 99% used [0x00000000dec00000,0x00000000df07c0b0,0x00000000df080000)
  to   space 4608K, 0% used [0x00000000de780000,0x00000000de780000,0x00000000dec00000)
 ParOldGen       total 75776K, used 7615K [0x0000000090c00000, 0x0000000095600000, 0x00000000dae80000)
  object space 75776K, 10% used [0x0000000090c00000,0x000000009136fc30,0x0000000095600000)
 Metaspace       used 20980K, capacity 21160K, committed 21296K, reserved 1067008K
  class space    used 2754K, capacity 2842K, committed 2864K, reserved 1048576K
Event: 9.782 GC heap after
Heap after GC invocations=5 (full 0):
 PSYoungGen      total 62976K, used 4588K [0x00000000dae80000, 0x00000000e3380000, 0x0000000100000000)
  eden space 58368K, 0% used [0x00000000dae80000,0x00000000dae80000,0x00000000de780000)
  from space 4608K, 99% used [0x00000000de780000,0x00000000debfb0b8,0x00000000dec00000)
  to   space 9728K, 0% used [0x00000000e2a00000,0x00000000e2a00000,0x00000000e3380000)
 ParOldGen       total 75776K, used 8546K [0x0000000090c00000, 0x0000000095600000, 0x00000000dae80000)
  object space 75776K, 11% used [0x0000000090c00000,0x00000000914588b8,0x0000000095600000)
 Metaspace       used 20980K, capacity 21160K, committed 21296K, reserved 1067008K
  class space    used 2754K, capacity 2842K, committed 2864K, reserved 1048576K
}
Event: 9.782 GC heap before
{Heap before GC invocations=6 (full 1):
 PSYoungGen      total 62976K, used 4588K [0x00000000dae80000, 0x00000000e3380000, 0x0000000100000000)
  eden space 58368K, 0% used [0x00000000dae80000,0x00000000dae80000,0x00000000de780000)
  from space 4608K, 99% used [0x00000000de780000,0x00000000debfb0b8,0x00000000dec00000)
  to   space 9728K, 0% used [0x00000000e2a00000,0x00000000e2a00000,0x00000000e3380000)
 ParOldGen       total 75776K, used 8546K [0x0000000090c00000, 0x0000000095600000, 0x00000000dae80000)
  object space 75776K, 11% used [0x0000000090c00000,0x00000000914588b8,0x0000000095600000)
 Metaspace       used 20980K, capacity 21160K, committed 21296K, reserved 1067008K
  class space    used 2754K, capacity 2842K, committed 2864K, reserved 1048576K

Deoptimization events (10 events):
Event: 4.215 Thread 0x0000000018c19000 Uncommon trap: reason=class_check action=maybe_recompile pc=0x0000000002950c8c method=java.util.HashSet.add(Ljava/lang/Object;)Z @ 8
Event: 4.216 Thread 0x0000000018c19000 Uncommon trap: reason=class_check action=maybe_recompile pc=0x0000000002950c8c method=java.util.HashSet.add(Ljava/lang/Object;)Z @ 8
Event: 5.110 Thread 0x0000000018c19000 Uncommon trap: reason=class_check action=maybe_recompile pc=0x00000000028cd538 method=org.openqa.selenium.json.Input.init()V @ 18
Event: 5.110 Thread 0x0000000018c19000 Uncommon trap: reason=class_check action=maybe_recompile pc=0x00000000028cd538 method=org.openqa.selenium.json.Input.init()V @ 18
Event: 5.110 Thread 0x0000000018c19000 Uncommon trap: reason=class_check action=maybe_recompile pc=0x00000000028cd538 method=org.openqa.selenium.json.Input.init()V @ 18
Event: 5.110 Thread 0x0000000018c19000 Uncommon trap: reason=class_check action=maybe_recompile pc=0x00000000028cd538 method=org.openqa.selenium.json.Input.init()V @ 18
Event: 5.632 Thread 0x0000000018c19000 Uncommon trap: reason=class_check action=maybe_recompile pc=0x00000000027fba10 method=java.io.FilterInputStream.read([BII)I @ 7
Event: 5.632 Thread 0x0000000018c19000 Uncommon trap: reason=class_check action=maybe_recompile pc=0x00000000027fba10 method=java.io.FilterInputStream.read([BII)I @ 7
Event: 5.633 Thread 0x0000000018c19000 Uncommon trap: reason=class_check action=maybe_recompile pc=0x00000000027fba10 method=java.io.FilterInputStream.read([BII)I @ 7
Event: 5.641 Thread 0x0000000018c19000 Uncommon trap: reason=class_check action=maybe_recompile pc=0x00000000027fba10 method=java.io.FilterInputStream.read([BII)I @ 7

Internal exceptions (10 events):
Event: 9.739 Thread 0x0000000018c19000 Exception <a 'java/security/PrivilegedActionException'> (0x00000000db2fa5f0) thrown at [D:\re\workspace\8-2-build-windows-amd64-cygwin\jdk8\563\hotspot\src\share\vm\prims\jvm.cpp, line 1248]
Event: 9.740 Thread 0x0000000018c19000 Exception <a 'java/security/PrivilegedActionException'> (0x00000000db301d60) thrown at [D:\re\workspace\8-2-build-windows-amd64-cygwin\jdk8\563\hotspot\src\share\vm\prims\jvm.cpp, line 1248]
Event: 9.744 Thread 0x0000000018c19000 Exception <a 'java/security/PrivilegedActionException'> (0x00000000db319e20) thrown at [D:\re\workspace\8-2-build-windows-amd64-cygwin\jdk8\563\hotspot\src\share\vm\prims\jvm.cpp, line 1248]
Event: 9.746 Thread 0x0000000018c19000 Exception <a 'java/security/PrivilegedActionException'> (0x00000000db3203c8) thrown at [D:\re\workspace\8-2-build-windows-amd64-cygwin\jdk8\563\hotspot\src\share\vm\prims\jvm.cpp, line 1248]
Event: 9.750 Thread 0x0000000018c19000 Exception <a 'java/security/PrivilegedActionException'> (0x00000000db36b2b0) thrown at [D:\re\workspace\8-2-build-windows-amd64-cygwin\jdk8\563\hotspot\src\share\vm\prims\jvm.cpp, line 1248]
Event: 9.751 Thread 0x0000000018c19000 Exception <a 'java/security/PrivilegedActionException'> (0x00000000db375550) thrown at [D:\re\workspace\8-2-build-windows-amd64-cygwin\jdk8\563\hotspot\src\share\vm\prims\jvm.cpp, line 1248]
Event: 9.751 Thread 0x0000000018c19000 Exception <a 'java/security/PrivilegedActionException'> (0x00000000db381cb0) thrown at [D:\re\workspace\8-2-build-windows-amd64-cygwin\jdk8\563\hotspot\src\share\vm\prims\jvm.cpp, line 1248]
Event: 9.754 Thread 0x0000000018c19000 Exception <a 'java/security/PrivilegedActionException'> (0x00000000db397e80) thrown at [D:\re\workspace\8-2-build-windows-amd64-cygwin\jdk8\563\hotspot\src\share\vm\prims\jvm.cpp, line 1248]
Event: 9.758 Thread 0x0000000018c19000 Exception <a 'java/security/PrivilegedActionException'> (0x00000000db3b1cc0) thrown at [D:\re\workspace\8-2-build-windows-amd64-cygwin\jdk8\563\hotspot\src\share\vm\prims\jvm.cpp, line 1248]
Event: 9.763 Thread 0x0000000018c19000 Exception <a 'java/security/PrivilegedActionException'> (0x00000000db3d3ad0) thrown at [D:\re\workspace\8-2-build-windows-amd64-cygwin\jdk8\563\hotspot\src\share\vm\prims\jvm.cpp, line 1248]

Events (10 events):
Event: 9.760 loading class org/openqa/selenium/remote/W3CHandshakeResponse done
Event: 9.761 loading class org/openqa/selenium/remote/InitialHandshakeResponse
Event: 9.761 loading class org/openqa/selenium/remote/InitialHandshakeResponse done
Event: 9.761 loading class org/openqa/selenium/remote/InitialHandshakeResponse
Event: 9.761 loading class org/openqa/selenium/remote/InitialHandshakeResponse done
Event: 9.763 loading class org/openqa/selenium/remote/ProtocolHandshake$Result
Event: 9.763 loading class org/openqa/selenium/remote/ProtocolHandshake$Result done
Event: 9.763 loading class org/openqa/selenium/remote/ProtocolHandshake$Result
Event: 9.763 loading class org/openqa/selenium/remote/ProtocolHandshake$Result done
Event: 9.764 Executing VM operation: CollectForMetadataAllocation


Dynamic libraries:
0x00007ff61edf0000 - 0x00007ff61ee24000 	C:\Program Files\Java\jdk1.8.0\bin\javaw.exe
0x00007ffa70eb0000 - 0x00007ffa71091000 	C:\WINDOWS\SYSTEM32\ntdll.dll
0x00007ffa70170000 - 0x00007ffa70222000 	C:\WINDOWS\System32\KERNEL32.DLL
0x00007ffa6def0000 - 0x00007ffa6e163000 	C:\WINDOWS\System32\KERNELBASE.dll
0x00007ffa70750000 - 0x00007ffa707f1000 	C:\WINDOWS\System32\ADVAPI32.dll
0x00007ffa6e340000 - 0x00007ffa6e3de000 	C:\WINDOWS\System32\msvcrt.dll
0x00007ffa70110000 - 0x00007ffa7016b000 	C:\WINDOWS\System32\sechost.dll
0x00007ffa70ca0000 - 0x00007ffa70dc4000 	C:\WINDOWS\System32\RPCRT4.dll
0x00007ffa6e850000 - 0x00007ffa6e9e0000 	C:\WINDOWS\System32\USER32.dll
0x00007ffa6e170000 - 0x00007ffa6e190000 	C:\WINDOWS\System32\win32u.dll
0x00007ffa700e0000 - 0x00007ffa70108000 	C:\WINDOWS\System32\GDI32.dll
0x00007ffa6dd50000 - 0x00007ffa6dee2000 	C:\WINDOWS\System32\gdi32full.dll
0x00007ffa6dbd0000 - 0x00007ffa6dc6f000 	C:\WINDOWS\System32\msvcp_win.dll
0x00007ffa6e190000 - 0x00007ffa6e28a000 	C:\WINDOWS\System32\ucrtbase.dll
0x00007ffa5f5a0000 - 0x00007ffa5f809000 	C:\WINDOWS\WinSxS\amd64_microsoft.windows.common-controls_6595b64144ccf1df_6.0.17134.1_none_e4da93291059d8fb\COMCTL32.dll
0x00007ffa70800000 - 0x00007ffa70b23000 	C:\WINDOWS\System32\combase.dll
0x00007ffa6dcd0000 - 0x00007ffa6dd4a000 	C:\WINDOWS\System32\bcryptPrimitives.dll
0x00007ffa6e6c0000 - 0x00007ffa6e6ed000 	C:\WINDOWS\System32\IMM32.DLL
0x0000000053bd0000 - 0x0000000053ca2000 	C:\Program Files\Java\jdk1.8.0\jre\bin\msvcr100.dll
0x00000000533b0000 - 0x0000000053bc9000 	C:\Program Files\Java\jdk1.8.0\jre\bin\server\jvm.dll
0x00007ffa6e9e0000 - 0x00007ffa6e9e8000 	C:\WINDOWS\System32\PSAPI.DLL
0x00007ffa67cf0000 - 0x00007ffa67cf9000 	C:\WINDOWS\SYSTEM32\WSOCK32.dll
0x00007ffa691d0000 - 0x00007ffa691f3000 	C:\WINDOWS\SYSTEM32\WINMM.dll
0x00007ffa6ec30000 - 0x00007ffa6ec9c000 	C:\WINDOWS\System32\WS2_32.dll
0x00007ffa691a0000 - 0x00007ffa691ca000 	C:\WINDOWS\SYSTEM32\WINMMBASE.dll
0x00007ffa6db80000 - 0x00007ffa6dbc9000 	C:\WINDOWS\System32\cfgmgr32.dll
0x00000000533a0000 - 0x00000000533af000 	C:\Program Files\Java\jdk1.8.0\jre\bin\verify.dll
0x0000000053370000 - 0x0000000053398000 	C:\Program Files\Java\jdk1.8.0\jre\bin\java.dll
0x0000000053350000 - 0x0000000053366000 	C:\Program Files\Java\jdk1.8.0\jre\bin\zip.dll
0x00007ffa6eca0000 - 0x00007ffa700e0000 	C:\WINDOWS\System32\SHELL32.dll
0x00007ffa70dd0000 - 0x00007ffa70e79000 	C:\WINDOWS\System32\shcore.dll
0x00007ffa6d280000 - 0x00007ffa6d98d000 	C:\WINDOWS\System32\windows.storage.dll
0x00007ffa70bd0000 - 0x00007ffa70c21000 	C:\WINDOWS\System32\shlwapi.dll
0x00007ffa6d250000 - 0x00007ffa6d261000 	C:\WINDOWS\System32\kernel.appcore.dll
0x00007ffa6d1e0000 - 0x00007ffa6d1ff000 	C:\WINDOWS\System32\profapi.dll
0x00007ffa6d200000 - 0x00007ffa6d24c000 	C:\WINDOWS\System32\powrprof.dll
0x00007ffa6d270000 - 0x00007ffa6d27a000 	C:\WINDOWS\System32\FLTLIB.DLL
0x0000000053330000 - 0x0000000053349000 	C:\Program Files\Java\jdk1.8.0\jre\bin\net.dll
0x00007ffa6ca40000 - 0x00007ffa6caa6000 	C:\WINDOWS\system32\mswsock.dll
0x00007ffa6c800000 - 0x00007ffa6c8be000 	C:\WINDOWS\SYSTEM32\DNSAPI.dll
0x00007ffa70c90000 - 0x00007ffa70c98000 	C:\WINDOWS\System32\NSI.dll
0x00007ffa6c7c0000 - 0x00007ffa6c7f8000 	C:\WINDOWS\SYSTEM32\IPHLPAPI.DLL
0x00007ffa62c40000 - 0x00007ffa62c4a000 	C:\Windows\System32\rasadhlp.dll
0x00007ffa601f0000 - 0x00007ffa60262000 	C:\WINDOWS\System32\fwpuclnt.dll
0x00007ffa6cd20000 - 0x00007ffa6cd45000 	C:\WINDOWS\SYSTEM32\bcrypt.dll
0x00007ffa6cbf0000 - 0x00007ffa6cc07000 	C:\WINDOWS\SYSTEM32\CRYPTSP.dll
0x00007ffa6c620000 - 0x00007ffa6c653000 	C:\WINDOWS\system32\rsaenh.dll
0x00007ffa6d0c0000 - 0x00007ffa6d0e8000 	C:\WINDOWS\SYSTEM32\USERENV.dll
0x00007ffa6cc10000 - 0x00007ffa6cc1b000 	C:\WINDOWS\SYSTEM32\CRYPTBASE.dll
0x00007ffa63550000 - 0x00007ffa63566000 	C:\WINDOWS\system32\napinsp.dll
0x00007ffa50a10000 - 0x00007ffa50a2a000 	C:\WINDOWS\system32\pnrpnsp.dll
0x00007ffa633d0000 - 0x00007ffa633e9000 	C:\WINDOWS\system32\NLAapi.dll
0x00007ffa570e0000 - 0x00007ffa570ee000 	C:\WINDOWS\System32\winrnr.dll
0x00007ffa633b0000 - 0x00007ffa633c5000 	C:\WINDOWS\System32\wshbth.dll
0x0000000053310000 - 0x0000000053321000 	C:\Program Files\Java\jdk1.8.0\jre\bin\nio.dll
0x00000000532e0000 - 0x0000000053304000 	C:\Program Files\Java\jdk1.8.0\jre\bin\sunec.dll
0x00000000532d0000 - 0x00000000532db000 	C:\Program Files\Java\jdk1.8.0\jre\bin\sunmscapi.dll
0x00007ffa6d990000 - 0x00007ffa6db72000 	C:\WINDOWS\System32\CRYPT32.dll
0x00007ffa6d1c0000 - 0x00007ffa6d1d2000 	C:\WINDOWS\System32\MSASN1.dll
0x00007ffa630a0000 - 0x00007ffa630b6000 	C:\WINDOWS\SYSTEM32\dhcpcsvc6.DLL
0x00007ffa631a0000 - 0x00007ffa631ba000 	C:\WINDOWS\SYSTEM32\dhcpcsvc.DLL
0x00007ffa67940000 - 0x00007ffa67b09000 	C:\WINDOWS\SYSTEM32\dbghelp.dll

VM Arguments:
jvm_args: -ea -Dfile.encoding=Cp1252 
java_command: org.testng.remote.RemoteTestNG -serport 63709 -protocol json -d E:\New Projects\eSign\test-output E:\New Projects\eSign\Build\Package.xml
java_class_path (initial): E:\Softwares\eclipse\configuration\org.eclipse.osgi\935\0\.cp\lib\testng-remote.jar;E:\New Projects\eSign\target\test-classes;E:\New Projects\eSign\target\classes;C:\Users\admin\.m2\repository\org\testng\testng\6.14.2\testng-6.14.2.jar;C:\Users\admin\.m2\repository\com\beust\jcommander\1.72\jcommander-1.72.jar;C:\Users\admin\.m2\repository\org\apache-extras\beanshell\bsh\2.0b6\bsh-2.0b6.jar;C:\Users\admin\.m2\repository\org\seleniumhq\selenium\selenium-java\3.13.0\selenium-java-3.13.0.jar;C:\Users\admin\.m2\repository\org\seleniumhq\selenium\selenium-edge-driver\3.13.0\selenium-edge-driver-3.13.0.jar;C:\Users\admin\.m2\repository\org\seleniumhq\selenium\selenium-ie-driver\3.13.0\selenium-ie-driver-3.13.0.jar;C:\Users\admin\.m2\repository\org\seleniumhq\selenium\selenium-opera-driver\3.13.0\selenium-opera-driver-3.13.0.jar;C:\Users\admin\.m2\repository\org\seleniumhq\selenium\selenium-safari-driver\3.13.0\selenium-safari-driver-3.13.0.jar;C:\Users\admin\.m2\repository\org\seleniumhq\selenium\selenium-support\3.13.0\selenium-support-3.13.0.jar;C:\Users\admin\.m2\repository\net\bytebuddy\byte-buddy\1.8.3\byte-buddy-1.8.3.jar;C:\Users\admin\.m2\repository\org\apache\commons\commons-exec\1.3\commons-exec-1.3.jar;C:\Users\admin\.m2\repository\commons-codec\commons-codec\1.10\commons-codec-1.10.jar;C:\Users\admin\.m2\repository\commons-logging\commons-logging\1.2\commons-logging-1.2.jar;C:\Users\admin\.m2\repository\com\google\code\gson\gson\2.8.4\gson-2.8.4.jar;C:\Users\admin\.m2\repository\com\google\guava\guava\25.0-jre\guava-25.0-jre.jar;C:\Users\admin\.m2\repository\com\google\code\findbugs\jsr305\1.3.9\jsr305-1.3.9.jar;C:\Users\admin\.m2\repository\org\checkerframework\checker-compat-qual\2.0.0\checker-compat-qual-2.0.0.jar;C:\Users\admin\.m2\repository\com\google\errorprone\error_prone_annotations\2.1.3\error_prone_annotations-2.1.3.jar;C:\Users\admin\.m2\repository\com\google\j2objc\j2objc-annotations\1.1\j2objc-annotations-1.1.jar;C:\U
Launcher Type: SUN_STANDARD

Environment Variables:
JAVA_HOME=C:\Program Files\Java\jdk1.8.0
PATH=C:\WINDOWS\system32;C:\WINDOWS;C:\WINDOWS\System32\Wbem;C:\WINDOWS\System32\WindowsPowerShell\v1.0\;C:\Program Files (x86)\Skype\Phone\;E:\Backup Folder\Chirag Backup\Software\apache-maven-3.5.2-bin\apache-maven-3.5.2\bin;C:\Program Files\Java\jdk1.8.0\bin;E:\Android Project\android-sdk-windows_Full\android-sdk-windows\build-tools\25.0.0;E:\Android Project\android-sdk-windows_Full\android-sdk-windows\platform-tools;C:\WINDOWS\System32\OpenSSH\;C:\Users\admin\AppData\Local\Microsoft\WindowsApps;
USERNAME=admin
OS=Windows_NT
PROCESSOR_IDENTIFIER=AMD64 Family 21 Model 48 Stepping 1, AuthenticAMD



---------------  S Y S T E M  ---------------

OS: Windows 8.1 , 64 bit Build 9600 

CPU:total 4 (4 cores per cpu, 1 threads per core) family 21 model 48 stepping 1, cmov, cx8, fxsr, mmx, sse, sse2, sse3, ssse3, sse4.1, sse4.2, popcnt, avx, aes, clmul, mmxext, 3dnowpref, lzcnt, sse4a, tsc, tscinvbit

Memory: 4k page, physical 7284048k(1431788k free), swap 14432280k(1668572k free)

vm_info: Java HotSpot(TM) 64-Bit Server VM (25.0-b55) for windows-amd64 JRE (1.8.0-ea-b113), built on Oct 24 2013 10:27:42 by "java_re" with MS VC++ 10.0 (VS2010)

time: Fri Oct 26 14:28:08 2018
elapsed time: 10 seconds

