#
# A fatal error has been detected by the Java Runtime Environment:
#
#  EXCEPTION_ACCESS_VIOLATION (0xc0000005) at pc=0x0000000060e307d6, pid=12712, tid=10060
#
# JRE version: Java(TM) SE Runtime Environment (8.0-b113) (build 1.8.0-ea-b113)
# Java VM: Java HotSpot(TM) 64-Bit Server VM (25.0-b55 mixed mode windows-amd64 compressed oops)
# Problematic frame:
# V  [jvm.dll+0x1107d6]
#
# Failed to write core dump. Minidumps are not enabled by default on client versions of Windows
#
# If you would like to submit a bug report, please visit:
#   http://bugreport.sun.com/bugreport/crash.jsp
#

---------------  T H R E A D  ---------------

Current thread (0x0000000016c15800):  VMThread [stack: 0x0000000017cb0000,0x0000000017db0000] [id=10060]

siginfo: ExceptionCode=0xc0000005, reading address 0x0000000000033288

Registers:
RAX=0x000000006131f950, RBX=0x0000000019ed6eb0, RCX=0x0000000000033220, RDX=0x00000000614859f0
RSP=0x0000000017daee38, RBP=0x00000000614859f0, RSI=0x0000000000000001, RDI=0x0000000000000002
R8 =0x00000000614859f0, R9 =0x0000000000000004, R10=0x00000000000001fe, R11=0x0000000019ed6ea0
R12=0x0000000000000000, R13=0x00000000614859f0, R14=0x000000006131f858, R15=0x0000000061485960
RIP=0x0000000060e307d6, EFLAGS=0x0000000000010202

Top of Stack: (sp=0x0000000017daee38)
0x0000000017daee38:   0000000060e3a298 0000000000000000
0x0000000017daee48:   0000000060da9e8c 0000000000000000
0x0000000017daee58:   0000000002fa1b90 00000008001f7428
0x0000000017daee68:   0000000060d54a53 00000000614859f0
0x0000000017daee78:   0000000019ed6ea0 0000000000000000
0x0000000017daee88:   0000000000000000 000000001ae4fc28
0x0000000017daee98:   0000000060e136dd 0000000019ed6ea0
0x0000000017daeea8:   0000000000000000 0000000000000000
0x0000000017daeeb8:   000000001ae4fc28 00000000612d7260
0x0000000017daeec8:   0000000000000000 00000008001f7428
0x0000000017daeed8:   0000000060e319a2 00000008001f7028
0x0000000017daeee8:   0000000017daef58 00000000614859f0
0x0000000017daeef8:   0000000060d7ad8d 00000000612d7260
0x0000000017daef08:   00000000000001fe ffffffffffffff00
0x0000000017daef18:   0000000000000004 00000000000000fb
0x0000000017daef28:   0000000000000000 0000000000000000 

Instructions: (pc=0x0000000060e307d6)
0x0000000060e307b6:   c0 74 14 48 8b 50 78 48 85 d2 74 07 48 89 91 80
0x0000000060e307c6:   00 00 00 48 89 48 78 f3 c3 cc 48 8b 02 4c 8b c2
0x0000000060e307d6:   48 8b 51 68 49 8b c8 48 ff 20 48 8b 81 90 00 00
0x0000000060e307e6:   00 48 8b 00 c3 cc cc cc cc cc 40 53 48 83 ec 50 


Register to memory mapping:

RAX=0x000000006131f950 is an unknown value
RBX=0x0000000019ed6eb0 is an unknown value
RCX=0x0000000000033220 is an unknown value
RDX=0x00000000614859f0 is an unknown value
RSP=0x0000000017daee38 is an unknown value
RBP=0x00000000614859f0 is an unknown value
RSI=0x0000000000000001 is an unknown value
RDI=0x0000000000000002 is an unknown value
R8 =0x00000000614859f0 is an unknown value
R9 =0x0000000000000004 is an unknown value
R10=0x00000000000001fe is an unknown value
R11=0x0000000019ed6ea0 is an unknown value
R12=0x0000000000000000 is an unknown value
R13=0x00000000614859f0 is an unknown value
R14=0x000000006131f858 is an unknown value
R15=0x0000000061485960 is an unknown value


Stack: [0x0000000017cb0000,0x0000000017db0000],  sp=0x0000000017daee38,  free space=1019k
Native frames: (J=compiled Java code, j=interpreted, Vv=VM code, C=native code)
V  [jvm.dll+0x1107d6]

VM_Operation (0x00000000198e9e60): CollectForMetadataAllocation, mode: safepoint, requested by thread 0x00000000190ae800


---------------  P R O C E S S  ---------------

Java Threads: ( => current thread )
  0x00000000191e9800 JavaThread "ForkJoinPool.commonPool-worker-1" daemon [_thread_blocked, id=9160, stack(0x000000001b7c0000,0x000000001b8c0000)]
  0x00000000191e7000 JavaThread "ForkJoinPool.commonPool-worker-2" daemon [_thread_blocked, id=19988, stack(0x000000001b6c0000,0x000000001b7c0000)]
  0x00000000191f3800 JavaThread "ForkJoinPool.commonPool-worker-3" daemon [_thread_blocked, id=19632, stack(0x000000001b5c0000,0x000000001b6c0000)]
  0x0000000019e9a000 JavaThread "Exec Stream Pumper" daemon [_thread_in_native, id=7876, stack(0x000000001b4c0000,0x000000001b5c0000)]
  0x0000000019ece800 JavaThread "Exec Stream Pumper" daemon [_thread_in_native, id=13536, stack(0x000000001b3c0000,0x000000001b4c0000)]
  0x0000000019ecd800 JavaThread "Exec Default Executor" daemon [_thread_in_native, id=8912, stack(0x000000001b2c0000,0x000000001b3c0000)]
  0x00000000190ae800 JavaThread "Forwarding newSession on session null to remote" [_thread_blocked, id=19176, stack(0x00000000197f0000,0x00000000198f0000)]
  0x0000000018ad2800 JavaThread "ReaderThread" [_thread_in_native, id=14740, stack(0x00000000196f0000,0x00000000197f0000)]
  0x00000000184c8800 JavaThread "Service Thread" daemon [_thread_blocked, id=12140, stack(0x00000000188b0000,0x00000000189b0000)]
  0x0000000016c4c000 JavaThread "C1 CompilerThread2" daemon [_thread_blocked, id=9776, stack(0x00000000183b0000,0x00000000184b0000)]
  0x0000000016c4b000 JavaThread "C2 CompilerThread1" daemon [_thread_blocked, id=4712, stack(0x00000000182b0000,0x00000000183b0000)]
  0x0000000016c47000 JavaThread "C2 CompilerThread0" daemon [_thread_blocked, id=5892, stack(0x00000000181b0000,0x00000000182b0000)]
  0x0000000016c45000 JavaThread "Attach Listener" daemon [_thread_blocked, id=16996, stack(0x00000000180b0000,0x00000000181b0000)]
  0x0000000016c44000 JavaThread "Signal Dispatcher" daemon [_thread_blocked, id=9116, stack(0x0000000017fb0000,0x00000000180b0000)]
  0x00000000029b8000 JavaThread "Finalizer" daemon [_thread_blocked, id=7668, stack(0x0000000017eb0000,0x0000000017fb0000)]
  0x00000000029b1000 JavaThread "Reference Handler" daemon [_thread_blocked, id=15368, stack(0x0000000017db0000,0x0000000017eb0000)]
  0x00000000028c3800 JavaThread "main" [_thread_blocked, id=5404, stack(0x00000000027c0000,0x00000000028c0000)]

Other Threads:
=>0x0000000016c15800 VMThread [stack: 0x0000000017cb0000,0x0000000017db0000] [id=10060]
  0x00000000184cb000 WatcherThread [stack: 0x00000000189b0000,0x0000000018ab0000] [id=3668]

VM state:at safepoint (normal execution)

VM Mutex/Monitor currently owned by a thread:  ([mutex/lock_event])
[0x00000000028c0350] Threads_lock - owner thread: 0x0000000016c15800
[0x00000000028c09d0] Heap_lock - owner thread: 0x00000000190ae800

Heap:
 PSYoungGen      total 62976K, used 4594K [0x00000000dae80000, 0x00000000df080000, 0x0000000100000000)
  eden space 58368K, 0% used [0x00000000dae80000,0x00000000dae80000,0x00000000de780000)
  from space 4608K, 99% used [0x00000000dec00000,0x00000000df07cb70,0x00000000df080000)
  to   space 4608K, 0% used [0x00000000de780000,0x00000000de780000,0x00000000dec00000)
 ParOldGen       total 75776K, used 9621K [0x0000000090c00000, 0x0000000095600000, 0x00000000dae80000)
  object space 75776K, 12% used [0x0000000090c00000,0x0000000091565658,0x0000000095600000)
 Metaspace       used 20862K, capacity 21098K, committed 21296K, reserved 1067008K
  class space    used 2736K, capacity 2843K, committed 2864K, reserved 1048576K

Card table byte_map: [0x0000000011d80000,0x0000000012100000] byte_map_base: 0x00000000118fa000

Marking Bits: (ParMarkBitMap*) 0x00000000614c2bd0
 Begin Bits: [0x0000000012760000, 0x0000000014330000)
 End Bits:   [0x0000000014330000, 0x0000000015f00000)

Polling page: 0x0000000000c00000

CodeCache: size=245760Kb used=5996Kb max_used=5996Kb free=239763Kb
 bounds [0x00000000029c0000, 0x0000000002fb0000, 0x00000000119c0000]
 total_blobs=2246 nmethods=1822 adapters=339
 compilation: enabled

Compilation events (10 events):
Event: 4.372 Thread 0x0000000016c4c000 2022       3       jdk.internal.org.objectweb.asm.MethodWriter::put (1599 bytes)
Event: 4.377 Thread 0x0000000016c4b000 nmethod 2021 0x0000000002c6ced0 code [0x0000000002c6d020, 0x0000000002c6d5d8]
Event: 4.380 Thread 0x0000000016c47000 2024       4       java.util.regex.Pattern::next (33 bytes)
Event: 4.380 Thread 0x0000000016c4c000 nmethod 2022 0x0000000002fa1b90 code [0x0000000002fa2420, 0x0000000002fa5e98]
Event: 4.381 Thread 0x0000000016c4c000 2019       3       jdk.internal.org.objectweb.asm.MethodWriter::getSize (849 bytes)
Event: 4.382 Thread 0x0000000016c47000 nmethod 2024 0x0000000002ce4910 code [0x0000000002ce4a60, 0x0000000002ce4b48]
Event: 4.385 Thread 0x0000000016c4c000 nmethod 2019 0x0000000002bd9250 code [0x0000000002bd96e0, 0x0000000002bdbb58]
Event: 4.386 Thread 0x0000000016c4c000 2020       3       jdk.internal.org.objectweb.asm.Type::getReturnType (18 bytes)
Event: 4.387 Thread 0x0000000016c4c000 nmethod 2020 0x0000000002bd8990 code [0x0000000002bd8b20, 0x0000000002bd9088]
Event: 4.408 Thread 0x0000000016c4b000 2025       4       sun.util.calendar.ZoneInfo::getTransitionIndex (156 bytes)

GC Heap History (9 events):
Event: 1.427 GC heap before
{Heap before GC invocations=1 (full 0):
 PSYoungGen      total 33792K, used 29184K [0x00000000dae80000, 0x00000000dd400000, 0x0000000100000000)
  eden space 29184K, 100% used [0x00000000dae80000,0x00000000dcb00000,0x00000000dcb00000)
  from space 4608K, 0% used [0x00000000dcf80000,0x00000000dcf80000,0x00000000dd400000)
  to   space 4608K, 0% used [0x00000000dcb00000,0x00000000dcb00000,0x00000000dcf80000)
 ParOldGen       total 75776K, used 0K [0x0000000090c00000, 0x0000000095600000, 0x00000000dae80000)
  object space 75776K, 0% used [0x0000000090c00000,0x0000000090c00000,0x0000000095600000)
 Metaspace       used 8765K, capacity 8886K, committed 9088K, reserved 1056768K
  class space    used 999K, capacity 1043K, committed 1152K, reserved 1048576K
Event: 1.438 GC heap after
Heap after GC invocations=1 (full 0):
 PSYoungGen      total 33792K, used 4606K [0x00000000dae80000, 0x00000000dd400000, 0x0000000100000000)
  eden space 29184K, 0% used [0x00000000dae80000,0x00000000dae80000,0x00000000dcb00000)
  from space 4608K, 99% used [0x00000000dcb00000,0x00000000dcf7f928,0x00000000dcf80000)
  to   space 4608K, 0% used [0x00000000dcf80000,0x00000000dcf80000,0x00000000dd400000)
 ParOldGen       total 75776K, used 359K [0x0000000090c00000, 0x0000000095600000, 0x00000000dae80000)
  object space 75776K, 0% used [0x0000000090c00000,0x0000000090c59f58,0x0000000095600000)
 Metaspace       used 8765K, capacity 8886K, committed 9088K, reserved 1056768K
  class space    used 999K, capacity 1043K, committed 1152K, reserved 1048576K
}
Event: 2.113 GC heap before
{Heap before GC invocations=2 (full 0):
 PSYoungGen      total 33792K, used 33790K [0x00000000dae80000, 0x00000000dd400000, 0x0000000100000000)
  eden space 29184K, 100% used [0x00000000dae80000,0x00000000dcb00000,0x00000000dcb00000)
  from space 4608K, 99% used [0x00000000dcb00000,0x00000000dcf7f928,0x00000000dcf80000)
  to   space 4608K, 0% used [0x00000000dcf80000,0x00000000dcf80000,0x00000000dd400000)
 ParOldGen       total 75776K, used 359K [0x0000000090c00000, 0x0000000095600000, 0x00000000dae80000)
  object space 75776K, 0% used [0x0000000090c00000,0x0000000090c59f58,0x0000000095600000)
 Metaspace       used 12709K, capacity 12854K, committed 13184K, reserved 1060864K
  class space    used 1522K, capacity 1555K, committed 1664K, reserved 1048576K
Event: 2.128 GC heap after
Heap after GC invocations=2 (full 0):
 PSYoungGen      total 33792K, used 4597K [0x00000000dae80000, 0x00000000df080000, 0x0000000100000000)
  eden space 29184K, 0% used [0x00000000dae80000,0x00000000dae80000,0x00000000dcb00000)
  from space 4608K, 99% used [0x00000000dcf80000,0x00000000dd3fd6c0,0x00000000dd400000)
  to   space 4608K, 0% used [0x00000000dcb00000,0x00000000dcb00000,0x00000000dcf80000)
 ParOldGen       total 75776K, used 2951K [0x0000000090c00000, 0x0000000095600000, 0x00000000dae80000)
  object space 75776K, 3% used [0x0000000090c00000,0x0000000090ee1d88,0x0000000095600000)
 Metaspace       used 12709K, capacity 12854K, committed 13184K, reserved 1060864K
  class space    used 1522K, capacity 1555K, committed 1664K, reserved 1048576K
}
Event: 3.035 GC heap before
{Heap before GC invocations=3 (full 0):
 PSYoungGen      total 33792K, used 33781K [0x00000000dae80000, 0x00000000df080000, 0x0000000100000000)
  eden space 29184K, 100% used [0x00000000dae80000,0x00000000dcb00000,0x00000000dcb00000)
  from space 4608K, 99% used [0x00000000dcf80000,0x00000000dd3fd6c0,0x00000000dd400000)
  to   space 4608K, 0% used [0x00000000dcb00000,0x00000000dcb00000,0x00000000dcf80000)
 ParOldGen       total 75776K, used 2951K [0x0000000090c00000, 0x0000000095600000, 0x00000000dae80000)
  object space 75776K, 3% used [0x0000000090c00000,0x0000000090ee1d88,0x0000000095600000)
 Metaspace       used 18113K, capacity 18266K, committed 18560K, reserved 1064960K
  class space    used 2317K, capacity 2364K, committed 2432K, reserved 1048576K
Event: 3.058 GC heap after
Heap after GC invocations=3 (full 0):
 PSYoungGen      total 33792K, used 4583K [0x00000000dae80000, 0x00000000df080000, 0x0000000100000000)
  eden space 29184K, 0% used [0x00000000dae80000,0x00000000dae80000,0x00000000dcb00000)
  from space 4608K, 99% used [0x00000000dcb00000,0x00000000dcf79ca0,0x00000000dcf80000)
  to   space 4608K, 0% used [0x00000000dec00000,0x00000000dec00000,0x00000000df080000)
 ParOldGen       total 75776K, used 6753K [0x0000000090c00000, 0x0000000095600000, 0x00000000dae80000)
  object space 75776K, 8% used [0x0000000090c00000,0x00000000912984c8,0x0000000095600000)
 Metaspace       used 18113K, capacity 18266K, committed 18560K, reserved 1064960K
  class space    used 2317K, capacity 2364K, committed 2432K, reserved 1048576K
}
Event: 4.409 GC heap before
{Heap before GC invocations=4 (full 0):
 PSYoungGen      total 33792K, used 26804K [0x00000000dae80000, 0x00000000df080000, 0x0000000100000000)
  eden space 29184K, 76% used [0x00000000dae80000,0x00000000dc4333a0,0x00000000dcb00000)
  from space 4608K, 99% used [0x00000000dcb00000,0x00000000dcf79ca0,0x00000000dcf80000)
  to   space 4608K, 0% used [0x00000000dec00000,0x00000000dec00000,0x00000000df080000)
 ParOldGen       total 75776K, used 6753K [0x0000000090c00000, 0x0000000095600000, 0x00000000dae80000)
  object space 75776K, 8% used [0x0000000090c00000,0x00000000912984c8,0x0000000095600000)
 Metaspace       used 20862K, capacity 21098K, committed 21296K, reserved 1067008K
  class space    used 2736K, capacity 2843K, committed 2864K, reserved 1048576K
Event: 4.427 GC heap after
Heap after GC invocations=4 (full 0):
 PSYoungGen      total 62976K, used 4594K [0x00000000dae80000, 0x00000000df080000, 0x0000000100000000)
  eden space 58368K, 0% used [0x00000000dae80000,0x00000000dae80000,0x00000000de780000)
  from space 4608K, 99% used [0x00000000dec00000,0x00000000df07cb70,0x00000000df080000)
  to   space 4608K, 0% used [0x00000000de780000,0x00000000de780000,0x00000000dec00000)
 ParOldGen       total 75776K, used 9621K [0x0000000090c00000, 0x0000000095600000, 0x00000000dae80000)
  object space 75776K, 12% used [0x0000000090c00000,0x0000000091565658,0x0000000095600000)
 Metaspace       used 20862K, capacity 21098K, committed 21296K, reserved 1067008K
  class space    used 2736K, capacity 2843K, committed 2864K, reserved 1048576K
}
Event: 4.428 GC heap before
{Heap before GC invocations=5 (full 1):
 PSYoungGen      total 62976K, used 4594K [0x00000000dae80000, 0x00000000df080000, 0x0000000100000000)
  eden space 58368K, 0% used [0x00000000dae80000,0x00000000dae80000,0x00000000de780000)
  from space 4608K, 99% used [0x00000000dec00000,0x00000000df07cb70,0x00000000df080000)
  to   space 4608K, 0% used [0x00000000de780000,0x00000000de780000,0x00000000dec00000)
 ParOldGen       total 75776K, used 9621K [0x0000000090c00000, 0x0000000095600000, 0x00000000dae80000)
  object space 75776K, 12% used [0x0000000090c00000,0x0000000091565658,0x0000000095600000)
 Metaspace       used 20862K, capacity 21098K, committed 21296K, reserved 1067008K
  class space    used 2736K, capacity 2843K, committed 2864K, reserved 1048576K

Deoptimization events (10 events):
Event: 2.950 Thread 0x00000000190ae800 Uncommon trap: reason=class_check action=maybe_recompile pc=0x0000000002c8077c method=java.util.HashMap.putVal(ILjava/lang/Object;Ljava/lang/Object;ZZ)Ljava/lang/Object; @ 203
Event: 2.968 Thread 0x00000000190ae800 Uncommon trap: reason=class_check action=maybe_recompile pc=0x0000000002e5e900 method=java.util.HashSet.add(Ljava/lang/Object;)Z @ 8
Event: 2.976 Thread 0x00000000190ae800 Uncommon trap: reason=class_check action=maybe_recompile pc=0x0000000002e5e900 method=java.util.HashSet.add(Ljava/lang/Object;)Z @ 8
Event: 2.977 Thread 0x00000000190ae800 Uncommon trap: reason=class_check action=maybe_recompile pc=0x0000000002e5e900 method=java.util.HashSet.add(Ljava/lang/Object;)Z @ 8
Event: 2.978 Thread 0x00000000190ae800 Uncommon trap: reason=class_check action=maybe_recompile pc=0x0000000002e5e900 method=java.util.HashSet.add(Ljava/lang/Object;)Z @ 8
Event: 3.137 Thread 0x00000000190ae800 Uncommon trap: reason=unreached action=reinterpret pc=0x0000000002b0c154 method=java.util.ArrayList.indexOf(Ljava/lang/Object;)I @ 1
Event: 3.887 Thread 0x00000000190ae800 Uncommon trap: reason=class_check action=maybe_recompile pc=0x0000000002e34bb8 method=org.openqa.selenium.json.Input.init()V @ 18
Event: 3.887 Thread 0x00000000190ae800 Uncommon trap: reason=class_check action=maybe_recompile pc=0x0000000002e34bb8 method=org.openqa.selenium.json.Input.init()V @ 18
Event: 3.887 Thread 0x00000000190ae800 Uncommon trap: reason=class_check action=maybe_recompile pc=0x0000000002e34bb8 method=org.openqa.selenium.json.Input.init()V @ 18
Event: 3.887 Thread 0x00000000190ae800 Uncommon trap: reason=class_check action=maybe_recompile pc=0x0000000002e34bb8 method=org.openqa.selenium.json.Input.init()V @ 18

Internal exceptions (10 events):
Event: 4.401 Thread 0x00000000190ae800 Exception <a 'java/security/PrivilegedActionException'> (0x00000000dc3c2af8) thrown at [D:\re\workspace\8-2-build-windows-amd64-cygwin\jdk8\563\hotspot\src\share\vm\prims\jvm.cpp, line 1248]
Event: 4.402 Thread 0x00000000190ae800 Exception <a 'java/security/PrivilegedActionException'> (0x00000000dc3caa00) thrown at [D:\re\workspace\8-2-build-windows-amd64-cygwin\jdk8\563\hotspot\src\share\vm\prims\jvm.cpp, line 1248]
Event: 4.403 Thread 0x00000000190ae800 Exception <a 'java/security/PrivilegedActionException'> (0x00000000dc3d0c90) thrown at [D:\re\workspace\8-2-build-windows-amd64-cygwin\jdk8\563\hotspot\src\share\vm\prims\jvm.cpp, line 1248]
Event: 4.404 Thread 0x00000000190ae800 Exception <a 'java/security/PrivilegedActionException'> (0x00000000dc3d5ff8) thrown at [D:\re\workspace\8-2-build-windows-amd64-cygwin\jdk8\563\hotspot\src\share\vm\prims\jvm.cpp, line 1248]
Event: 4.405 Thread 0x00000000190ae800 Exception <a 'java/security/PrivilegedActionException'> (0x00000000dc3dca20) thrown at [D:\re\workspace\8-2-build-windows-amd64-cygwin\jdk8\563\hotspot\src\share\vm\prims\jvm.cpp, line 1248]
Event: 4.406 Thread 0x00000000190ae800 Exception <a 'java/security/PrivilegedActionException'> (0x00000000dc3f2030) thrown at [D:\re\workspace\8-2-build-windows-amd64-cygwin\jdk8\563\hotspot\src\share\vm\prims\jvm.cpp, line 1248]
Event: 4.406 Thread 0x00000000190ae800 Exception <a 'java/security/PrivilegedActionException'> (0x00000000dc3f82e8) thrown at [D:\re\workspace\8-2-build-windows-amd64-cygwin\jdk8\563\hotspot\src\share\vm\prims\jvm.cpp, line 1248]
Event: 4.407 Thread 0x00000000190ae800 Exception <a 'java/security/PrivilegedActionException'> (0x00000000dc3fe480) thrown at [D:\re\workspace\8-2-build-windows-amd64-cygwin\jdk8\563\hotspot\src\share\vm\prims\jvm.cpp, line 1248]
Event: 4.408 Thread 0x00000000190ae800 Exception <a 'java/security/PrivilegedActionException'> (0x00000000dc403d08) thrown at [D:\re\workspace\8-2-build-windows-amd64-cygwin\jdk8\563\hotspot\src\share\vm\prims\jvm.cpp, line 1248]
Event: 4.408 Thread 0x00000000190ae800 Exception <a 'java/security/PrivilegedActionException'> (0x00000000dc40a068) thrown at [D:\re\workspace\8-2-build-windows-amd64-cygwin\jdk8\563\hotspot\src\share\vm\prims\jvm.cpp, line 1248]

Events (10 events):
Event: 4.407 loading class java/net/UnknownServiceException
Event: 4.407 loading class java/net/UnknownServiceException done
Event: 4.407 loading class okhttp3/internal/ws/RealWebSocket$Streams
Event: 4.407 loading class okhttp3/internal/ws/RealWebSocket$Streams done
Event: 4.408 loading class okhttp3/internal/connection/RealConnection$1
Event: 4.408 loading class okhttp3/internal/connection/RealConnection$1 done
Event: 4.408 loading class okhttp3/internal/http/HttpCodec
Event: 4.408 loading class okhttp3/internal/http/HttpCodec done
Event: 4.409 loading class javax/net/ssl/SSLSocket
Event: 4.409 Executing VM operation: CollectForMetadataAllocation


Dynamic libraries:
0x00007ff634dc0000 - 0x00007ff634df4000 	C:\Program Files\Java\jdk1.8.0\bin\javaw.exe
0x00007ff9375c0000 - 0x00007ff937781000 	C:\Windows\SYSTEM32\ntdll.dll
0x00007ff937340000 - 0x00007ff9373ed000 	C:\Windows\system32\KERNEL32.DLL
0x00007ff934180000 - 0x00007ff934368000 	C:\Windows\system32\KERNELBASE.dll
0x00007ff936ac0000 - 0x00007ff936b67000 	C:\Windows\system32\ADVAPI32.dll
0x00007ff936a20000 - 0x00007ff936abd000 	C:\Windows\system32\msvcrt.dll
0x00007ff936790000 - 0x00007ff9367eb000 	C:\Windows\system32\sechost.dll
0x00007ff936cf0000 - 0x00007ff936e0d000 	C:\Windows\system32\RPCRT4.dll
0x00007ff936630000 - 0x00007ff936786000 	C:\Windows\system32\USER32.dll
0x00007ff936880000 - 0x00007ff936a07000 	C:\Windows\system32\GDI32.dll
0x00007ff92a670000 - 0x00007ff92a8e4000 	C:\Windows\WinSxS\amd64_microsoft.windows.common-controls_6595b64144ccf1df_6.0.10586.839_none_a2ddba30a539a2ae\COMCTL32.dll
0x00007ff936080000 - 0x00007ff9362fe000 	C:\Windows\system32\combase.dll
0x00007ff933e40000 - 0x00007ff933eaa000 	C:\Windows\system32\bcryptPrimitives.dll
0x00007ff9372a0000 - 0x00007ff9372db000 	C:\Windows\system32\IMM32.DLL
0x0000000062050000 - 0x0000000062122000 	C:\Program Files\Java\jdk1.8.0\jre\bin\msvcr100.dll
0x0000000060d20000 - 0x0000000061539000 	C:\Program Files\Java\jdk1.8.0\jre\bin\server\jvm.dll
0x00007ff9375b0000 - 0x00007ff9375b8000 	C:\Windows\system32\PSAPI.DLL
0x00007ff931f20000 - 0x00007ff931f43000 	C:\Windows\SYSTEM32\WINMM.dll
0x00007ff92e100000 - 0x00007ff92e109000 	C:\Windows\SYSTEM32\WSOCK32.dll
0x00007ff936c80000 - 0x00007ff936ceb000 	C:\Windows\system32\WS2_32.dll
0x00007ff931ec0000 - 0x00007ff931eec000 	C:\Windows\SYSTEM32\WINMMBASE.dll
0x00007ff934000000 - 0x00007ff934043000 	C:\Windows\system32\cfgmgr32.dll
0x0000000062040000 - 0x000000006204f000 	C:\Program Files\Java\jdk1.8.0\jre\bin\verify.dll
0x0000000062010000 - 0x0000000062038000 	C:\Program Files\Java\jdk1.8.0\jre\bin\java.dll
0x0000000061fa0000 - 0x0000000061fb6000 	C:\Program Files\Java\jdk1.8.0\jre\bin\zip.dll
0x00007ff9349c0000 - 0x00007ff935f1c000 	C:\Windows\system32\SHELL32.dll
0x00007ff934370000 - 0x00007ff9349b5000 	C:\Windows\system32\windows.storage.dll
0x00007ff9372e0000 - 0x00007ff937332000 	C:\Windows\system32\shlwapi.dll
0x00007ff933bf0000 - 0x00007ff933bff000 	C:\Windows\system32\kernel.appcore.dll
0x00007ff933eb0000 - 0x00007ff933f65000 	C:\Windows\system32\shcore.dll
0x00007ff933c00000 - 0x00007ff933c4b000 	C:\Windows\system32\powrprof.dll
0x00007ff933c50000 - 0x00007ff933c64000 	C:\Windows\system32\profapi.dll
0x0000000060cd0000 - 0x0000000060ce9000 	C:\Program Files\Java\jdk1.8.0\jre\bin\net.dll
0x00007ff933510000 - 0x00007ff93356c000 	C:\Windows\system32\mswsock.dll
0x00007ff932710000 - 0x00007ff9327ba000 	C:\Windows\SYSTEM32\DNSAPI.dll
0x00007ff936a10000 - 0x00007ff936a18000 	C:\Windows\system32\NSI.dll
0x00007ff92b490000 - 0x00007ff92b49a000 	C:\Windows\System32\rasadhlp.dll
0x00007ff92e440000 - 0x00007ff92e4a7000 	C:\Windows\System32\fwpuclnt.dll
0x00007ff933a70000 - 0x00007ff933a99000 	C:\Windows\SYSTEM32\bcrypt.dll
0x00007ff9335c0000 - 0x00007ff9335d7000 	C:\Windows\SYSTEM32\CRYPTSP.dll
0x00007ff933250000 - 0x00007ff933284000 	C:\Windows\system32\rsaenh.dll
0x00007ff9333a0000 - 0x00007ff9333bf000 	C:\Windows\SYSTEM32\USERENV.dll
0x00007ff9336e0000 - 0x00007ff9336eb000 	C:\Windows\SYSTEM32\CRYPTBASE.dll
0x00007ff91e670000 - 0x00007ff91e686000 	C:\Windows\system32\napinsp.dll
0x00007ff91e690000 - 0x00007ff91e6aa000 	C:\Windows\system32\pnrpnsp.dll
0x00007ff9316a0000 - 0x00007ff9316b8000 	C:\Windows\system32\NLAapi.dll
0x00007ff91e6b0000 - 0x00007ff91e6bd000 	C:\Windows\System32\winrnr.dll
0x00007ff91e6c0000 - 0x00007ff91e6d5000 	C:\Windows\System32\wshbth.dll
0x00007ff92fb20000 - 0x00007ff92fb58000 	C:\Windows\SYSTEM32\IPHLPAPI.DLL
0x0000000060cb0000 - 0x0000000060cc1000 	C:\Program Files\Java\jdk1.8.0\jre\bin\nio.dll
0x0000000060cf0000 - 0x0000000060d14000 	C:\Program Files\Java\jdk1.8.0\jre\bin\sunec.dll
0x0000000061f80000 - 0x0000000061f8b000 	C:\Program Files\Java\jdk1.8.0\jre\bin\sunmscapi.dll
0x00007ff933c70000 - 0x00007ff933e38000 	C:\Windows\system32\CRYPT32.dll
0x00007ff933be0000 - 0x00007ff933bf0000 	C:\Windows\system32\MSASN1.dll
0x00007ff92df30000 - 0x00007ff92df46000 	C:\Windows\SYSTEM32\dhcpcsvc6.DLL
0x00007ff92e0e0000 - 0x00007ff92e0fa000 	C:\Windows\SYSTEM32\dhcpcsvc.DLL
0x00007ff911ce0000 - 0x00007ff911e6c000 	C:\Windows\SYSTEM32\dbghelp.dll

VM Arguments:
jvm_args: -ea -Dfile.encoding=Cp1252 
java_command: org.testng.remote.RemoteTestNG -serport 54355 -protocol json -d E:\New Projects\eSign\test-output E:\New Projects\eSign\Build\Package.xml
java_class_path (initial): E:\Softwares\eclipse\configuration\org.eclipse.osgi\935\0\.cp\lib\testng-remote.jar;E:\New Projects\eSign\target\test-classes;E:\New Projects\eSign\target\classes;C:\Users\admin\.m2\repository\org\testng\testng\6.14.2\testng-6.14.2.jar;C:\Users\admin\.m2\repository\com\beust\jcommander\1.72\jcommander-1.72.jar;C:\Users\admin\.m2\repository\org\apache-extras\beanshell\bsh\2.0b6\bsh-2.0b6.jar;C:\Users\admin\.m2\repository\org\seleniumhq\selenium\selenium-java\3.13.0\selenium-java-3.13.0.jar;C:\Users\admin\.m2\repository\org\seleniumhq\selenium\selenium-edge-driver\3.13.0\selenium-edge-driver-3.13.0.jar;C:\Users\admin\.m2\repository\org\seleniumhq\selenium\selenium-ie-driver\3.13.0\selenium-ie-driver-3.13.0.jar;C:\Users\admin\.m2\repository\org\seleniumhq\selenium\selenium-opera-driver\3.13.0\selenium-opera-driver-3.13.0.jar;C:\Users\admin\.m2\repository\org\seleniumhq\selenium\selenium-safari-driver\3.13.0\selenium-safari-driver-3.13.0.jar;C:\Users\admin\.m2\repository\org\seleniumhq\selenium\selenium-support\3.13.0\selenium-support-3.13.0.jar;C:\Users\admin\.m2\repository\net\bytebuddy\byte-buddy\1.8.3\byte-buddy-1.8.3.jar;C:\Users\admin\.m2\repository\org\apache\commons\commons-exec\1.3\commons-exec-1.3.jar;C:\Users\admin\.m2\repository\commons-codec\commons-codec\1.10\commons-codec-1.10.jar;C:\Users\admin\.m2\repository\commons-logging\commons-logging\1.2\commons-logging-1.2.jar;C:\Users\admin\.m2\repository\com\google\code\gson\gson\2.8.4\gson-2.8.4.jar;C:\Users\admin\.m2\repository\com\google\guava\guava\25.0-jre\guava-25.0-jre.jar;C:\Users\admin\.m2\repository\com\google\code\findbugs\jsr305\1.3.9\jsr305-1.3.9.jar;C:\Users\admin\.m2\repository\org\checkerframework\checker-compat-qual\2.0.0\checker-compat-qual-2.0.0.jar;C:\Users\admin\.m2\repository\com\google\errorprone\error_prone_annotations\2.1.3\error_prone_annotations-2.1.3.jar;C:\Users\admin\.m2\repository\com\google\j2objc\j2objc-annotations\1.1\j2objc-annotations-1.1.jar;C:\U
Launcher Type: SUN_STANDARD

Environment Variables:
JAVA_HOME=C:\Program Files\Java\jdk1.8.0
PATH=C:\Windows\system32;C:\Windows;C:\Windows\System32\Wbem;C:\Windows\System32\WindowsPowerShell\v1.0\;C:\Program Files (x86)\Skype\Phone\;E:\Backup Folder\Chirag Backup\Software\apache-maven-3.5.2-bin\apache-maven-3.5.2\bin;C:\Program Files\Java\jdk1.8.0\bin
USERNAME=admin
OS=Windows_NT
PROCESSOR_IDENTIFIER=AMD64 Family 21 Model 48 Stepping 1, AuthenticAMD



---------------  S Y S T E M  ---------------

OS: Windows 8.1 , 64 bit Build 9600 

CPU:total 4 (4 cores per cpu, 1 threads per core) family 21 model 48 stepping 1, cmov, cx8, fxsr, mmx, sse, sse2, sse3, ssse3, sse4.1, sse4.2, popcnt, avx, aes, clmul, mmxext, 3dnowpref, lzcnt, sse4a, tsc, tscinvbit

Memory: 4k page, physical 7284048k(1844772k free), swap 14585948k(2628848k free)

vm_info: Java HotSpot(TM) 64-Bit Server VM (25.0-b55) for windows-amd64 JRE (1.8.0-ea-b113), built on Oct 24 2013 10:27:42 by "java_re" with MS VC++ 10.0 (VS2010)

time: Wed Oct 10 14:21:51 2018
elapsed time: 4 seconds

