#
# A fatal error has been detected by the Java Runtime Environment:
#
#  EXCEPTION_ACCESS_VIOLATION (0xc0000005) at pc=0x0000000060d507d6, pid=9224, tid=10100
#
# JRE version: Java(TM) SE Runtime Environment (8.0-b113) (build 1.8.0-ea-b113)
# Java VM: Java HotSpot(TM) 64-Bit Server VM (25.0-b55 mixed mode windows-amd64 compressed oops)
# Problematic frame:
# V  [jvm.dll+0x1107d6]
#
# Failed to write core dump. Minidumps are not enabled by default on client versions of Windows
#
# If you would like to submit a bug report, please visit:
#   http://bugreport.sun.com/bugreport/crash.jsp
#

---------------  T H R E A D  ---------------

Current thread (0x0000000017166000):  VMThread [stack: 0x00000000181f0000,0x00000000182f0000] [id=10100]

siginfo: ExceptionCode=0xc0000005, reading address 0x000000000003d288

Registers:
RAX=0x000000006123f950, RBX=0x00000000193b9f30, RCX=0x000000000003d220, RDX=0x00000000613a59f0
RSP=0x00000000182eee98, RBP=0x00000000613a59f0, RSI=0x0000000000000001, RDI=0x0000000000000002
R8 =0x00000000613a59f0, R9 =0x0000000000000004, R10=0x00000000000001fe, R11=0x00000000193b9f20
R12=0x0000000000000000, R13=0x00000000613a59f0, R14=0x000000006123f858, R15=0x00000000613a5960
RIP=0x0000000060d507d6, EFLAGS=0x0000000000010202

Top of Stack: (sp=0x00000000182eee98)
0x00000000182eee98:   0000000060d5a298 0000000000000000
0x00000000182eeea8:   0000000060cc9e8c 0000000000000000
0x00000000182eeeb8:   00000000035bbe50 00000008001f8828
0x00000000182eeec8:   0000000060c74a53 00000000613a59f0
0x00000000182eeed8:   00000000193b9f20 0000000000000000
0x00000000182eeee8:   0000000000000000 000000001b3bfc28
0x00000000182eeef8:   0000000060d336dd 00000000193b9f20
0x00000000182eef08:   0000000000000000 0000000000000000
0x00000000182eef18:   000000001b3bfc28 00000000611f7260
0x00000000182eef28:   0000000000000000 00000008001f8828
0x00000000182eef38:   0000000060d519a2 00000008001f8428
0x00000000182eef48:   00000000182eefb8 00000000613a59f0
0x00000000182eef58:   0000000060c9ad8d 00000000611f7260
0x00000000182eef68:   00000000000001fe ffffffffffffff00
0x00000000182eef78:   0000000000000004 00000000000000f9
0x00000000182eef88:   0000000000000000 0000000000000000 

Instructions: (pc=0x0000000060d507d6)
0x0000000060d507b6:   c0 74 14 48 8b 50 78 48 85 d2 74 07 48 89 91 80
0x0000000060d507c6:   00 00 00 48 89 48 78 f3 c3 cc 48 8b 02 4c 8b c2
0x0000000060d507d6:   48 8b 51 68 49 8b c8 48 ff 20 48 8b 81 90 00 00
0x0000000060d507e6:   00 48 8b 00 c3 cc cc cc cc cc 40 53 48 83 ec 50 


Register to memory mapping:

RAX=0x000000006123f950 is an unknown value
RBX=0x00000000193b9f30 is an unknown value
RCX=0x000000000003d220 is an unknown value
RDX=0x00000000613a59f0 is an unknown value
RSP=0x00000000182eee98 is an unknown value
RBP=0x00000000613a59f0 is an unknown value
RSI=0x0000000000000001 is an unknown value
RDI=0x0000000000000002 is an unknown value
R8 =0x00000000613a59f0 is an unknown value
R9 =0x0000000000000004 is an unknown value
R10=0x00000000000001fe is an unknown value
R11=0x00000000193b9f20 is an unknown value
R12=0x0000000000000000 is an unknown value
R13=0x00000000613a59f0 is an unknown value
R14=0x000000006123f858 is an unknown value
R15=0x00000000613a5960 is an unknown value


Stack: [0x00000000181f0000,0x00000000182f0000],  sp=0x00000000182eee98,  free space=1019k
Native frames: (J=compiled Java code, j=interpreted, Vv=VM code, C=native code)
V  [jvm.dll+0x1107d6]

VM_Operation (0x000000001adfd0e0): CollectForMetadataAllocation, mode: safepoint, requested by thread 0x0000000019ff4000


---------------  P R O C E S S  ---------------

Java Threads: ( => current thread )
  0x0000000019589000 JavaThread "ForkJoinPool.commonPool-worker-1" daemon [_thread_blocked, id=4284, stack(0x000000001bd00000,0x000000001be00000)]
  0x0000000019176000 JavaThread "ForkJoinPool.commonPool-worker-2" daemon [_thread_blocked, id=16184, stack(0x000000001bc00000,0x000000001bd00000)]
  0x0000000019351800 JavaThread "ForkJoinPool.commonPool-worker-3" daemon [_thread_blocked, id=12584, stack(0x000000001bb00000,0x000000001bc00000)]
  0x0000000019e75800 JavaThread "Exec Stream Pumper" daemon [_thread_in_native, id=6896, stack(0x000000001ba00000,0x000000001bb00000)]
  0x0000000019fc9000 JavaThread "Exec Stream Pumper" daemon [_thread_in_native, id=17800, stack(0x000000001b900000,0x000000001ba00000)]
  0x0000000019fcc800 JavaThread "Exec Default Executor" daemon [_thread_in_native, id=11472, stack(0x000000001b800000,0x000000001b900000)]
  0x0000000019ff4000 JavaThread "Forwarding newSession on session null to remote" [_thread_blocked, id=8076, stack(0x000000001ad00000,0x000000001ae00000)]
  0x000000001919d800 JavaThread "ReaderThread" [_thread_in_native, id=2900, stack(0x0000000019c30000,0x0000000019d30000)]
  0x00000000171fe800 JavaThread "Service Thread" daemon [_thread_blocked, id=13168, stack(0x0000000018df0000,0x0000000018ef0000)]
  0x000000001719a800 JavaThread "C1 CompilerThread2" daemon [_thread_blocked, id=11788, stack(0x00000000188f0000,0x00000000189f0000)]
  0x0000000017199800 JavaThread "C2 CompilerThread1" daemon [_thread_blocked, id=16780, stack(0x00000000187f0000,0x00000000188f0000)]
  0x0000000017195800 JavaThread "C2 CompilerThread0" daemon [_thread_blocked, id=20152, stack(0x00000000186f0000,0x00000000187f0000)]
  0x0000000017194000 JavaThread "Attach Listener" daemon [_thread_blocked, id=3880, stack(0x00000000185f0000,0x00000000186f0000)]
  0x0000000017193000 JavaThread "Signal Dispatcher" daemon [_thread_blocked, id=3300, stack(0x00000000184f0000,0x00000000185f0000)]
  0x0000000002f39000 JavaThread "Finalizer" daemon [_thread_blocked, id=19588, stack(0x00000000183f0000,0x00000000184f0000)]
  0x0000000017168000 JavaThread "Reference Handler" daemon [_thread_blocked, id=5088, stack(0x00000000182f0000,0x00000000183f0000)]
  0x0000000002e43800 JavaThread "main" [_thread_blocked, id=2668, stack(0x0000000002d40000,0x0000000002e40000)]

Other Threads:
=>0x0000000017166000 VMThread [stack: 0x00000000181f0000,0x00000000182f0000] [id=10100]
  0x0000000018a29000 WatcherThread [stack: 0x0000000018ef0000,0x0000000018ff0000] [id=19960]

VM state:at safepoint (normal execution)

VM Mutex/Monitor currently owned by a thread:  ([mutex/lock_event])
[0x0000000002e408d0] Threads_lock - owner thread: 0x0000000017166000
[0x0000000002e40dd0] Heap_lock - owner thread: 0x0000000019ff4000

Heap:
 PSYoungGen      total 124416K, used 7372K [0x00000000dae80000, 0x00000000ea080000, 0x0000000100000000)
  eden space 112128K, 0% used [0x00000000dae80000,0x00000000dae80000,0x00000000e1c00000)
  from space 12288K, 59% used [0x00000000e1c00000,0x00000000e2333010,0x00000000e2800000)
  to   space 11776K, 0% used [0x00000000e9500000,0x00000000e9500000,0x00000000ea080000)
 ParOldGen       total 75776K, used 11053K [0x0000000090c00000, 0x0000000095600000, 0x00000000dae80000)
  object space 75776K, 14% used [0x0000000090c00000,0x00000000916cb458,0x0000000095600000)
 Metaspace       used 20953K, capacity 21192K, committed 21296K, reserved 1067008K
  class space    used 2732K, capacity 2848K, committed 2864K, reserved 1048576K

Card table byte_map: [0x0000000012300000,0x0000000012680000] byte_map_base: 0x0000000011e7a000

Marking Bits: (ParMarkBitMap*) 0x00000000613e2bd0
 Begin Bits: [0x0000000012ce0000, 0x00000000148b0000)
 End Bits:   [0x00000000148b0000, 0x0000000016480000)

Polling page: 0x0000000001300000

CodeCache: size=245760Kb used=6567Kb max_used=6625Kb free=239192Kb
 bounds [0x0000000002f40000, 0x00000000035d0000, 0x0000000011f40000]
 total_blobs=2463 nmethods=2040 adapters=338
 compilation: enabled

Compilation events (10 events):
Event: 6.431 Thread 0x000000001719a800 nmethod 2373 0x00000000030e7f50 code [0x00000000030e83e0, 0x00000000030ea858]
Event: 6.431 Thread 0x0000000017195800 2382  s    4       java.lang.StringBuffer::toString (36 bytes)
Event: 6.432 Thread 0x000000001719a800 2380       3       java.util.regex.Pattern$TreeInfo::reset (21 bytes)
Event: 6.432 Thread 0x000000001719a800 nmethod 2380 0x00000000033ea890 code [0x00000000033ea9e0, 0x00000000033eab70]
Event: 6.432 Thread 0x000000001719a800 2378       3       java.util.regex.Pattern::range (279 bytes)
Event: 6.437 Thread 0x000000001719a800 nmethod 2378 0x00000000030e3b50 code [0x00000000030e3fe0, 0x00000000030e67a8]
Event: 6.437 Thread 0x000000001719a800 2375       3       jdk.internal.org.objectweb.asm.Type::getReturnType (18 bytes)
Event: 6.438 Thread 0x000000001719a800 nmethod 2375 0x0000000003355f10 code [0x00000000033560a0, 0x0000000003356608]
Event: 6.439 Thread 0x0000000017195800 nmethod 2382 0x00000000034f2410 code [0x00000000034f2560, 0x00000000034f2b18]
Event: 6.443 Thread 0x0000000017199800 nmethod 2381 0x0000000003271ed0 code [0x0000000003272040, 0x0000000003272908]

GC Heap History (10 events):
Event: 2.203 GC heap after
Heap after GC invocations=3 (full 0):
 PSYoungGen      total 33792K, used 3952K [0x00000000dae80000, 0x00000000df080000, 0x0000000100000000)
  eden space 29184K, 0% used [0x00000000dae80000,0x00000000dae80000,0x00000000dcb00000)
  from space 4608K, 85% used [0x00000000dcb00000,0x00000000dcedc010,0x00000000dcf80000)
  to   space 4608K, 0% used [0x00000000dec00000,0x00000000dec00000,0x00000000df080000)
 ParOldGen       total 75776K, used 262K [0x0000000090c00000, 0x0000000095600000, 0x00000000dae80000)
  object space 75776K, 0% used [0x0000000090c00000,0x0000000090c41810,0x0000000095600000)
 Metaspace       used 8604K, capacity 8712K, committed 8960K, reserved 1056768K
  class space    used 960K, capacity 982K, committed 1024K, reserved 1048576K
}
Event: 2.334 GC heap before
{Heap before GC invocations=4 (full 0):
 PSYoungGen      total 33792K, used 33136K [0x00000000dae80000, 0x00000000df080000, 0x0000000100000000)
  eden space 29184K, 100% used [0x00000000dae80000,0x00000000dcb00000,0x00000000dcb00000)
  from space 4608K, 85% used [0x00000000dcb00000,0x00000000dcedc010,0x00000000dcf80000)
  to   space 4608K, 0% used [0x00000000dec00000,0x00000000dec00000,0x00000000df080000)
 ParOldGen       total 75776K, used 262K [0x0000000090c00000, 0x0000000095600000, 0x00000000dae80000)
  object space 75776K, 0% used [0x0000000090c00000,0x0000000090c41810,0x0000000095600000)
 Metaspace       used 8622K, capacity 8724K, committed 8960K, reserved 1056768K
  class space    used 961K, capacity 984K, committed 1024K, reserved 1048576K
Event: 2.349 GC heap after
Heap after GC invocations=4 (full 0):
 PSYoungGen      total 62976K, used 4576K [0x00000000dae80000, 0x00000000df080000, 0x0000000100000000)
  eden space 58368K, 0% used [0x00000000dae80000,0x00000000dae80000,0x00000000de780000)
  from space 4608K, 99% used [0x00000000dec00000,0x00000000df078020,0x00000000df080000)
  to   space 4608K, 0% used [0x00000000de780000,0x00000000de780000,0x00000000dec00000)
 ParOldGen       total 75776K, used 518K [0x0000000090c00000, 0x0000000095600000, 0x00000000dae80000)
  object space 75776K, 0% used [0x0000000090c00000,0x0000000090c81810,0x0000000095600000)
 Metaspace       used 8622K, capacity 8724K, committed 8960K, reserved 1056768K
  class space    used 961K, capacity 984K, committed 1024K, reserved 1048576K
}
Event: 3.113 GC heap before
{Heap before GC invocations=5 (full 0):
 PSYoungGen      total 62976K, used 62944K [0x00000000dae80000, 0x00000000df080000, 0x0000000100000000)
  eden space 58368K, 100% used [0x00000000dae80000,0x00000000de780000,0x00000000de780000)
  from space 4608K, 99% used [0x00000000dec00000,0x00000000df078020,0x00000000df080000)
  to   space 4608K, 0% used [0x00000000de780000,0x00000000de780000,0x00000000dec00000)
 ParOldGen       total 75776K, used 518K [0x0000000090c00000, 0x0000000095600000, 0x00000000dae80000)
  object space 75776K, 0% used [0x0000000090c00000,0x0000000090c81810,0x0000000095600000)
 Metaspace       used 11146K, capacity 11252K, committed 11392K, reserved 1058816K
  class space    used 1307K, capacity 1336K, committed 1408K, reserved 1048576K
Event: 3.129 GC heap after
Heap after GC invocations=5 (full 0):
 PSYoungGen      total 62976K, used 4576K [0x00000000dae80000, 0x00000000e2f80000, 0x0000000100000000)
  eden space 58368K, 0% used [0x00000000dae80000,0x00000000dae80000,0x00000000de780000)
  from space 4608K, 99% used [0x00000000de780000,0x00000000debf8020,0x00000000dec00000)
  to   space 7680K, 0% used [0x00000000e2800000,0x00000000e2800000,0x00000000e2f80000)
 ParOldGen       total 75776K, used 3868K [0x0000000090c00000, 0x0000000095600000, 0x00000000dae80000)
  object space 75776K, 5% used [0x0000000090c00000,0x0000000090fc7148,0x0000000095600000)
 Metaspace       used 11146K, capacity 11252K, committed 11392K, reserved 1058816K
  class space    used 1307K, capacity 1336K, committed 1408K, reserved 1048576K
}
Event: 5.709 GC heap before
{Heap before GC invocations=6 (full 0):
 PSYoungGen      total 62976K, used 62944K [0x00000000dae80000, 0x00000000e2f80000, 0x0000000100000000)
  eden space 58368K, 100% used [0x00000000dae80000,0x00000000de780000,0x00000000de780000)
  from space 4608K, 99% used [0x00000000de780000,0x00000000debf8020,0x00000000dec00000)
  to   space 7680K, 0% used [0x00000000e2800000,0x00000000e2800000,0x00000000e2f80000)
 ParOldGen       total 75776K, used 3868K [0x0000000090c00000, 0x0000000095600000, 0x00000000dae80000)
  object space 75776K, 5% used [0x0000000090c00000,0x0000000090fc7148,0x0000000095600000)
 Metaspace       used 19538K, capacity 19798K, committed 20096K, reserved 1067008K
  class space    used 2522K, capacity 2615K, committed 2688K, reserved 1048576K
Event: 5.745 GC heap after
Heap after GC invocations=6 (full 0):
 PSYoungGen      total 119808K, used 7655K [0x00000000dae80000, 0x00000000e3880000, 0x0000000100000000)
  eden space 112128K, 0% used [0x00000000dae80000,0x00000000dae80000,0x00000000e1c00000)
  from space 7680K, 99% used [0x00000000e2800000,0x00000000e2f79cb0,0x00000000e2f80000)
  to   space 12288K, 0% used [0x00000000e1c00000,0x00000000e1c00000,0x00000000e2800000)
 ParOldGen       total 75776K, used 9404K [0x0000000090c00000, 0x0000000095600000, 0x00000000dae80000)
  object space 75776K, 12% used [0x0000000090c00000,0x000000009152f3f0,0x0000000095600000)
 Metaspace       used 19538K, capacity 19798K, committed 20096K, reserved 1067008K
  class space    used 2522K, capacity 2615K, committed 2688K, reserved 1048576K
}
Event: 6.457 GC heap before
{Heap before GC invocations=7 (full 0):
 PSYoungGen      total 119808K, used 18760K [0x00000000dae80000, 0x00000000e3880000, 0x0000000100000000)
  eden space 112128K, 9% used [0x00000000dae80000,0x00000000db958520,0x00000000e1c00000)
  from space 7680K, 99% used [0x00000000e2800000,0x00000000e2f79cb0,0x00000000e2f80000)
  to   space 12288K, 0% used [0x00000000e1c00000,0x00000000e1c00000,0x00000000e2800000)
 ParOldGen       total 75776K, used 9404K [0x0000000090c00000, 0x0000000095600000, 0x00000000dae80000)
  object space 75776K, 12% used [0x0000000090c00000,0x000000009152f3f0,0x0000000095600000)
 Metaspace       used 20953K, capacity 21192K, committed 21296K, reserved 1067008K
  class space    used 2732K, capacity 2848K, committed 2864K, reserved 1048576K
Event: 6.483 GC heap after
Heap after GC invocations=7 (full 0):
 PSYoungGen      total 124416K, used 7372K [0x00000000dae80000, 0x00000000ea080000, 0x0000000100000000)
  eden space 112128K, 0% used [0x00000000dae80000,0x00000000dae80000,0x00000000e1c00000)
  from space 12288K, 59% used [0x00000000e1c00000,0x00000000e2333010,0x00000000e2800000)
  to   space 11776K, 0% used [0x00000000e9500000,0x00000000e9500000,0x00000000ea080000)
 ParOldGen       total 75776K, used 11053K [0x0000000090c00000, 0x0000000095600000, 0x00000000dae80000)
  object space 75776K, 14% used [0x0000000090c00000,0x00000000916cb458,0x0000000095600000)
 Metaspace       used 20953K, capacity 21192K, committed 21296K, reserved 1067008K
  class space    used 2732K, capacity 2848K, committed 2864K, reserved 1048576K
}
Event: 6.483 GC heap before
{Heap before GC invocations=8 (full 1):
 PSYoungGen      total 124416K, used 7372K [0x00000000dae80000, 0x00000000ea080000, 0x0000000100000000)
  eden space 112128K, 0% used [0x00000000dae80000,0x00000000dae80000,0x00000000e1c00000)
  from space 12288K, 59% used [0x00000000e1c00000,0x00000000e2333010,0x00000000e2800000)
  to   space 11776K, 0% used [0x00000000e9500000,0x00000000e9500000,0x00000000ea080000)
 ParOldGen       total 75776K, used 11053K [0x0000000090c00000, 0x0000000095600000, 0x00000000dae80000)
  object space 75776K, 14% used [0x0000000090c00000,0x00000000916cb458,0x0000000095600000)
 Metaspace       used 20953K, capacity 21192K, committed 21296K, reserved 1067008K
  class space    used 2732K, capacity 2848K, committed 2864K, reserved 1048576K

Deoptimization events (10 events):
Event: 4.637 Thread 0x0000000019ff4000 Uncommon trap: reason=class_check action=maybe_recompile pc=0x00000000031ff8e8 method=java.util.HashMap.putVal(ILjava/lang/Object;Ljava/lang/Object;ZZ)Ljava/lang/Object; @ 203
Event: 4.659 Thread 0x0000000019ff4000 Uncommon trap: reason=class_check action=maybe_recompile pc=0x000000000317354c method=java.util.HashSet.add(Ljava/lang/Object;)Z @ 8
Event: 4.667 Thread 0x0000000019ff4000 Uncommon trap: reason=class_check action=maybe_recompile pc=0x000000000317354c method=java.util.HashSet.add(Ljava/lang/Object;)Z @ 8
Event: 4.668 Thread 0x0000000019ff4000 Uncommon trap: reason=class_check action=maybe_recompile pc=0x000000000317354c method=java.util.HashSet.add(Ljava/lang/Object;)Z @ 8
Event: 4.669 Thread 0x0000000019ff4000 Uncommon trap: reason=class_check action=maybe_recompile pc=0x000000000317354c method=java.util.HashSet.add(Ljava/lang/Object;)Z @ 8
Event: 4.813 Thread 0x0000000019ff4000 Uncommon trap: reason=unreached action=reinterpret pc=0x00000000032306d4 method=java.util.ArrayList.indexOf(Ljava/lang/Object;)I @ 1
Event: 5.592 Thread 0x0000000019ff4000 Uncommon trap: reason=class_check action=maybe_recompile pc=0x000000000348ad78 method=org.openqa.selenium.json.Input.init()V @ 18
Event: 5.593 Thread 0x0000000019ff4000 Uncommon trap: reason=class_check action=maybe_recompile pc=0x000000000348ad78 method=org.openqa.selenium.json.Input.init()V @ 18
Event: 5.593 Thread 0x0000000019ff4000 Uncommon trap: reason=class_check action=maybe_recompile pc=0x000000000348ad78 method=org.openqa.selenium.json.Input.init()V @ 18
Event: 5.593 Thread 0x0000000019ff4000 Uncommon trap: reason=class_check action=maybe_recompile pc=0x000000000348ad78 method=org.openqa.selenium.json.Input.init()V @ 18

Internal exceptions (10 events):
Event: 6.447 Thread 0x0000000019ff4000 Exception <a 'java/security/PrivilegedActionException'> (0x00000000db7d8c38) thrown at [D:\re\workspace\8-2-build-windows-amd64-cygwin\jdk8\563\hotspot\src\share\vm\prims\jvm.cpp, line 1248]
Event: 6.448 Thread 0x0000000019ff4000 Exception <a 'java/security/PrivilegedActionException'> (0x00000000db7e13d8) thrown at [D:\re\workspace\8-2-build-windows-amd64-cygwin\jdk8\563\hotspot\src\share\vm\prims\jvm.cpp, line 1248]
Event: 6.449 Thread 0x0000000019ff4000 Exception <a 'java/security/PrivilegedActionException'> (0x00000000db7e6fe0) thrown at [D:\re\workspace\8-2-build-windows-amd64-cygwin\jdk8\563\hotspot\src\share\vm\prims\jvm.cpp, line 1248]
Event: 6.450 Thread 0x0000000019ff4000 Exception <a 'java/security/PrivilegedActionException'> (0x00000000db7f0a68) thrown at [D:\re\workspace\8-2-build-windows-amd64-cygwin\jdk8\563\hotspot\src\share\vm\prims\jvm.cpp, line 1248]
Event: 6.451 Thread 0x0000000019ff4000 Exception <a 'java/security/PrivilegedActionException'> (0x00000000db7f73a8) thrown at [D:\re\workspace\8-2-build-windows-amd64-cygwin\jdk8\563\hotspot\src\share\vm\prims\jvm.cpp, line 1248]
Event: 6.451 Thread 0x0000000019ff4000 Exception <a 'java/security/PrivilegedActionException'> (0x00000000db8000d0) thrown at [D:\re\workspace\8-2-build-windows-amd64-cygwin\jdk8\563\hotspot\src\share\vm\prims\jvm.cpp, line 1248]
Event: 6.452 Thread 0x0000000019ff4000 Exception <a 'java/security/PrivilegedActionException'> (0x00000000db808a40) thrown at [D:\re\workspace\8-2-build-windows-amd64-cygwin\jdk8\563\hotspot\src\share\vm\prims\jvm.cpp, line 1248]
Event: 6.452 Thread 0x0000000019ff4000 Exception <a 'java/security/PrivilegedActionException'> (0x00000000db80cc00) thrown at [D:\re\workspace\8-2-build-windows-amd64-cygwin\jdk8\563\hotspot\src\share\vm\prims\jvm.cpp, line 1248]
Event: 6.454 Thread 0x0000000019ff4000 Exception <a 'java/security/PrivilegedActionException'> (0x00000000db81cd50) thrown at [D:\re\workspace\8-2-build-windows-amd64-cygwin\jdk8\563\hotspot\src\share\vm\prims\jvm.cpp, line 1248]
Event: 6.455 Thread 0x0000000019ff4000 Exception <a 'java/security/PrivilegedActionException'> (0x00000000db824d20) thrown at [D:\re\workspace\8-2-build-windows-amd64-cygwin\jdk8\563\hotspot\src\share\vm\prims\jvm.cpp, line 1248]

Events (10 events):
Event: 6.451 loading class okhttp3/internal/http/RealInterceptorChain done
Event: 6.452 loading class okhttp3/Connection
Event: 6.452 loading class okhttp3/Connection done
Event: 6.452 loading class okhttp3/internal/connection/StreamAllocation
Event: 6.452 loading class okhttp3/internal/connection/StreamAllocation done
Event: 6.454 loading class okhttp3/Address
Event: 6.454 loading class okhttp3/Address done
Event: 6.455 loading class okhttp3/internal/connection/RouteSelector
Event: 6.455 loading class okhttp3/internal/connection/RouteSelector done
Event: 6.456 Executing VM operation: CollectForMetadataAllocation


Dynamic libraries:
0x00007ff634dc0000 - 0x00007ff634df4000 	C:\Program Files\Java\jdk1.8.0\bin\javaw.exe
0x00007ff9375c0000 - 0x00007ff937781000 	C:\Windows\SYSTEM32\ntdll.dll
0x00007ff937340000 - 0x00007ff9373ed000 	C:\Windows\system32\KERNEL32.DLL
0x00007ff934180000 - 0x00007ff934368000 	C:\Windows\system32\KERNELBASE.dll
0x00007ff936ac0000 - 0x00007ff936b67000 	C:\Windows\system32\ADVAPI32.dll
0x00007ff936a20000 - 0x00007ff936abd000 	C:\Windows\system32\msvcrt.dll
0x00007ff936790000 - 0x00007ff9367eb000 	C:\Windows\system32\sechost.dll
0x00007ff936cf0000 - 0x00007ff936e0d000 	C:\Windows\system32\RPCRT4.dll
0x00007ff936630000 - 0x00007ff936786000 	C:\Windows\system32\USER32.dll
0x00007ff936880000 - 0x00007ff936a07000 	C:\Windows\system32\GDI32.dll
0x00007ff92a670000 - 0x00007ff92a8e4000 	C:\Windows\WinSxS\amd64_microsoft.windows.common-controls_6595b64144ccf1df_6.0.10586.839_none_a2ddba30a539a2ae\COMCTL32.dll
0x00007ff936080000 - 0x00007ff9362fe000 	C:\Windows\system32\combase.dll
0x00007ff933e40000 - 0x00007ff933eaa000 	C:\Windows\system32\bcryptPrimitives.dll
0x00007ff9372a0000 - 0x00007ff9372db000 	C:\Windows\system32\IMM32.DLL
0x0000000061460000 - 0x0000000061532000 	C:\Program Files\Java\jdk1.8.0\jre\bin\msvcr100.dll
0x0000000060c40000 - 0x0000000061459000 	C:\Program Files\Java\jdk1.8.0\jre\bin\server\jvm.dll
0x00007ff9375b0000 - 0x00007ff9375b8000 	C:\Windows\system32\PSAPI.DLL
0x00007ff931f90000 - 0x00007ff931f99000 	C:\Windows\SYSTEM32\WSOCK32.dll
0x00007ff931f20000 - 0x00007ff931f43000 	C:\Windows\SYSTEM32\WINMM.dll
0x00007ff936c80000 - 0x00007ff936ceb000 	C:\Windows\system32\WS2_32.dll
0x00007ff931ec0000 - 0x00007ff931eec000 	C:\Windows\SYSTEM32\WINMMBASE.dll
0x00007ff934000000 - 0x00007ff934043000 	C:\Windows\system32\cfgmgr32.dll
0x00000000615a0000 - 0x00000000615af000 	C:\Program Files\Java\jdk1.8.0\jre\bin\verify.dll
0x0000000060c10000 - 0x0000000060c38000 	C:\Program Files\Java\jdk1.8.0\jre\bin\java.dll
0x0000000060bf0000 - 0x0000000060c06000 	C:\Program Files\Java\jdk1.8.0\jre\bin\zip.dll
0x00007ff9349c0000 - 0x00007ff935f1c000 	C:\Windows\system32\SHELL32.dll
0x00007ff934370000 - 0x00007ff9349b5000 	C:\Windows\system32\windows.storage.dll
0x00007ff9372e0000 - 0x00007ff937332000 	C:\Windows\system32\shlwapi.dll
0x00007ff933bf0000 - 0x00007ff933bff000 	C:\Windows\system32\kernel.appcore.dll
0x00007ff933eb0000 - 0x00007ff933f65000 	C:\Windows\system32\shcore.dll
0x00007ff933c00000 - 0x00007ff933c4b000 	C:\Windows\system32\powrprof.dll
0x00007ff933c50000 - 0x00007ff933c64000 	C:\Windows\system32\profapi.dll
0x0000000060bd0000 - 0x0000000060be9000 	C:\Program Files\Java\jdk1.8.0\jre\bin\net.dll
0x00007ff933510000 - 0x00007ff93356c000 	C:\Windows\system32\mswsock.dll
0x00007ff932710000 - 0x00007ff9327ba000 	C:\Windows\SYSTEM32\DNSAPI.dll
0x00007ff936a10000 - 0x00007ff936a18000 	C:\Windows\system32\NSI.dll
0x00007ff92b490000 - 0x00007ff92b49a000 	C:\Windows\System32\rasadhlp.dll
0x00007ff92e440000 - 0x00007ff92e4a7000 	C:\Windows\System32\fwpuclnt.dll
0x00007ff933a70000 - 0x00007ff933a99000 	C:\Windows\SYSTEM32\bcrypt.dll
0x00007ff9335c0000 - 0x00007ff9335d7000 	C:\Windows\SYSTEM32\CRYPTSP.dll
0x00007ff933250000 - 0x00007ff933284000 	C:\Windows\system32\rsaenh.dll
0x00007ff9333a0000 - 0x00007ff9333bf000 	C:\Windows\SYSTEM32\USERENV.dll
0x00007ff9336e0000 - 0x00007ff9336eb000 	C:\Windows\SYSTEM32\CRYPTBASE.dll
0x00007ff91e670000 - 0x00007ff91e686000 	C:\Windows\system32\napinsp.dll
0x00007ff91e690000 - 0x00007ff91e6aa000 	C:\Windows\system32\pnrpnsp.dll
0x00007ff9316a0000 - 0x00007ff9316b8000 	C:\Windows\system32\NLAapi.dll
0x00007ff91e6b0000 - 0x00007ff91e6bd000 	C:\Windows\System32\winrnr.dll
0x00007ff91e6c0000 - 0x00007ff91e6d5000 	C:\Windows\System32\wshbth.dll
0x00007ff92fb20000 - 0x00007ff92fb58000 	C:\Windows\SYSTEM32\IPHLPAPI.DLL
0x0000000060bb0000 - 0x0000000060bc1000 	C:\Program Files\Java\jdk1.8.0\jre\bin\nio.dll
0x0000000060b80000 - 0x0000000060ba4000 	C:\Program Files\Java\jdk1.8.0\jre\bin\sunec.dll
0x0000000060b70000 - 0x0000000060b7b000 	C:\Program Files\Java\jdk1.8.0\jre\bin\sunmscapi.dll
0x00007ff933c70000 - 0x00007ff933e38000 	C:\Windows\system32\CRYPT32.dll
0x00007ff933be0000 - 0x00007ff933bf0000 	C:\Windows\system32\MSASN1.dll
0x00007ff92df30000 - 0x00007ff92df46000 	C:\Windows\SYSTEM32\dhcpcsvc6.DLL
0x00007ff92e0e0000 - 0x00007ff92e0fa000 	C:\Windows\SYSTEM32\dhcpcsvc.DLL
0x00007ff911ce0000 - 0x00007ff911e6c000 	C:\Windows\SYSTEM32\dbghelp.dll

VM Arguments:
jvm_args: -ea -Dfile.encoding=Cp1252 
java_command: org.testng.remote.RemoteTestNG -serport 60215 -protocol json -d E:\New Projects\eSign\test-output E:\New Projects\eSign\Build\Package.xml
java_class_path (initial): E:\Softwares\eclipse\configuration\org.eclipse.osgi\935\0\.cp\lib\testng-remote.jar;E:\New Projects\eSign\target\test-classes;E:\New Projects\eSign\target\classes;C:\Users\admin\.m2\repository\org\testng\testng\6.14.2\testng-6.14.2.jar;C:\Users\admin\.m2\repository\com\beust\jcommander\1.72\jcommander-1.72.jar;C:\Users\admin\.m2\repository\org\apache-extras\beanshell\bsh\2.0b6\bsh-2.0b6.jar;C:\Users\admin\.m2\repository\org\seleniumhq\selenium\selenium-java\3.13.0\selenium-java-3.13.0.jar;C:\Users\admin\.m2\repository\org\seleniumhq\selenium\selenium-edge-driver\3.13.0\selenium-edge-driver-3.13.0.jar;C:\Users\admin\.m2\repository\org\seleniumhq\selenium\selenium-ie-driver\3.13.0\selenium-ie-driver-3.13.0.jar;C:\Users\admin\.m2\repository\org\seleniumhq\selenium\selenium-opera-driver\3.13.0\selenium-opera-driver-3.13.0.jar;C:\Users\admin\.m2\repository\org\seleniumhq\selenium\selenium-safari-driver\3.13.0\selenium-safari-driver-3.13.0.jar;C:\Users\admin\.m2\repository\org\seleniumhq\selenium\selenium-support\3.13.0\selenium-support-3.13.0.jar;C:\Users\admin\.m2\repository\net\bytebuddy\byte-buddy\1.8.3\byte-buddy-1.8.3.jar;C:\Users\admin\.m2\repository\org\apache\commons\commons-exec\1.3\commons-exec-1.3.jar;C:\Users\admin\.m2\repository\commons-codec\commons-codec\1.10\commons-codec-1.10.jar;C:\Users\admin\.m2\repository\commons-logging\commons-logging\1.2\commons-logging-1.2.jar;C:\Users\admin\.m2\repository\com\google\code\gson\gson\2.8.4\gson-2.8.4.jar;C:\Users\admin\.m2\repository\com\google\guava\guava\25.0-jre\guava-25.0-jre.jar;C:\Users\admin\.m2\repository\com\google\code\findbugs\jsr305\1.3.9\jsr305-1.3.9.jar;C:\Users\admin\.m2\repository\org\checkerframework\checker-compat-qual\2.0.0\checker-compat-qual-2.0.0.jar;C:\Users\admin\.m2\repository\com\google\errorprone\error_prone_annotations\2.1.3\error_prone_annotations-2.1.3.jar;C:\Users\admin\.m2\repository\com\google\j2objc\j2objc-annotations\1.1\j2objc-annotations-1.1.jar;C:\U
Launcher Type: SUN_STANDARD

Environment Variables:
JAVA_HOME=C:\Program Files\Java\jdk1.8.0
PATH=C:\Windows\system32;C:\Windows;C:\Windows\System32\Wbem;C:\Windows\System32\WindowsPowerShell\v1.0\;C:\Program Files (x86)\Skype\Phone\;E:\Backup Folder\Chirag Backup\Software\apache-maven-3.5.2-bin\apache-maven-3.5.2\bin;C:\Program Files\Java\jdk1.8.0\bin;E:\Android Project\android-sdk-windows_Full\android-sdk-windows\build-tools\25.0.0;E:\Android Project\android-sdk-windows_Full\android-sdk-windows\platform-tools
USERNAME=admin
OS=Windows_NT
PROCESSOR_IDENTIFIER=AMD64 Family 21 Model 48 Stepping 1, AuthenticAMD



---------------  S Y S T E M  ---------------

OS: Windows 8.1 , 64 bit Build 9600 

CPU:total 4 (4 cores per cpu, 1 threads per core) family 21 model 48 stepping 1, cmov, cx8, fxsr, mmx, sse, sse2, sse3, ssse3, sse4.1, sse4.2, popcnt, avx, aes, clmul, mmxext, 3dnowpref, lzcnt, sse4a, tsc, tscinvbit

Memory: 4k page, physical 7284048k(2543964k free), swap 11208020k(1484896k free)

vm_info: Java HotSpot(TM) 64-Bit Server VM (25.0-b55) for windows-amd64 JRE (1.8.0-ea-b113), built on Oct 24 2013 10:27:42 by "java_re" with MS VC++ 10.0 (VS2010)

time: Thu Oct 18 15:20:19 2018
elapsed time: 6 seconds

