#
# A fatal error has been detected by the Java Runtime Environment:
#
#  EXCEPTION_ACCESS_VIOLATION (0xc0000005) at pc=0x00000000534c07d6, pid=16596, tid=24076
#
# JRE version: Java(TM) SE Runtime Environment (8.0-b113) (build 1.8.0-ea-b113)
# Java VM: Java HotSpot(TM) 64-Bit Server VM (25.0-b55 mixed mode windows-amd64 compressed oops)
# Problematic frame:
# V  [jvm.dll+0x1107d6]
#
# Failed to write core dump. Minidumps are not enabled by default on client versions of Windows
#
# If you would like to submit a bug report, please visit:
#   http://bugreport.sun.com/bugreport/crash.jsp
#

---------------  T H R E A D  ---------------

Current thread (0x00000000173e6000):  VMThread [stack: 0x0000000018480000,0x0000000018580000] [id=24076]

siginfo: ExceptionCode=0xc0000005, reading address 0x0000000000033288

Registers:
RAX=0x00000000539af950, RBX=0x0000000019a2b260, RCX=0x0000000000033220, RDX=0x0000000053b159f0
RSP=0x000000001857f008, RBP=0x0000000053b159f0, RSI=0x0000000000000001, RDI=0x0000000000000002
R8 =0x0000000053b159f0, R9 =0x0000000000000004, R10=0x00000000000001fe, R11=0x0000000019a2b250
R12=0x0000000000000000, R13=0x0000000053b159f0, R14=0x00000000539af858, R15=0x0000000053b15960
RIP=0x00000000534c07d6, EFLAGS=0x0000000000010202

Top of Stack: (sp=0x000000001857f008)
0x000000001857f008:   00000000534ca298 00000000539549d8
0x000000001857f018:   0000000053439e8c 0000000000000000
0x000000001857f028:   0000000003755f50 00000008001f7428
0x000000001857f038:   00000000533e4a53 0000000053b159f0
0x000000001857f048:   0000000019a2b250 0000000000000000
0x000000001857f058:   0000000000000000 000000001b61fc28
0x000000001857f068:   00000000534a36dd 0000000019a2b250
0x000000001857f078:   0000000000000000 0000000000000000
0x000000001857f088:   000000001b61fc28 0000000053967260
0x000000001857f098:   0000000000000000 00000008001f7428
0x000000001857f0a8:   00000000534c19a2 00000008001f7028
0x000000001857f0b8:   000000001857f128 0000000053b159f0
0x000000001857f0c8:   000000005340ad8d 0000000053967260
0x000000001857f0d8:   00000000000001fe ffffffffffffff00
0x000000001857f0e8:   0000000000000004 00000000000000fd
0x000000001857f0f8:   0000000000000000 0000000000000000 

Instructions: (pc=0x00000000534c07d6)
0x00000000534c07b6:   c0 74 14 48 8b 50 78 48 85 d2 74 07 48 89 91 80
0x00000000534c07c6:   00 00 00 48 89 48 78 f3 c3 cc 48 8b 02 4c 8b c2
0x00000000534c07d6:   48 8b 51 68 49 8b c8 48 ff 20 48 8b 81 90 00 00
0x00000000534c07e6:   00 48 8b 00 c3 cc cc cc cc cc 40 53 48 83 ec 50 


Register to memory mapping:

RAX=0x00000000539af950 is an unknown value
RBX=0x0000000019a2b260 is an unknown value
RCX=0x0000000000033220 is an unknown value
RDX=0x0000000053b159f0 is an unknown value
RSP=0x000000001857f008 is an unknown value
RBP=0x0000000053b159f0 is an unknown value
RSI=0x0000000000000001 is an unknown value
RDI=0x0000000000000002 is an unknown value
R8 =0x0000000053b159f0 is an unknown value
R9 =0x0000000000000004 is an unknown value
R10=0x00000000000001fe is an unknown value
R11=0x0000000019a2b250 is an unknown value
R12=0x0000000000000000 is an unknown value
R13=0x0000000053b159f0 is an unknown value
R14=0x00000000539af858 is an unknown value
R15=0x0000000053b15960 is an unknown value


Stack: [0x0000000018480000,0x0000000018580000],  sp=0x000000001857f008,  free space=1020k
Native frames: (J=compiled Java code, j=interpreted, Vv=VM code, C=native code)
V  [jvm.dll+0x1107d6]

VM_Operation (0x000000001a0ba400): CollectForMetadataAllocation, mode: safepoint, requested by thread 0x00000000195aa800


---------------  P R O C E S S  ---------------

Java Threads: ( => current thread )
  0x000000001a70e800 JavaThread "OkHttp ConnectionPool" daemon [_thread_blocked, id=27332, stack(0x000000001c090000,0x000000001c190000)]
  0x000000001a867800 JavaThread "ForkJoinPool.commonPool-worker-1" daemon [_thread_blocked, id=17300, stack(0x000000001bf90000,0x000000001c090000)]
  0x00000000199fd000 JavaThread "ForkJoinPool.commonPool-worker-2" daemon [_thread_blocked, id=23460, stack(0x000000001be90000,0x000000001bf90000)]
  0x00000000199fc800 JavaThread "ForkJoinPool.commonPool-worker-3" daemon [_thread_blocked, id=27472, stack(0x000000001bd90000,0x000000001be90000)]
  0x0000000019416000 JavaThread "Exec Stream Pumper" daemon [_thread_in_native, id=25724, stack(0x000000001bc90000,0x000000001bd90000)]
  0x000000001ada6000 JavaThread "Exec Stream Pumper" daemon [_thread_in_native, id=26608, stack(0x000000001bb90000,0x000000001bc90000)]
  0x000000001a882800 JavaThread "Exec Default Executor" daemon [_thread_in_native, id=16692, stack(0x000000001ba90000,0x000000001bb90000)]
  0x00000000195aa800 JavaThread "Forwarding newSession on session null to remote" [_thread_blocked, id=24308, stack(0x0000000019fc0000,0x000000001a0c0000)]
  0x00000000193ec800 JavaThread "ReaderThread" [_thread_in_native, id=26532, stack(0x0000000019ec0000,0x0000000019fc0000)]
  0x000000001747c000 JavaThread "Service Thread" daemon [_thread_blocked, id=26056, stack(0x0000000019080000,0x0000000019180000)]
  0x000000001741b000 JavaThread "C1 CompilerThread2" daemon [_thread_blocked, id=20952, stack(0x0000000018b80000,0x0000000018c80000)]
  0x000000001741a000 JavaThread "C2 CompilerThread1" daemon [_thread_blocked, id=27124, stack(0x0000000018a80000,0x0000000018b80000)]
  0x0000000017416000 JavaThread "C2 CompilerThread0" daemon [_thread_blocked, id=25632, stack(0x0000000018980000,0x0000000018a80000)]
  0x0000000017414800 JavaThread "Attach Listener" daemon [_thread_blocked, id=21600, stack(0x0000000018880000,0x0000000018980000)]
  0x0000000017413800 JavaThread "Signal Dispatcher" daemon [_thread_blocked, id=27416, stack(0x0000000018780000,0x0000000018880000)]
  0x00000000031b3800 JavaThread "Finalizer" daemon [_thread_blocked, id=26340, stack(0x0000000018680000,0x0000000018780000)]
  0x00000000173e8000 JavaThread "Reference Handler" daemon [_thread_blocked, id=20884, stack(0x0000000018580000,0x0000000018680000)]
  0x00000000030c3800 JavaThread "main" [_thread_blocked, id=16504, stack(0x0000000002fc0000,0x00000000030c0000)]

Other Threads:
=>0x00000000173e6000 VMThread [stack: 0x0000000018480000,0x0000000018580000] [id=24076]
  0x000000001747e000 WatcherThread [stack: 0x0000000019180000,0x0000000019280000] [id=25048]

VM state:at safepoint (normal execution)

VM Mutex/Monitor currently owned by a thread:  ([mutex/lock_event])
[0x00000000030c02d0] Threads_lock - owner thread: 0x00000000173e6000
[0x00000000030c07d0] Heap_lock - owner thread: 0x00000000195aa800

Heap:
 PSYoungGen      total 62976K, used 4592K [0x00000000dae80000, 0x00000000df080000, 0x0000000100000000)
  eden space 58368K, 0% used [0x00000000dae80000,0x00000000dae80000,0x00000000de780000)
  from space 4608K, 99% used [0x00000000dec00000,0x00000000df07c0d0,0x00000000df080000)
  to   space 4608K, 0% used [0x00000000de780000,0x00000000de780000,0x00000000dec00000)
 ParOldGen       total 75776K, used 9551K [0x0000000090c00000, 0x0000000095600000, 0x00000000dae80000)
  object space 75776K, 12% used [0x0000000090c00000,0x0000000091553fa8,0x0000000095600000)
 Metaspace       used 20883K, capacity 21080K, committed 21296K, reserved 1067008K
  class space    used 2745K, capacity 2840K, committed 2944K, reserved 1048576K

Card table byte_map: [0x0000000012580000,0x0000000012900000] byte_map_base: 0x00000000120fa000

Marking Bits: (ParMarkBitMap*) 0x0000000053b52bd0
 Begin Bits: [0x0000000012f60000, 0x0000000014b30000)
 End Bits:   [0x0000000014b30000, 0x0000000016700000)

Polling page: 0x0000000002ef0000

CodeCache: size=245760Kb used=5655Kb max_used=5698Kb free=240105Kb
 bounds [0x00000000031c0000, 0x0000000003760000, 0x00000000121c0000]
 total_blobs=2151 nmethods=1725 adapters=341
 compilation: enabled

Compilation events (10 events):
Event: 4.226 Thread 0x000000001741a000 1910       4       java.util.regex.Pattern::next (33 bytes)
Event: 4.226 Thread 0x000000001741b000 1906       3       jdk.internal.org.objectweb.asm.MethodWriter::getSize (849 bytes)
Event: 4.228 Thread 0x000000001741a000 nmethod 1910 0x0000000003304b90 code [0x0000000003304ce0, 0x0000000003304dc8]
Event: 4.231 Thread 0x000000001741b000 nmethod 1906 0x0000000003755f50 code [0x00000000037563e0, 0x0000000003758858]
Event: 4.231 Thread 0x000000001741b000 1909       3       java.lang.invoke.InvokerBytecodeGenerator::emitLoadInsn (124 bytes)
Event: 4.232 Thread 0x000000001741b000 nmethod 1909 0x00000000032d4790 code [0x00000000032d49a0, 0x00000000032d54a8]
Event: 4.232 Thread 0x000000001741b000 1905       3       jdk.internal.org.objectweb.asm.Type::getReturnType (18 bytes)
Event: 4.233 Thread 0x000000001741b000 nmethod 1905 0x0000000003746e90 code [0x0000000003747020, 0x0000000003747588]
Event: 4.252 Thread 0x000000001741b000 1911       3       java.net.URI$Parser::substring (10 bytes)
Event: 4.252 Thread 0x000000001741b000 nmethod 1911 0x00000000033e5550 code [0x00000000033e56c0, 0x00000000033e5908]

GC Heap History (9 events):
Event: 1.432 GC heap before
{Heap before GC invocations=1 (full 0):
 PSYoungGen      total 33792K, used 29184K [0x00000000dae80000, 0x00000000dd400000, 0x0000000100000000)
  eden space 29184K, 100% used [0x00000000dae80000,0x00000000dcb00000,0x00000000dcb00000)
  from space 4608K, 0% used [0x00000000dcf80000,0x00000000dcf80000,0x00000000dd400000)
  to   space 4608K, 0% used [0x00000000dcb00000,0x00000000dcb00000,0x00000000dcf80000)
 ParOldGen       total 75776K, used 0K [0x0000000090c00000, 0x0000000095600000, 0x00000000dae80000)
  object space 75776K, 0% used [0x0000000090c00000,0x0000000090c00000,0x0000000095600000)
 Metaspace       used 8935K, capacity 9110K, committed 9344K, reserved 1056768K
  class space    used 1021K, capacity 1075K, committed 1152K, reserved 1048576K
Event: 1.445 GC heap after
Heap after GC invocations=1 (full 0):
 PSYoungGen      total 33792K, used 4594K [0x00000000dae80000, 0x00000000dd400000, 0x0000000100000000)
  eden space 29184K, 0% used [0x00000000dae80000,0x00000000dae80000,0x00000000dcb00000)
  from space 4608K, 99% used [0x00000000dcb00000,0x00000000dcf7c9f0,0x00000000dcf80000)
  to   space 4608K, 0% used [0x00000000dcf80000,0x00000000dcf80000,0x00000000dd400000)
 ParOldGen       total 75776K, used 545K [0x0000000090c00000, 0x0000000095600000, 0x00000000dae80000)
  object space 75776K, 0% used [0x0000000090c00000,0x0000000090c884c8,0x0000000095600000)
 Metaspace       used 8935K, capacity 9110K, committed 9344K, reserved 1056768K
  class space    used 1021K, capacity 1075K, committed 1152K, reserved 1048576K
}
Event: 2.119 GC heap before
{Heap before GC invocations=2 (full 0):
 PSYoungGen      total 33792K, used 33778K [0x00000000dae80000, 0x00000000dd400000, 0x0000000100000000)
  eden space 29184K, 100% used [0x00000000dae80000,0x00000000dcb00000,0x00000000dcb00000)
  from space 4608K, 99% used [0x00000000dcb00000,0x00000000dcf7c9f0,0x00000000dcf80000)
  to   space 4608K, 0% used [0x00000000dcf80000,0x00000000dcf80000,0x00000000dd400000)
 ParOldGen       total 75776K, used 545K [0x0000000090c00000, 0x0000000095600000, 0x00000000dae80000)
  object space 75776K, 0% used [0x0000000090c00000,0x0000000090c884c8,0x0000000095600000)
 Metaspace       used 12916K, capacity 13046K, committed 13184K, reserved 1060864K
  class space    used 1565K, capacity 1619K, committed 1664K, reserved 1048576K
Event: 2.134 GC heap after
Heap after GC invocations=2 (full 0):
 PSYoungGen      total 33792K, used 4590K [0x00000000dae80000, 0x00000000df080000, 0x0000000100000000)
  eden space 29184K, 0% used [0x00000000dae80000,0x00000000dae80000,0x00000000dcb00000)
  from space 4608K, 99% used [0x00000000dcf80000,0x00000000dd3fba80,0x00000000dd400000)
  to   space 4608K, 0% used [0x00000000dcb00000,0x00000000dcb00000,0x00000000dcf80000)
 ParOldGen       total 75776K, used 3123K [0x0000000090c00000, 0x0000000095600000, 0x00000000dae80000)
  object space 75776K, 4% used [0x0000000090c00000,0x0000000090f0cdc0,0x0000000095600000)
 Metaspace       used 12916K, capacity 13046K, committed 13184K, reserved 1060864K
  class space    used 1565K, capacity 1619K, committed 1664K, reserved 1048576K
}
Event: 3.064 GC heap before
{Heap before GC invocations=3 (full 0):
 PSYoungGen      total 33792K, used 33774K [0x00000000dae80000, 0x00000000df080000, 0x0000000100000000)
  eden space 29184K, 100% used [0x00000000dae80000,0x00000000dcb00000,0x00000000dcb00000)
  from space 4608K, 99% used [0x00000000dcf80000,0x00000000dd3fba80,0x00000000dd400000)
  to   space 4608K, 0% used [0x00000000dcb00000,0x00000000dcb00000,0x00000000dcf80000)
 ParOldGen       total 75776K, used 3123K [0x0000000090c00000, 0x0000000095600000, 0x00000000dae80000)
  object space 75776K, 4% used [0x0000000090c00000,0x0000000090f0cdc0,0x0000000095600000)
 Metaspace       used 18424K, capacity 18616K, committed 18944K, reserved 1064960K
  class space    used 2365K, capacity 2462K, committed 2560K, reserved 1048576K
Event: 3.083 GC heap after
Heap after GC invocations=3 (full 0):
 PSYoungGen      total 33792K, used 4576K [0x00000000dae80000, 0x00000000df080000, 0x0000000100000000)
  eden space 29184K, 0% used [0x00000000dae80000,0x00000000dae80000,0x00000000dcb00000)
  from space 4608K, 99% used [0x00000000dcb00000,0x00000000dcf78050,0x00000000dcf80000)
  to   space 4608K, 0% used [0x00000000dec00000,0x00000000dec00000,0x00000000df080000)
 ParOldGen       total 75776K, used 7226K [0x0000000090c00000, 0x0000000095600000, 0x00000000dae80000)
  object space 75776K, 9% used [0x0000000090c00000,0x000000009130e9d0,0x0000000095600000)
 Metaspace       used 18424K, capacity 18616K, committed 18944K, reserved 1064960K
  class space    used 2365K, capacity 2462K, committed 2560K, reserved 1048576K
}
Event: 4.261 GC heap before
{Heap before GC invocations=4 (full 0):
 PSYoungGen      total 33792K, used 24607K [0x00000000dae80000, 0x00000000df080000, 0x0000000100000000)
  eden space 29184K, 68% used [0x00000000dae80000,0x00000000dc20fee8,0x00000000dcb00000)
  from space 4608K, 99% used [0x00000000dcb00000,0x00000000dcf78050,0x00000000dcf80000)
  to   space 4608K, 0% used [0x00000000dec00000,0x00000000dec00000,0x00000000df080000)
 ParOldGen       total 75776K, used 7226K [0x0000000090c00000, 0x0000000095600000, 0x00000000dae80000)
  object space 75776K, 9% used [0x0000000090c00000,0x000000009130e9d0,0x0000000095600000)
 Metaspace       used 20883K, capacity 21080K, committed 21296K, reserved 1067008K
  class space    used 2745K, capacity 2840K, committed 2944K, reserved 1048576K
Event: 4.275 GC heap after
Heap after GC invocations=4 (full 0):
 PSYoungGen      total 62976K, used 4592K [0x00000000dae80000, 0x00000000df080000, 0x0000000100000000)
  eden space 58368K, 0% used [0x00000000dae80000,0x00000000dae80000,0x00000000de780000)
  from space 4608K, 99% used [0x00000000dec00000,0x00000000df07c0d0,0x00000000df080000)
  to   space 4608K, 0% used [0x00000000de780000,0x00000000de780000,0x00000000dec00000)
 ParOldGen       total 75776K, used 9551K [0x0000000090c00000, 0x0000000095600000, 0x00000000dae80000)
  object space 75776K, 12% used [0x0000000090c00000,0x0000000091553fa8,0x0000000095600000)
 Metaspace       used 20883K, capacity 21080K, committed 21296K, reserved 1067008K
  class space    used 2745K, capacity 2840K, committed 2944K, reserved 1048576K
}
Event: 4.275 GC heap before
{Heap before GC invocations=5 (full 1):
 PSYoungGen      total 62976K, used 4592K [0x00000000dae80000, 0x00000000df080000, 0x0000000100000000)
  eden space 58368K, 0% used [0x00000000dae80000,0x00000000dae80000,0x00000000de780000)
  from space 4608K, 99% used [0x00000000dec00000,0x00000000df07c0d0,0x00000000df080000)
  to   space 4608K, 0% used [0x00000000de780000,0x00000000de780000,0x00000000dec00000)
 ParOldGen       total 75776K, used 9551K [0x0000000090c00000, 0x0000000095600000, 0x00000000dae80000)
  object space 75776K, 12% used [0x0000000090c00000,0x0000000091553fa8,0x0000000095600000)
 Metaspace       used 20883K, capacity 21080K, committed 21296K, reserved 1067008K
  class space    used 2745K, capacity 2840K, committed 2944K, reserved 1048576K

Deoptimization events (10 events):
Event: 2.899 Thread 0x00000000195aa800 Uncommon trap: reason=class_check action=maybe_recompile pc=0x00000000033578c0 method=java.util.HashSet.add(Ljava/lang/Object;)Z @ 8
Event: 2.900 Thread 0x00000000195aa800 Uncommon trap: reason=class_check action=maybe_recompile pc=0x00000000033578c0 method=java.util.HashSet.add(Ljava/lang/Object;)Z @ 8
Event: 3.741 Thread 0x00000000195aa800 Uncommon trap: reason=class_check action=maybe_recompile pc=0x000000000360ebf8 method=org.openqa.selenium.json.Input.init()V @ 18
Event: 3.741 Thread 0x00000000195aa800 Uncommon trap: reason=class_check action=maybe_recompile pc=0x000000000360ebf8 method=org.openqa.selenium.json.Input.init()V @ 18
Event: 3.741 Thread 0x00000000195aa800 Uncommon trap: reason=class_check action=maybe_recompile pc=0x000000000360ebf8 method=org.openqa.selenium.json.Input.init()V @ 18
Event: 3.741 Thread 0x00000000195aa800 Uncommon trap: reason=class_check action=maybe_recompile pc=0x000000000360ebf8 method=org.openqa.selenium.json.Input.init()V @ 18
Event: 4.193 Thread 0x00000000195aa800 Uncommon trap: reason=class_check action=maybe_recompile pc=0x000000000354d910 method=java.io.FilterInputStream.read([BII)I @ 7
Event: 4.194 Thread 0x00000000195aa800 Uncommon trap: reason=class_check action=maybe_recompile pc=0x000000000354d910 method=java.io.FilterInputStream.read([BII)I @ 7
Event: 4.194 Thread 0x00000000195aa800 Uncommon trap: reason=class_check action=maybe_recompile pc=0x000000000354d910 method=java.io.FilterInputStream.read([BII)I @ 7
Event: 4.199 Thread 0x00000000195aa800 Uncommon trap: reason=class_check action=maybe_recompile pc=0x000000000354d910 method=java.io.FilterInputStream.read([BII)I @ 7

Internal exceptions (10 events):
Event: 4.254 Thread 0x00000000195aa800 Exception <a 'java/security/PrivilegedActionException'> (0x00000000dc14ef98) thrown at [D:\re\workspace\8-2-build-windows-amd64-cygwin\jdk8\563\hotspot\src\share\vm\prims\jvm.cpp, line 1248]
Event: 4.255 Thread 0x00000000195aa800 Exception <a 'java/security/PrivilegedActionException'> (0x00000000dc152ff8) thrown at [D:\re\workspace\8-2-build-windows-amd64-cygwin\jdk8\563\hotspot\src\share\vm\prims\jvm.cpp, line 1248]
Event: 4.255 Thread 0x00000000195aa800 Exception <a 'java/security/PrivilegedActionException'> (0x00000000dc157ea8) thrown at [D:\re\workspace\8-2-build-windows-amd64-cygwin\jdk8\563\hotspot\src\share\vm\prims\jvm.cpp, line 1248]
Event: 4.256 Thread 0x00000000195aa800 Exception <a 'java/security/PrivilegedActionException'> (0x00000000dc15d100) thrown at [D:\re\workspace\8-2-build-windows-amd64-cygwin\jdk8\563\hotspot\src\share\vm\prims\jvm.cpp, line 1248]
Event: 4.257 Thread 0x00000000195aa800 Exception <a 'java/security/PrivilegedActionException'> (0x00000000dc169838) thrown at [D:\re\workspace\8-2-build-windows-amd64-cygwin\jdk8\563\hotspot\src\share\vm\prims\jvm.cpp, line 1248]
Event: 4.258 Thread 0x00000000195aa800 Exception <a 'java/security/PrivilegedActionException'> (0x00000000dc16f000) thrown at [D:\re\workspace\8-2-build-windows-amd64-cygwin\jdk8\563\hotspot\src\share\vm\prims\jvm.cpp, line 1248]
Event: 4.259 Thread 0x00000000195aa800 Exception <a 'java/security/PrivilegedActionException'> (0x00000000dc173d28) thrown at [D:\re\workspace\8-2-build-windows-amd64-cygwin\jdk8\563\hotspot\src\share\vm\prims\jvm.cpp, line 1248]
Event: 4.259 Thread 0x00000000195aa800 Exception <a 'java/security/PrivilegedActionException'> (0x00000000dc179440) thrown at [D:\re\workspace\8-2-build-windows-amd64-cygwin\jdk8\563\hotspot\src\share\vm\prims\jvm.cpp, line 1248]
Event: 4.260 Thread 0x00000000195aa800 Exception <a 'java/security/PrivilegedActionException'> (0x00000000dc181c58) thrown at [D:\re\workspace\8-2-build-windows-amd64-cygwin\jdk8\563\hotspot\src\share\vm\prims\jvm.cpp, line 1248]
Event: 4.261 Thread 0x00000000195aa800 Exception <a 'java/security/PrivilegedActionException'> (0x00000000dc187520) thrown at [D:\re\workspace\8-2-build-windows-amd64-cygwin\jdk8\563\hotspot\src\share\vm\prims\jvm.cpp, line 1248]

Events (10 events):
Event: 4.258 loading class okio/AsyncTimeout$1
Event: 4.258 loading class okio/AsyncTimeout$1 done
Event: 4.259 loading class okio/RealBufferedSink
Event: 4.259 loading class okio/RealBufferedSink done
Event: 4.260 loading class okio/RealBufferedSink$1
Event: 4.260 loading class okio/RealBufferedSink$1 done
Event: 4.261 Thread 0x000000001a70e800 Thread added: 0x000000001a70e800
Event: 4.261 loading class okhttp3/internal/http1/Http1Codec
Event: 4.261 loading class okhttp3/internal/http1/Http1Codec done
Event: 4.261 Executing VM operation: CollectForMetadataAllocation


Dynamic libraries:
0x00007ff61edf0000 - 0x00007ff61ee24000 	C:\Program Files\Java\jdk1.8.0\bin\javaw.exe
0x00007ffa70eb0000 - 0x00007ffa71091000 	C:\WINDOWS\SYSTEM32\ntdll.dll
0x00007ffa70170000 - 0x00007ffa70222000 	C:\WINDOWS\System32\KERNEL32.DLL
0x00007ffa6def0000 - 0x00007ffa6e163000 	C:\WINDOWS\System32\KERNELBASE.dll
0x00007ffa70750000 - 0x00007ffa707f1000 	C:\WINDOWS\System32\ADVAPI32.dll
0x00007ffa6e340000 - 0x00007ffa6e3de000 	C:\WINDOWS\System32\msvcrt.dll
0x00007ffa70110000 - 0x00007ffa7016b000 	C:\WINDOWS\System32\sechost.dll
0x00007ffa70ca0000 - 0x00007ffa70dc4000 	C:\WINDOWS\System32\RPCRT4.dll
0x00007ffa6e850000 - 0x00007ffa6e9e0000 	C:\WINDOWS\System32\USER32.dll
0x00007ffa6e170000 - 0x00007ffa6e190000 	C:\WINDOWS\System32\win32u.dll
0x00007ffa700e0000 - 0x00007ffa70108000 	C:\WINDOWS\System32\GDI32.dll
0x00007ffa6dd50000 - 0x00007ffa6dee2000 	C:\WINDOWS\System32\gdi32full.dll
0x00007ffa6dbd0000 - 0x00007ffa6dc6f000 	C:\WINDOWS\System32\msvcp_win.dll
0x00007ffa6e190000 - 0x00007ffa6e28a000 	C:\WINDOWS\System32\ucrtbase.dll
0x00007ffa5f5a0000 - 0x00007ffa5f809000 	C:\WINDOWS\WinSxS\amd64_microsoft.windows.common-controls_6595b64144ccf1df_6.0.17134.1_none_e4da93291059d8fb\COMCTL32.dll
0x00007ffa70800000 - 0x00007ffa70b23000 	C:\WINDOWS\System32\combase.dll
0x00007ffa6dcd0000 - 0x00007ffa6dd4a000 	C:\WINDOWS\System32\bcryptPrimitives.dll
0x00007ffa6e6c0000 - 0x00007ffa6e6ed000 	C:\WINDOWS\System32\IMM32.DLL
0x0000000053bd0000 - 0x0000000053ca2000 	C:\Program Files\Java\jdk1.8.0\jre\bin\msvcr100.dll
0x00000000533b0000 - 0x0000000053bc9000 	C:\Program Files\Java\jdk1.8.0\jre\bin\server\jvm.dll
0x00007ffa6e9e0000 - 0x00007ffa6e9e8000 	C:\WINDOWS\System32\PSAPI.DLL
0x00007ffa691d0000 - 0x00007ffa691f3000 	C:\WINDOWS\SYSTEM32\WINMM.dll
0x00007ffa67cf0000 - 0x00007ffa67cf9000 	C:\WINDOWS\SYSTEM32\WSOCK32.dll
0x00007ffa6ec30000 - 0x00007ffa6ec9c000 	C:\WINDOWS\System32\WS2_32.dll
0x00007ffa691a0000 - 0x00007ffa691ca000 	C:\WINDOWS\SYSTEM32\WINMMBASE.dll
0x00007ffa6db80000 - 0x00007ffa6dbc9000 	C:\WINDOWS\System32\cfgmgr32.dll
0x00000000533a0000 - 0x00000000533af000 	C:\Program Files\Java\jdk1.8.0\jre\bin\verify.dll
0x0000000053370000 - 0x0000000053398000 	C:\Program Files\Java\jdk1.8.0\jre\bin\java.dll
0x0000000053350000 - 0x0000000053366000 	C:\Program Files\Java\jdk1.8.0\jre\bin\zip.dll
0x00007ffa6eca0000 - 0x00007ffa700e0000 	C:\WINDOWS\System32\SHELL32.dll
0x00007ffa70dd0000 - 0x00007ffa70e79000 	C:\WINDOWS\System32\shcore.dll
0x00007ffa6d280000 - 0x00007ffa6d98d000 	C:\WINDOWS\System32\windows.storage.dll
0x00007ffa70bd0000 - 0x00007ffa70c21000 	C:\WINDOWS\System32\shlwapi.dll
0x00007ffa6d250000 - 0x00007ffa6d261000 	C:\WINDOWS\System32\kernel.appcore.dll
0x00007ffa6d1e0000 - 0x00007ffa6d1ff000 	C:\WINDOWS\System32\profapi.dll
0x00007ffa6d200000 - 0x00007ffa6d24c000 	C:\WINDOWS\System32\powrprof.dll
0x00007ffa6d270000 - 0x00007ffa6d27a000 	C:\WINDOWS\System32\FLTLIB.DLL
0x0000000053330000 - 0x0000000053349000 	C:\Program Files\Java\jdk1.8.0\jre\bin\net.dll
0x00007ffa6ca40000 - 0x00007ffa6caa6000 	C:\WINDOWS\system32\mswsock.dll
0x00007ffa6c800000 - 0x00007ffa6c8be000 	C:\WINDOWS\SYSTEM32\DNSAPI.dll
0x00007ffa70c90000 - 0x00007ffa70c98000 	C:\WINDOWS\System32\NSI.dll
0x00007ffa6c7c0000 - 0x00007ffa6c7f8000 	C:\WINDOWS\SYSTEM32\IPHLPAPI.DLL
0x00007ffa62c40000 - 0x00007ffa62c4a000 	C:\Windows\System32\rasadhlp.dll
0x00007ffa601f0000 - 0x00007ffa60262000 	C:\WINDOWS\System32\fwpuclnt.dll
0x00007ffa6cd20000 - 0x00007ffa6cd45000 	C:\WINDOWS\SYSTEM32\bcrypt.dll
0x00007ffa6cbf0000 - 0x00007ffa6cc07000 	C:\WINDOWS\SYSTEM32\CRYPTSP.dll
0x00007ffa6c620000 - 0x00007ffa6c653000 	C:\WINDOWS\system32\rsaenh.dll
0x00007ffa6d0c0000 - 0x00007ffa6d0e8000 	C:\WINDOWS\SYSTEM32\USERENV.dll
0x00007ffa6cc10000 - 0x00007ffa6cc1b000 	C:\WINDOWS\SYSTEM32\CRYPTBASE.dll
0x00007ffa63550000 - 0x00007ffa63566000 	C:\WINDOWS\system32\napinsp.dll
0x00007ffa50a10000 - 0x00007ffa50a2a000 	C:\WINDOWS\system32\pnrpnsp.dll
0x00007ffa633d0000 - 0x00007ffa633e9000 	C:\WINDOWS\system32\NLAapi.dll
0x00007ffa570e0000 - 0x00007ffa570ee000 	C:\WINDOWS\System32\winrnr.dll
0x00007ffa633b0000 - 0x00007ffa633c5000 	C:\WINDOWS\System32\wshbth.dll
0x0000000053310000 - 0x0000000053321000 	C:\Program Files\Java\jdk1.8.0\jre\bin\nio.dll
0x00000000532e0000 - 0x0000000053304000 	C:\Program Files\Java\jdk1.8.0\jre\bin\sunec.dll
0x00000000532d0000 - 0x00000000532db000 	C:\Program Files\Java\jdk1.8.0\jre\bin\sunmscapi.dll
0x00007ffa6d990000 - 0x00007ffa6db72000 	C:\WINDOWS\System32\CRYPT32.dll
0x00007ffa6d1c0000 - 0x00007ffa6d1d2000 	C:\WINDOWS\System32\MSASN1.dll
0x00007ffa630a0000 - 0x00007ffa630b6000 	C:\WINDOWS\SYSTEM32\dhcpcsvc6.DLL
0x00007ffa631a0000 - 0x00007ffa631ba000 	C:\WINDOWS\SYSTEM32\dhcpcsvc.DLL
0x00007ffa67940000 - 0x00007ffa67b09000 	C:\WINDOWS\SYSTEM32\dbghelp.dll

VM Arguments:
jvm_args: -ea -Dfile.encoding=Cp1252 
java_command: org.testng.remote.RemoteTestNG -serport 53273 -protocol json -d E:\New Projects\eSign\test-output E:\New Projects\eSign\Build\Package.xml
java_class_path (initial): E:\Softwares\eclipse\configuration\org.eclipse.osgi\935\0\.cp\lib\testng-remote.jar;E:\New Projects\eSign\target\test-classes;E:\New Projects\eSign\target\classes;C:\Users\admin\.m2\repository\org\testng\testng\6.14.2\testng-6.14.2.jar;C:\Users\admin\.m2\repository\com\beust\jcommander\1.72\jcommander-1.72.jar;C:\Users\admin\.m2\repository\org\apache-extras\beanshell\bsh\2.0b6\bsh-2.0b6.jar;C:\Users\admin\.m2\repository\org\seleniumhq\selenium\selenium-java\3.13.0\selenium-java-3.13.0.jar;C:\Users\admin\.m2\repository\org\seleniumhq\selenium\selenium-edge-driver\3.13.0\selenium-edge-driver-3.13.0.jar;C:\Users\admin\.m2\repository\org\seleniumhq\selenium\selenium-ie-driver\3.13.0\selenium-ie-driver-3.13.0.jar;C:\Users\admin\.m2\repository\org\seleniumhq\selenium\selenium-opera-driver\3.13.0\selenium-opera-driver-3.13.0.jar;C:\Users\admin\.m2\repository\org\seleniumhq\selenium\selenium-safari-driver\3.13.0\selenium-safari-driver-3.13.0.jar;C:\Users\admin\.m2\repository\org\seleniumhq\selenium\selenium-support\3.13.0\selenium-support-3.13.0.jar;C:\Users\admin\.m2\repository\net\bytebuddy\byte-buddy\1.8.3\byte-buddy-1.8.3.jar;C:\Users\admin\.m2\repository\org\apache\commons\commons-exec\1.3\commons-exec-1.3.jar;C:\Users\admin\.m2\repository\commons-codec\commons-codec\1.10\commons-codec-1.10.jar;C:\Users\admin\.m2\repository\commons-logging\commons-logging\1.2\commons-logging-1.2.jar;C:\Users\admin\.m2\repository\com\google\code\gson\gson\2.8.4\gson-2.8.4.jar;C:\Users\admin\.m2\repository\com\google\guava\guava\25.0-jre\guava-25.0-jre.jar;C:\Users\admin\.m2\repository\com\google\code\findbugs\jsr305\1.3.9\jsr305-1.3.9.jar;C:\Users\admin\.m2\repository\org\checkerframework\checker-compat-qual\2.0.0\checker-compat-qual-2.0.0.jar;C:\Users\admin\.m2\repository\com\google\errorprone\error_prone_annotations\2.1.3\error_prone_annotations-2.1.3.jar;C:\Users\admin\.m2\repository\com\google\j2objc\j2objc-annotations\1.1\j2objc-annotations-1.1.jar;C:\U
Launcher Type: SUN_STANDARD

Environment Variables:
JAVA_HOME=C:\Program Files\Java\jdk1.8.0
PATH=C:\WINDOWS\system32;C:\WINDOWS;C:\WINDOWS\System32\Wbem;C:\WINDOWS\System32\WindowsPowerShell\v1.0\;C:\Program Files (x86)\Skype\Phone\;E:\Backup Folder\Chirag Backup\Software\apache-maven-3.5.2-bin\apache-maven-3.5.2\bin;C:\Program Files\Java\jdk1.8.0\bin;E:\Android Project\android-sdk-windows_Full\android-sdk-windows\build-tools\25.0.0;E:\Android Project\android-sdk-windows_Full\android-sdk-windows\platform-tools;C:\WINDOWS\System32\OpenSSH\;C:\Users\admin\AppData\Local\Microsoft\WindowsApps;
USERNAME=admin
OS=Windows_NT
PROCESSOR_IDENTIFIER=AMD64 Family 21 Model 48 Stepping 1, AuthenticAMD



---------------  S Y S T E M  ---------------

OS: Windows 8.1 , 64 bit Build 9600 

CPU:total 4 (4 cores per cpu, 1 threads per core) family 21 model 48 stepping 1, cmov, cx8, fxsr, mmx, sse, sse2, sse3, ssse3, sse4.1, sse4.2, popcnt, avx, aes, clmul, mmxext, 3dnowpref, lzcnt, sse4a, tsc, tscinvbit

Memory: 4k page, physical 7284048k(1974040k free), swap 13753576k(2532844k free)

vm_info: Java HotSpot(TM) 64-Bit Server VM (25.0-b55) for windows-amd64 JRE (1.8.0-ea-b113), built on Oct 24 2013 10:27:42 by "java_re" with MS VC++ 10.0 (VS2010)

time: Thu Oct 25 16:17:22 2018
elapsed time: 4 seconds

