#
# A fatal error has been detected by the Java Runtime Environment:
#
#  EXCEPTION_ACCESS_VIOLATION (0xc0000005) at pc=0x00000000534c07d6, pid=15744, tid=19972
#
# JRE version: Java(TM) SE Runtime Environment (8.0-b113) (build 1.8.0-ea-b113)
# Java VM: Java HotSpot(TM) 64-Bit Server VM (25.0-b55 mixed mode windows-amd64 compressed oops)
# Problematic frame:
# V  [jvm.dll+0x1107d6]
#
# Failed to write core dump. Minidumps are not enabled by default on client versions of Windows
#
# If you would like to submit a bug report, please visit:
#   http://bugreport.sun.com/bugreport/crash.jsp
#

---------------  T H R E A D  ---------------

Current thread (0x00000000170e5800):  VMThread [stack: 0x0000000018180000,0x0000000018280000] [id=19972]

siginfo: ExceptionCode=0xc0000005, reading address 0x0000000000033288

Registers:
RAX=0x00000000539af950, RBX=0x0000000019525d60, RCX=0x0000000000033220, RDX=0x0000000053b159f0
RSP=0x000000001827eea8, RBP=0x0000000053b159f0, RSI=0x0000000000000001, RDI=0x0000000000000002
R8 =0x0000000053b159f0, R9 =0x0000000000000004, R10=0x00000000000001fe, R11=0x0000000019525d50
R12=0x0000000000000000, R13=0x0000000053b159f0, R14=0x00000000539af858, R15=0x0000000053b15960
RIP=0x00000000534c07d6, EFLAGS=0x0000000000010202

Top of Stack: (sp=0x000000001827eea8)
0x000000001827eea8:   00000000534ca298 0000000053b159f0
0x000000001827eeb8:   0000000053439f63 0000000000000000
0x000000001827eec8:   000000001827ef49 00000008001f8028
0x000000001827eed8:   00000000533e4a53 0000000053b159f0
0x000000001827eee8:   0000000019525d50 0000000000000000
0x000000001827eef8:   0000000000000000 000000001b32fc28
0x000000001827ef08:   00000000534a36dd 0000000019525d50
0x000000001827ef18:   0000000000000000 0000000000000000
0x000000001827ef28:   000000001b32fc28 0000000053967260
0x000000001827ef38:   0000000000000000 00000008001f8028
0x000000001827ef48:   00000000534c19a2 00000008001f7c28
0x000000001827ef58:   000000001827efc8 0000000053b159f0
0x000000001827ef68:   000000005340ad8d 0000000053967260
0x000000001827ef78:   00000000000001fe ffffffffffffff00
0x000000001827ef88:   0000000000000004 00000000000000fe
0x000000001827ef98:   0000000000000000 0000000000000000 

Instructions: (pc=0x00000000534c07d6)
0x00000000534c07b6:   c0 74 14 48 8b 50 78 48 85 d2 74 07 48 89 91 80
0x00000000534c07c6:   00 00 00 48 89 48 78 f3 c3 cc 48 8b 02 4c 8b c2
0x00000000534c07d6:   48 8b 51 68 49 8b c8 48 ff 20 48 8b 81 90 00 00
0x00000000534c07e6:   00 48 8b 00 c3 cc cc cc cc cc 40 53 48 83 ec 50 


Register to memory mapping:

RAX=0x00000000539af950 is an unknown value
RBX=0x0000000019525d60 is an unknown value
RCX=0x0000000000033220 is an unknown value
RDX=0x0000000053b159f0 is an unknown value
RSP=0x000000001827eea8 is an unknown value
RBP=0x0000000053b159f0 is an unknown value
RSI=0x0000000000000001 is an unknown value
RDI=0x0000000000000002 is an unknown value
R8 =0x0000000053b159f0 is an unknown value
R9 =0x0000000000000004 is an unknown value
R10=0x00000000000001fe is an unknown value
R11=0x0000000019525d50 is an unknown value
R12=0x0000000000000000 is an unknown value
R13=0x0000000053b159f0 is an unknown value
R14=0x00000000539af858 is an unknown value
R15=0x0000000053b15960 is an unknown value


Stack: [0x0000000018180000,0x0000000018280000],  sp=0x000000001827eea8,  free space=1019k
Native frames: (J=compiled Java code, j=interpreted, Vv=VM code, C=native code)
V  [jvm.dll+0x1107d6]

VM_Operation (0x000000001ad898b0): CollectForMetadataAllocation, mode: safepoint, requested by thread 0x00000000195fc000


---------------  P R O C E S S  ---------------

Java Threads: ( => current thread )
  0x000000001967f800 JavaThread "Okio Watchdog" daemon [_thread_blocked, id=15460, stack(0x000000001be90000,0x000000001bf90000)]
  0x00000000194ec000 JavaThread "OkHttp ConnectionPool" daemon [_thread_blocked, id=12880, stack(0x000000001bd90000,0x000000001be90000)]
  0x0000000018d72800 JavaThread "ForkJoinPool.commonPool-worker-3" daemon [_thread_blocked, id=19656, stack(0x000000001ba90000,0x000000001bb90000)]
  0x0000000019ed6800 JavaThread "Exec Stream Pumper" daemon [_thread_in_native, id=16248, stack(0x000000001b990000,0x000000001ba90000)]
  0x000000001a09d800 JavaThread "Exec Stream Pumper" daemon [_thread_in_native, id=13716, stack(0x000000001b890000,0x000000001b990000)]
  0x0000000019ed5000 JavaThread "Exec Default Executor" daemon [_thread_in_native, id=18488, stack(0x000000001b790000,0x000000001b890000)]
  0x00000000195fc000 JavaThread "Forwarding newSession on session null to remote" [_thread_blocked, id=13508, stack(0x000000001ac90000,0x000000001ad90000)]
  0x0000000018fb1000 JavaThread "ReaderThread" [_thread_in_native, id=8216, stack(0x0000000019bc0000,0x0000000019cc0000)]
  0x000000001717b000 JavaThread "Service Thread" daemon [_thread_blocked, id=18960, stack(0x0000000018d80000,0x0000000018e80000)]
  0x000000001711d000 JavaThread "C1 CompilerThread2" daemon [_thread_blocked, id=16076, stack(0x0000000018880000,0x0000000018980000)]
  0x000000001711c000 JavaThread "C2 CompilerThread1" daemon [_thread_blocked, id=17676, stack(0x0000000018780000,0x0000000018880000)]
  0x0000000017118800 JavaThread "C2 CompilerThread0" daemon [_thread_blocked, id=19912, stack(0x0000000018680000,0x0000000018780000)]
  0x0000000017116800 JavaThread "Attach Listener" daemon [_thread_blocked, id=15640, stack(0x0000000018580000,0x0000000018680000)]
  0x0000000017115800 JavaThread "Signal Dispatcher" daemon [_thread_blocked, id=20216, stack(0x0000000018480000,0x0000000018580000)]
  0x0000000002eb9000 JavaThread "Finalizer" daemon [_thread_blocked, id=4528, stack(0x0000000018380000,0x0000000018480000)]
  0x0000000002eb2800 JavaThread "Reference Handler" daemon [_thread_blocked, id=17088, stack(0x0000000018280000,0x0000000018380000)]
  0x0000000002dc3800 JavaThread "main" [_thread_blocked, id=11344, stack(0x0000000002cc0000,0x0000000002dc0000)]

Other Threads:
=>0x00000000170e5800 VMThread [stack: 0x0000000018180000,0x0000000018280000] [id=19972]
  0x00000000189ad000 WatcherThread [stack: 0x0000000018e80000,0x0000000018f80000] [id=15656]

VM state:at safepoint (normal execution)

VM Mutex/Monitor currently owned by a thread:  ([mutex/lock_event])
[0x0000000002dc0850] Threads_lock - owner thread: 0x00000000170e5800
[0x0000000002dc02d0] Heap_lock - owner thread: 0x00000000195fc000

Heap:
 PSYoungGen      total 121344K, used 4594K [0x00000000dae80000, 0x00000000e2980000, 0x0000000100000000)
  eden space 116736K, 0% used [0x00000000dae80000,0x00000000dae80000,0x00000000e2080000)
  from space 4608K, 99% used [0x00000000e2500000,0x00000000e297cb40,0x00000000e2980000)
  to   space 4608K, 0% used [0x00000000e2080000,0x00000000e2080000,0x00000000e2500000)
 ParOldGen       total 75776K, used 8699K [0x0000000090c00000, 0x0000000095600000, 0x00000000dae80000)
  object space 75776K, 11% used [0x0000000090c00000,0x000000009147ed60,0x0000000095600000)
 Metaspace       used 20986K, capacity 21162K, committed 21296K, reserved 1067008K
  class space    used 2752K, capacity 2843K, committed 2864K, reserved 1048576K

Card table byte_map: [0x0000000012280000,0x0000000012600000] byte_map_base: 0x0000000011dfa000

Marking Bits: (ParMarkBitMap*) 0x0000000053b52bd0
 Begin Bits: [0x0000000012c60000, 0x0000000014830000)
 End Bits:   [0x0000000014830000, 0x0000000016400000)

Polling page: 0x00000000013b0000

CodeCache: size=245760Kb used=5834Kb max_used=5893Kb free=239925Kb
 bounds [0x0000000002ec0000, 0x0000000003490000, 0x0000000011ec0000]
 total_blobs=2206 nmethods=1780 adapters=341
 compilation: enabled

Compilation events (10 events):
Event: 7.946 Thread 0x000000001711c000 nmethod 2021 0x0000000003053450 code [0x00000000030535e0, 0x00000000030540c8]
Event: 7.949 Thread 0x0000000017118800 nmethod 2024 0x00000000031c5850 code [0x00000000031c59a0, 0x00000000031c5d68]
Event: 8.018 Thread 0x000000001711c000 2025       4       java.io.BufferedInputStream::getBufIfOpen (21 bytes)
Event: 8.019 Thread 0x000000001711c000 nmethod 2025 0x00000000030ec510 code [0x00000000030ec640, 0x00000000030ec6b8]
Event: 8.097 Thread 0x000000001711d000 2026       3       java.io.FileOutputStream::write (12 bytes)
Event: 8.097 Thread 0x000000001711d000 nmethod 2026 0x00000000032a7210 code [0x00000000032a7380, 0x00000000032a7548]
Event: 8.100 Thread 0x000000001711d000 2028       3       java.io.OutputStream::write (79 bytes)
Event: 8.101 Thread 0x000000001711d000 nmethod 2028 0x00000000030e3d90 code [0x00000000030e3f40, 0x00000000030e4568]
Event: 11.346 Thread 0x000000001711d000 2029       3       java.io.BufferedOutputStream::flushBuffer (29 bytes)
Event: 11.346 Thread 0x000000001711d000 nmethod 2029 0x000000000300d550 code [0x000000000300d6c0, 0x000000000300d988]

GC Heap History (9 events):
Event: 1.589 GC heap before
{Heap before GC invocations=1 (full 0):
 PSYoungGen      total 33792K, used 29184K [0x00000000dae80000, 0x00000000dd400000, 0x0000000100000000)
  eden space 29184K, 100% used [0x00000000dae80000,0x00000000dcb00000,0x00000000dcb00000)
  from space 4608K, 0% used [0x00000000dcf80000,0x00000000dcf80000,0x00000000dd400000)
  to   space 4608K, 0% used [0x00000000dcb00000,0x00000000dcb00000,0x00000000dcf80000)
 ParOldGen       total 75776K, used 0K [0x0000000090c00000, 0x0000000095600000, 0x00000000dae80000)
  object space 75776K, 0% used [0x0000000090c00000,0x0000000090c00000,0x0000000095600000)
 Metaspace       used 8483K, capacity 8584K, committed 8704K, reserved 1056768K
  class space    used 959K, capacity 982K, committed 1024K, reserved 1048576K
Event: 1.606 GC heap after
Heap after GC invocations=1 (full 0):
 PSYoungGen      total 33792K, used 4597K [0x00000000dae80000, 0x00000000df080000, 0x0000000100000000)
  eden space 29184K, 0% used [0x00000000dae80000,0x00000000dae80000,0x00000000dcb00000)
  from space 4608K, 99% used [0x00000000dcb00000,0x00000000dcf7d7c0,0x00000000dcf80000)
  to   space 4608K, 0% used [0x00000000dec00000,0x00000000dec00000,0x00000000df080000)
 ParOldGen       total 75776K, used 174K [0x0000000090c00000, 0x0000000095600000, 0x00000000dae80000)
  object space 75776K, 0% used [0x0000000090c00000,0x0000000090c2ba88,0x0000000095600000)
 Metaspace       used 8483K, capacity 8584K, committed 8704K, reserved 1056768K
  class space    used 959K, capacity 982K, committed 1024K, reserved 1048576K
}
Event: 2.353 GC heap before
{Heap before GC invocations=2 (full 0):
 PSYoungGen      total 33792K, used 33781K [0x00000000dae80000, 0x00000000df080000, 0x0000000100000000)
  eden space 29184K, 100% used [0x00000000dae80000,0x00000000dcb00000,0x00000000dcb00000)
  from space 4608K, 99% used [0x00000000dcb00000,0x00000000dcf7d7c0,0x00000000dcf80000)
  to   space 4608K, 0% used [0x00000000dec00000,0x00000000dec00000,0x00000000df080000)
 ParOldGen       total 75776K, used 174K [0x0000000090c00000, 0x0000000095600000, 0x00000000dae80000)
  object space 75776K, 0% used [0x0000000090c00000,0x0000000090c2ba88,0x0000000095600000)
 Metaspace       used 11919K, capacity 12072K, committed 12288K, reserved 1060864K
  class space    used 1399K, capacity 1462K, committed 1536K, reserved 1048576K
Event: 2.368 GC heap after
Heap after GC invocations=2 (full 0):
 PSYoungGen      total 62976K, used 4593K [0x00000000dae80000, 0x00000000df080000, 0x0000000100000000)
  eden space 58368K, 0% used [0x00000000dae80000,0x00000000dae80000,0x00000000de780000)
  from space 4608K, 99% used [0x00000000dec00000,0x00000000df07c5a0,0x00000000df080000)
  to   space 4608K, 0% used [0x00000000de780000,0x00000000de780000,0x00000000dec00000)
 ParOldGen       total 75776K, used 1156K [0x0000000090c00000, 0x0000000095600000, 0x00000000dae80000)
  object space 75776K, 1% used [0x0000000090c00000,0x0000000090d210a0,0x0000000095600000)
 Metaspace       used 11919K, capacity 12072K, committed 12288K, reserved 1060864K
  class space    used 1399K, capacity 1462K, committed 1536K, reserved 1048576K
}
Event: 6.122 GC heap before
{Heap before GC invocations=3 (full 0):
 PSYoungGen      total 62976K, used 62961K [0x00000000dae80000, 0x00000000df080000, 0x0000000100000000)
  eden space 58368K, 100% used [0x00000000dae80000,0x00000000de780000,0x00000000de780000)
  from space 4608K, 99% used [0x00000000dec00000,0x00000000df07c5a0,0x00000000df080000)
  to   space 4608K, 0% used [0x00000000de780000,0x00000000de780000,0x00000000dec00000)
 ParOldGen       total 75776K, used 1156K [0x0000000090c00000, 0x0000000095600000, 0x00000000dae80000)
  object space 75776K, 1% used [0x0000000090c00000,0x0000000090d210a0,0x0000000095600000)
 Metaspace       used 20914K, capacity 21162K, committed 21296K, reserved 1067008K
  class space    used 2744K, capacity 2843K, committed 2864K, reserved 1048576K
Event: 6.156 GC heap after
Heap after GC invocations=3 (full 0):
 PSYoungGen      total 62976K, used 4578K [0x00000000dae80000, 0x00000000e2980000, 0x0000000100000000)
  eden space 58368K, 0% used [0x00000000dae80000,0x00000000dae80000,0x00000000de780000)
  from space 4608K, 99% used [0x00000000de780000,0x00000000debf8b70,0x00000000dec00000)
  to   space 4608K, 0% used [0x00000000e2500000,0x00000000e2500000,0x00000000e2980000)
 ParOldGen       total 75776K, used 8667K [0x0000000090c00000, 0x0000000095600000, 0x00000000dae80000)
  object space 75776K, 11% used [0x0000000090c00000,0x0000000091476df8,0x0000000095600000)
 Metaspace       used 20914K, capacity 21162K, committed 21296K, reserved 1067008K
  class space    used 2744K, capacity 2843K, committed 2864K, reserved 1048576K
}
Event: 12.611 GC heap before
{Heap before GC invocations=4 (full 0):
 PSYoungGen      total 62976K, used 5673K [0x00000000dae80000, 0x00000000e2980000, 0x0000000100000000)
  eden space 58368K, 1% used [0x00000000dae80000,0x00000000daf918a0,0x00000000de780000)
  from space 4608K, 99% used [0x00000000de780000,0x00000000debf8b70,0x00000000dec00000)
  to   space 4608K, 0% used [0x00000000e2500000,0x00000000e2500000,0x00000000e2980000)
 ParOldGen       total 75776K, used 8667K [0x0000000090c00000, 0x0000000095600000, 0x00000000dae80000)
  object space 75776K, 11% used [0x0000000090c00000,0x0000000091476df8,0x0000000095600000)
 Metaspace       used 20986K, capacity 21162K, committed 21296K, reserved 1067008K
  class space    used 2752K, capacity 2843K, committed 2864K, reserved 1048576K
Event: 12.637 GC heap after
Heap after GC invocations=4 (full 0):
 PSYoungGen      total 121344K, used 4594K [0x00000000dae80000, 0x00000000e2980000, 0x0000000100000000)
  eden space 116736K, 0% used [0x00000000dae80000,0x00000000dae80000,0x00000000e2080000)
  from space 4608K, 99% used [0x00000000e2500000,0x00000000e297cb40,0x00000000e2980000)
  to   space 4608K, 0% used [0x00000000e2080000,0x00000000e2080000,0x00000000e2500000)
 ParOldGen       total 75776K, used 8699K [0x0000000090c00000, 0x0000000095600000, 0x00000000dae80000)
  object space 75776K, 11% used [0x0000000090c00000,0x000000009147ed60,0x0000000095600000)
 Metaspace       used 20986K, capacity 21162K, committed 21296K, reserved 1067008K
  class space    used 2752K, capacity 2843K, committed 2864K, reserved 1048576K
}
Event: 12.638 GC heap before
{Heap before GC invocations=5 (full 1):
 PSYoungGen      total 121344K, used 4594K [0x00000000dae80000, 0x00000000e2980000, 0x0000000100000000)
  eden space 116736K, 0% used [0x00000000dae80000,0x00000000dae80000,0x00000000e2080000)
  from space 4608K, 99% used [0x00000000e2500000,0x00000000e297cb40,0x00000000e2980000)
  to   space 4608K, 0% used [0x00000000e2080000,0x00000000e2080000,0x00000000e2500000)
 ParOldGen       total 75776K, used 8699K [0x0000000090c00000, 0x0000000095600000, 0x00000000dae80000)
  object space 75776K, 11% used [0x0000000090c00000,0x000000009147ed60,0x0000000095600000)
 Metaspace       used 20986K, capacity 21162K, committed 21296K, reserved 1067008K
  class space    used 2752K, capacity 2843K, committed 2864K, reserved 1048576K

Deoptimization events (10 events):
Event: 4.330 Thread 0x00000000195fc000 Uncommon trap: reason=class_check action=maybe_recompile pc=0x000000000316b70c method=java.util.HashSet.add(Ljava/lang/Object;)Z @ 8
Event: 5.357 Thread 0x00000000195fc000 Uncommon trap: reason=class_check action=maybe_recompile pc=0x000000000336bdf8 method=org.openqa.selenium.json.Input.init()V @ 18
Event: 5.358 Thread 0x00000000195fc000 Uncommon trap: reason=class_check action=maybe_recompile pc=0x000000000336bdf8 method=org.openqa.selenium.json.Input.init()V @ 18
Event: 5.358 Thread 0x00000000195fc000 Uncommon trap: reason=class_check action=maybe_recompile pc=0x000000000336bdf8 method=org.openqa.selenium.json.Input.init()V @ 18
Event: 5.358 Thread 0x00000000195fc000 Uncommon trap: reason=class_check action=maybe_recompile pc=0x000000000336bdf8 method=org.openqa.selenium.json.Input.init()V @ 18
Event: 5.813 Thread 0x00000000195fc000 Uncommon trap: reason=class_check action=maybe_recompile pc=0x00000000033368b8 method=java.util.regex.Matcher.search(I)Z @ 86
Event: 6.012 Thread 0x00000000195fc000 Uncommon trap: reason=class_check action=maybe_recompile pc=0x00000000032ca6d0 method=java.io.FilterInputStream.read([BII)I @ 7
Event: 6.013 Thread 0x00000000195fc000 Uncommon trap: reason=class_check action=maybe_recompile pc=0x00000000032ca6d0 method=java.io.FilterInputStream.read([BII)I @ 7
Event: 6.013 Thread 0x00000000195fc000 Uncommon trap: reason=class_check action=maybe_recompile pc=0x00000000032ca6d0 method=java.io.FilterInputStream.read([BII)I @ 7
Event: 6.021 Thread 0x00000000195fc000 Uncommon trap: reason=class_check action=maybe_recompile pc=0x00000000032ca6d0 method=java.io.FilterInputStream.read([BII)I @ 7

Internal exceptions (10 events):
Event: 6.170 Thread 0x00000000195fc000 Exception <a 'java/security/PrivilegedActionException'> (0x00000000daea30f0) thrown at [D:\re\workspace\8-2-build-windows-amd64-cygwin\jdk8\563\hotspot\src\share\vm\prims\jvm.cpp, line 1248]
Event: 6.172 Thread 0x00000000195fc000 Exception <a 'java/security/PrivilegedActionException'> (0x00000000daea8d08) thrown at [D:\re\workspace\8-2-build-windows-amd64-cygwin\jdk8\563\hotspot\src\share\vm\prims\jvm.cpp, line 1248]
Event: 6.173 Thread 0x00000000195fc000 Exception <a 'java/security/PrivilegedActionException'> (0x00000000daead640) thrown at [D:\re\workspace\8-2-build-windows-amd64-cygwin\jdk8\563\hotspot\src\share\vm\prims\jvm.cpp, line 1248]
Event: 6.173 Thread 0x00000000195fc000 Exception <a 'java/security/PrivilegedActionException'> (0x00000000daeb4b60) thrown at [D:\re\workspace\8-2-build-windows-amd64-cygwin\jdk8\563\hotspot\src\share\vm\prims\jvm.cpp, line 1248]
Event: 6.174 Thread 0x00000000195fc000 Exception <a 'java/security/PrivilegedActionException'> (0x00000000daebaef0) thrown at [D:\re\workspace\8-2-build-windows-amd64-cygwin\jdk8\563\hotspot\src\share\vm\prims\jvm.cpp, line 1248]
Event: 6.174 Thread 0x00000000195fc000 Exception <a 'java/security/PrivilegedActionException'> (0x00000000daec02e0) thrown at [D:\re\workspace\8-2-build-windows-amd64-cygwin\jdk8\563\hotspot\src\share\vm\prims\jvm.cpp, line 1248]
Event: 6.175 Thread 0x00000000195fc000 Exception <a 'java/security/PrivilegedActionException'> (0x00000000daec6df0) thrown at [D:\re\workspace\8-2-build-windows-amd64-cygwin\jdk8\563\hotspot\src\share\vm\prims\jvm.cpp, line 1248]
Event: 6.175 Thread 0x00000000195fc000 Exception <a 'java/security/PrivilegedActionException'> (0x00000000daed0338) thrown at [D:\re\workspace\8-2-build-windows-amd64-cygwin\jdk8\563\hotspot\src\share\vm\prims\jvm.cpp, line 1248]
Event: 12.609 Thread 0x00000000195fc000 Exception <a 'java/security/PrivilegedActionException'> (0x00000000daed5438) thrown at [D:\re\workspace\8-2-build-windows-amd64-cygwin\jdk8\563\hotspot\src\share\vm\prims\jvm.cpp, line 1248]
Event: 12.610 Thread 0x00000000195fc000 Exception <a 'java/security/PrivilegedActionException'> (0x00000000daedb8b8) thrown at [D:\re\workspace\8-2-build-windows-amd64-cygwin\jdk8\563\hotspot\src\share\vm\prims\jvm.cpp, line 1248]

Events (10 events):
Event: 11.347 Thread 0x000000001711d000 flushing nmethod 0x0000000003396350
Event: 11.347 Thread 0x000000001711d000 flushing nmethod 0x0000000003396cd0
Event: 11.896 Executing VM operation: RevokeBias
Event: 11.896 Executing VM operation: RevokeBias done
Event: 11.896 Thread 0x0000000019d39000 Thread exited: 0x0000000019d39000
Event: 12.609 loading class okhttp3/internal/http/StatusLine
Event: 12.609 loading class okhttp3/internal/http/StatusLine done
Event: 12.610 loading class okhttp3/Response$Builder
Event: 12.610 loading class okhttp3/Response$Builder done
Event: 12.611 Executing VM operation: CollectForMetadataAllocation


Dynamic libraries:
0x00007ff7b9be0000 - 0x00007ff7b9c14000 	C:\Program Files\Java\jdk1.8.0\bin\javaw.exe
0x00007ffa70eb0000 - 0x00007ffa71091000 	C:\WINDOWS\SYSTEM32\ntdll.dll
0x00007ffa70170000 - 0x00007ffa70222000 	C:\WINDOWS\System32\KERNEL32.DLL
0x00007ffa6def0000 - 0x00007ffa6e163000 	C:\WINDOWS\System32\KERNELBASE.dll
0x00007ffa70750000 - 0x00007ffa707f1000 	C:\WINDOWS\System32\ADVAPI32.dll
0x00007ffa6e340000 - 0x00007ffa6e3de000 	C:\WINDOWS\System32\msvcrt.dll
0x00007ffa70110000 - 0x00007ffa7016b000 	C:\WINDOWS\System32\sechost.dll
0x00007ffa70ca0000 - 0x00007ffa70dc4000 	C:\WINDOWS\System32\RPCRT4.dll
0x00007ffa6e850000 - 0x00007ffa6e9e0000 	C:\WINDOWS\System32\USER32.dll
0x00007ffa6e170000 - 0x00007ffa6e190000 	C:\WINDOWS\System32\win32u.dll
0x00007ffa700e0000 - 0x00007ffa70108000 	C:\WINDOWS\System32\GDI32.dll
0x00007ffa6dd50000 - 0x00007ffa6dee2000 	C:\WINDOWS\System32\gdi32full.dll
0x00007ffa6dbd0000 - 0x00007ffa6dc6f000 	C:\WINDOWS\System32\msvcp_win.dll
0x00007ffa6e190000 - 0x00007ffa6e28a000 	C:\WINDOWS\System32\ucrtbase.dll
0x00007ffa5f5a0000 - 0x00007ffa5f809000 	C:\WINDOWS\WinSxS\amd64_microsoft.windows.common-controls_6595b64144ccf1df_6.0.17134.1_none_e4da93291059d8fb\COMCTL32.dll
0x00007ffa70800000 - 0x00007ffa70b23000 	C:\WINDOWS\System32\combase.dll
0x00007ffa6dcd0000 - 0x00007ffa6dd4a000 	C:\WINDOWS\System32\bcryptPrimitives.dll
0x00007ffa6e6c0000 - 0x00007ffa6e6ed000 	C:\WINDOWS\System32\IMM32.DLL
0x0000000053bd0000 - 0x0000000053ca2000 	C:\Program Files\Java\jdk1.8.0\jre\bin\msvcr100.dll
0x00000000533b0000 - 0x0000000053bc9000 	C:\Program Files\Java\jdk1.8.0\jre\bin\server\jvm.dll
0x00007ffa6e9e0000 - 0x00007ffa6e9e8000 	C:\WINDOWS\System32\PSAPI.DLL
0x00007ffa67cf0000 - 0x00007ffa67cf9000 	C:\WINDOWS\SYSTEM32\WSOCK32.dll
0x00007ffa6ec30000 - 0x00007ffa6ec9c000 	C:\WINDOWS\System32\WS2_32.dll
0x00007ffa691d0000 - 0x00007ffa691f3000 	C:\WINDOWS\SYSTEM32\WINMM.dll
0x00007ffa691a0000 - 0x00007ffa691ca000 	C:\WINDOWS\SYSTEM32\winmmbase.dll
0x00007ffa6db80000 - 0x00007ffa6dbc9000 	C:\WINDOWS\System32\cfgmgr32.dll
0x00000000533a0000 - 0x00000000533af000 	C:\Program Files\Java\jdk1.8.0\jre\bin\verify.dll
0x0000000053370000 - 0x0000000053398000 	C:\Program Files\Java\jdk1.8.0\jre\bin\java.dll
0x0000000053350000 - 0x0000000053366000 	C:\Program Files\Java\jdk1.8.0\jre\bin\zip.dll
0x00007ffa6eca0000 - 0x00007ffa700e0000 	C:\WINDOWS\System32\SHELL32.dll
0x00007ffa70dd0000 - 0x00007ffa70e79000 	C:\WINDOWS\System32\shcore.dll
0x00007ffa6d280000 - 0x00007ffa6d98d000 	C:\WINDOWS\System32\windows.storage.dll
0x00007ffa70bd0000 - 0x00007ffa70c21000 	C:\WINDOWS\System32\shlwapi.dll
0x00007ffa6d250000 - 0x00007ffa6d261000 	C:\WINDOWS\System32\kernel.appcore.dll
0x00007ffa6d1e0000 - 0x00007ffa6d1ff000 	C:\WINDOWS\System32\profapi.dll
0x00007ffa6d200000 - 0x00007ffa6d24c000 	C:\WINDOWS\System32\powrprof.dll
0x00007ffa6d270000 - 0x00007ffa6d27a000 	C:\WINDOWS\System32\FLTLIB.DLL
0x0000000053330000 - 0x0000000053349000 	C:\Program Files\Java\jdk1.8.0\jre\bin\net.dll
0x00007ffa6ca40000 - 0x00007ffa6caa6000 	C:\WINDOWS\system32\mswsock.dll
0x00007ffa6c800000 - 0x00007ffa6c8be000 	C:\WINDOWS\SYSTEM32\DNSAPI.dll
0x00007ffa70c90000 - 0x00007ffa70c98000 	C:\WINDOWS\System32\NSI.dll
0x00007ffa6c7c0000 - 0x00007ffa6c7f8000 	C:\WINDOWS\SYSTEM32\IPHLPAPI.DLL
0x00007ffa62c40000 - 0x00007ffa62c4a000 	C:\Windows\System32\rasadhlp.dll
0x00007ffa601f0000 - 0x00007ffa60262000 	C:\WINDOWS\System32\fwpuclnt.dll
0x00007ffa6cd20000 - 0x00007ffa6cd45000 	C:\WINDOWS\SYSTEM32\bcrypt.dll
0x00007ffa6cbf0000 - 0x00007ffa6cc07000 	C:\WINDOWS\SYSTEM32\CRYPTSP.dll
0x00007ffa6c620000 - 0x00007ffa6c653000 	C:\WINDOWS\system32\rsaenh.dll
0x00007ffa6d0c0000 - 0x00007ffa6d0e8000 	C:\WINDOWS\SYSTEM32\USERENV.dll
0x00007ffa6cc10000 - 0x00007ffa6cc1b000 	C:\WINDOWS\SYSTEM32\CRYPTBASE.dll
0x00007ffa63550000 - 0x00007ffa63566000 	C:\WINDOWS\system32\napinsp.dll
0x00007ffa50a10000 - 0x00007ffa50a2a000 	C:\WINDOWS\system32\pnrpnsp.dll
0x00007ffa633d0000 - 0x00007ffa633e9000 	C:\WINDOWS\system32\NLAapi.dll
0x00007ffa570e0000 - 0x00007ffa570ee000 	C:\WINDOWS\System32\winrnr.dll
0x00007ffa633b0000 - 0x00007ffa633c5000 	C:\WINDOWS\System32\wshbth.dll
0x0000000053310000 - 0x0000000053321000 	C:\Program Files\Java\jdk1.8.0\jre\bin\nio.dll
0x00000000532e0000 - 0x0000000053304000 	C:\Program Files\Java\jdk1.8.0\jre\bin\sunec.dll
0x00000000532d0000 - 0x00000000532db000 	C:\Program Files\Java\jdk1.8.0\jre\bin\sunmscapi.dll
0x00007ffa6d990000 - 0x00007ffa6db72000 	C:\WINDOWS\System32\CRYPT32.dll
0x00007ffa6d1c0000 - 0x00007ffa6d1d2000 	C:\WINDOWS\System32\MSASN1.dll
0x00007ffa630a0000 - 0x00007ffa630b6000 	C:\WINDOWS\SYSTEM32\dhcpcsvc6.DLL
0x00007ffa631a0000 - 0x00007ffa631ba000 	C:\WINDOWS\SYSTEM32\dhcpcsvc.DLL
0x00007ffa67940000 - 0x00007ffa67b09000 	C:\WINDOWS\SYSTEM32\dbghelp.dll

VM Arguments:
jvm_args: -ea -Dfile.encoding=Cp1252 
java_command: org.testng.remote.RemoteTestNG -serport 57660 -protocol json -d E:\New Projects\eSign\test-output E:\New Projects\eSign\Build\Package.xml
java_class_path (initial): E:\Softwares\eclipse\configuration\org.eclipse.osgi\935\0\.cp\lib\testng-remote.jar;E:\New Projects\eSign\target\test-classes;E:\New Projects\eSign\target\classes;C:\Users\admin\.m2\repository\org\testng\testng\6.14.2\testng-6.14.2.jar;C:\Users\admin\.m2\repository\com\beust\jcommander\1.72\jcommander-1.72.jar;C:\Users\admin\.m2\repository\org\apache-extras\beanshell\bsh\2.0b6\bsh-2.0b6.jar;C:\Users\admin\.m2\repository\org\seleniumhq\selenium\selenium-java\3.13.0\selenium-java-3.13.0.jar;C:\Users\admin\.m2\repository\org\seleniumhq\selenium\selenium-edge-driver\3.13.0\selenium-edge-driver-3.13.0.jar;C:\Users\admin\.m2\repository\org\seleniumhq\selenium\selenium-ie-driver\3.13.0\selenium-ie-driver-3.13.0.jar;C:\Users\admin\.m2\repository\org\seleniumhq\selenium\selenium-opera-driver\3.13.0\selenium-opera-driver-3.13.0.jar;C:\Users\admin\.m2\repository\org\seleniumhq\selenium\selenium-safari-driver\3.13.0\selenium-safari-driver-3.13.0.jar;C:\Users\admin\.m2\repository\org\seleniumhq\selenium\selenium-support\3.13.0\selenium-support-3.13.0.jar;C:\Users\admin\.m2\repository\net\bytebuddy\byte-buddy\1.8.3\byte-buddy-1.8.3.jar;C:\Users\admin\.m2\repository\org\apache\commons\commons-exec\1.3\commons-exec-1.3.jar;C:\Users\admin\.m2\repository\commons-codec\commons-codec\1.10\commons-codec-1.10.jar;C:\Users\admin\.m2\repository\commons-logging\commons-logging\1.2\commons-logging-1.2.jar;C:\Users\admin\.m2\repository\com\google\code\gson\gson\2.8.4\gson-2.8.4.jar;C:\Users\admin\.m2\repository\com\google\guava\guava\25.0-jre\guava-25.0-jre.jar;C:\Users\admin\.m2\repository\com\google\code\findbugs\jsr305\1.3.9\jsr305-1.3.9.jar;C:\Users\admin\.m2\repository\org\checkerframework\checker-compat-qual\2.0.0\checker-compat-qual-2.0.0.jar;C:\Users\admin\.m2\repository\com\google\errorprone\error_prone_annotations\2.1.3\error_prone_annotations-2.1.3.jar;C:\Users\admin\.m2\repository\com\google\j2objc\j2objc-annotations\1.1\j2objc-annotations-1.1.jar;C:\U
Launcher Type: SUN_STANDARD

Environment Variables:
JAVA_HOME=C:\Program Files\Java\jdk1.8.0
PATH=C:\WINDOWS\system32;C:\WINDOWS;C:\WINDOWS\System32\Wbem;C:\WINDOWS\System32\WindowsPowerShell\v1.0\;C:\Program Files (x86)\Skype\Phone\;E:\Backup Folder\Chirag Backup\Software\apache-maven-3.5.2-bin\apache-maven-3.5.2\bin;C:\Program Files\Java\jdk1.8.0\bin;E:\Android Project\android-sdk-windows_Full\android-sdk-windows\build-tools\25.0.0;E:\Android Project\android-sdk-windows_Full\android-sdk-windows\platform-tools;C:\WINDOWS\System32\OpenSSH\;C:\Users\admin\AppData\Local\Microsoft\WindowsApps;
USERNAME=admin
OS=Windows_NT
PROCESSOR_IDENTIFIER=AMD64 Family 21 Model 48 Stepping 1, AuthenticAMD



---------------  S Y S T E M  ---------------

OS: Windows 8.1 , 64 bit Build 9600 

CPU:total 4 (4 cores per cpu, 1 threads per core) family 21 model 48 stepping 1, cmov, cx8, fxsr, mmx, sse, sse2, sse3, ssse3, sse4.1, sse4.2, popcnt, avx, aes, clmul, mmxext, 3dnowpref, lzcnt, sse4a, tsc, tscinvbit

Memory: 4k page, physical 7284048k(1025492k free), swap 14025964k(1814580k free)

vm_info: Java HotSpot(TM) 64-Bit Server VM (25.0-b55) for windows-amd64 JRE (1.8.0-ea-b113), built on Oct 24 2013 10:27:42 by "java_re" with MS VC++ 10.0 (VS2010)

time: Wed Oct 24 16:19:20 2018
elapsed time: 12 seconds

