#
# A fatal error has been detected by the Java Runtime Environment:
#
#  EXCEPTION_ACCESS_VIOLATION (0xc0000005) at pc=0x0000000060e307d6, pid=17120, tid=20424
#
# JRE version: Java(TM) SE Runtime Environment (8.0-b113) (build 1.8.0-ea-b113)
# Java VM: Java HotSpot(TM) 64-Bit Server VM (25.0-b55 mixed mode windows-amd64 compressed oops)
# Problematic frame:
# V  [jvm.dll+0x1107d6]
#
# Failed to write core dump. Minidumps are not enabled by default on client versions of Windows
#
# If you would like to submit a bug report, please visit:
#   http://bugreport.sun.com/bugreport/crash.jsp
#

---------------  T H R E A D  ---------------

Current thread (0x0000000016bf5800):  VMThread [stack: 0x0000000017c80000,0x0000000017d80000] [id=20424]

siginfo: ExceptionCode=0xc0000005, reading address 0x0000000000033288

Registers:
RAX=0x000000006131f950, RBX=0x0000000018572de0, RCX=0x0000000000033220, RDX=0x00000000614859f0
RSP=0x0000000017d7f0e8, RBP=0x00000000614859f0, RSI=0x0000000000000001, RDI=0x0000000000000002
R8 =0x00000000614859f0, R9 =0x0000000000000004, R10=0x00000000000001fe, R11=0x0000000018572dd0
R12=0x0000000000000000, R13=0x00000000614859f0, R14=0x000000006131f858, R15=0x0000000061485960
RIP=0x0000000060e307d6, EFLAGS=0x0000000000010202

Top of Stack: (sp=0x0000000017d7f0e8)
0x0000000017d7f0e8:   0000000060e3a298 00000000612c49d8
0x0000000017d7f0f8:   0000000060da9e8c 0000000000000000
0x0000000017d7f108:   0000000002fcf010 00000008001f7428
0x0000000017d7f118:   0000000060d54a53 00000000614859f0
0x0000000017d7f128:   0000000018572dd0 0000000000000000
0x0000000017d7f138:   0000000000000000 000000001ae1fc28
0x0000000017d7f148:   0000000060e136dd 0000000018572dd0
0x0000000017d7f158:   0000000000000000 0000000000000000
0x0000000017d7f168:   000000001ae1fc28 00000000612d7260
0x0000000017d7f178:   0000000000000000 00000008001f7428
0x0000000017d7f188:   0000000060e319a2 00000008001f7028
0x0000000017d7f198:   0000000017d7f208 00000000614859f0
0x0000000017d7f1a8:   0000000060d7ad8d 00000000612d7260
0x0000000017d7f1b8:   00000000000001fe ffffffffffffff00
0x0000000017d7f1c8:   0000000000000004 00000000000000f9
0x0000000017d7f1d8:   0000000000000000 0000000000000000 

Instructions: (pc=0x0000000060e307d6)
0x0000000060e307b6:   c0 74 14 48 8b 50 78 48 85 d2 74 07 48 89 91 80
0x0000000060e307c6:   00 00 00 48 89 48 78 f3 c3 cc 48 8b 02 4c 8b c2
0x0000000060e307d6:   48 8b 51 68 49 8b c8 48 ff 20 48 8b 81 90 00 00
0x0000000060e307e6:   00 48 8b 00 c3 cc cc cc cc cc 40 53 48 83 ec 50 


Register to memory mapping:

RAX=0x000000006131f950 is an unknown value
RBX=0x0000000018572de0 is an unknown value
RCX=0x0000000000033220 is an unknown value
RDX=0x00000000614859f0 is an unknown value
RSP=0x0000000017d7f0e8 is an unknown value
RBP=0x00000000614859f0 is an unknown value
RSI=0x0000000000000001 is an unknown value
RDI=0x0000000000000002 is an unknown value
R8 =0x00000000614859f0 is an unknown value
R9 =0x0000000000000004 is an unknown value
R10=0x00000000000001fe is an unknown value
R11=0x0000000018572dd0 is an unknown value
R12=0x0000000000000000 is an unknown value
R13=0x00000000614859f0 is an unknown value
R14=0x000000006131f858 is an unknown value
R15=0x0000000061485960 is an unknown value


Stack: [0x0000000017c80000,0x0000000017d80000],  sp=0x0000000017d7f0e8,  free space=1020k
Native frames: (J=compiled Java code, j=interpreted, Vv=VM code, C=native code)
V  [jvm.dll+0x1107d6]

VM_Operation (0x00000000198b98d0): CollectForMetadataAllocation, mode: safepoint, requested by thread 0x0000000018d96800


---------------  P R O C E S S  ---------------

Java Threads: ( => current thread )
  0x0000000019fd3000 JavaThread "ForkJoinPool.commonPool-worker-1" daemon [_thread_blocked, id=20000, stack(0x000000001b790000,0x000000001b890000)]
  0x0000000019fd0800 JavaThread "ForkJoinPool.commonPool-worker-2" daemon [_thread_blocked, id=7304, stack(0x000000001b690000,0x000000001b790000)]
  0x0000000018dee800 JavaThread "ForkJoinPool.commonPool-worker-3" daemon [_thread_blocked, id=8616, stack(0x000000001b590000,0x000000001b690000)]
  0x0000000019256000 JavaThread "Exec Stream Pumper" daemon [_thread_in_native, id=7088, stack(0x000000001b490000,0x000000001b590000)]
  0x0000000019254800 JavaThread "Exec Stream Pumper" daemon [_thread_in_native, id=1144, stack(0x000000001b390000,0x000000001b490000)]
  0x000000001a3c2000 JavaThread "Exec Default Executor" daemon [_thread_in_native, id=2556, stack(0x000000001b290000,0x000000001b390000)]
  0x0000000018d96800 JavaThread "Forwarding newSession on session null to remote" [_thread_blocked, id=12596, stack(0x00000000197c0000,0x00000000198c0000)]
  0x0000000018add800 JavaThread "ReaderThread" [_thread_in_native, id=14344, stack(0x00000000196c0000,0x00000000197c0000)]
  0x0000000018498800 JavaThread "Service Thread" daemon [_thread_blocked, id=15412, stack(0x0000000018880000,0x0000000018980000)]
  0x0000000016c6a800 JavaThread "C1 CompilerThread2" daemon [_thread_blocked, id=18508, stack(0x0000000018380000,0x0000000018480000)]
  0x0000000016c40000 JavaThread "C2 CompilerThread1" daemon [_thread_blocked, id=7504, stack(0x0000000018280000,0x0000000018380000)]
  0x0000000016c26000 JavaThread "C2 CompilerThread0" daemon [_thread_blocked, id=908, stack(0x0000000018180000,0x0000000018280000)]
  0x0000000016c24000 JavaThread "Attach Listener" daemon [_thread_blocked, id=16532, stack(0x0000000018080000,0x0000000018180000)]
  0x0000000016c23000 JavaThread "Signal Dispatcher" daemon [_thread_blocked, id=19912, stack(0x0000000017f80000,0x0000000018080000)]
  0x00000000029c8000 JavaThread "Finalizer" daemon [_thread_blocked, id=10780, stack(0x0000000017e80000,0x0000000017f80000)]
  0x00000000029c1000 JavaThread "Reference Handler" daemon [_thread_blocked, id=14176, stack(0x0000000017d80000,0x0000000017e80000)]
  0x00000000028d3800 JavaThread "main" [_thread_blocked, id=15660, stack(0x0000000002740000,0x0000000002840000)]

Other Threads:
=>0x0000000016bf5800 VMThread [stack: 0x0000000017c80000,0x0000000017d80000] [id=20424]
  0x0000000016c8e000 WatcherThread [stack: 0x0000000018980000,0x0000000018a80000] [id=19180]

VM state:at safepoint (normal execution)

VM Mutex/Monitor currently owned by a thread:  ([mutex/lock_event])
[0x00000000028d0650] Threads_lock - owner thread: 0x0000000016bf5800
[0x00000000028d0250] Heap_lock - owner thread: 0x0000000018d96800

Heap:
 PSYoungGen      total 62976K, used 4592K [0x00000000dae80000, 0x00000000df080000, 0x0000000100000000)
  eden space 58368K, 0% used [0x00000000dae80000,0x00000000dae80000,0x00000000de780000)
  from space 4608K, 99% used [0x00000000dec00000,0x00000000df07c0c0,0x00000000df080000)
  to   space 4608K, 0% used [0x00000000de780000,0x00000000de780000,0x00000000dec00000)
 ParOldGen       total 75776K, used 9587K [0x0000000090c00000, 0x0000000095600000, 0x00000000dae80000)
  object space 75776K, 12% used [0x0000000090c00000,0x000000009155ce50,0x0000000095600000)
 Metaspace       used 20843K, capacity 21098K, committed 21296K, reserved 1067008K
  class space    used 2731K, capacity 2843K, committed 2864K, reserved 1048576K

Card table byte_map: [0x0000000011d90000,0x0000000012110000] byte_map_base: 0x000000001190a000

Marking Bits: (ParMarkBitMap*) 0x00000000614c2bd0
 Begin Bits: [0x0000000012770000, 0x0000000014340000)
 End Bits:   [0x0000000014340000, 0x0000000015f10000)

Polling page: 0x0000000002840000

CodeCache: size=245760Kb used=6128Kb max_used=6128Kb free=239631Kb
 bounds [0x00000000029d0000, 0x0000000002fe0000, 0x00000000119d0000]
 total_blobs=2274 nmethods=1850 adapters=339
 compilation: enabled

Compilation events (10 events):
Event: 4.980 Thread 0x0000000016c6a800 2045       3       jdk.internal.org.objectweb.asm.MethodWriter::getSize (849 bytes)
Event: 4.981 Thread 0x0000000016c40000 2052       4       java.util.regex.Pattern::next (33 bytes)
Event: 4.983 Thread 0x0000000016c40000 nmethod 2052 0x0000000002fc2590 code [0x0000000002fc26e0, 0x0000000002fc27c8]
Event: 4.985 Thread 0x0000000016c6a800 nmethod 2045 0x0000000002fcf010 code [0x0000000002fcf4a0, 0x0000000002fd1918]
Event: 4.985 Thread 0x0000000016c6a800 2053       3       java.util.regex.Pattern$TreeInfo::reset (21 bytes)
Event: 4.985 Thread 0x0000000016c6a800 nmethod 2053 0x0000000002fc0850 code [0x0000000002fc09a0, 0x0000000002fc0b30]
Event: 4.985 Thread 0x0000000016c6a800 2047       3       jdk.internal.org.objectweb.asm.Type::getReturnType (18 bytes)
Event: 4.986 Thread 0x0000000016c6a800 nmethod 2047 0x0000000002fce750 code [0x0000000002fce8e0, 0x0000000002fcee48]
Event: 4.986 Thread 0x0000000016c6a800 2051       3       java.net.URI$Parser::substring (10 bytes)
Event: 4.986 Thread 0x0000000016c6a800 nmethod 2051 0x0000000002fce2d0 code [0x0000000002fce440, 0x0000000002fce688]

GC Heap History (9 events):
Event: 1.592 GC heap before
{Heap before GC invocations=1 (full 0):
 PSYoungGen      total 33792K, used 29184K [0x00000000dae80000, 0x00000000dd400000, 0x0000000100000000)
  eden space 29184K, 100% used [0x00000000dae80000,0x00000000dcb00000,0x00000000dcb00000)
  from space 4608K, 0% used [0x00000000dcf80000,0x00000000dcf80000,0x00000000dd400000)
  to   space 4608K, 0% used [0x00000000dcb00000,0x00000000dcb00000,0x00000000dcf80000)
 ParOldGen       total 75776K, used 0K [0x0000000090c00000, 0x0000000095600000, 0x00000000dae80000)
  object space 75776K, 0% used [0x0000000090c00000,0x0000000090c00000,0x0000000095600000)
 Metaspace       used 8815K, capacity 8950K, committed 9088K, reserved 1056768K
  class space    used 1008K, capacity 1043K, committed 1152K, reserved 1048576K
Event: 1.603 GC heap after
Heap after GC invocations=1 (full 0):
 PSYoungGen      total 33792K, used 4594K [0x00000000dae80000, 0x00000000dd400000, 0x0000000100000000)
  eden space 29184K, 0% used [0x00000000dae80000,0x00000000dae80000,0x00000000dcb00000)
  from space 4608K, 99% used [0x00000000dcb00000,0x00000000dcf7ca98,0x00000000dcf80000)
  to   space 4608K, 0% used [0x00000000dcf80000,0x00000000dcf80000,0x00000000dd400000)
 ParOldGen       total 75776K, used 400K [0x0000000090c00000, 0x0000000095600000, 0x00000000dae80000)
  object space 75776K, 0% used [0x0000000090c00000,0x0000000090c64368,0x0000000095600000)
 Metaspace       used 8815K, capacity 8950K, committed 9088K, reserved 1056768K
  class space    used 1008K, capacity 1043K, committed 1152K, reserved 1048576K
}
Event: 2.447 GC heap before
{Heap before GC invocations=2 (full 0):
 PSYoungGen      total 33792K, used 33778K [0x00000000dae80000, 0x00000000dd400000, 0x0000000100000000)
  eden space 29184K, 100% used [0x00000000dae80000,0x00000000dcb00000,0x00000000dcb00000)
  from space 4608K, 99% used [0x00000000dcb00000,0x00000000dcf7ca98,0x00000000dcf80000)
  to   space 4608K, 0% used [0x00000000dcf80000,0x00000000dcf80000,0x00000000dd400000)
 ParOldGen       total 75776K, used 400K [0x0000000090c00000, 0x0000000095600000, 0x00000000dae80000)
  object space 75776K, 0% used [0x0000000090c00000,0x0000000090c64368,0x0000000095600000)
 Metaspace       used 12758K, capacity 12886K, committed 13184K, reserved 1060864K
  class space    used 1532K, capacity 1587K, committed 1664K, reserved 1048576K
Event: 2.463 GC heap after
Heap after GC invocations=2 (full 0):
 PSYoungGen      total 33792K, used 4577K [0x00000000dae80000, 0x00000000df080000, 0x0000000100000000)
  eden space 29184K, 0% used [0x00000000dae80000,0x00000000dae80000,0x00000000dcb00000)
  from space 4608K, 99% used [0x00000000dcf80000,0x00000000dd3f8540,0x00000000dd400000)
  to   space 4608K, 0% used [0x00000000dcb00000,0x00000000dcb00000,0x00000000dcf80000)
 ParOldGen       total 75776K, used 3039K [0x0000000090c00000, 0x0000000095600000, 0x00000000dae80000)
  object space 75776K, 4% used [0x0000000090c00000,0x0000000090ef7ef0,0x0000000095600000)
 Metaspace       used 12758K, capacity 12886K, committed 13184K, reserved 1060864K
  class space    used 1532K, capacity 1587K, committed 1664K, reserved 1048576K
}
Event: 3.635 GC heap before
{Heap before GC invocations=3 (full 0):
 PSYoungGen      total 33792K, used 33761K [0x00000000dae80000, 0x00000000df080000, 0x0000000100000000)
  eden space 29184K, 100% used [0x00000000dae80000,0x00000000dcb00000,0x00000000dcb00000)
  from space 4608K, 99% used [0x00000000dcf80000,0x00000000dd3f8540,0x00000000dd400000)
  to   space 4608K, 0% used [0x00000000dcb00000,0x00000000dcb00000,0x00000000dcf80000)
 ParOldGen       total 75776K, used 3039K [0x0000000090c00000, 0x0000000095600000, 0x00000000dae80000)
  object space 75776K, 4% used [0x0000000090c00000,0x0000000090ef7ef0,0x0000000095600000)
 Metaspace       used 18190K, capacity 18394K, committed 18560K, reserved 1064960K
  class space    used 2323K, capacity 2364K, committed 2432K, reserved 1048576K
Event: 3.676 GC heap after
Heap after GC invocations=3 (full 0):
 PSYoungGen      total 33792K, used 4592K [0x00000000dae80000, 0x00000000df080000, 0x0000000100000000)
  eden space 29184K, 0% used [0x00000000dae80000,0x00000000dae80000,0x00000000dcb00000)
  from space 4608K, 99% used [0x00000000dcb00000,0x00000000dcf7c0b0,0x00000000dcf80000)
  to   space 4608K, 0% used [0x00000000dec00000,0x00000000dec00000,0x00000000df080000)
 ParOldGen       total 75776K, used 6815K [0x0000000090c00000, 0x0000000095600000, 0x00000000dae80000)
  object space 75776K, 8% used [0x0000000090c00000,0x00000000912a7e30,0x0000000095600000)
 Metaspace       used 18190K, capacity 18394K, committed 18560K, reserved 1064960K
  class space    used 2323K, capacity 2364K, committed 2432K, reserved 1048576K
}
Event: 5.006 GC heap before
{Heap before GC invocations=4 (full 0):
 PSYoungGen      total 33792K, used 26581K [0x00000000dae80000, 0x00000000df080000, 0x0000000100000000)
  eden space 29184K, 75% used [0x00000000dae80000,0x00000000dc3f9580,0x00000000dcb00000)
  from space 4608K, 99% used [0x00000000dcb00000,0x00000000dcf7c0b0,0x00000000dcf80000)
  to   space 4608K, 0% used [0x00000000dec00000,0x00000000dec00000,0x00000000df080000)
 ParOldGen       total 75776K, used 6815K [0x0000000090c00000, 0x0000000095600000, 0x00000000dae80000)
  object space 75776K, 8% used [0x0000000090c00000,0x00000000912a7e30,0x0000000095600000)
 Metaspace       used 20843K, capacity 21098K, committed 21296K, reserved 1067008K
  class space    used 2731K, capacity 2843K, committed 2864K, reserved 1048576K
Event: 5.023 GC heap after
Heap after GC invocations=4 (full 0):
 PSYoungGen      total 62976K, used 4592K [0x00000000dae80000, 0x00000000df080000, 0x0000000100000000)
  eden space 58368K, 0% used [0x00000000dae80000,0x00000000dae80000,0x00000000de780000)
  from space 4608K, 99% used [0x00000000dec00000,0x00000000df07c0c0,0x00000000df080000)
  to   space 4608K, 0% used [0x00000000de780000,0x00000000de780000,0x00000000dec00000)
 ParOldGen       total 75776K, used 9587K [0x0000000090c00000, 0x0000000095600000, 0x00000000dae80000)
  object space 75776K, 12% used [0x0000000090c00000,0x000000009155ce50,0x0000000095600000)
 Metaspace       used 20843K, capacity 21098K, committed 21296K, reserved 1067008K
  class space    used 2731K, capacity 2843K, committed 2864K, reserved 1048576K
}
Event: 5.023 GC heap before
{Heap before GC invocations=5 (full 1):
 PSYoungGen      total 62976K, used 4592K [0x00000000dae80000, 0x00000000df080000, 0x0000000100000000)
  eden space 58368K, 0% used [0x00000000dae80000,0x00000000dae80000,0x00000000de780000)
  from space 4608K, 99% used [0x00000000dec00000,0x00000000df07c0c0,0x00000000df080000)
  to   space 4608K, 0% used [0x00000000de780000,0x00000000de780000,0x00000000dec00000)
 ParOldGen       total 75776K, used 9587K [0x0000000090c00000, 0x0000000095600000, 0x00000000dae80000)
  object space 75776K, 12% used [0x0000000090c00000,0x000000009155ce50,0x0000000095600000)
 Metaspace       used 20843K, capacity 21098K, committed 21296K, reserved 1067008K
  class space    used 2731K, capacity 2843K, committed 2864K, reserved 1048576K

Deoptimization events (10 events):
Event: 3.472 Thread 0x0000000018d96800 Uncommon trap: reason=class_check action=maybe_recompile pc=0x0000000002c9befc method=java.util.HashMap.putVal(ILjava/lang/Object;Ljava/lang/Object;ZZ)Ljava/lang/Object; @ 203
Event: 3.505 Thread 0x0000000018d96800 Uncommon trap: reason=class_check action=maybe_recompile pc=0x0000000002e894c0 method=java.util.HashSet.add(Ljava/lang/Object;)Z @ 8
Event: 3.515 Thread 0x0000000018d96800 Uncommon trap: reason=class_check action=maybe_recompile pc=0x0000000002e894c0 method=java.util.HashSet.add(Ljava/lang/Object;)Z @ 8
Event: 3.516 Thread 0x0000000018d96800 Uncommon trap: reason=class_check action=maybe_recompile pc=0x0000000002e894c0 method=java.util.HashSet.add(Ljava/lang/Object;)Z @ 8
Event: 3.518 Thread 0x0000000018d96800 Uncommon trap: reason=class_check action=maybe_recompile pc=0x0000000002e894c0 method=java.util.HashSet.add(Ljava/lang/Object;)Z @ 8
Event: 3.765 Thread 0x0000000018d96800 Uncommon trap: reason=unreached action=reinterpret pc=0x0000000002b8b314 method=java.util.ArrayList.indexOf(Ljava/lang/Object;)I @ 1
Event: 4.537 Thread 0x0000000018d96800 Uncommon trap: reason=class_check action=maybe_recompile pc=0x0000000002e54178 method=org.openqa.selenium.json.Input.init()V @ 18
Event: 4.537 Thread 0x0000000018d96800 Uncommon trap: reason=class_check action=maybe_recompile pc=0x0000000002e54178 method=org.openqa.selenium.json.Input.init()V @ 18
Event: 4.537 Thread 0x0000000018d96800 Uncommon trap: reason=class_check action=maybe_recompile pc=0x0000000002e54178 method=org.openqa.selenium.json.Input.init()V @ 18
Event: 4.537 Thread 0x0000000018d96800 Uncommon trap: reason=class_check action=maybe_recompile pc=0x0000000002e54178 method=org.openqa.selenium.json.Input.init()V @ 18

Internal exceptions (10 events):
Event: 4.997 Thread 0x0000000018d96800 Exception <a 'java/security/PrivilegedActionException'> (0x00000000dc373bf0) thrown at [D:\re\workspace\8-2-build-windows-amd64-cygwin\jdk8\563\hotspot\src\share\vm\prims\jvm.cpp, line 1248]
Event: 4.997 Thread 0x0000000018d96800 Exception <a 'java/security/PrivilegedActionException'> (0x00000000dc37c918) thrown at [D:\re\workspace\8-2-build-windows-amd64-cygwin\jdk8\563\hotspot\src\share\vm\prims\jvm.cpp, line 1248]
Event: 4.998 Thread 0x0000000018d96800 Exception <a 'java/security/PrivilegedActionException'> (0x00000000dc385320) thrown at [D:\re\workspace\8-2-build-windows-amd64-cygwin\jdk8\563\hotspot\src\share\vm\prims\jvm.cpp, line 1248]
Event: 4.999 Thread 0x0000000018d96800 Exception <a 'java/security/PrivilegedActionException'> (0x00000000dc3894e0) thrown at [D:\re\workspace\8-2-build-windows-amd64-cygwin\jdk8\563\hotspot\src\share\vm\prims\jvm.cpp, line 1248]
Event: 5.000 Thread 0x0000000018d96800 Exception <a 'java/security/PrivilegedActionException'> (0x00000000dc397688) thrown at [D:\re\workspace\8-2-build-windows-amd64-cygwin\jdk8\563\hotspot\src\share\vm\prims\jvm.cpp, line 1248]
Event: 5.002 Thread 0x0000000018d96800 Exception <a 'java/security/PrivilegedActionException'> (0x00000000dc39f658) thrown at [D:\re\workspace\8-2-build-windows-amd64-cygwin\jdk8\563\hotspot\src\share\vm\prims\jvm.cpp, line 1248]
Event: 5.003 Thread 0x0000000018d96800 Exception <a 'java/security/PrivilegedActionException'> (0x00000000dc3a9998) thrown at [D:\re\workspace\8-2-build-windows-amd64-cygwin\jdk8\563\hotspot\src\share\vm\prims\jvm.cpp, line 1248]
Event: 5.004 Thread 0x0000000018d96800 Exception <a 'java/security/PrivilegedActionException'> (0x00000000dc3b2ef0) thrown at [D:\re\workspace\8-2-build-windows-amd64-cygwin\jdk8\563\hotspot\src\share\vm\prims\jvm.cpp, line 1248]
Event: 5.005 Thread 0x0000000018d96800 Exception <a 'java/security/PrivilegedActionException'> (0x00000000dc3b8ae0) thrown at [D:\re\workspace\8-2-build-windows-amd64-cygwin\jdk8\563\hotspot\src\share\vm\prims\jvm.cpp, line 1248]
Event: 5.006 Thread 0x0000000018d96800 Exception <a 'java/security/PrivilegedActionException'> (0x00000000dc3c09e8) thrown at [D:\re\workspace\8-2-build-windows-amd64-cygwin\jdk8\563\hotspot\src\share\vm\prims\jvm.cpp, line 1248]

Events (10 events):
Event: 5.002 loading class okhttp3/internal/connection/RouteSelector done
Event: 5.003 loading class okhttp3/internal/cache/CacheStrategy$Factory
Event: 5.003 loading class okhttp3/internal/cache/CacheStrategy$Factory done
Event: 5.004 loading class okhttp3/internal/cache/CacheStrategy
Event: 5.004 loading class okhttp3/internal/cache/CacheStrategy done
Event: 5.005 loading class okhttp3/CacheControl
Event: 5.005 loading class okhttp3/CacheControl done
Event: 5.006 loading class okhttp3/CacheControl$Builder
Event: 5.006 loading class okhttp3/CacheControl$Builder done
Event: 5.006 Executing VM operation: CollectForMetadataAllocation


Dynamic libraries:
0x00007ff634dc0000 - 0x00007ff634df4000 	C:\Program Files\Java\jdk1.8.0\bin\javaw.exe
0x00007ff9375c0000 - 0x00007ff937781000 	C:\Windows\SYSTEM32\ntdll.dll
0x00007ff937340000 - 0x00007ff9373ed000 	C:\Windows\system32\KERNEL32.DLL
0x00007ff934180000 - 0x00007ff934368000 	C:\Windows\system32\KERNELBASE.dll
0x00007ff936ac0000 - 0x00007ff936b67000 	C:\Windows\system32\ADVAPI32.dll
0x00007ff936a20000 - 0x00007ff936abd000 	C:\Windows\system32\msvcrt.dll
0x00007ff936790000 - 0x00007ff9367eb000 	C:\Windows\system32\sechost.dll
0x00007ff936cf0000 - 0x00007ff936e0d000 	C:\Windows\system32\RPCRT4.dll
0x00007ff936630000 - 0x00007ff936786000 	C:\Windows\system32\USER32.dll
0x00007ff936880000 - 0x00007ff936a07000 	C:\Windows\system32\GDI32.dll
0x00007ff92a670000 - 0x00007ff92a8e4000 	C:\Windows\WinSxS\amd64_microsoft.windows.common-controls_6595b64144ccf1df_6.0.10586.839_none_a2ddba30a539a2ae\COMCTL32.dll
0x00007ff936080000 - 0x00007ff9362fe000 	C:\Windows\system32\combase.dll
0x00007ff933e40000 - 0x00007ff933eaa000 	C:\Windows\system32\bcryptPrimitives.dll
0x00007ff9372a0000 - 0x00007ff9372db000 	C:\Windows\system32\IMM32.DLL
0x0000000062050000 - 0x0000000062122000 	C:\Program Files\Java\jdk1.8.0\jre\bin\msvcr100.dll
0x0000000060d20000 - 0x0000000061539000 	C:\Program Files\Java\jdk1.8.0\jre\bin\server\jvm.dll
0x00007ff9375b0000 - 0x00007ff9375b8000 	C:\Windows\system32\PSAPI.DLL
0x00007ff92e100000 - 0x00007ff92e109000 	C:\Windows\SYSTEM32\WSOCK32.dll
0x00007ff931f20000 - 0x00007ff931f43000 	C:\Windows\SYSTEM32\WINMM.dll
0x00007ff936c80000 - 0x00007ff936ceb000 	C:\Windows\system32\WS2_32.dll
0x00007ff931ec0000 - 0x00007ff931eec000 	C:\Windows\SYSTEM32\WINMMBASE.dll
0x00007ff934000000 - 0x00007ff934043000 	C:\Windows\system32\cfgmgr32.dll
0x0000000062040000 - 0x000000006204f000 	C:\Program Files\Java\jdk1.8.0\jre\bin\verify.dll
0x0000000062010000 - 0x0000000062038000 	C:\Program Files\Java\jdk1.8.0\jre\bin\java.dll
0x0000000061fa0000 - 0x0000000061fb6000 	C:\Program Files\Java\jdk1.8.0\jre\bin\zip.dll
0x00007ff9349c0000 - 0x00007ff935f1c000 	C:\Windows\system32\SHELL32.dll
0x00007ff934370000 - 0x00007ff9349b5000 	C:\Windows\system32\windows.storage.dll
0x00007ff9372e0000 - 0x00007ff937332000 	C:\Windows\system32\shlwapi.dll
0x00007ff933bf0000 - 0x00007ff933bff000 	C:\Windows\system32\kernel.appcore.dll
0x00007ff933eb0000 - 0x00007ff933f65000 	C:\Windows\system32\shcore.dll
0x00007ff933c00000 - 0x00007ff933c4b000 	C:\Windows\system32\powrprof.dll
0x00007ff933c50000 - 0x00007ff933c64000 	C:\Windows\system32\profapi.dll
0x0000000060cd0000 - 0x0000000060ce9000 	C:\Program Files\Java\jdk1.8.0\jre\bin\net.dll
0x00007ff933510000 - 0x00007ff93356c000 	C:\Windows\system32\mswsock.dll
0x00007ff932710000 - 0x00007ff9327ba000 	C:\Windows\SYSTEM32\DNSAPI.dll
0x00007ff936a10000 - 0x00007ff936a18000 	C:\Windows\system32\NSI.dll
0x00007ff92b490000 - 0x00007ff92b49a000 	C:\Windows\System32\rasadhlp.dll
0x00007ff92e440000 - 0x00007ff92e4a7000 	C:\Windows\System32\fwpuclnt.dll
0x00007ff933a70000 - 0x00007ff933a99000 	C:\Windows\SYSTEM32\bcrypt.dll
0x00007ff9335c0000 - 0x00007ff9335d7000 	C:\Windows\SYSTEM32\CRYPTSP.dll
0x00007ff933250000 - 0x00007ff933284000 	C:\Windows\system32\rsaenh.dll
0x00007ff9333a0000 - 0x00007ff9333bf000 	C:\Windows\SYSTEM32\USERENV.dll
0x00007ff9336e0000 - 0x00007ff9336eb000 	C:\Windows\SYSTEM32\CRYPTBASE.dll
0x00007ff91e670000 - 0x00007ff91e686000 	C:\Windows\system32\napinsp.dll
0x00007ff91e690000 - 0x00007ff91e6aa000 	C:\Windows\system32\pnrpnsp.dll
0x00007ff9316a0000 - 0x00007ff9316b8000 	C:\Windows\system32\NLAapi.dll
0x00007ff91e6b0000 - 0x00007ff91e6bd000 	C:\Windows\System32\winrnr.dll
0x00007ff91e6c0000 - 0x00007ff91e6d5000 	C:\Windows\System32\wshbth.dll
0x00007ff92fb20000 - 0x00007ff92fb58000 	C:\Windows\SYSTEM32\IPHLPAPI.DLL
0x0000000060cb0000 - 0x0000000060cc1000 	C:\Program Files\Java\jdk1.8.0\jre\bin\nio.dll
0x0000000060cf0000 - 0x0000000060d14000 	C:\Program Files\Java\jdk1.8.0\jre\bin\sunec.dll
0x0000000061f80000 - 0x0000000061f8b000 	C:\Program Files\Java\jdk1.8.0\jre\bin\sunmscapi.dll
0x00007ff933c70000 - 0x00007ff933e38000 	C:\Windows\system32\CRYPT32.dll
0x00007ff933be0000 - 0x00007ff933bf0000 	C:\Windows\system32\MSASN1.dll
0x00007ff92df30000 - 0x00007ff92df46000 	C:\Windows\SYSTEM32\dhcpcsvc6.DLL
0x00007ff92e0e0000 - 0x00007ff92e0fa000 	C:\Windows\SYSTEM32\dhcpcsvc.DLL
0x00007ff911ce0000 - 0x00007ff911e6c000 	C:\Windows\SYSTEM32\dbghelp.dll

VM Arguments:
jvm_args: -ea -Dfile.encoding=Cp1252 
java_command: org.testng.remote.RemoteTestNG -serport 54411 -protocol json -d E:\New Projects\eSign\test-output E:\New Projects\eSign\Build\Package.xml
java_class_path (initial): E:\Softwares\eclipse\configuration\org.eclipse.osgi\935\0\.cp\lib\testng-remote.jar;E:\New Projects\eSign\target\test-classes;E:\New Projects\eSign\target\classes;C:\Users\admin\.m2\repository\org\testng\testng\6.14.2\testng-6.14.2.jar;C:\Users\admin\.m2\repository\com\beust\jcommander\1.72\jcommander-1.72.jar;C:\Users\admin\.m2\repository\org\apache-extras\beanshell\bsh\2.0b6\bsh-2.0b6.jar;C:\Users\admin\.m2\repository\org\seleniumhq\selenium\selenium-java\3.13.0\selenium-java-3.13.0.jar;C:\Users\admin\.m2\repository\org\seleniumhq\selenium\selenium-edge-driver\3.13.0\selenium-edge-driver-3.13.0.jar;C:\Users\admin\.m2\repository\org\seleniumhq\selenium\selenium-ie-driver\3.13.0\selenium-ie-driver-3.13.0.jar;C:\Users\admin\.m2\repository\org\seleniumhq\selenium\selenium-opera-driver\3.13.0\selenium-opera-driver-3.13.0.jar;C:\Users\admin\.m2\repository\org\seleniumhq\selenium\selenium-safari-driver\3.13.0\selenium-safari-driver-3.13.0.jar;C:\Users\admin\.m2\repository\org\seleniumhq\selenium\selenium-support\3.13.0\selenium-support-3.13.0.jar;C:\Users\admin\.m2\repository\net\bytebuddy\byte-buddy\1.8.3\byte-buddy-1.8.3.jar;C:\Users\admin\.m2\repository\org\apache\commons\commons-exec\1.3\commons-exec-1.3.jar;C:\Users\admin\.m2\repository\commons-codec\commons-codec\1.10\commons-codec-1.10.jar;C:\Users\admin\.m2\repository\commons-logging\commons-logging\1.2\commons-logging-1.2.jar;C:\Users\admin\.m2\repository\com\google\code\gson\gson\2.8.4\gson-2.8.4.jar;C:\Users\admin\.m2\repository\com\google\guava\guava\25.0-jre\guava-25.0-jre.jar;C:\Users\admin\.m2\repository\com\google\code\findbugs\jsr305\1.3.9\jsr305-1.3.9.jar;C:\Users\admin\.m2\repository\org\checkerframework\checker-compat-qual\2.0.0\checker-compat-qual-2.0.0.jar;C:\Users\admin\.m2\repository\com\google\errorprone\error_prone_annotations\2.1.3\error_prone_annotations-2.1.3.jar;C:\Users\admin\.m2\repository\com\google\j2objc\j2objc-annotations\1.1\j2objc-annotations-1.1.jar;C:\U
Launcher Type: SUN_STANDARD

Environment Variables:
JAVA_HOME=C:\Program Files\Java\jdk1.8.0
PATH=C:\Windows\system32;C:\Windows;C:\Windows\System32\Wbem;C:\Windows\System32\WindowsPowerShell\v1.0\;C:\Program Files (x86)\Skype\Phone\;E:\Backup Folder\Chirag Backup\Software\apache-maven-3.5.2-bin\apache-maven-3.5.2\bin;C:\Program Files\Java\jdk1.8.0\bin
USERNAME=admin
OS=Windows_NT
PROCESSOR_IDENTIFIER=AMD64 Family 21 Model 48 Stepping 1, AuthenticAMD



---------------  S Y S T E M  ---------------

OS: Windows 8.1 , 64 bit Build 9600 

CPU:total 4 (4 cores per cpu, 1 threads per core) family 21 model 48 stepping 1, cmov, cx8, fxsr, mmx, sse, sse2, sse3, ssse3, sse4.1, sse4.2, popcnt, avx, aes, clmul, mmxext, 3dnowpref, lzcnt, sse4a, tsc, tscinvbit

Memory: 4k page, physical 7284048k(1796448k free), swap 14585948k(2590812k free)

vm_info: Java HotSpot(TM) 64-Bit Server VM (25.0-b55) for windows-amd64 JRE (1.8.0-ea-b113), built on Oct 24 2013 10:27:42 by "java_re" with MS VC++ 10.0 (VS2010)

time: Wed Oct 10 14:22:06 2018
elapsed time: 5 seconds

