#
# A fatal error has been detected by the Java Runtime Environment:
#
#  EXCEPTION_ACCESS_VIOLATION (0xc0000005) at pc=0x0000000060e307d6, pid=9104, tid=764
#
# JRE version: Java(TM) SE Runtime Environment (8.0-b113) (build 1.8.0-ea-b113)
# Java VM: Java HotSpot(TM) 64-Bit Server VM (25.0-b55 mixed mode windows-amd64 compressed oops)
# Problematic frame:
# V  [jvm.dll+0x1107d6]
#
# Failed to write core dump. Minidumps are not enabled by default on client versions of Windows
#
# If you would like to submit a bug report, please visit:
#   http://bugreport.sun.com/bugreport/crash.jsp
#

---------------  T H R E A D  ---------------

Current thread (0x0000000016ac6800):  VMThread [stack: 0x0000000017b60000,0x0000000017c60000] [id=764]

siginfo: ExceptionCode=0xc0000005, reading address 0x0000000000033288

Registers:
RAX=0x000000006131f950, RBX=0x0000000018cb0070, RCX=0x0000000000033220, RDX=0x00000000614859f0
RSP=0x0000000017c5ec78, RBP=0x00000000614859f0, RSI=0x0000000000000001, RDI=0x0000000000000002
R8 =0x00000000614859f0, R9 =0x0000000000000004, R10=0x00000000000001fe, R11=0x0000000018cb0060
R12=0x0000000000000000, R13=0x00000000614859f0, R14=0x000000006131f858, R15=0x0000000061485960
RIP=0x0000000060e307d6, EFLAGS=0x0000000000010202

Top of Stack: (sp=0x0000000017c5ec78)
0x0000000017c5ec78:   0000000060e3a298 0000000000000000
0x0000000017c5ec88:   0000000060da9e8c 0000000000000000
0x0000000017c5ec98:   0000000002e72c10 00000008001f7428
0x0000000017c5eca8:   0000000060d54a53 00000000614859f0
0x0000000017c5ecb8:   0000000018cb0060 0000000000000000
0x0000000017c5ecc8:   0000000000000000 000000001acffc28
0x0000000017c5ecd8:   0000000060e136dd 0000000018cb0060
0x0000000017c5ece8:   0000000000000000 0000000000000000
0x0000000017c5ecf8:   000000001acffc28 00000000612d7260
0x0000000017c5ed08:   0000000000000000 00000008001f7428
0x0000000017c5ed18:   0000000060e319a2 00000008001f7028
0x0000000017c5ed28:   0000000017c5ed98 00000000614859f0
0x0000000017c5ed38:   0000000060d7ad8d 00000000612d7260
0x0000000017c5ed48:   00000000000001fe ffffffffffffff00
0x0000000017c5ed58:   0000000000000004 00000000000000fb
0x0000000017c5ed68:   0000000000000000 0000000000000000 

Instructions: (pc=0x0000000060e307d6)
0x0000000060e307b6:   c0 74 14 48 8b 50 78 48 85 d2 74 07 48 89 91 80
0x0000000060e307c6:   00 00 00 48 89 48 78 f3 c3 cc 48 8b 02 4c 8b c2
0x0000000060e307d6:   48 8b 51 68 49 8b c8 48 ff 20 48 8b 81 90 00 00
0x0000000060e307e6:   00 48 8b 00 c3 cc cc cc cc cc 40 53 48 83 ec 50 


Register to memory mapping:

RAX=0x000000006131f950 is an unknown value
RBX=0x0000000018cb0070 is an unknown value
RCX=0x0000000000033220 is an unknown value
RDX=0x00000000614859f0 is an unknown value
RSP=0x0000000017c5ec78 is an unknown value
RBP=0x00000000614859f0 is an unknown value
RSI=0x0000000000000001 is an unknown value
RDI=0x0000000000000002 is an unknown value
R8 =0x00000000614859f0 is an unknown value
R9 =0x0000000000000004 is an unknown value
R10=0x00000000000001fe is an unknown value
R11=0x0000000018cb0060 is an unknown value
R12=0x0000000000000000 is an unknown value
R13=0x00000000614859f0 is an unknown value
R14=0x000000006131f858 is an unknown value
R15=0x0000000061485960 is an unknown value


Stack: [0x0000000017b60000,0x0000000017c60000],  sp=0x0000000017c5ec78,  free space=1019k
Native frames: (J=compiled Java code, j=interpreted, Vv=VM code, C=native code)
V  [jvm.dll+0x1107d6]

VM_Operation (0x000000001979a220): CollectForMetadataAllocation, mode: safepoint, requested by thread 0x0000000018efe000


---------------  P R O C E S S  ---------------

Java Threads: ( => current thread )
  0x0000000019c5a800 JavaThread "ForkJoinPool.commonPool-worker-1" daemon [_thread_blocked, id=12168, stack(0x000000001b670000,0x000000001b770000)]
  0x0000000019c5a000 JavaThread "ForkJoinPool.commonPool-worker-2" daemon [_thread_blocked, id=2084, stack(0x000000001b570000,0x000000001b670000)]
  0x0000000018cb2800 JavaThread "ForkJoinPool.commonPool-worker-3" daemon [_thread_blocked, id=12704, stack(0x000000001b470000,0x000000001b570000)]
  0x000000001a0bd000 JavaThread "Exec Stream Pumper" daemon [_thread_in_native, id=5884, stack(0x000000001b370000,0x000000001b470000)]
  0x000000001a0bc000 JavaThread "Exec Stream Pumper" daemon [_thread_in_native, id=5708, stack(0x000000001b270000,0x000000001b370000)]
  0x000000001a159000 JavaThread "Exec Default Executor" daemon [_thread_in_native, id=11844, stack(0x000000001b170000,0x000000001b270000)]
  0x0000000018efe000 JavaThread "Forwarding newSession on session null to remote" [_thread_blocked, id=11252, stack(0x00000000196a0000,0x00000000197a0000)]
  0x000000001896b000 JavaThread "ReaderThread" [_thread_in_native, id=18256, stack(0x00000000195a0000,0x00000000196a0000)]
  0x0000000018380800 JavaThread "Service Thread" daemon [_thread_blocked, id=10932, stack(0x0000000018760000,0x0000000018860000)]
  0x0000000016afa000 JavaThread "C1 CompilerThread2" daemon [_thread_blocked, id=15476, stack(0x0000000018260000,0x0000000018360000)]
  0x0000000016af9800 JavaThread "C2 CompilerThread1" daemon [_thread_blocked, id=11432, stack(0x0000000018160000,0x0000000018260000)]
  0x0000000016af5800 JavaThread "C2 CompilerThread0" daemon [_thread_blocked, id=17560, stack(0x0000000018060000,0x0000000018160000)]
  0x0000000016af3800 JavaThread "Attach Listener" daemon [_thread_blocked, id=7516, stack(0x0000000017f60000,0x0000000018060000)]
  0x0000000016af2800 JavaThread "Signal Dispatcher" daemon [_thread_blocked, id=18856, stack(0x0000000017e60000,0x0000000017f60000)]
  0x0000000002899800 JavaThread "Finalizer" daemon [_thread_blocked, id=3024, stack(0x0000000017d60000,0x0000000017e60000)]
  0x0000000016ac8000 JavaThread "Reference Handler" daemon [_thread_blocked, id=9556, stack(0x0000000017c60000,0x0000000017d60000)]
  0x00000000027a3800 JavaThread "main" [_thread_blocked, id=6520, stack(0x0000000002600000,0x0000000002700000)]

Other Threads:
=>0x0000000016ac6800 VMThread [stack: 0x0000000017b60000,0x0000000017c60000] [id=764]
  0x0000000018386800 WatcherThread [stack: 0x0000000018860000,0x0000000018960000] [id=12352]

VM state:at safepoint (normal execution)

VM Mutex/Monitor currently owned by a thread:  ([mutex/lock_event])
[0x00000000027a06d0] Threads_lock - owner thread: 0x0000000016ac6800
[0x00000000027a0b50] Heap_lock - owner thread: 0x0000000018efe000

Heap:
 PSYoungGen      total 62976K, used 4592K [0x00000000dae80000, 0x00000000df080000, 0x0000000100000000)
  eden space 58368K, 0% used [0x00000000dae80000,0x00000000dae80000,0x00000000de780000)
  from space 4608K, 99% used [0x00000000dec00000,0x00000000df07c080,0x00000000df080000)
  to   space 4608K, 0% used [0x00000000de780000,0x00000000de780000,0x00000000dec00000)
 ParOldGen       total 75776K, used 9571K [0x0000000090c00000, 0x0000000095600000, 0x00000000dae80000)
  object space 75776K, 12% used [0x0000000090c00000,0x0000000091558dd0,0x0000000095600000)
 Metaspace       used 20869K, capacity 21098K, committed 21296K, reserved 1067008K
  class space    used 2736K, capacity 2843K, committed 2864K, reserved 1048576K

Card table byte_map: [0x0000000011c60000,0x0000000011fe0000] byte_map_base: 0x00000000117da000

Marking Bits: (ParMarkBitMap*) 0x00000000614c2bd0
 Begin Bits: [0x0000000012640000, 0x0000000014210000)
 End Bits:   [0x0000000014210000, 0x0000000015de0000)

Polling page: 0x0000000000a90000

CodeCache: size=245760Kb used=5942Kb max_used=5952Kb free=239817Kb
 bounds [0x00000000028a0000, 0x0000000002e80000, 0x00000000118a0000]
 total_blobs=2218 nmethods=1794 adapters=339
 compilation: enabled

Compilation events (10 events):
Event: 5.010 Thread 0x0000000016af9800 nmethod 2022 0x0000000002d9f4d0 code [0x0000000002d9f620, 0x0000000002d9f708]
Event: 5.011 Thread 0x0000000016afa000 nmethod 2020 0x0000000002e72c10 code [0x0000000002e734a0, 0x0000000002e76f18]
Event: 5.011 Thread 0x0000000016afa000 2023       3       java.util.regex.Pattern$5::isSatisfiedBy (28 bytes)
Event: 5.011 Thread 0x0000000016afa000 nmethod 2023 0x0000000002a0da10 code [0x0000000002a0dba0, 0x0000000002a0df78]
Event: 5.011 Thread 0x0000000016afa000 2017       3       jdk.internal.org.objectweb.asm.Type::getReturnType (18 bytes)
Event: 5.012 Thread 0x0000000016afa000 nmethod 2017 0x0000000002ab8410 code [0x0000000002ab85a0, 0x0000000002ab8b08]
Event: 5.012 Thread 0x0000000016afa000 2019       3       sun.invoke.util.VerifyAccess::isMemberAccessible (242 bytes)
Event: 5.014 Thread 0x0000000016afa000 nmethod 2019 0x0000000002a48390 code [0x0000000002a48680, 0x0000000002a49d28]
Event: 5.014 Thread 0x0000000016af5800 2024  s    4       java.lang.StringBuffer::toString (36 bytes)
Event: 5.021 Thread 0x0000000016af5800 nmethod 2024 0x0000000002c5ab10 code [0x0000000002c5ac60, 0x0000000002c5b218]

GC Heap History (9 events):
Event: 1.648 GC heap before
{Heap before GC invocations=1 (full 0):
 PSYoungGen      total 33792K, used 29184K [0x00000000dae80000, 0x00000000dd400000, 0x0000000100000000)
  eden space 29184K, 100% used [0x00000000dae80000,0x00000000dcb00000,0x00000000dcb00000)
  from space 4608K, 0% used [0x00000000dcf80000,0x00000000dcf80000,0x00000000dd400000)
  to   space 4608K, 0% used [0x00000000dcb00000,0x00000000dcb00000,0x00000000dcf80000)
 ParOldGen       total 75776K, used 0K [0x0000000090c00000, 0x0000000095600000, 0x00000000dae80000)
  object space 75776K, 0% used [0x0000000090c00000,0x0000000090c00000,0x0000000095600000)
 Metaspace       used 8755K, capacity 8886K, committed 9088K, reserved 1056768K
  class space    used 997K, capacity 1043K, committed 1152K, reserved 1048576K
Event: 1.660 GC heap after
Heap after GC invocations=1 (full 0):
 PSYoungGen      total 33792K, used 4587K [0x00000000dae80000, 0x00000000dd400000, 0x0000000100000000)
  eden space 29184K, 0% used [0x00000000dae80000,0x00000000dae80000,0x00000000dcb00000)
  from space 4608K, 99% used [0x00000000dcb00000,0x00000000dcf7ae20,0x00000000dcf80000)
  to   space 4608K, 0% used [0x00000000dcf80000,0x00000000dcf80000,0x00000000dd400000)
 ParOldGen       total 75776K, used 278K [0x0000000090c00000, 0x0000000095600000, 0x00000000dae80000)
  object space 75776K, 0% used [0x0000000090c00000,0x0000000090c45b78,0x0000000095600000)
 Metaspace       used 8755K, capacity 8886K, committed 9088K, reserved 1056768K
  class space    used 997K, capacity 1043K, committed 1152K, reserved 1048576K
}
Event: 2.526 GC heap before
{Heap before GC invocations=2 (full 0):
 PSYoungGen      total 33792K, used 33771K [0x00000000dae80000, 0x00000000dd400000, 0x0000000100000000)
  eden space 29184K, 100% used [0x00000000dae80000,0x00000000dcb00000,0x00000000dcb00000)
  from space 4608K, 99% used [0x00000000dcb00000,0x00000000dcf7ae20,0x00000000dcf80000)
  to   space 4608K, 0% used [0x00000000dcf80000,0x00000000dcf80000,0x00000000dd400000)
 ParOldGen       total 75776K, used 278K [0x0000000090c00000, 0x0000000095600000, 0x00000000dae80000)
  object space 75776K, 0% used [0x0000000090c00000,0x0000000090c45b78,0x0000000095600000)
 Metaspace       used 12706K, capacity 12854K, committed 13184K, reserved 1060864K
  class space    used 1521K, capacity 1555K, committed 1664K, reserved 1048576K
Event: 2.542 GC heap after
Heap after GC invocations=2 (full 0):
 PSYoungGen      total 33792K, used 4597K [0x00000000dae80000, 0x00000000df080000, 0x0000000100000000)
  eden space 29184K, 0% used [0x00000000dae80000,0x00000000dae80000,0x00000000dcb00000)
  from space 4608K, 99% used [0x00000000dcf80000,0x00000000dd3fd6c0,0x00000000dd400000)
  to   space 4608K, 0% used [0x00000000dcb00000,0x00000000dcb00000,0x00000000dcf80000)
 ParOldGen       total 75776K, used 2878K [0x0000000090c00000, 0x0000000095600000, 0x00000000dae80000)
  object space 75776K, 3% used [0x0000000090c00000,0x0000000090ecf968,0x0000000095600000)
 Metaspace       used 12706K, capacity 12854K, committed 13184K, reserved 1060864K
  class space    used 1521K, capacity 1555K, committed 1664K, reserved 1048576K
}
Event: 3.654 GC heap before
{Heap before GC invocations=3 (full 0):
 PSYoungGen      total 33792K, used 33781K [0x00000000dae80000, 0x00000000df080000, 0x0000000100000000)
  eden space 29184K, 100% used [0x00000000dae80000,0x00000000dcb00000,0x00000000dcb00000)
  from space 4608K, 99% used [0x00000000dcf80000,0x00000000dd3fd6c0,0x00000000dd400000)
  to   space 4608K, 0% used [0x00000000dcb00000,0x00000000dcb00000,0x00000000dcf80000)
 ParOldGen       total 75776K, used 2878K [0x0000000090c00000, 0x0000000095600000, 0x00000000dae80000)
  object space 75776K, 3% used [0x0000000090c00000,0x0000000090ecf968,0x0000000095600000)
 Metaspace       used 18131K, capacity 18330K, committed 18560K, reserved 1064960K
  class space    used 2317K, capacity 2364K, committed 2432K, reserved 1048576K
Event: 3.675 GC heap after
Heap after GC invocations=3 (full 0):
 PSYoungGen      total 33792K, used 4599K [0x00000000dae80000, 0x00000000df080000, 0x0000000100000000)
  eden space 29184K, 0% used [0x00000000dae80000,0x00000000dae80000,0x00000000dcb00000)
  from space 4608K, 99% used [0x00000000dcb00000,0x00000000dcf7dc90,0x00000000dcf80000)
  to   space 4608K, 0% used [0x00000000dec00000,0x00000000dec00000,0x00000000df080000)
 ParOldGen       total 75776K, used 6695K [0x0000000090c00000, 0x0000000095600000, 0x00000000dae80000)
  object space 75776K, 8% used [0x0000000090c00000,0x0000000091289e60,0x0000000095600000)
 Metaspace       used 18131K, capacity 18330K, committed 18560K, reserved 1064960K
  class space    used 2317K, capacity 2364K, committed 2432K, reserved 1048576K
}
Event: 5.042 GC heap before
{Heap before GC invocations=4 (full 0):
 PSYoungGen      total 33792K, used 27419K [0x00000000dae80000, 0x00000000df080000, 0x0000000100000000)
  eden space 29184K, 78% used [0x00000000dae80000,0x00000000dc4c92e0,0x00000000dcb00000)
  from space 4608K, 99% used [0x00000000dcb00000,0x00000000dcf7dc90,0x00000000dcf80000)
  to   space 4608K, 0% used [0x00000000dec00000,0x00000000dec00000,0x00000000df080000)
 ParOldGen       total 75776K, used 6695K [0x0000000090c00000, 0x0000000095600000, 0x00000000dae80000)
  object space 75776K, 8% used [0x0000000090c00000,0x0000000091289e60,0x0000000095600000)
 Metaspace       used 20869K, capacity 21098K, committed 21296K, reserved 1067008K
  class space    used 2736K, capacity 2843K, committed 2864K, reserved 1048576K
Event: 5.059 GC heap after
Heap after GC invocations=4 (full 0):
 PSYoungGen      total 62976K, used 4592K [0x00000000dae80000, 0x00000000df080000, 0x0000000100000000)
  eden space 58368K, 0% used [0x00000000dae80000,0x00000000dae80000,0x00000000de780000)
  from space 4608K, 99% used [0x00000000dec00000,0x00000000df07c080,0x00000000df080000)
  to   space 4608K, 0% used [0x00000000de780000,0x00000000de780000,0x00000000dec00000)
 ParOldGen       total 75776K, used 9571K [0x0000000090c00000, 0x0000000095600000, 0x00000000dae80000)
  object space 75776K, 12% used [0x0000000090c00000,0x0000000091558dd0,0x0000000095600000)
 Metaspace       used 20869K, capacity 21098K, committed 21296K, reserved 1067008K
  class space    used 2736K, capacity 2843K, committed 2864K, reserved 1048576K
}
Event: 5.059 GC heap before
{Heap before GC invocations=5 (full 1):
 PSYoungGen      total 62976K, used 4592K [0x00000000dae80000, 0x00000000df080000, 0x0000000100000000)
  eden space 58368K, 0% used [0x00000000dae80000,0x00000000dae80000,0x00000000de780000)
  from space 4608K, 99% used [0x00000000dec00000,0x00000000df07c080,0x00000000df080000)
  to   space 4608K, 0% used [0x00000000de780000,0x00000000de780000,0x00000000dec00000)
 ParOldGen       total 75776K, used 9571K [0x0000000090c00000, 0x0000000095600000, 0x00000000dae80000)
  object space 75776K, 12% used [0x0000000090c00000,0x0000000091558dd0,0x0000000095600000)
 Metaspace       used 20869K, capacity 21098K, committed 21296K, reserved 1067008K
  class space    used 2736K, capacity 2843K, committed 2864K, reserved 1048576K

Deoptimization events (10 events):
Event: 3.574 Thread 0x0000000018efe000 Uncommon trap: reason=class_check action=maybe_recompile pc=0x0000000002b598a4 method=java.util.HashMap.putVal(ILjava/lang/Object;Ljava/lang/Object;ZZ)Ljava/lang/Object; @ 203
Event: 3.593 Thread 0x0000000018efe000 Uncommon trap: reason=class_check action=maybe_recompile pc=0x0000000002d4f93c method=java.util.HashSet.add(Ljava/lang/Object;)Z @ 8
Event: 3.600 Thread 0x0000000018efe000 Uncommon trap: reason=class_check action=maybe_recompile pc=0x0000000002d4f93c method=java.util.HashSet.add(Ljava/lang/Object;)Z @ 8
Event: 3.601 Thread 0x0000000018efe000 Uncommon trap: reason=class_check action=maybe_recompile pc=0x0000000002d4f93c method=java.util.HashSet.add(Ljava/lang/Object;)Z @ 8
Event: 3.602 Thread 0x0000000018efe000 Uncommon trap: reason=class_check action=maybe_recompile pc=0x0000000002d4f93c method=java.util.HashSet.add(Ljava/lang/Object;)Z @ 8
Event: 3.752 Thread 0x0000000018efe000 Uncommon trap: reason=unreached action=reinterpret pc=0x00000000029f2208 method=java.util.ArrayList.indexOf(Ljava/lang/Object;)I @ 1
Event: 4.501 Thread 0x0000000018efe000 Uncommon trap: reason=class_check action=maybe_recompile pc=0x0000000002d169b8 method=org.openqa.selenium.json.Input.init()V @ 18
Event: 4.502 Thread 0x0000000018efe000 Uncommon trap: reason=class_check action=maybe_recompile pc=0x0000000002d169b8 method=org.openqa.selenium.json.Input.init()V @ 18
Event: 4.502 Thread 0x0000000018efe000 Uncommon trap: reason=class_check action=maybe_recompile pc=0x0000000002d169b8 method=org.openqa.selenium.json.Input.init()V @ 18
Event: 4.502 Thread 0x0000000018efe000 Uncommon trap: reason=class_check action=maybe_recompile pc=0x0000000002d169b8 method=org.openqa.selenium.json.Input.init()V @ 18

Internal exceptions (10 events):
Event: 5.034 Thread 0x0000000018efe000 Exception <a 'java/security/PrivilegedActionException'> (0x00000000dc41c378) thrown at [D:\re\workspace\8-2-build-windows-amd64-cygwin\jdk8\563\hotspot\src\share\vm\prims\jvm.cpp, line 1248]
Event: 5.035 Thread 0x0000000018efe000 Exception <a 'java/security/PrivilegedActionException'> (0x00000000dc424280) thrown at [D:\re\workspace\8-2-build-windows-amd64-cygwin\jdk8\563\hotspot\src\share\vm\prims\jvm.cpp, line 1248]
Event: 5.036 Thread 0x0000000018efe000 Exception <a 'java/security/PrivilegedActionException'> (0x00000000dc42a510) thrown at [D:\re\workspace\8-2-build-windows-amd64-cygwin\jdk8\563\hotspot\src\share\vm\prims\jvm.cpp, line 1248]
Event: 5.037 Thread 0x0000000018efe000 Exception <a 'java/security/PrivilegedActionException'> (0x00000000dc42f878) thrown at [D:\re\workspace\8-2-build-windows-amd64-cygwin\jdk8\563\hotspot\src\share\vm\prims\jvm.cpp, line 1248]
Event: 5.037 Thread 0x0000000018efe000 Exception <a 'java/security/PrivilegedActionException'> (0x00000000dc4362a0) thrown at [D:\re\workspace\8-2-build-windows-amd64-cygwin\jdk8\563\hotspot\src\share\vm\prims\jvm.cpp, line 1248]
Event: 5.039 Thread 0x0000000018efe000 Exception <a 'java/security/PrivilegedActionException'> (0x00000000dc44b8b0) thrown at [D:\re\workspace\8-2-build-windows-amd64-cygwin\jdk8\563\hotspot\src\share\vm\prims\jvm.cpp, line 1248]
Event: 5.039 Thread 0x0000000018efe000 Exception <a 'java/security/PrivilegedActionException'> (0x00000000dc451b68) thrown at [D:\re\workspace\8-2-build-windows-amd64-cygwin\jdk8\563\hotspot\src\share\vm\prims\jvm.cpp, line 1248]
Event: 5.040 Thread 0x0000000018efe000 Exception <a 'java/security/PrivilegedActionException'> (0x00000000dc457d20) thrown at [D:\re\workspace\8-2-build-windows-amd64-cygwin\jdk8\563\hotspot\src\share\vm\prims\jvm.cpp, line 1248]
Event: 5.040 Thread 0x0000000018efe000 Exception <a 'java/security/PrivilegedActionException'> (0x00000000dc45d5a8) thrown at [D:\re\workspace\8-2-build-windows-amd64-cygwin\jdk8\563\hotspot\src\share\vm\prims\jvm.cpp, line 1248]
Event: 5.041 Thread 0x0000000018efe000 Exception <a 'java/security/PrivilegedActionException'> (0x00000000dc463908) thrown at [D:\re\workspace\8-2-build-windows-amd64-cygwin\jdk8\563\hotspot\src\share\vm\prims\jvm.cpp, line 1248]

Events (10 events):
Event: 5.040 loading class java/net/UnknownServiceException
Event: 5.040 loading class java/net/UnknownServiceException done
Event: 5.040 loading class okhttp3/internal/ws/RealWebSocket$Streams
Event: 5.040 loading class okhttp3/internal/ws/RealWebSocket$Streams done
Event: 5.040 loading class okhttp3/internal/connection/RealConnection$1
Event: 5.040 loading class okhttp3/internal/connection/RealConnection$1 done
Event: 5.041 loading class okhttp3/internal/http/HttpCodec
Event: 5.041 loading class okhttp3/internal/http/HttpCodec done
Event: 5.041 loading class javax/net/ssl/SSLSocket
Event: 5.042 Executing VM operation: CollectForMetadataAllocation


Dynamic libraries:
0x00007ff634dc0000 - 0x00007ff634df4000 	C:\Program Files\Java\jdk1.8.0\bin\javaw.exe
0x00007ff9375c0000 - 0x00007ff937781000 	C:\Windows\SYSTEM32\ntdll.dll
0x00007ff937340000 - 0x00007ff9373ed000 	C:\Windows\system32\KERNEL32.DLL
0x00007ff934180000 - 0x00007ff934368000 	C:\Windows\system32\KERNELBASE.dll
0x00007ff936ac0000 - 0x00007ff936b67000 	C:\Windows\system32\ADVAPI32.dll
0x00007ff936a20000 - 0x00007ff936abd000 	C:\Windows\system32\msvcrt.dll
0x00007ff936790000 - 0x00007ff9367eb000 	C:\Windows\system32\sechost.dll
0x00007ff936cf0000 - 0x00007ff936e0d000 	C:\Windows\system32\RPCRT4.dll
0x00007ff936630000 - 0x00007ff936786000 	C:\Windows\system32\USER32.dll
0x00007ff936880000 - 0x00007ff936a07000 	C:\Windows\system32\GDI32.dll
0x00007ff92a670000 - 0x00007ff92a8e4000 	C:\Windows\WinSxS\amd64_microsoft.windows.common-controls_6595b64144ccf1df_6.0.10586.839_none_a2ddba30a539a2ae\COMCTL32.dll
0x00007ff936080000 - 0x00007ff9362fe000 	C:\Windows\system32\combase.dll
0x00007ff933e40000 - 0x00007ff933eaa000 	C:\Windows\system32\bcryptPrimitives.dll
0x00007ff9372a0000 - 0x00007ff9372db000 	C:\Windows\system32\IMM32.DLL
0x0000000061680000 - 0x0000000061752000 	C:\Program Files\Java\jdk1.8.0\jre\bin\msvcr100.dll
0x0000000060d20000 - 0x0000000061539000 	C:\Program Files\Java\jdk1.8.0\jre\bin\server\jvm.dll
0x00007ff9375b0000 - 0x00007ff9375b8000 	C:\Windows\system32\PSAPI.DLL
0x00007ff931f90000 - 0x00007ff931f99000 	C:\Windows\SYSTEM32\WSOCK32.dll
0x00007ff931f20000 - 0x00007ff931f43000 	C:\Windows\SYSTEM32\WINMM.dll
0x00007ff936c80000 - 0x00007ff936ceb000 	C:\Windows\system32\WS2_32.dll
0x00000000025d0000 - 0x00000000025fc000 	C:\Windows\SYSTEM32\WINMMBASE.dll
0x00007ff934000000 - 0x00007ff934043000 	C:\Windows\system32\cfgmgr32.dll
0x0000000061670000 - 0x000000006167f000 	C:\Program Files\Java\jdk1.8.0\jre\bin\verify.dll
0x0000000061640000 - 0x0000000061668000 	C:\Program Files\Java\jdk1.8.0\jre\bin\java.dll
0x0000000061620000 - 0x0000000061636000 	C:\Program Files\Java\jdk1.8.0\jre\bin\zip.dll
0x00007ff9349c0000 - 0x00007ff935f1c000 	C:\Windows\system32\SHELL32.dll
0x00007ff934370000 - 0x00007ff9349b5000 	C:\Windows\system32\windows.storage.dll
0x00007ff9372e0000 - 0x00007ff937332000 	C:\Windows\system32\shlwapi.dll
0x00007ff933bf0000 - 0x00007ff933bff000 	C:\Windows\system32\kernel.appcore.dll
0x00007ff933eb0000 - 0x00007ff933f65000 	C:\Windows\system32\shcore.dll
0x00007ff933c00000 - 0x00007ff933c4b000 	C:\Windows\system32\powrprof.dll
0x00007ff933c50000 - 0x00007ff933c64000 	C:\Windows\system32\profapi.dll
0x0000000061600000 - 0x0000000061619000 	C:\Program Files\Java\jdk1.8.0\jre\bin\net.dll
0x00007ff933510000 - 0x00007ff93356c000 	C:\Windows\system32\mswsock.dll
0x00007ff932710000 - 0x00007ff9327ba000 	C:\Windows\SYSTEM32\DNSAPI.dll
0x00007ff936a10000 - 0x00007ff936a18000 	C:\Windows\system32\NSI.dll
0x00007ff92b490000 - 0x00007ff92b49a000 	C:\Windows\System32\rasadhlp.dll
0x00007ff92e440000 - 0x00007ff92e4a7000 	C:\Windows\System32\fwpuclnt.dll
0x00007ff933a70000 - 0x00007ff933a99000 	C:\Windows\SYSTEM32\bcrypt.dll
0x00007ff9335c0000 - 0x00007ff9335d7000 	C:\Windows\SYSTEM32\CRYPTSP.dll
0x00007ff933250000 - 0x00007ff933284000 	C:\Windows\system32\rsaenh.dll
0x00007ff9333a0000 - 0x00007ff9333bf000 	C:\Windows\SYSTEM32\USERENV.dll
0x00007ff9336e0000 - 0x00007ff9336eb000 	C:\Windows\SYSTEM32\CRYPTBASE.dll
0x00007ff91e670000 - 0x00007ff91e686000 	C:\Windows\system32\napinsp.dll
0x00007ff91e690000 - 0x00007ff91e6aa000 	C:\Windows\system32\pnrpnsp.dll
0x00007ff9316a0000 - 0x00007ff9316b8000 	C:\Windows\system32\NLAapi.dll
0x00007ff91e6b0000 - 0x00007ff91e6bd000 	C:\Windows\System32\winrnr.dll
0x00007ff91e6c0000 - 0x00007ff91e6d5000 	C:\Windows\System32\wshbth.dll
0x00007ff92fb20000 - 0x00007ff92fb58000 	C:\Windows\SYSTEM32\IPHLPAPI.DLL
0x00000000615e0000 - 0x00000000615f1000 	C:\Program Files\Java\jdk1.8.0\jre\bin\nio.dll
0x00000000615b0000 - 0x00000000615d4000 	C:\Program Files\Java\jdk1.8.0\jre\bin\sunec.dll
0x00000000615a0000 - 0x00000000615ab000 	C:\Program Files\Java\jdk1.8.0\jre\bin\sunmscapi.dll
0x00007ff933c70000 - 0x00007ff933e38000 	C:\Windows\system32\CRYPT32.dll
0x00007ff933be0000 - 0x00007ff933bf0000 	C:\Windows\system32\MSASN1.dll
0x00007ff932490000 - 0x00007ff932509000 	C:\Windows\system32\apphelp.dll
0x00007ff92df30000 - 0x00007ff92df46000 	C:\Windows\SYSTEM32\dhcpcsvc6.DLL
0x00007ff92e0e0000 - 0x00007ff92e0fa000 	C:\Windows\SYSTEM32\dhcpcsvc.DLL
0x00007ff911ce0000 - 0x00007ff911e6c000 	C:\Windows\SYSTEM32\dbghelp.dll

VM Arguments:
jvm_args: -ea -Dfile.encoding=Cp1252 
java_command: org.testng.remote.RemoteTestNG -serport 63219 -protocol json -d E:\New Projects\eSign\test-output E:\New Projects\eSign\Build\Package.xml
java_class_path (initial): E:\Softwares\eclipse\configuration\org.eclipse.osgi\935\0\.cp\lib\testng-remote.jar;E:\New Projects\eSign\target\test-classes;E:\New Projects\eSign\target\classes;C:\Users\admin\.m2\repository\org\testng\testng\6.14.2\testng-6.14.2.jar;C:\Users\admin\.m2\repository\com\beust\jcommander\1.72\jcommander-1.72.jar;C:\Users\admin\.m2\repository\org\apache-extras\beanshell\bsh\2.0b6\bsh-2.0b6.jar;C:\Users\admin\.m2\repository\org\seleniumhq\selenium\selenium-java\3.13.0\selenium-java-3.13.0.jar;C:\Users\admin\.m2\repository\org\seleniumhq\selenium\selenium-edge-driver\3.13.0\selenium-edge-driver-3.13.0.jar;C:\Users\admin\.m2\repository\org\seleniumhq\selenium\selenium-ie-driver\3.13.0\selenium-ie-driver-3.13.0.jar;C:\Users\admin\.m2\repository\org\seleniumhq\selenium\selenium-opera-driver\3.13.0\selenium-opera-driver-3.13.0.jar;C:\Users\admin\.m2\repository\org\seleniumhq\selenium\selenium-safari-driver\3.13.0\selenium-safari-driver-3.13.0.jar;C:\Users\admin\.m2\repository\org\seleniumhq\selenium\selenium-support\3.13.0\selenium-support-3.13.0.jar;C:\Users\admin\.m2\repository\net\bytebuddy\byte-buddy\1.8.3\byte-buddy-1.8.3.jar;C:\Users\admin\.m2\repository\org\apache\commons\commons-exec\1.3\commons-exec-1.3.jar;C:\Users\admin\.m2\repository\commons-codec\commons-codec\1.10\commons-codec-1.10.jar;C:\Users\admin\.m2\repository\commons-logging\commons-logging\1.2\commons-logging-1.2.jar;C:\Users\admin\.m2\repository\com\google\code\gson\gson\2.8.4\gson-2.8.4.jar;C:\Users\admin\.m2\repository\com\google\guava\guava\25.0-jre\guava-25.0-jre.jar;C:\Users\admin\.m2\repository\com\google\code\findbugs\jsr305\1.3.9\jsr305-1.3.9.jar;C:\Users\admin\.m2\repository\org\checkerframework\checker-compat-qual\2.0.0\checker-compat-qual-2.0.0.jar;C:\Users\admin\.m2\repository\com\google\errorprone\error_prone_annotations\2.1.3\error_prone_annotations-2.1.3.jar;C:\Users\admin\.m2\repository\com\google\j2objc\j2objc-annotations\1.1\j2objc-annotations-1.1.jar;C:\U
Launcher Type: SUN_STANDARD

Environment Variables:
JAVA_HOME=C:\Program Files\Java\jdk1.8.0
PATH=C:\Windows\system32;C:\Windows;C:\Windows\System32\Wbem;C:\Windows\System32\WindowsPowerShell\v1.0\;C:\Program Files (x86)\Skype\Phone\;E:\Backup Folder\Chirag Backup\Software\apache-maven-3.5.2-bin\apache-maven-3.5.2\bin;C:\Program Files\Java\jdk1.8.0\bin;E:\Android Project\android-sdk-windows_Full\android-sdk-windows\build-tools\25.0.0;E:\Android Project\android-sdk-windows_Full\android-sdk-windows\platform-tools
USERNAME=admin
OS=Windows_NT
PROCESSOR_IDENTIFIER=AMD64 Family 21 Model 48 Stepping 1, AuthenticAMD



---------------  S Y S T E M  ---------------

OS: Windows 8.1 , 64 bit Build 9600 

CPU:total 4 (4 cores per cpu, 1 threads per core) family 21 model 48 stepping 1, cmov, cx8, fxsr, mmx, sse, sse2, sse3, ssse3, sse4.1, sse4.2, popcnt, avx, aes, clmul, mmxext, 3dnowpref, lzcnt, sse4a, tsc, tscinvbit

Memory: 4k page, physical 7284048k(1690876k free), swap 12277028k(1556512k free)

vm_info: Java HotSpot(TM) 64-Bit Server VM (25.0-b55) for windows-amd64 JRE (1.8.0-ea-b113), built on Oct 24 2013 10:27:42 by "java_re" with MS VC++ 10.0 (VS2010)

time: Thu Oct 18 11:27:24 2018
elapsed time: 5 seconds

