#
# A fatal error has been detected by the Java Runtime Environment:
#
#  EXCEPTION_ACCESS_VIOLATION (0xc0000005) at pc=0x0000000060e307d6, pid=14168, tid=4236
#
# JRE version: Java(TM) SE Runtime Environment (8.0-b113) (build 1.8.0-ea-b113)
# Java VM: Java HotSpot(TM) 64-Bit Server VM (25.0-b55 mixed mode windows-amd64 compressed oops)
# Problematic frame:
# V  [jvm.dll+0x1107d6]
#
# Failed to write core dump. Minidumps are not enabled by default on client versions of Windows
#
# If you would like to submit a bug report, please visit:
#   http://bugreport.sun.com/bugreport/crash.jsp
#

---------------  T H R E A D  ---------------

Current thread (0x0000000016726000):  VMThread [stack: 0x00000000177f0000,0x00000000178f0000] [id=4236]

siginfo: ExceptionCode=0xc0000005, reading address 0x0000000000033288

Registers:
RAX=0x000000006131f950, RBX=0x0000000018892470, RCX=0x0000000000033220, RDX=0x00000000614859f0
RSP=0x00000000178eedd8, RBP=0x00000000614859f0, RSI=0x0000000000000001, RDI=0x0000000000000002
R8 =0x00000000614859f0, R9 =0x0000000000000004, R10=0x00000000000001fe, R11=0x0000000018892460
R12=0x0000000000000000, R13=0x00000000614859f0, R14=0x000000006131f858, R15=0x0000000061485960
RIP=0x0000000060e307d6, EFLAGS=0x0000000000010202

Top of Stack: (sp=0x00000000178eedd8)
0x00000000178eedd8:   0000000060e3a298 00000000612c49d8
0x00000000178eede8:   0000000060da9f63 0000000000000000
0x00000000178eedf8:   0000000002aedc50 00000008001f7428
0x00000000178eee08:   0000000060d54a53 00000000614859f0
0x00000000178eee18:   0000000018892460 0000000000000000
0x00000000178eee28:   0000000000000000 000000001a98fc28
0x00000000178eee38:   0000000060e136dd 0000000018892460
0x00000000178eee48:   0000000000000000 0000000000000000
0x00000000178eee58:   000000001a98fc28 00000000612d7260
0x00000000178eee68:   0000000000000000 00000008001f7428
0x00000000178eee78:   0000000060e319a2 00000008001f7028
0x00000000178eee88:   00000000178eeef8 00000000614859f0
0x00000000178eee98:   0000000060d7ad8d 00000000612d7260
0x00000000178eeea8:   00000000000001fe ffffffffffffff00
0x00000000178eeeb8:   0000000000000004 00000000000000f9
0x00000000178eeec8:   0000000000000000 0000000000000000 

Instructions: (pc=0x0000000060e307d6)
0x0000000060e307b6:   c0 74 14 48 8b 50 78 48 85 d2 74 07 48 89 91 80
0x0000000060e307c6:   00 00 00 48 89 48 78 f3 c3 cc 48 8b 02 4c 8b c2
0x0000000060e307d6:   48 8b 51 68 49 8b c8 48 ff 20 48 8b 81 90 00 00
0x0000000060e307e6:   00 48 8b 00 c3 cc cc cc cc cc 40 53 48 83 ec 50 


Register to memory mapping:

RAX=0x000000006131f950 is an unknown value
RBX=0x0000000018892470 is an unknown value
RCX=0x0000000000033220 is an unknown value
RDX=0x00000000614859f0 is an unknown value
RSP=0x00000000178eedd8 is an unknown value
RBP=0x00000000614859f0 is an unknown value
RSI=0x0000000000000001 is an unknown value
RDI=0x0000000000000002 is an unknown value
R8 =0x00000000614859f0 is an unknown value
R9 =0x0000000000000004 is an unknown value
R10=0x00000000000001fe is an unknown value
R11=0x0000000018892460 is an unknown value
R12=0x0000000000000000 is an unknown value
R13=0x00000000614859f0 is an unknown value
R14=0x000000006131f858 is an unknown value
R15=0x0000000061485960 is an unknown value


Stack: [0x00000000177f0000,0x00000000178f0000],  sp=0x00000000178eedd8,  free space=1019k
Native frames: (J=compiled Java code, j=interpreted, Vv=VM code, C=native code)
V  [jvm.dll+0x1107d6]

VM_Operation (0x0000000019429d80): CollectForMetadataAllocation, mode: safepoint, requested by thread 0x00000000188c2000


---------------  P R O C E S S  ---------------

Java Threads: ( => current thread )
  0x0000000018d71000 JavaThread "ForkJoinPool.commonPool-worker-1" daemon [_thread_blocked, id=3460, stack(0x000000001b300000,0x000000001b400000)]
  0x0000000018d70000 JavaThread "ForkJoinPool.commonPool-worker-2" daemon [_thread_blocked, id=17860, stack(0x000000001b200000,0x000000001b300000)]
  0x0000000018d6f800 JavaThread "ForkJoinPool.commonPool-worker-3" daemon [_thread_blocked, id=9860, stack(0x000000001b100000,0x000000001b200000)]
  0x0000000018cd4000 JavaThread "Exec Stream Pumper" daemon [_thread_in_native, id=5572, stack(0x000000001b000000,0x000000001b100000)]
  0x0000000018cd3800 JavaThread "Exec Stream Pumper" daemon [_thread_in_native, id=8372, stack(0x000000001af00000,0x000000001b000000)]
  0x0000000018d2f000 JavaThread "Exec Default Executor" daemon [_thread_in_native, id=19016, stack(0x000000001ae00000,0x000000001af00000)]
  0x00000000188c2000 JavaThread "Forwarding newSession on session null to remote" [_thread_blocked, id=12756, stack(0x0000000019330000,0x0000000019430000)]
  0x00000000187e4800 JavaThread "ReaderThread" [_thread_in_native, id=20460, stack(0x0000000019230000,0x0000000019330000)]
  0x00000000167be000 JavaThread "Service Thread" daemon [_thread_blocked, id=11236, stack(0x00000000183f0000,0x00000000184f0000)]
  0x0000000016759800 JavaThread "C1 CompilerThread2" daemon [_thread_blocked, id=18368, stack(0x0000000017ef0000,0x0000000017ff0000)]
  0x0000000016759000 JavaThread "C2 CompilerThread1" daemon [_thread_blocked, id=19140, stack(0x0000000017df0000,0x0000000017ef0000)]
  0x0000000016755000 JavaThread "C2 CompilerThread0" daemon [_thread_blocked, id=11968, stack(0x0000000017cf0000,0x0000000017df0000)]
  0x0000000016753000 JavaThread "Attach Listener" daemon [_thread_blocked, id=10272, stack(0x0000000017bf0000,0x0000000017cf0000)]
  0x0000000016752000 JavaThread "Signal Dispatcher" daemon [_thread_blocked, id=12232, stack(0x0000000017af0000,0x0000000017bf0000)]
  0x00000000024f4000 JavaThread "Finalizer" daemon [_thread_blocked, id=3724, stack(0x00000000179f0000,0x0000000017af0000)]
  0x0000000016728000 JavaThread "Reference Handler" daemon [_thread_blocked, id=16896, stack(0x00000000178f0000,0x00000000179f0000)]
  0x0000000002403800 JavaThread "main" [_thread_blocked, id=18480, stack(0x0000000002200000,0x0000000002300000)]

Other Threads:
=>0x0000000016726000 VMThread [stack: 0x00000000177f0000,0x00000000178f0000] [id=4236]
  0x000000001800c000 WatcherThread [stack: 0x00000000184f0000,0x00000000185f0000] [id=10188]

VM state:at safepoint (normal execution)

VM Mutex/Monitor currently owned by a thread:  ([mutex/lock_event])
[0x0000000002400b50] Threads_lock - owner thread: 0x0000000016726000
[0x0000000002400650] Heap_lock - owner thread: 0x00000000188c2000

Heap:
 PSYoungGen      total 62976K, used 4576K [0x00000000dae80000, 0x00000000df080000, 0x0000000100000000)
  eden space 58368K, 0% used [0x00000000dae80000,0x00000000dae80000,0x00000000de780000)
  from space 4608K, 99% used [0x00000000dec00000,0x00000000df0780d0,0x00000000df080000)
  to   space 4608K, 0% used [0x00000000de780000,0x00000000de780000,0x00000000dec00000)
 ParOldGen       total 75776K, used 9539K [0x0000000090c00000, 0x0000000095600000, 0x00000000dae80000)
  object space 75776K, 12% used [0x0000000090c00000,0x0000000091550ed8,0x0000000095600000)
 Metaspace       used 20840K, capacity 21098K, committed 21296K, reserved 1067008K
  class space    used 2733K, capacity 2843K, committed 2864K, reserved 1048576K

Card table byte_map: [0x00000000118c0000,0x0000000011c40000] byte_map_base: 0x000000001143a000

Marking Bits: (ParMarkBitMap*) 0x00000000614c2bd0
 Begin Bits: [0x00000000122a0000, 0x0000000013e70000)
 End Bits:   [0x0000000013e70000, 0x0000000015a40000)

Polling page: 0x0000000000670000

CodeCache: size=245760Kb used=6072Kb max_used=6072Kb free=239687Kb
 bounds [0x0000000002500000, 0x0000000002b00000, 0x0000000011500000]
 total_blobs=2263 nmethods=1839 adapters=339
 compilation: enabled

Compilation events (10 events):
Event: 4.134 Thread 0x0000000016759800 nmethod 2019 0x0000000002aeabd0 code [0x0000000002aeaec0, 0x0000000002aec568]
Event: 4.134 Thread 0x0000000016759800 2025       3       java.net.URI$Parser::substring (10 bytes)
Event: 4.134 Thread 0x0000000016759800 nmethod 2025 0x0000000002ad8390 code [0x0000000002ad8500, 0x0000000002ad8748]
Event: 4.136 Thread 0x0000000016759800 2026       3       java.util.regex.Pattern::range (279 bytes)
Event: 4.138 Thread 0x0000000016759000 nmethod 2022 0x0000000002aecd50 code [0x0000000002aecf20, 0x0000000002aed5f0]
Event: 4.140 Thread 0x0000000016759800 nmethod 2026 0x0000000002aedc50 code [0x0000000002aee0e0, 0x0000000002af08a8]
Event: 4.140 Thread 0x0000000016759800 2028       3       java.util.regex.Pattern$5::isSatisfiedBy (28 bytes)
Event: 4.141 Thread 0x0000000016759800 nmethod 2028 0x0000000002adc590 code [0x0000000002adc720, 0x0000000002adcaf8]
Event: 4.141 Thread 0x0000000016759800 2027       3       java.util.regex.Pattern$BitClass::add (97 bytes)
Event: 4.141 Thread 0x0000000016759800 nmethod 2027 0x0000000002ae3310 code [0x0000000002ae3520, 0x0000000002ae3eb8]

GC Heap History (9 events):
Event: 1.449 GC heap before
{Heap before GC invocations=1 (full 0):
 PSYoungGen      total 33792K, used 29184K [0x00000000dae80000, 0x00000000dd400000, 0x0000000100000000)
  eden space 29184K, 100% used [0x00000000dae80000,0x00000000dcb00000,0x00000000dcb00000)
  from space 4608K, 0% used [0x00000000dcf80000,0x00000000dcf80000,0x00000000dd400000)
  to   space 4608K, 0% used [0x00000000dcb00000,0x00000000dcb00000,0x00000000dcf80000)
 ParOldGen       total 75776K, used 0K [0x0000000090c00000, 0x0000000095600000, 0x00000000dae80000)
  object space 75776K, 0% used [0x0000000090c00000,0x0000000090c00000,0x0000000095600000)
 Metaspace       used 8805K, capacity 8886K, committed 9088K, reserved 1056768K
  class space    used 1008K, capacity 1043K, committed 1152K, reserved 1048576K
Event: 1.459 GC heap after
Heap after GC invocations=1 (full 0):
 PSYoungGen      total 33792K, used 4591K [0x00000000dae80000, 0x00000000dd400000, 0x0000000100000000)
  eden space 29184K, 0% used [0x00000000dae80000,0x00000000dae80000,0x00000000dcb00000)
  from space 4608K, 99% used [0x00000000dcb00000,0x00000000dcf7be88,0x00000000dcf80000)
  to   space 4608K, 0% used [0x00000000dcf80000,0x00000000dcf80000,0x00000000dd400000)
 ParOldGen       total 75776K, used 366K [0x0000000090c00000, 0x0000000095600000, 0x00000000dae80000)
  object space 75776K, 0% used [0x0000000090c00000,0x0000000090c5b888,0x0000000095600000)
 Metaspace       used 8805K, capacity 8886K, committed 9088K, reserved 1056768K
  class space    used 1008K, capacity 1043K, committed 1152K, reserved 1048576K
}
Event: 2.108 GC heap before
{Heap before GC invocations=2 (full 0):
 PSYoungGen      total 33792K, used 33775K [0x00000000dae80000, 0x00000000dd400000, 0x0000000100000000)
  eden space 29184K, 100% used [0x00000000dae80000,0x00000000dcb00000,0x00000000dcb00000)
  from space 4608K, 99% used [0x00000000dcb00000,0x00000000dcf7be88,0x00000000dcf80000)
  to   space 4608K, 0% used [0x00000000dcf80000,0x00000000dcf80000,0x00000000dd400000)
 ParOldGen       total 75776K, used 366K [0x0000000090c00000, 0x0000000095600000, 0x00000000dae80000)
  object space 75776K, 0% used [0x0000000090c00000,0x0000000090c5b888,0x0000000095600000)
 Metaspace       used 12753K, capacity 12886K, committed 13184K, reserved 1060864K
  class space    used 1532K, capacity 1587K, committed 1664K, reserved 1048576K
Event: 2.122 GC heap after
Heap after GC invocations=2 (full 0):
 PSYoungGen      total 33792K, used 4594K [0x00000000dae80000, 0x00000000df080000, 0x0000000100000000)
  eden space 29184K, 0% used [0x00000000dae80000,0x00000000dae80000,0x00000000dcb00000)
  from space 4608K, 99% used [0x00000000dcf80000,0x00000000dd3fcbd0,0x00000000dd400000)
  to   space 4608K, 0% used [0x00000000dcb00000,0x00000000dcb00000,0x00000000dcf80000)
 ParOldGen       total 75776K, used 3020K [0x0000000090c00000, 0x0000000095600000, 0x00000000dae80000)
  object space 75776K, 3% used [0x0000000090c00000,0x0000000090ef3080,0x0000000095600000)
 Metaspace       used 12753K, capacity 12886K, committed 13184K, reserved 1060864K
  class space    used 1532K, capacity 1587K, committed 1664K, reserved 1048576K
}
Event: 3.016 GC heap before
{Heap before GC invocations=3 (full 0):
 PSYoungGen      total 33792K, used 33778K [0x00000000dae80000, 0x00000000df080000, 0x0000000100000000)
  eden space 29184K, 100% used [0x00000000dae80000,0x00000000dcb00000,0x00000000dcb00000)
  from space 4608K, 99% used [0x00000000dcf80000,0x00000000dd3fcbd0,0x00000000dd400000)
  to   space 4608K, 0% used [0x00000000dcb00000,0x00000000dcb00000,0x00000000dcf80000)
 ParOldGen       total 75776K, used 3020K [0x0000000090c00000, 0x0000000095600000, 0x00000000dae80000)
  object space 75776K, 3% used [0x0000000090c00000,0x0000000090ef3080,0x0000000095600000)
 Metaspace       used 18168K, capacity 18394K, committed 18560K, reserved 1064960K
  class space    used 2323K, capacity 2364K, committed 2432K, reserved 1048576K
Event: 3.034 GC heap after
Heap after GC invocations=3 (full 0):
 PSYoungGen      total 33792K, used 4592K [0x00000000dae80000, 0x00000000df080000, 0x0000000100000000)
  eden space 29184K, 0% used [0x00000000dae80000,0x00000000dae80000,0x00000000dcb00000)
  from space 4608K, 99% used [0x00000000dcb00000,0x00000000dcf7c050,0x00000000dcf80000)
  to   space 4608K, 0% used [0x00000000dec00000,0x00000000dec00000,0x00000000df080000)
 ParOldGen       total 75776K, used 6793K [0x0000000090c00000, 0x0000000095600000, 0x00000000dae80000)
  object space 75776K, 8% used [0x0000000090c00000,0x00000000912a2558,0x0000000095600000)
 Metaspace       used 18168K, capacity 18394K, committed 18560K, reserved 1064960K
  class space    used 2323K, capacity 2364K, committed 2432K, reserved 1048576K
}
Event: 4.158 GC heap before
{Heap before GC invocations=4 (full 0):
 PSYoungGen      total 33792K, used 26622K [0x00000000dae80000, 0x00000000df080000, 0x0000000100000000)
  eden space 29184K, 75% used [0x00000000dae80000,0x00000000dc403888,0x00000000dcb00000)
  from space 4608K, 99% used [0x00000000dcb00000,0x00000000dcf7c050,0x00000000dcf80000)
  to   space 4608K, 0% used [0x00000000dec00000,0x00000000dec00000,0x00000000df080000)
 ParOldGen       total 75776K, used 6793K [0x0000000090c00000, 0x0000000095600000, 0x00000000dae80000)
  object space 75776K, 8% used [0x0000000090c00000,0x00000000912a2558,0x0000000095600000)
 Metaspace       used 20840K, capacity 21098K, committed 21296K, reserved 1067008K
  class space    used 2733K, capacity 2843K, committed 2864K, reserved 1048576K
Event: 4.172 GC heap after
Heap after GC invocations=4 (full 0):
 PSYoungGen      total 62976K, used 4576K [0x00000000dae80000, 0x00000000df080000, 0x0000000100000000)
  eden space 58368K, 0% used [0x00000000dae80000,0x00000000dae80000,0x00000000de780000)
  from space 4608K, 99% used [0x00000000dec00000,0x00000000df0780d0,0x00000000df080000)
  to   space 4608K, 0% used [0x00000000de780000,0x00000000de780000,0x00000000dec00000)
 ParOldGen       total 75776K, used 9539K [0x0000000090c00000, 0x0000000095600000, 0x00000000dae80000)
  object space 75776K, 12% used [0x0000000090c00000,0x0000000091550ed8,0x0000000095600000)
 Metaspace       used 20840K, capacity 21098K, committed 21296K, reserved 1067008K
  class space    used 2733K, capacity 2843K, committed 2864K, reserved 1048576K
}
Event: 4.172 GC heap before
{Heap before GC invocations=5 (full 1):
 PSYoungGen      total 62976K, used 4576K [0x00000000dae80000, 0x00000000df080000, 0x0000000100000000)
  eden space 58368K, 0% used [0x00000000dae80000,0x00000000dae80000,0x00000000de780000)
  from space 4608K, 99% used [0x00000000dec00000,0x00000000df0780d0,0x00000000df080000)
  to   space 4608K, 0% used [0x00000000de780000,0x00000000de780000,0x00000000dec00000)
 ParOldGen       total 75776K, used 9539K [0x0000000090c00000, 0x0000000095600000, 0x00000000dae80000)
  object space 75776K, 12% used [0x0000000090c00000,0x0000000091550ed8,0x0000000095600000)
 Metaspace       used 20840K, capacity 21098K, committed 21296K, reserved 1067008K
  class space    used 2733K, capacity 2843K, committed 2864K, reserved 1048576K

Deoptimization events (10 events):
Event: 2.933 Thread 0x00000000188c2000 Uncommon trap: reason=class_check action=maybe_recompile pc=0x00000000027c99fc method=java.util.HashMap.putVal(ILjava/lang/Object;Ljava/lang/Object;ZZ)Ljava/lang/Object; @ 203
Event: 2.948 Thread 0x00000000188c2000 Uncommon trap: reason=class_check action=maybe_recompile pc=0x00000000029a0c00 method=java.util.HashSet.add(Ljava/lang/Object;)Z @ 8
Event: 2.954 Thread 0x00000000188c2000 Uncommon trap: reason=class_check action=maybe_recompile pc=0x00000000029a0c00 method=java.util.HashSet.add(Ljava/lang/Object;)Z @ 8
Event: 2.955 Thread 0x00000000188c2000 Uncommon trap: reason=class_check action=maybe_recompile pc=0x00000000029a0c00 method=java.util.HashSet.add(Ljava/lang/Object;)Z @ 8
Event: 2.956 Thread 0x00000000188c2000 Uncommon trap: reason=class_check action=maybe_recompile pc=0x00000000029a0c00 method=java.util.HashSet.add(Ljava/lang/Object;)Z @ 8
Event: 3.086 Thread 0x00000000188c2000 Uncommon trap: reason=unreached action=reinterpret pc=0x000000000273d1d4 method=java.util.ArrayList.indexOf(Ljava/lang/Object;)I @ 1
Event: 3.775 Thread 0x00000000188c2000 Uncommon trap: reason=class_check action=maybe_recompile pc=0x00000000029708f8 method=org.openqa.selenium.json.Input.init()V @ 18
Event: 3.775 Thread 0x00000000188c2000 Uncommon trap: reason=class_check action=maybe_recompile pc=0x00000000029708f8 method=org.openqa.selenium.json.Input.init()V @ 18
Event: 3.775 Thread 0x00000000188c2000 Uncommon trap: reason=class_check action=maybe_recompile pc=0x00000000029708f8 method=org.openqa.selenium.json.Input.init()V @ 18
Event: 3.775 Thread 0x00000000188c2000 Uncommon trap: reason=class_check action=maybe_recompile pc=0x00000000029708f8 method=org.openqa.selenium.json.Input.init()V @ 18

Internal exceptions (10 events):
Event: 4.150 Thread 0x00000000188c2000 Exception <a 'java/security/PrivilegedActionException'> (0x00000000dc3909b8) thrown at [D:\re\workspace\8-2-build-windows-amd64-cygwin\jdk8\563\hotspot\src\share\vm\prims\jvm.cpp, line 1248]
Event: 4.151 Thread 0x00000000188c2000 Exception <a 'java/security/PrivilegedActionException'> (0x00000000dc39eb60) thrown at [D:\re\workspace\8-2-build-windows-amd64-cygwin\jdk8\563\hotspot\src\share\vm\prims\jvm.cpp, line 1248]
Event: 4.152 Thread 0x00000000188c2000 Exception <a 'java/security/PrivilegedActionException'> (0x00000000dc3a6b30) thrown at [D:\re\workspace\8-2-build-windows-amd64-cygwin\jdk8\563\hotspot\src\share\vm\prims\jvm.cpp, line 1248]
Event: 4.153 Thread 0x00000000188c2000 Exception <a 'java/security/PrivilegedActionException'> (0x00000000dc3b0e70) thrown at [D:\re\workspace\8-2-build-windows-amd64-cygwin\jdk8\563\hotspot\src\share\vm\prims\jvm.cpp, line 1248]
Event: 4.154 Thread 0x00000000188c2000 Exception <a 'java/security/PrivilegedActionException'> (0x00000000dc3ba3c8) thrown at [D:\re\workspace\8-2-build-windows-amd64-cygwin\jdk8\563\hotspot\src\share\vm\prims\jvm.cpp, line 1248]
Event: 4.154 Thread 0x00000000188c2000 Exception <a 'java/security/PrivilegedActionException'> (0x00000000dc3bffb8) thrown at [D:\re\workspace\8-2-build-windows-amd64-cygwin\jdk8\563\hotspot\src\share\vm\prims\jvm.cpp, line 1248]
Event: 4.155 Thread 0x00000000188c2000 Exception <a 'java/security/PrivilegedActionException'> (0x00000000dc3c7ec0) thrown at [D:\re\workspace\8-2-build-windows-amd64-cygwin\jdk8\563\hotspot\src\share\vm\prims\jvm.cpp, line 1248]
Event: 4.156 Thread 0x00000000188c2000 Exception <a 'java/security/PrivilegedActionException'> (0x00000000dc3ce150) thrown at [D:\re\workspace\8-2-build-windows-amd64-cygwin\jdk8\563\hotspot\src\share\vm\prims\jvm.cpp, line 1248]
Event: 4.157 Thread 0x00000000188c2000 Exception <a 'java/security/PrivilegedActionException'> (0x00000000dc3d34b8) thrown at [D:\re\workspace\8-2-build-windows-amd64-cygwin\jdk8\563\hotspot\src\share\vm\prims\jvm.cpp, line 1248]
Event: 4.157 Thread 0x00000000188c2000 Exception <a 'java/security/PrivilegedActionException'> (0x00000000dc3d9ee0) thrown at [D:\re\workspace\8-2-build-windows-amd64-cygwin\jdk8\563\hotspot\src\share\vm\prims\jvm.cpp, line 1248]

Events (10 events):
Event: 4.155 loading class okhttp3/CacheControl$Builder done
Event: 4.156 loading class java/util/ArrayDeque$DeqIterator
Event: 4.156 loading class java/util/ArrayDeque$DeqIterator done
Event: 4.156 loading class okhttp3/Route
Event: 4.156 loading class okhttp3/Route done
Event: 4.157 loading class okhttp3/internal/connection/RouteSelector$Selection
Event: 4.157 loading class okhttp3/internal/connection/RouteSelector$Selection done
Event: 4.157 loading class okhttp3/internal/connection/RealConnection
Event: 4.157 loading class okhttp3/internal/connection/RealConnection done
Event: 4.158 Executing VM operation: CollectForMetadataAllocation


Dynamic libraries:
0x00007ff634dc0000 - 0x00007ff634df4000 	C:\Program Files\Java\jdk1.8.0\bin\javaw.exe
0x00007ff9375c0000 - 0x00007ff937781000 	C:\Windows\SYSTEM32\ntdll.dll
0x00007ff937340000 - 0x00007ff9373ed000 	C:\Windows\system32\KERNEL32.DLL
0x00007ff934180000 - 0x00007ff934368000 	C:\Windows\system32\KERNELBASE.dll
0x00007ff936ac0000 - 0x00007ff936b67000 	C:\Windows\system32\ADVAPI32.dll
0x00007ff936a20000 - 0x00007ff936abd000 	C:\Windows\system32\msvcrt.dll
0x00007ff936790000 - 0x00007ff9367eb000 	C:\Windows\system32\sechost.dll
0x00007ff936cf0000 - 0x00007ff936e0d000 	C:\Windows\system32\RPCRT4.dll
0x00007ff936630000 - 0x00007ff936786000 	C:\Windows\system32\USER32.dll
0x00007ff936880000 - 0x00007ff936a07000 	C:\Windows\system32\GDI32.dll
0x00007ff92a670000 - 0x00007ff92a8e4000 	C:\Windows\WinSxS\amd64_microsoft.windows.common-controls_6595b64144ccf1df_6.0.10586.839_none_a2ddba30a539a2ae\COMCTL32.dll
0x00007ff936080000 - 0x00007ff9362fe000 	C:\Windows\system32\combase.dll
0x00007ff933e40000 - 0x00007ff933eaa000 	C:\Windows\system32\bcryptPrimitives.dll
0x00007ff9372a0000 - 0x00007ff9372db000 	C:\Windows\system32\IMM32.DLL
0x0000000062050000 - 0x0000000062122000 	C:\Program Files\Java\jdk1.8.0\jre\bin\msvcr100.dll
0x0000000060d20000 - 0x0000000061539000 	C:\Program Files\Java\jdk1.8.0\jre\bin\server\jvm.dll
0x00007ff9375b0000 - 0x00007ff9375b8000 	C:\Windows\system32\PSAPI.DLL
0x00007ff931f20000 - 0x00007ff931f43000 	C:\Windows\SYSTEM32\WINMM.dll
0x00007ff92e100000 - 0x00007ff92e109000 	C:\Windows\SYSTEM32\WSOCK32.dll
0x0000000000620000 - 0x000000000064c000 	C:\Windows\SYSTEM32\WINMMBASE.dll
0x00007ff936c80000 - 0x00007ff936ceb000 	C:\Windows\system32\WS2_32.dll
0x00007ff934000000 - 0x00007ff934043000 	C:\Windows\system32\cfgmgr32.dll
0x0000000062040000 - 0x000000006204f000 	C:\Program Files\Java\jdk1.8.0\jre\bin\verify.dll
0x0000000062010000 - 0x0000000062038000 	C:\Program Files\Java\jdk1.8.0\jre\bin\java.dll
0x0000000061fa0000 - 0x0000000061fb6000 	C:\Program Files\Java\jdk1.8.0\jre\bin\zip.dll
0x00007ff9349c0000 - 0x00007ff935f1c000 	C:\Windows\system32\SHELL32.dll
0x00007ff934370000 - 0x00007ff9349b5000 	C:\Windows\system32\windows.storage.dll
0x00007ff9372e0000 - 0x00007ff937332000 	C:\Windows\system32\shlwapi.dll
0x00007ff933bf0000 - 0x00007ff933bff000 	C:\Windows\system32\kernel.appcore.dll
0x00007ff933eb0000 - 0x00007ff933f65000 	C:\Windows\system32\shcore.dll
0x00007ff933c00000 - 0x00007ff933c4b000 	C:\Windows\system32\powrprof.dll
0x00007ff933c50000 - 0x00007ff933c64000 	C:\Windows\system32\profapi.dll
0x0000000060cd0000 - 0x0000000060ce9000 	C:\Program Files\Java\jdk1.8.0\jre\bin\net.dll
0x00007ff933510000 - 0x00007ff93356c000 	C:\Windows\system32\mswsock.dll
0x00007ff932710000 - 0x00007ff9327ba000 	C:\Windows\SYSTEM32\DNSAPI.dll
0x00007ff936a10000 - 0x00007ff936a18000 	C:\Windows\system32\NSI.dll
0x00007ff92b490000 - 0x00007ff92b49a000 	C:\Windows\System32\rasadhlp.dll
0x00007ff92e440000 - 0x00007ff92e4a7000 	C:\Windows\System32\fwpuclnt.dll
0x00007ff933a70000 - 0x00007ff933a99000 	C:\Windows\SYSTEM32\bcrypt.dll
0x00007ff9335c0000 - 0x00007ff9335d7000 	C:\Windows\SYSTEM32\CRYPTSP.dll
0x00007ff933250000 - 0x00007ff933284000 	C:\Windows\system32\rsaenh.dll
0x00007ff9333a0000 - 0x00007ff9333bf000 	C:\Windows\SYSTEM32\USERENV.dll
0x00007ff9336e0000 - 0x00007ff9336eb000 	C:\Windows\SYSTEM32\CRYPTBASE.dll
0x00007ff91e670000 - 0x00007ff91e686000 	C:\Windows\system32\napinsp.dll
0x00007ff91e690000 - 0x00007ff91e6aa000 	C:\Windows\system32\pnrpnsp.dll
0x00007ff9316a0000 - 0x00007ff9316b8000 	C:\Windows\system32\NLAapi.dll
0x00007ff91e6b0000 - 0x00007ff91e6bd000 	C:\Windows\System32\winrnr.dll
0x00007ff91e6c0000 - 0x00007ff91e6d5000 	C:\Windows\System32\wshbth.dll
0x00007ff92fb20000 - 0x00007ff92fb58000 	C:\Windows\SYSTEM32\IPHLPAPI.DLL
0x0000000060cb0000 - 0x0000000060cc1000 	C:\Program Files\Java\jdk1.8.0\jre\bin\nio.dll
0x0000000060cf0000 - 0x0000000060d14000 	C:\Program Files\Java\jdk1.8.0\jre\bin\sunec.dll
0x0000000061f80000 - 0x0000000061f8b000 	C:\Program Files\Java\jdk1.8.0\jre\bin\sunmscapi.dll
0x00007ff933c70000 - 0x00007ff933e38000 	C:\Windows\system32\CRYPT32.dll
0x00007ff933be0000 - 0x00007ff933bf0000 	C:\Windows\system32\MSASN1.dll
0x00007ff92df30000 - 0x00007ff92df46000 	C:\Windows\SYSTEM32\dhcpcsvc6.DLL
0x00007ff92e0e0000 - 0x00007ff92e0fa000 	C:\Windows\SYSTEM32\dhcpcsvc.DLL
0x00007ff911ce0000 - 0x00007ff911e6c000 	C:\Windows\SYSTEM32\dbghelp.dll

VM Arguments:
jvm_args: -ea -Dfile.encoding=Cp1252 
java_command: org.testng.remote.RemoteTestNG -serport 64371 -protocol json -d E:\New Projects\eSign\test-output E:\New Projects\eSign\Build\Package.xml
java_class_path (initial): E:\Softwares\eclipse\configuration\org.eclipse.osgi\935\0\.cp\lib\testng-remote.jar;E:\New Projects\eSign\target\test-classes;E:\New Projects\eSign\target\classes;C:\Users\admin\.m2\repository\org\testng\testng\6.14.2\testng-6.14.2.jar;C:\Users\admin\.m2\repository\com\beust\jcommander\1.72\jcommander-1.72.jar;C:\Users\admin\.m2\repository\org\apache-extras\beanshell\bsh\2.0b6\bsh-2.0b6.jar;C:\Users\admin\.m2\repository\org\seleniumhq\selenium\selenium-java\3.13.0\selenium-java-3.13.0.jar;C:\Users\admin\.m2\repository\org\seleniumhq\selenium\selenium-edge-driver\3.13.0\selenium-edge-driver-3.13.0.jar;C:\Users\admin\.m2\repository\org\seleniumhq\selenium\selenium-ie-driver\3.13.0\selenium-ie-driver-3.13.0.jar;C:\Users\admin\.m2\repository\org\seleniumhq\selenium\selenium-opera-driver\3.13.0\selenium-opera-driver-3.13.0.jar;C:\Users\admin\.m2\repository\org\seleniumhq\selenium\selenium-safari-driver\3.13.0\selenium-safari-driver-3.13.0.jar;C:\Users\admin\.m2\repository\org\seleniumhq\selenium\selenium-support\3.13.0\selenium-support-3.13.0.jar;C:\Users\admin\.m2\repository\net\bytebuddy\byte-buddy\1.8.3\byte-buddy-1.8.3.jar;C:\Users\admin\.m2\repository\org\apache\commons\commons-exec\1.3\commons-exec-1.3.jar;C:\Users\admin\.m2\repository\commons-codec\commons-codec\1.10\commons-codec-1.10.jar;C:\Users\admin\.m2\repository\commons-logging\commons-logging\1.2\commons-logging-1.2.jar;C:\Users\admin\.m2\repository\com\google\code\gson\gson\2.8.4\gson-2.8.4.jar;C:\Users\admin\.m2\repository\com\google\guava\guava\25.0-jre\guava-25.0-jre.jar;C:\Users\admin\.m2\repository\com\google\code\findbugs\jsr305\1.3.9\jsr305-1.3.9.jar;C:\Users\admin\.m2\repository\org\checkerframework\checker-compat-qual\2.0.0\checker-compat-qual-2.0.0.jar;C:\Users\admin\.m2\repository\com\google\errorprone\error_prone_annotations\2.1.3\error_prone_annotations-2.1.3.jar;C:\Users\admin\.m2\repository\com\google\j2objc\j2objc-annotations\1.1\j2objc-annotations-1.1.jar;C:\U
Launcher Type: SUN_STANDARD

Environment Variables:
JAVA_HOME=C:\Program Files\Java\jdk1.8.0
PATH=C:\Windows\system32;C:\Windows;C:\Windows\System32\Wbem;C:\Windows\System32\WindowsPowerShell\v1.0\;C:\Program Files (x86)\Skype\Phone\;E:\Backup Folder\Chirag Backup\Software\apache-maven-3.5.2-bin\apache-maven-3.5.2\bin;C:\Program Files\Java\jdk1.8.0\bin
USERNAME=admin
OS=Windows_NT
PROCESSOR_IDENTIFIER=AMD64 Family 21 Model 48 Stepping 1, AuthenticAMD



---------------  S Y S T E M  ---------------

OS: Windows 8.1 , 64 bit Build 9600 

CPU:total 4 (4 cores per cpu, 1 threads per core) family 21 model 48 stepping 1, cmov, cx8, fxsr, mmx, sse, sse2, sse3, ssse3, sse4.1, sse4.2, popcnt, avx, aes, clmul, mmxext, 3dnowpref, lzcnt, sse4a, tsc, tscinvbit

Memory: 4k page, physical 7284048k(2027492k free), swap 13007872k(1829428k free)

vm_info: Java HotSpot(TM) 64-Bit Server VM (25.0-b55) for windows-amd64 JRE (1.8.0-ea-b113), built on Oct 24 2013 10:27:42 by "java_re" with MS VC++ 10.0 (VS2010)

time: Wed Oct 10 11:23:46 2018
elapsed time: 4 seconds

