#
# A fatal error has been detected by the Java Runtime Environment:
#
#  EXCEPTION_ACCESS_VIOLATION (0xc0000005) at pc=0x00000000534c07d6, pid=13948, tid=15920
#
# JRE version: Java(TM) SE Runtime Environment (8.0-b113) (build 1.8.0-ea-b113)
# Java VM: Java HotSpot(TM) 64-Bit Server VM (25.0-b55 mixed mode windows-amd64 compressed oops)
# Problematic frame:
# V  [jvm.dll+0x1107d6]
#
# Failed to write core dump. Minidumps are not enabled by default on client versions of Windows
#
# If you would like to submit a bug report, please visit:
#   http://bugreport.sun.com/bugreport/crash.jsp
#

---------------  T H R E A D  ---------------

Current thread (0x0000000017204000):  VMThread [stack: 0x00000000182a0000,0x00000000183a0000] [id=15920]

siginfo: ExceptionCode=0xc0000005, reading address 0x0000000000033288

Registers:
RAX=0x00000000539af950, RBX=0x0000000018ba9770, RCX=0x0000000000033220, RDX=0x0000000053b159f0
RSP=0x000000001839f238, RBP=0x0000000053b159f0, RSI=0x0000000000000001, RDI=0x0000000000000002
R8 =0x0000000053b159f0, R9 =0x0000000000000004, R10=0x00000000000001fe, R11=0x0000000018ba9760
R12=0x0000000000000000, R13=0x0000000053b159f0, R14=0x00000000539af858, R15=0x0000000053b15960
RIP=0x00000000534c07d6, EFLAGS=0x0000000000010202

Top of Stack: (sp=0x000000001839f238)
0x000000001839f238:   00000000534ca298 0000000053b159f0
0x000000001839f248:   0000000053439e8c 0000000000000000
0x000000001839f258:   000000001839f2d9 00000008001f7428
0x000000001839f268:   00000000533e4a53 0000000053b159f0
0x000000001839f278:   0000000018ba9760 0000000000000000
0x000000001839f288:   0000000000000000 000000001b53fc28
0x000000001839f298:   00000000534a36dd 0000000018ba9760
0x000000001839f2a8:   0000000000000000 0000000000000000
0x000000001839f2b8:   000000001b53fc28 0000000053967260
0x000000001839f2c8:   0000000000000000 00000008001f7428
0x000000001839f2d8:   00000000534c19a2 00000008001f7028
0x000000001839f2e8:   000000001839f358 0000000053b159f0
0x000000001839f2f8:   000000005340ad8d 0000000053967260
0x000000001839f308:   00000000000001fe ffffffffffffff00
0x000000001839f318:   0000000000000004 00000000000000fd
0x000000001839f328:   0000000000000000 0000000000000000 

Instructions: (pc=0x00000000534c07d6)
0x00000000534c07b6:   c0 74 14 48 8b 50 78 48 85 d2 74 07 48 89 91 80
0x00000000534c07c6:   00 00 00 48 89 48 78 f3 c3 cc 48 8b 02 4c 8b c2
0x00000000534c07d6:   48 8b 51 68 49 8b c8 48 ff 20 48 8b 81 90 00 00
0x00000000534c07e6:   00 48 8b 00 c3 cc cc cc cc cc 40 53 48 83 ec 50 


Register to memory mapping:

RAX=0x00000000539af950 is an unknown value
RBX=0x0000000018ba9770 is an unknown value
RCX=0x0000000000033220 is an unknown value
RDX=0x0000000053b159f0 is an unknown value
RSP=0x000000001839f238 is an unknown value
RBP=0x0000000053b159f0 is an unknown value
RSI=0x0000000000000001 is an unknown value
RDI=0x0000000000000002 is an unknown value
R8 =0x0000000053b159f0 is an unknown value
R9 =0x0000000000000004 is an unknown value
R10=0x00000000000001fe is an unknown value
R11=0x0000000018ba9760 is an unknown value
R12=0x0000000000000000 is an unknown value
R13=0x0000000053b159f0 is an unknown value
R14=0x00000000539af858 is an unknown value
R15=0x0000000053b15960 is an unknown value


Stack: [0x00000000182a0000,0x00000000183a0000],  sp=0x000000001839f238,  free space=1020k
Native frames: (J=compiled Java code, j=interpreted, Vv=VM code, C=native code)
V  [jvm.dll+0x1107d6]

VM_Operation (0x0000000019fda2d0): CollectForMetadataAllocation, mode: safepoint, requested by thread 0x0000000019379800


---------------  P R O C E S S  ---------------

Java Threads: ( => current thread )
  0x000000001a664000 JavaThread "OkHttp ConnectionPool" daemon [_thread_blocked, id=17756, stack(0x000000001bfb0000,0x000000001c0b0000)]
  0x000000001aaea800 JavaThread "ForkJoinPool.commonPool-worker-1" daemon [_thread_blocked, id=18324, stack(0x000000001beb0000,0x000000001bfb0000)]
  0x000000001aae7800 JavaThread "ForkJoinPool.commonPool-worker-2" daemon [_thread_blocked, id=22928, stack(0x000000001bdb0000,0x000000001beb0000)]
  0x000000001a432800 JavaThread "ForkJoinPool.commonPool-worker-3" daemon [_thread_blocked, id=2020, stack(0x000000001bcb0000,0x000000001bdb0000)]
  0x000000001a607000 JavaThread "Exec Stream Pumper" daemon [_thread_in_native, id=27520, stack(0x000000001bbb0000,0x000000001bcb0000)]
  0x0000000019280000 JavaThread "Exec Stream Pumper" daemon [_thread_in_native, id=15356, stack(0x000000001bab0000,0x000000001bbb0000)]
  0x000000001a753800 JavaThread "Exec Default Executor" daemon [_thread_in_native, id=24880, stack(0x000000001b9b0000,0x000000001bab0000)]
  0x0000000019379800 JavaThread "Forwarding newSession on session null to remote" [_thread_blocked, id=19200, stack(0x0000000019ee0000,0x0000000019fe0000)]
  0x000000001926d000 JavaThread "ReaderThread" [_thread_in_native, id=19828, stack(0x0000000019de0000,0x0000000019ee0000)]
  0x0000000018ac8800 JavaThread "Service Thread" daemon [_thread_blocked, id=10092, stack(0x0000000018ea0000,0x0000000018fa0000)]
  0x000000001723c000 JavaThread "C1 CompilerThread2" daemon [_thread_blocked, id=26736, stack(0x00000000189a0000,0x0000000018aa0000)]
  0x000000001723b800 JavaThread "C2 CompilerThread1" daemon [_thread_blocked, id=20608, stack(0x00000000188a0000,0x00000000189a0000)]
  0x0000000017237800 JavaThread "C2 CompilerThread0" daemon [_thread_blocked, id=22972, stack(0x00000000187a0000,0x00000000188a0000)]
  0x0000000017236000 JavaThread "Attach Listener" daemon [_thread_blocked, id=6560, stack(0x00000000186a0000,0x00000000187a0000)]
  0x0000000017234800 JavaThread "Signal Dispatcher" daemon [_thread_blocked, id=26820, stack(0x00000000185a0000,0x00000000186a0000)]
  0x0000000002fa9800 JavaThread "Finalizer" daemon [_thread_blocked, id=26748, stack(0x00000000184a0000,0x00000000185a0000)]
  0x0000000002fa3800 JavaThread "Reference Handler" daemon [_thread_blocked, id=15392, stack(0x00000000183a0000,0x00000000184a0000)]
  0x0000000002eb3800 JavaThread "main" [_thread_blocked, id=18760, stack(0x0000000002d50000,0x0000000002e50000)]

Other Threads:
=>0x0000000017204000 VMThread [stack: 0x00000000182a0000,0x00000000183a0000] [id=15920]
  0x0000000018acd000 WatcherThread [stack: 0x0000000018fa0000,0x00000000190a0000] [id=5360]

VM state:at safepoint (normal execution)

VM Mutex/Monitor currently owned by a thread:  ([mutex/lock_event])
[0x0000000002eb0e50] Threads_lock - owner thread: 0x0000000017204000
[0x0000000002eb0b50] Heap_lock - owner thread: 0x0000000019379800

Heap:
 PSYoungGen      total 62976K, used 4576K [0x00000000dae80000, 0x00000000df080000, 0x0000000100000000)
  eden space 58368K, 0% used [0x00000000dae80000,0x00000000dae80000,0x00000000de780000)
  from space 4608K, 99% used [0x00000000dec00000,0x00000000df0780b0,0x00000000df080000)
  to   space 4608K, 0% used [0x00000000de780000,0x00000000de780000,0x00000000dec00000)
 ParOldGen       total 75776K, used 9550K [0x0000000090c00000, 0x0000000095600000, 0x00000000dae80000)
  object space 75776K, 12% used [0x0000000090c00000,0x00000000915539f8,0x0000000095600000)
 Metaspace       used 20895K, capacity 21080K, committed 21296K, reserved 1067008K
  class space    used 2746K, capacity 2840K, committed 2944K, reserved 1048576K

Card table byte_map: [0x0000000012370000,0x00000000126f0000] byte_map_base: 0x0000000011eea000

Marking Bits: (ParMarkBitMap*) 0x0000000053b52bd0
 Begin Bits: [0x0000000012d50000, 0x0000000014920000)
 End Bits:   [0x0000000014920000, 0x00000000164f0000)

Polling page: 0x0000000002e50000

CodeCache: size=245760Kb used=5793Kb max_used=5793Kb free=239966Kb
 bounds [0x0000000002fb0000, 0x0000000003560000, 0x0000000011fb0000]
 total_blobs=2173 nmethods=1747 adapters=341
 compilation: enabled

Compilation events (10 events):
Event: 4.170 Thread 0x000000001723b800 nmethod 1912 0x000000000354f5d0 code [0x000000000354f720, 0x000000000354f808]
Event: 4.172 Thread 0x000000001723c000 nmethod 1913 0x0000000003557e90 code [0x0000000003558320, 0x000000000355aae8]
Event: 4.172 Thread 0x000000001723c000 1916       3       java.util.regex.Pattern$5::isSatisfiedBy (28 bytes)
Event: 4.172 Thread 0x000000001723c000 nmethod 1916 0x0000000003557810 code [0x00000000035579a0, 0x0000000003557d78]
Event: 4.172 Thread 0x000000001723c000 1914       3       java.util.regex.Pattern::bitsOrSingle (104 bytes)
Event: 4.173 Thread 0x000000001723c000 nmethod 1914 0x0000000003556d50 code [0x0000000003556f00, 0x00000000035576b8]
Event: 4.173 Thread 0x000000001723c000 1915       3       java.util.regex.Pattern$BitClass::add (97 bytes)
Event: 4.173 Thread 0x000000001723c000 nmethod 1915 0x0000000003553450 code [0x0000000003553660, 0x0000000003553ff8]
Event: 4.196 Thread 0x000000001723c000 1917       3       java.net.URI$Parser::substring (10 bytes)
Event: 4.197 Thread 0x000000001723c000 nmethod 1917 0x000000000355c290 code [0x000000000355c400, 0x000000000355c648]

GC Heap History (9 events):
Event: 1.371 GC heap before
{Heap before GC invocations=1 (full 0):
 PSYoungGen      total 33792K, used 29184K [0x00000000dae80000, 0x00000000dd400000, 0x0000000100000000)
  eden space 29184K, 100% used [0x00000000dae80000,0x00000000dcb00000,0x00000000dcb00000)
  from space 4608K, 0% used [0x00000000dcf80000,0x00000000dcf80000,0x00000000dd400000)
  to   space 4608K, 0% used [0x00000000dcb00000,0x00000000dcb00000,0x00000000dcf80000)
 ParOldGen       total 75776K, used 0K [0x0000000090c00000, 0x0000000095600000, 0x00000000dae80000)
  object space 75776K, 0% used [0x0000000090c00000,0x0000000090c00000,0x0000000095600000)
 Metaspace       used 8931K, capacity 9046K, committed 9344K, reserved 1056768K
  class space    used 1022K, capacity 1075K, committed 1152K, reserved 1048576K
Event: 1.385 GC heap after
Heap after GC invocations=1 (full 0):
 PSYoungGen      total 33792K, used 4587K [0x00000000dae80000, 0x00000000dd400000, 0x0000000100000000)
  eden space 29184K, 0% used [0x00000000dae80000,0x00000000dae80000,0x00000000dcb00000)
  from space 4608K, 99% used [0x00000000dcb00000,0x00000000dcf7af78,0x00000000dcf80000)
  to   space 4608K, 0% used [0x00000000dcf80000,0x00000000dcf80000,0x00000000dd400000)
 ParOldGen       total 75776K, used 485K [0x0000000090c00000, 0x0000000095600000, 0x00000000dae80000)
  object space 75776K, 0% used [0x0000000090c00000,0x0000000090c79598,0x0000000095600000)
 Metaspace       used 8931K, capacity 9046K, committed 9344K, reserved 1056768K
  class space    used 1022K, capacity 1075K, committed 1152K, reserved 1048576K
}
Event: 2.047 GC heap before
{Heap before GC invocations=2 (full 0):
 PSYoungGen      total 33792K, used 33771K [0x00000000dae80000, 0x00000000dd400000, 0x0000000100000000)
  eden space 29184K, 100% used [0x00000000dae80000,0x00000000dcb00000,0x00000000dcb00000)
  from space 4608K, 99% used [0x00000000dcb00000,0x00000000dcf7af78,0x00000000dcf80000)
  to   space 4608K, 0% used [0x00000000dcf80000,0x00000000dcf80000,0x00000000dd400000)
 ParOldGen       total 75776K, used 485K [0x0000000090c00000, 0x0000000095600000, 0x00000000dae80000)
  object space 75776K, 0% used [0x0000000090c00000,0x0000000090c79598,0x0000000095600000)
 Metaspace       used 12917K, capacity 13046K, committed 13184K, reserved 1060864K
  class space    used 1565K, capacity 1619K, committed 1664K, reserved 1048576K
Event: 2.063 GC heap after
Heap after GC invocations=2 (full 0):
 PSYoungGen      total 33792K, used 4606K [0x00000000dae80000, 0x00000000df080000, 0x0000000100000000)
  eden space 29184K, 0% used [0x00000000dae80000,0x00000000dae80000,0x00000000dcb00000)
  from space 4608K, 99% used [0x00000000dcf80000,0x00000000dd3ffa90,0x00000000dd400000)
  to   space 4608K, 0% used [0x00000000dcb00000,0x00000000dcb00000,0x00000000dcf80000)
 ParOldGen       total 75776K, used 3079K [0x0000000090c00000, 0x0000000095600000, 0x00000000dae80000)
  object space 75776K, 4% used [0x0000000090c00000,0x0000000090f01c30,0x0000000095600000)
 Metaspace       used 12917K, capacity 13046K, committed 13184K, reserved 1060864K
  class space    used 1565K, capacity 1619K, committed 1664K, reserved 1048576K
}
Event: 3.008 GC heap before
{Heap before GC invocations=3 (full 0):
 PSYoungGen      total 33792K, used 33790K [0x00000000dae80000, 0x00000000df080000, 0x0000000100000000)
  eden space 29184K, 100% used [0x00000000dae80000,0x00000000dcb00000,0x00000000dcb00000)
  from space 4608K, 99% used [0x00000000dcf80000,0x00000000dd3ffa90,0x00000000dd400000)
  to   space 4608K, 0% used [0x00000000dcb00000,0x00000000dcb00000,0x00000000dcf80000)
 ParOldGen       total 75776K, used 3079K [0x0000000090c00000, 0x0000000095600000, 0x00000000dae80000)
  object space 75776K, 4% used [0x0000000090c00000,0x0000000090f01c30,0x0000000095600000)
 Metaspace       used 18429K, capacity 18616K, committed 18944K, reserved 1064960K
  class space    used 2366K, capacity 2462K, committed 2560K, reserved 1048576K
Event: 3.027 GC heap after
Heap after GC invocations=3 (full 0):
 PSYoungGen      total 33792K, used 4576K [0x00000000dae80000, 0x00000000df080000, 0x0000000100000000)
  eden space 29184K, 0% used [0x00000000dae80000,0x00000000dae80000,0x00000000dcb00000)
  from space 4608K, 99% used [0x00000000dcb00000,0x00000000dcf78060,0x00000000dcf80000)
  to   space 4608K, 0% used [0x00000000dec00000,0x00000000dec00000,0x00000000df080000)
 ParOldGen       total 75776K, used 7216K [0x0000000090c00000, 0x0000000095600000, 0x00000000dae80000)
  object space 75776K, 9% used [0x0000000090c00000,0x000000009130c170,0x0000000095600000)
 Metaspace       used 18429K, capacity 18616K, committed 18944K, reserved 1064960K
  class space    used 2366K, capacity 2462K, committed 2560K, reserved 1048576K
}
Event: 4.205 GC heap before
{Heap before GC invocations=4 (full 0):
 PSYoungGen      total 33792K, used 24619K [0x00000000dae80000, 0x00000000df080000, 0x0000000100000000)
  eden space 29184K, 68% used [0x00000000dae80000,0x00000000dc212e60,0x00000000dcb00000)
  from space 4608K, 99% used [0x00000000dcb00000,0x00000000dcf78060,0x00000000dcf80000)
  to   space 4608K, 0% used [0x00000000dec00000,0x00000000dec00000,0x00000000df080000)
 ParOldGen       total 75776K, used 7216K [0x0000000090c00000, 0x0000000095600000, 0x00000000dae80000)
  object space 75776K, 9% used [0x0000000090c00000,0x000000009130c170,0x0000000095600000)
 Metaspace       used 20895K, capacity 21080K, committed 21296K, reserved 1067008K
  class space    used 2746K, capacity 2840K, committed 2944K, reserved 1048576K
Event: 4.220 GC heap after
Heap after GC invocations=4 (full 0):
 PSYoungGen      total 62976K, used 4576K [0x00000000dae80000, 0x00000000df080000, 0x0000000100000000)
  eden space 58368K, 0% used [0x00000000dae80000,0x00000000dae80000,0x00000000de780000)
  from space 4608K, 99% used [0x00000000dec00000,0x00000000df0780b0,0x00000000df080000)
  to   space 4608K, 0% used [0x00000000de780000,0x00000000de780000,0x00000000dec00000)
 ParOldGen       total 75776K, used 9550K [0x0000000090c00000, 0x0000000095600000, 0x00000000dae80000)
  object space 75776K, 12% used [0x0000000090c00000,0x00000000915539f8,0x0000000095600000)
 Metaspace       used 20895K, capacity 21080K, committed 21296K, reserved 1067008K
  class space    used 2746K, capacity 2840K, committed 2944K, reserved 1048576K
}
Event: 4.221 GC heap before
{Heap before GC invocations=5 (full 1):
 PSYoungGen      total 62976K, used 4576K [0x00000000dae80000, 0x00000000df080000, 0x0000000100000000)
  eden space 58368K, 0% used [0x00000000dae80000,0x00000000dae80000,0x00000000de780000)
  from space 4608K, 99% used [0x00000000dec00000,0x00000000df0780b0,0x00000000df080000)
  to   space 4608K, 0% used [0x00000000de780000,0x00000000de780000,0x00000000dec00000)
 ParOldGen       total 75776K, used 9550K [0x0000000090c00000, 0x0000000095600000, 0x00000000dae80000)
  object space 75776K, 12% used [0x0000000090c00000,0x00000000915539f8,0x0000000095600000)
 Metaspace       used 20895K, capacity 21080K, committed 21296K, reserved 1067008K
  class space    used 2746K, capacity 2840K, committed 2944K, reserved 1048576K

Deoptimization events (10 events):
Event: 2.835 Thread 0x0000000019379800 Uncommon trap: reason=class_check action=maybe_recompile pc=0x000000000314464c method=java.util.HashSet.add(Ljava/lang/Object;)Z @ 8
Event: 2.836 Thread 0x0000000019379800 Uncommon trap: reason=class_check action=maybe_recompile pc=0x000000000314464c method=java.util.HashSet.add(Ljava/lang/Object;)Z @ 8
Event: 3.708 Thread 0x0000000019379800 Uncommon trap: reason=class_check action=maybe_recompile pc=0x00000000033fefb8 method=org.openqa.selenium.json.Input.init()V @ 18
Event: 3.709 Thread 0x0000000019379800 Uncommon trap: reason=class_check action=maybe_recompile pc=0x00000000033fefb8 method=org.openqa.selenium.json.Input.init()V @ 18
Event: 3.709 Thread 0x0000000019379800 Uncommon trap: reason=class_check action=maybe_recompile pc=0x00000000033fefb8 method=org.openqa.selenium.json.Input.init()V @ 18
Event: 3.709 Thread 0x0000000019379800 Uncommon trap: reason=class_check action=maybe_recompile pc=0x00000000033fefb8 method=org.openqa.selenium.json.Input.init()V @ 18
Event: 4.135 Thread 0x0000000019379800 Uncommon trap: reason=class_check action=maybe_recompile pc=0x000000000333dbd0 method=java.io.FilterInputStream.read([BII)I @ 7
Event: 4.135 Thread 0x0000000019379800 Uncommon trap: reason=class_check action=maybe_recompile pc=0x000000000333dbd0 method=java.io.FilterInputStream.read([BII)I @ 7
Event: 4.135 Thread 0x0000000019379800 Uncommon trap: reason=class_check action=maybe_recompile pc=0x000000000333dbd0 method=java.io.FilterInputStream.read([BII)I @ 7
Event: 4.140 Thread 0x0000000019379800 Uncommon trap: reason=class_check action=maybe_recompile pc=0x000000000333dbd0 method=java.io.FilterInputStream.read([BII)I @ 7

Internal exceptions (10 events):
Event: 4.200 Thread 0x0000000019379800 Exception <a 'java/security/PrivilegedActionException'> (0x00000000dc123da8) thrown at [D:\re\workspace\8-2-build-windows-amd64-cygwin\jdk8\563\hotspot\src\share\vm\prims\jvm.cpp, line 1248]
Event: 4.200 Thread 0x0000000019379800 Exception <a 'java/security/PrivilegedActionException'> (0x00000000dc127df0) thrown at [D:\re\workspace\8-2-build-windows-amd64-cygwin\jdk8\563\hotspot\src\share\vm\prims\jvm.cpp, line 1248]
Event: 4.201 Thread 0x0000000019379800 Exception <a 'java/security/PrivilegedActionException'> (0x00000000dc12cca0) thrown at [D:\re\workspace\8-2-build-windows-amd64-cygwin\jdk8\563\hotspot\src\share\vm\prims\jvm.cpp, line 1248]
Event: 4.201 Thread 0x0000000019379800 Exception <a 'java/security/PrivilegedActionException'> (0x00000000dc131ef8) thrown at [D:\re\workspace\8-2-build-windows-amd64-cygwin\jdk8\563\hotspot\src\share\vm\prims\jvm.cpp, line 1248]
Event: 4.202 Thread 0x0000000019379800 Exception <a 'java/security/PrivilegedActionException'> (0x00000000dc13e630) thrown at [D:\re\workspace\8-2-build-windows-amd64-cygwin\jdk8\563\hotspot\src\share\vm\prims\jvm.cpp, line 1248]
Event: 4.203 Thread 0x0000000019379800 Exception <a 'java/security/PrivilegedActionException'> (0x00000000dc143df8) thrown at [D:\re\workspace\8-2-build-windows-amd64-cygwin\jdk8\563\hotspot\src\share\vm\prims\jvm.cpp, line 1248]
Event: 4.203 Thread 0x0000000019379800 Exception <a 'java/security/PrivilegedActionException'> (0x00000000dc148b20) thrown at [D:\re\workspace\8-2-build-windows-amd64-cygwin\jdk8\563\hotspot\src\share\vm\prims\jvm.cpp, line 1248]
Event: 4.203 Thread 0x0000000019379800 Exception <a 'java/security/PrivilegedActionException'> (0x00000000dc14e238) thrown at [D:\re\workspace\8-2-build-windows-amd64-cygwin\jdk8\563\hotspot\src\share\vm\prims\jvm.cpp, line 1248]
Event: 4.204 Thread 0x0000000019379800 Exception <a 'java/security/PrivilegedActionException'> (0x00000000dc157b60) thrown at [D:\re\workspace\8-2-build-windows-amd64-cygwin\jdk8\563\hotspot\src\share\vm\prims\jvm.cpp, line 1248]
Event: 4.205 Thread 0x0000000019379800 Exception <a 'java/security/PrivilegedActionException'> (0x00000000dc15d428) thrown at [D:\re\workspace\8-2-build-windows-amd64-cygwin\jdk8\563\hotspot\src\share\vm\prims\jvm.cpp, line 1248]

Events (10 events):
Event: 4.203 loading class okio/AsyncTimeout$1
Event: 4.203 loading class okio/AsyncTimeout$1 done
Event: 4.203 loading class okio/RealBufferedSink
Event: 4.203 loading class okio/RealBufferedSink done
Event: 4.204 loading class okio/RealBufferedSink$1
Event: 4.204 loading class okio/RealBufferedSink$1 done
Event: 4.205 Thread 0x000000001a664000 Thread added: 0x000000001a664000
Event: 4.205 loading class okhttp3/internal/http1/Http1Codec
Event: 4.205 loading class okhttp3/internal/http1/Http1Codec done
Event: 4.205 Executing VM operation: CollectForMetadataAllocation


Dynamic libraries:
0x00007ff61edf0000 - 0x00007ff61ee24000 	C:\Program Files\Java\jdk1.8.0\bin\javaw.exe
0x00007ffa70eb0000 - 0x00007ffa71091000 	C:\WINDOWS\SYSTEM32\ntdll.dll
0x00007ffa70170000 - 0x00007ffa70222000 	C:\WINDOWS\System32\KERNEL32.DLL
0x00007ffa6def0000 - 0x00007ffa6e163000 	C:\WINDOWS\System32\KERNELBASE.dll
0x00007ffa70750000 - 0x00007ffa707f1000 	C:\WINDOWS\System32\ADVAPI32.dll
0x00007ffa6e340000 - 0x00007ffa6e3de000 	C:\WINDOWS\System32\msvcrt.dll
0x00007ffa70110000 - 0x00007ffa7016b000 	C:\WINDOWS\System32\sechost.dll
0x00007ffa70ca0000 - 0x00007ffa70dc4000 	C:\WINDOWS\System32\RPCRT4.dll
0x00007ffa6e850000 - 0x00007ffa6e9e0000 	C:\WINDOWS\System32\USER32.dll
0x00007ffa6e170000 - 0x00007ffa6e190000 	C:\WINDOWS\System32\win32u.dll
0x00007ffa700e0000 - 0x00007ffa70108000 	C:\WINDOWS\System32\GDI32.dll
0x00007ffa6dd50000 - 0x00007ffa6dee2000 	C:\WINDOWS\System32\gdi32full.dll
0x00007ffa6dbd0000 - 0x00007ffa6dc6f000 	C:\WINDOWS\System32\msvcp_win.dll
0x00007ffa6e190000 - 0x00007ffa6e28a000 	C:\WINDOWS\System32\ucrtbase.dll
0x00007ffa5f5a0000 - 0x00007ffa5f809000 	C:\WINDOWS\WinSxS\amd64_microsoft.windows.common-controls_6595b64144ccf1df_6.0.17134.1_none_e4da93291059d8fb\COMCTL32.dll
0x00007ffa70800000 - 0x00007ffa70b23000 	C:\WINDOWS\System32\combase.dll
0x00007ffa6dcd0000 - 0x00007ffa6dd4a000 	C:\WINDOWS\System32\bcryptPrimitives.dll
0x00007ffa6e6c0000 - 0x00007ffa6e6ed000 	C:\WINDOWS\System32\IMM32.DLL
0x0000000053bd0000 - 0x0000000053ca2000 	C:\Program Files\Java\jdk1.8.0\jre\bin\msvcr100.dll
0x00000000533b0000 - 0x0000000053bc9000 	C:\Program Files\Java\jdk1.8.0\jre\bin\server\jvm.dll
0x00007ffa6e9e0000 - 0x00007ffa6e9e8000 	C:\WINDOWS\System32\PSAPI.DLL
0x00007ffa67cf0000 - 0x00007ffa67cf9000 	C:\WINDOWS\SYSTEM32\WSOCK32.dll
0x00007ffa6ec30000 - 0x00007ffa6ec9c000 	C:\WINDOWS\System32\WS2_32.dll
0x00007ffa691d0000 - 0x00007ffa691f3000 	C:\WINDOWS\SYSTEM32\WINMM.dll
0x00007ffa691a0000 - 0x00007ffa691ca000 	C:\WINDOWS\SYSTEM32\WINMMBASE.dll
0x00007ffa6db80000 - 0x00007ffa6dbc9000 	C:\WINDOWS\System32\cfgmgr32.dll
0x00000000533a0000 - 0x00000000533af000 	C:\Program Files\Java\jdk1.8.0\jre\bin\verify.dll
0x0000000053370000 - 0x0000000053398000 	C:\Program Files\Java\jdk1.8.0\jre\bin\java.dll
0x0000000053350000 - 0x0000000053366000 	C:\Program Files\Java\jdk1.8.0\jre\bin\zip.dll
0x00007ffa6eca0000 - 0x00007ffa700e0000 	C:\WINDOWS\System32\SHELL32.dll
0x00007ffa70dd0000 - 0x00007ffa70e79000 	C:\WINDOWS\System32\shcore.dll
0x00007ffa6d280000 - 0x00007ffa6d98d000 	C:\WINDOWS\System32\windows.storage.dll
0x00007ffa70bd0000 - 0x00007ffa70c21000 	C:\WINDOWS\System32\shlwapi.dll
0x00007ffa6d250000 - 0x00007ffa6d261000 	C:\WINDOWS\System32\kernel.appcore.dll
0x00007ffa6d1e0000 - 0x00007ffa6d1ff000 	C:\WINDOWS\System32\profapi.dll
0x00007ffa6d200000 - 0x00007ffa6d24c000 	C:\WINDOWS\System32\powrprof.dll
0x00007ffa6d270000 - 0x00007ffa6d27a000 	C:\WINDOWS\System32\FLTLIB.DLL
0x0000000053330000 - 0x0000000053349000 	C:\Program Files\Java\jdk1.8.0\jre\bin\net.dll
0x00007ffa6ca40000 - 0x00007ffa6caa6000 	C:\WINDOWS\system32\mswsock.dll
0x00007ffa6c800000 - 0x00007ffa6c8be000 	C:\WINDOWS\SYSTEM32\DNSAPI.dll
0x00007ffa70c90000 - 0x00007ffa70c98000 	C:\WINDOWS\System32\NSI.dll
0x00007ffa6c7c0000 - 0x00007ffa6c7f8000 	C:\WINDOWS\SYSTEM32\IPHLPAPI.DLL
0x00007ffa62c40000 - 0x00007ffa62c4a000 	C:\Windows\System32\rasadhlp.dll
0x00007ffa601f0000 - 0x00007ffa60262000 	C:\WINDOWS\System32\fwpuclnt.dll
0x00007ffa6cd20000 - 0x00007ffa6cd45000 	C:\WINDOWS\SYSTEM32\bcrypt.dll
0x00007ffa6cbf0000 - 0x00007ffa6cc07000 	C:\WINDOWS\SYSTEM32\CRYPTSP.dll
0x00007ffa6c620000 - 0x00007ffa6c653000 	C:\WINDOWS\system32\rsaenh.dll
0x00007ffa6d0c0000 - 0x00007ffa6d0e8000 	C:\WINDOWS\SYSTEM32\USERENV.dll
0x00007ffa6cc10000 - 0x00007ffa6cc1b000 	C:\WINDOWS\SYSTEM32\CRYPTBASE.dll
0x00007ffa63550000 - 0x00007ffa63566000 	C:\WINDOWS\system32\napinsp.dll
0x00007ffa50a10000 - 0x00007ffa50a2a000 	C:\WINDOWS\system32\pnrpnsp.dll
0x00007ffa633d0000 - 0x00007ffa633e9000 	C:\WINDOWS\system32\NLAapi.dll
0x00007ffa570e0000 - 0x00007ffa570ee000 	C:\WINDOWS\System32\winrnr.dll
0x00007ffa633b0000 - 0x00007ffa633c5000 	C:\WINDOWS\System32\wshbth.dll
0x0000000053310000 - 0x0000000053321000 	C:\Program Files\Java\jdk1.8.0\jre\bin\nio.dll
0x00000000532e0000 - 0x0000000053304000 	C:\Program Files\Java\jdk1.8.0\jre\bin\sunec.dll
0x00000000532d0000 - 0x00000000532db000 	C:\Program Files\Java\jdk1.8.0\jre\bin\sunmscapi.dll
0x00007ffa6d990000 - 0x00007ffa6db72000 	C:\WINDOWS\System32\CRYPT32.dll
0x00007ffa6d1c0000 - 0x00007ffa6d1d2000 	C:\WINDOWS\System32\MSASN1.dll
0x00007ffa630a0000 - 0x00007ffa630b6000 	C:\WINDOWS\SYSTEM32\dhcpcsvc6.DLL
0x00007ffa631a0000 - 0x00007ffa631ba000 	C:\WINDOWS\SYSTEM32\dhcpcsvc.DLL
0x00007ffa67940000 - 0x00007ffa67b09000 	C:\WINDOWS\SYSTEM32\dbghelp.dll

VM Arguments:
jvm_args: -ea -Dfile.encoding=Cp1252 
java_command: org.testng.remote.RemoteTestNG -serport 52655 -protocol json -d E:\New Projects\eSign\test-output E:\New Projects\eSign\Build\Package.xml
java_class_path (initial): E:\Softwares\eclipse\configuration\org.eclipse.osgi\935\0\.cp\lib\testng-remote.jar;E:\New Projects\eSign\target\test-classes;E:\New Projects\eSign\target\classes;C:\Users\admin\.m2\repository\org\testng\testng\6.14.2\testng-6.14.2.jar;C:\Users\admin\.m2\repository\com\beust\jcommander\1.72\jcommander-1.72.jar;C:\Users\admin\.m2\repository\org\apache-extras\beanshell\bsh\2.0b6\bsh-2.0b6.jar;C:\Users\admin\.m2\repository\org\seleniumhq\selenium\selenium-java\3.13.0\selenium-java-3.13.0.jar;C:\Users\admin\.m2\repository\org\seleniumhq\selenium\selenium-edge-driver\3.13.0\selenium-edge-driver-3.13.0.jar;C:\Users\admin\.m2\repository\org\seleniumhq\selenium\selenium-ie-driver\3.13.0\selenium-ie-driver-3.13.0.jar;C:\Users\admin\.m2\repository\org\seleniumhq\selenium\selenium-opera-driver\3.13.0\selenium-opera-driver-3.13.0.jar;C:\Users\admin\.m2\repository\org\seleniumhq\selenium\selenium-safari-driver\3.13.0\selenium-safari-driver-3.13.0.jar;C:\Users\admin\.m2\repository\org\seleniumhq\selenium\selenium-support\3.13.0\selenium-support-3.13.0.jar;C:\Users\admin\.m2\repository\net\bytebuddy\byte-buddy\1.8.3\byte-buddy-1.8.3.jar;C:\Users\admin\.m2\repository\org\apache\commons\commons-exec\1.3\commons-exec-1.3.jar;C:\Users\admin\.m2\repository\commons-codec\commons-codec\1.10\commons-codec-1.10.jar;C:\Users\admin\.m2\repository\commons-logging\commons-logging\1.2\commons-logging-1.2.jar;C:\Users\admin\.m2\repository\com\google\code\gson\gson\2.8.4\gson-2.8.4.jar;C:\Users\admin\.m2\repository\com\google\guava\guava\25.0-jre\guava-25.0-jre.jar;C:\Users\admin\.m2\repository\com\google\code\findbugs\jsr305\1.3.9\jsr305-1.3.9.jar;C:\Users\admin\.m2\repository\org\checkerframework\checker-compat-qual\2.0.0\checker-compat-qual-2.0.0.jar;C:\Users\admin\.m2\repository\com\google\errorprone\error_prone_annotations\2.1.3\error_prone_annotations-2.1.3.jar;C:\Users\admin\.m2\repository\com\google\j2objc\j2objc-annotations\1.1\j2objc-annotations-1.1.jar;C:\U
Launcher Type: SUN_STANDARD

Environment Variables:
JAVA_HOME=C:\Program Files\Java\jdk1.8.0
PATH=C:\WINDOWS\system32;C:\WINDOWS;C:\WINDOWS\System32\Wbem;C:\WINDOWS\System32\WindowsPowerShell\v1.0\;C:\Program Files (x86)\Skype\Phone\;E:\Backup Folder\Chirag Backup\Software\apache-maven-3.5.2-bin\apache-maven-3.5.2\bin;C:\Program Files\Java\jdk1.8.0\bin;E:\Android Project\android-sdk-windows_Full\android-sdk-windows\build-tools\25.0.0;E:\Android Project\android-sdk-windows_Full\android-sdk-windows\platform-tools;C:\WINDOWS\System32\OpenSSH\;C:\Users\admin\AppData\Local\Microsoft\WindowsApps;
USERNAME=admin
OS=Windows_NT
PROCESSOR_IDENTIFIER=AMD64 Family 21 Model 48 Stepping 1, AuthenticAMD



---------------  S Y S T E M  ---------------

OS: Windows 8.1 , 64 bit Build 9600 

CPU:total 4 (4 cores per cpu, 1 threads per core) family 21 model 48 stepping 1, cmov, cx8, fxsr, mmx, sse, sse2, sse3, ssse3, sse4.1, sse4.2, popcnt, avx, aes, clmul, mmxext, 3dnowpref, lzcnt, sse4a, tsc, tscinvbit

Memory: 4k page, physical 7284048k(1917540k free), swap 13753576k(2591852k free)

vm_info: Java HotSpot(TM) 64-Bit Server VM (25.0-b55) for windows-amd64 JRE (1.8.0-ea-b113), built on Oct 24 2013 10:27:42 by "java_re" with MS VC++ 10.0 (VS2010)

time: Thu Oct 25 16:14:21 2018
elapsed time: 4 seconds

