#
# A fatal error has been detected by the Java Runtime Environment:
#
#  EXCEPTION_ACCESS_VIOLATION (0xc0000005) at pc=0x0000000060e307d6, pid=15696, tid=12108
#
# JRE version: Java(TM) SE Runtime Environment (8.0-b113) (build 1.8.0-ea-b113)
# Java VM: Java HotSpot(TM) 64-Bit Server VM (25.0-b55 mixed mode windows-amd64 compressed oops)
# Problematic frame:
# V  [jvm.dll+0x1107d6]
#
# Failed to write core dump. Minidumps are not enabled by default on client versions of Windows
#
# If you would like to submit a bug report, please visit:
#   http://bugreport.sun.com/bugreport/crash.jsp
#

---------------  T H R E A D  ---------------

Current thread (0x0000000016fa5800):  VMThread [stack: 0x0000000018040000,0x0000000018140000] [id=12108]

siginfo: ExceptionCode=0xc0000005, reading address 0x0000000000033288

Registers:
RAX=0x000000006131f950, RBX=0x000000001a140c20, RCX=0x0000000000033220, RDX=0x00000000614859f0
RSP=0x000000001813f058, RBP=0x00000000614859f0, RSI=0x0000000000000001, RDI=0x0000000000000002
R8 =0x00000000614859f0, R9 =0x0000000000000004, R10=0x00000000000001fe, R11=0x000000001a140c10
R12=0x0000000000000000, R13=0x00000000614859f0, R14=0x000000006131f858, R15=0x0000000061485960
RIP=0x0000000060e307d6, EFLAGS=0x0000000000010202

Top of Stack: (sp=0x000000001813f058)
0x000000001813f058:   0000000060e3a298 00000000612c49d8
0x000000001813f068:   0000000060da9f63 0000000000000000
0x000000001813f078:   0000000003365150 00000008001f7428
0x000000001813f088:   0000000060d54a53 00000000614859f0
0x000000001813f098:   000000001a140c10 0000000000000000
0x000000001813f0a8:   0000000000000000 000000001b1efc28
0x000000001813f0b8:   0000000060e136dd 000000001a140c10
0x000000001813f0c8:   0000000000000000 0000000000000000
0x000000001813f0d8:   000000001b1efc28 00000000612d7260
0x000000001813f0e8:   0000000000000000 00000008001f7428
0x000000001813f0f8:   0000000060e319a2 00000008001f7028
0x000000001813f108:   000000001813f178 00000000614859f0
0x000000001813f118:   0000000060d7ad8d 00000000612d7260
0x000000001813f128:   00000000000001fe ffffffffffffff00
0x000000001813f138:   0000000000000004 00000000000000f9
0x000000001813f148:   0000000000000000 0000000000000000 

Instructions: (pc=0x0000000060e307d6)
0x0000000060e307b6:   c0 74 14 48 8b 50 78 48 85 d2 74 07 48 89 91 80
0x0000000060e307c6:   00 00 00 48 89 48 78 f3 c3 cc 48 8b 02 4c 8b c2
0x0000000060e307d6:   48 8b 51 68 49 8b c8 48 ff 20 48 8b 81 90 00 00
0x0000000060e307e6:   00 48 8b 00 c3 cc cc cc cc cc 40 53 48 83 ec 50 


Register to memory mapping:

RAX=0x000000006131f950 is an unknown value
RBX=0x000000001a140c20 is an unknown value
RCX=0x0000000000033220 is an unknown value
RDX=0x00000000614859f0 is an unknown value
RSP=0x000000001813f058 is an unknown value
RBP=0x00000000614859f0 is an unknown value
RSI=0x0000000000000001 is an unknown value
RDI=0x0000000000000002 is an unknown value
R8 =0x00000000614859f0 is an unknown value
R9 =0x0000000000000004 is an unknown value
R10=0x00000000000001fe is an unknown value
R11=0x000000001a140c10 is an unknown value
R12=0x0000000000000000 is an unknown value
R13=0x00000000614859f0 is an unknown value
R14=0x000000006131f858 is an unknown value
R15=0x0000000061485960 is an unknown value


Stack: [0x0000000018040000,0x0000000018140000],  sp=0x000000001813f058,  free space=1020k
Native frames: (J=compiled Java code, j=interpreted, Vv=VM code, C=native code)
V  [jvm.dll+0x1107d6]

VM_Operation (0x0000000019c7c900): CollectForMetadataAllocation, mode: safepoint, requested by thread 0x0000000019131800


---------------  P R O C E S S  ---------------

Java Threads: ( => current thread )
  0x000000001a40c000 JavaThread "ForkJoinPool.commonPool-worker-1" daemon [_thread_blocked, id=1108, stack(0x000000001bb50000,0x000000001bc50000)]
  0x000000001a3ab000 JavaThread "ForkJoinPool.commonPool-worker-2" daemon [_thread_blocked, id=11132, stack(0x000000001ba50000,0x000000001bb50000)]
  0x00000000191d3000 JavaThread "ForkJoinPool.commonPool-worker-3" daemon [_thread_blocked, id=19216, stack(0x000000001b950000,0x000000001ba50000)]
  0x000000001a658800 JavaThread "Exec Stream Pumper" daemon [_thread_in_native, id=10440, stack(0x000000001b850000,0x000000001b950000)]
  0x000000001a0dc000 JavaThread "Exec Stream Pumper" daemon [_thread_in_native, id=19620, stack(0x000000001b750000,0x000000001b850000)]
  0x000000001a0db000 JavaThread "Exec Default Executor" daemon [_thread_in_native, id=14844, stack(0x000000001b650000,0x000000001b750000)]
  0x0000000019131800 JavaThread "Forwarding newSession on session null to remote" [_thread_blocked, id=13696, stack(0x0000000019b80000,0x0000000019c80000)]
  0x0000000018fde000 JavaThread "ReaderThread" [_thread_in_native, id=8420, stack(0x0000000019a80000,0x0000000019b80000)]
  0x0000000018858800 JavaThread "Service Thread" daemon [_thread_blocked, id=14240, stack(0x0000000018c40000,0x0000000018d40000)]
  0x0000000016fdf000 JavaThread "C1 CompilerThread2" daemon [_thread_blocked, id=11496, stack(0x0000000018740000,0x0000000018840000)]
  0x0000000016fdd800 JavaThread "C2 CompilerThread1" daemon [_thread_blocked, id=17660, stack(0x0000000018640000,0x0000000018740000)]
  0x0000000016fd6000 JavaThread "C2 CompilerThread0" daemon [_thread_blocked, id=12036, stack(0x0000000018540000,0x0000000018640000)]
  0x0000000016fd4000 JavaThread "Attach Listener" daemon [_thread_blocked, id=16236, stack(0x0000000018440000,0x0000000018540000)]
  0x0000000016fd3000 JavaThread "Signal Dispatcher" daemon [_thread_blocked, id=12400, stack(0x0000000018340000,0x0000000018440000)]
  0x0000000002d78000 JavaThread "Finalizer" daemon [_thread_blocked, id=14512, stack(0x0000000018240000,0x0000000018340000)]
  0x0000000002d71000 JavaThread "Reference Handler" daemon [_thread_blocked, id=9032, stack(0x0000000018140000,0x0000000018240000)]
  0x0000000002c83800 JavaThread "main" [_thread_blocked, id=16056, stack(0x0000000002b80000,0x0000000002c80000)]

Other Threads:
=>0x0000000016fa5800 VMThread [stack: 0x0000000018040000,0x0000000018140000] [id=12108]
  0x0000000018861000 WatcherThread [stack: 0x0000000018d40000,0x0000000018e40000] [id=9304]

VM state:at safepoint (normal execution)

VM Mutex/Monitor currently owned by a thread:  ([mutex/lock_event])
[0x0000000002c801d0] Threads_lock - owner thread: 0x0000000016fa5800
[0x0000000002c80750] Heap_lock - owner thread: 0x0000000019131800

Heap:
 PSYoungGen      total 62976K, used 4578K [0x00000000dae80000, 0x00000000df080000, 0x0000000100000000)
  eden space 58368K, 0% used [0x00000000dae80000,0x00000000dae80000,0x00000000de780000)
  from space 4608K, 99% used [0x00000000dec00000,0x00000000df078b80,0x00000000df080000)
  to   space 4608K, 0% used [0x00000000de780000,0x00000000de780000,0x00000000dec00000)
 ParOldGen       total 75776K, used 9501K [0x0000000090c00000, 0x0000000095600000, 0x00000000dae80000)
  object space 75776K, 12% used [0x0000000090c00000,0x0000000091547550,0x0000000095600000)
 Metaspace       used 20843K, capacity 21098K, committed 21296K, reserved 1067008K
  class space    used 2732K, capacity 2843K, committed 2864K, reserved 1048576K

Card table byte_map: [0x0000000012140000,0x00000000124c0000] byte_map_base: 0x0000000011cba000

Marking Bits: (ParMarkBitMap*) 0x00000000614c2bd0
 Begin Bits: [0x0000000012b20000, 0x00000000146f0000)
 End Bits:   [0x00000000146f0000, 0x00000000162c0000)

Polling page: 0x0000000001240000

CodeCache: size=245760Kb used=6007Kb max_used=6007Kb free=239752Kb
 bounds [0x0000000002d80000, 0x0000000003370000, 0x0000000011d80000]
 total_blobs=2235 nmethods=1811 adapters=339
 compilation: enabled

Compilation events (10 events):
Event: 4.547 Thread 0x0000000016fdd800 nmethod 2031 0x0000000003044b90 code [0x0000000003044ce0, 0x0000000003045298]
Event: 4.551 Thread 0x0000000016fdf000 nmethod 2032 0x000000000335e950 code [0x000000000335f1e0, 0x0000000003362c58]
Event: 4.551 Thread 0x0000000016fdf000 2034       3       java.lang.invoke.InvokerBytecodeGenerator::emitLoadInsn (124 bytes)
Event: 4.552 Thread 0x0000000016fdf000 nmethod 2034 0x0000000002f26e10 code [0x0000000002f27020, 0x0000000002f27b28]
Event: 4.552 Thread 0x0000000016fdf000 2037       3       java.util.regex.Pattern$5::isSatisfiedBy (28 bytes)
Event: 4.552 Thread 0x0000000016fdf000 nmethod 2037 0x000000000313c4d0 code [0x000000000313c660, 0x000000000313ca38]
Event: 4.552 Thread 0x0000000016fdf000 2035       3       java.util.regex.Pattern::range (279 bytes)
Event: 4.556 Thread 0x0000000016fdf000 nmethod 2035 0x0000000003365150 code [0x00000000033655e0, 0x0000000003367da8]
Event: 4.556 Thread 0x0000000016fdf000 2036       3       java.util.regex.Pattern::bitsOrSingle (104 bytes)
Event: 4.557 Thread 0x0000000016fdf000 nmethod 2036 0x00000000032335d0 code [0x0000000003233780, 0x0000000003233f38]

GC Heap History (9 events):
Event: 1.843 GC heap before
{Heap before GC invocations=1 (full 0):
 PSYoungGen      total 33792K, used 29184K [0x00000000dae80000, 0x00000000dd400000, 0x0000000100000000)
  eden space 29184K, 100% used [0x00000000dae80000,0x00000000dcb00000,0x00000000dcb00000)
  from space 4608K, 0% used [0x00000000dcf80000,0x00000000dcf80000,0x00000000dd400000)
  to   space 4608K, 0% used [0x00000000dcb00000,0x00000000dcb00000,0x00000000dcf80000)
 ParOldGen       total 75776K, used 0K [0x0000000090c00000, 0x0000000095600000, 0x00000000dae80000)
  object space 75776K, 0% used [0x0000000090c00000,0x0000000090c00000,0x0000000095600000)
 Metaspace       used 8714K, capacity 8822K, committed 9088K, reserved 1056768K
  class space    used 992K, capacity 1043K, committed 1152K, reserved 1048576K
Event: 1.853 GC heap after
Heap after GC invocations=1 (full 0):
 PSYoungGen      total 33792K, used 4591K [0x00000000dae80000, 0x00000000dd400000, 0x0000000100000000)
  eden space 29184K, 0% used [0x00000000dae80000,0x00000000dae80000,0x00000000dcb00000)
  from space 4608K, 99% used [0x00000000dcb00000,0x00000000dcf7bf48,0x00000000dcf80000)
  to   space 4608K, 0% used [0x00000000dcf80000,0x00000000dcf80000,0x00000000dd400000)
 ParOldGen       total 75776K, used 301K [0x0000000090c00000, 0x0000000095600000, 0x00000000dae80000)
  object space 75776K, 0% used [0x0000000090c00000,0x0000000090c4b438,0x0000000095600000)
 Metaspace       used 8714K, capacity 8822K, committed 9088K, reserved 1056768K
  class space    used 992K, capacity 1043K, committed 1152K, reserved 1048576K
}
Event: 2.480 GC heap before
{Heap before GC invocations=2 (full 0):
 PSYoungGen      total 33792K, used 33775K [0x00000000dae80000, 0x00000000dd400000, 0x0000000100000000)
  eden space 29184K, 100% used [0x00000000dae80000,0x00000000dcb00000,0x00000000dcb00000)
  from space 4608K, 99% used [0x00000000dcb00000,0x00000000dcf7bf48,0x00000000dcf80000)
  to   space 4608K, 0% used [0x00000000dcf80000,0x00000000dcf80000,0x00000000dd400000)
 ParOldGen       total 75776K, used 301K [0x0000000090c00000, 0x0000000095600000, 0x00000000dae80000)
  object space 75776K, 0% used [0x0000000090c00000,0x0000000090c4b438,0x0000000095600000)
 Metaspace       used 12688K, capacity 12790K, committed 12928K, reserved 1060864K
  class space    used 1522K, capacity 1555K, committed 1664K, reserved 1048576K
Event: 2.493 GC heap after
Heap after GC invocations=2 (full 0):
 PSYoungGen      total 33792K, used 4581K [0x00000000dae80000, 0x00000000df080000, 0x0000000100000000)
  eden space 29184K, 0% used [0x00000000dae80000,0x00000000dae80000,0x00000000dcb00000)
  from space 4608K, 99% used [0x00000000dcf80000,0x00000000dd3f96b0,0x00000000dd400000)
  to   space 4608K, 0% used [0x00000000dcb00000,0x00000000dcb00000,0x00000000dcf80000)
 ParOldGen       total 75776K, used 2923K [0x0000000090c00000, 0x0000000095600000, 0x00000000dae80000)
  object space 75776K, 3% used [0x0000000090c00000,0x0000000090edac40,0x0000000095600000)
 Metaspace       used 12688K, capacity 12790K, committed 12928K, reserved 1060864K
  class space    used 1522K, capacity 1555K, committed 1664K, reserved 1048576K
}
Event: 3.420 GC heap before
{Heap before GC invocations=3 (full 0):
 PSYoungGen      total 33792K, used 33765K [0x00000000dae80000, 0x00000000df080000, 0x0000000100000000)
  eden space 29184K, 100% used [0x00000000dae80000,0x00000000dcb00000,0x00000000dcb00000)
  from space 4608K, 99% used [0x00000000dcf80000,0x00000000dd3f96b0,0x00000000dd400000)
  to   space 4608K, 0% used [0x00000000dcb00000,0x00000000dcb00000,0x00000000dcf80000)
 ParOldGen       total 75776K, used 2923K [0x0000000090c00000, 0x0000000095600000, 0x00000000dae80000)
  object space 75776K, 3% used [0x0000000090c00000,0x0000000090edac40,0x0000000095600000)
 Metaspace       used 18105K, capacity 18328K, committed 18560K, reserved 1064960K
  class space    used 2311K, capacity 2362K, committed 2432K, reserved 1048576K
Event: 3.438 GC heap after
Heap after GC invocations=3 (full 0):
 PSYoungGen      total 33792K, used 4594K [0x00000000dae80000, 0x00000000df080000, 0x0000000100000000)
  eden space 29184K, 0% used [0x00000000dae80000,0x00000000dae80000,0x00000000dcb00000)
  from space 4608K, 99% used [0x00000000dcb00000,0x00000000dcf7cb40,0x00000000dcf80000)
  to   space 4608K, 0% used [0x00000000dec00000,0x00000000dec00000,0x00000000df080000)
 ParOldGen       total 75776K, used 6702K [0x0000000090c00000, 0x0000000095600000, 0x00000000dae80000)
  object space 75776K, 8% used [0x0000000090c00000,0x000000009128bb20,0x0000000095600000)
 Metaspace       used 18105K, capacity 18328K, committed 18560K, reserved 1064960K
  class space    used 2311K, capacity 2362K, committed 2432K, reserved 1048576K
}
Event: 4.573 GC heap before
{Heap before GC invocations=4 (full 0):
 PSYoungGen      total 33792K, used 27066K [0x00000000dae80000, 0x00000000df080000, 0x0000000100000000)
  eden space 29184K, 76% used [0x00000000dae80000,0x00000000dc471dc8,0x00000000dcb00000)
  from space 4608K, 99% used [0x00000000dcb00000,0x00000000dcf7cb40,0x00000000dcf80000)
  to   space 4608K, 0% used [0x00000000dec00000,0x00000000dec00000,0x00000000df080000)
 ParOldGen       total 75776K, used 6702K [0x0000000090c00000, 0x0000000095600000, 0x00000000dae80000)
  object space 75776K, 8% used [0x0000000090c00000,0x000000009128bb20,0x0000000095600000)
 Metaspace       used 20843K, capacity 21098K, committed 21296K, reserved 1067008K
  class space    used 2732K, capacity 2843K, committed 2864K, reserved 1048576K
Event: 4.587 GC heap after
Heap after GC invocations=4 (full 0):
 PSYoungGen      total 62976K, used 4578K [0x00000000dae80000, 0x00000000df080000, 0x0000000100000000)
  eden space 58368K, 0% used [0x00000000dae80000,0x00000000dae80000,0x00000000de780000)
  from space 4608K, 99% used [0x00000000dec00000,0x00000000df078b80,0x00000000df080000)
  to   space 4608K, 0% used [0x00000000de780000,0x00000000de780000,0x00000000dec00000)
 ParOldGen       total 75776K, used 9501K [0x0000000090c00000, 0x0000000095600000, 0x00000000dae80000)
  object space 75776K, 12% used [0x0000000090c00000,0x0000000091547550,0x0000000095600000)
 Metaspace       used 20843K, capacity 21098K, committed 21296K, reserved 1067008K
  class space    used 2732K, capacity 2843K, committed 2864K, reserved 1048576K
}
Event: 4.587 GC heap before
{Heap before GC invocations=5 (full 1):
 PSYoungGen      total 62976K, used 4578K [0x00000000dae80000, 0x00000000df080000, 0x0000000100000000)
  eden space 58368K, 0% used [0x00000000dae80000,0x00000000dae80000,0x00000000de780000)
  from space 4608K, 99% used [0x00000000dec00000,0x00000000df078b80,0x00000000df080000)
  to   space 4608K, 0% used [0x00000000de780000,0x00000000de780000,0x00000000dec00000)
 ParOldGen       total 75776K, used 9501K [0x0000000090c00000, 0x0000000095600000, 0x00000000dae80000)
  object space 75776K, 12% used [0x0000000090c00000,0x0000000091547550,0x0000000095600000)
 Metaspace       used 20843K, capacity 21098K, committed 21296K, reserved 1067008K
  class space    used 2732K, capacity 2843K, committed 2864K, reserved 1048576K

Deoptimization events (10 events):
Event: 3.351 Thread 0x0000000019131800 Uncommon trap: reason=class_check action=maybe_recompile pc=0x0000000003044efc method=java.util.HashMap.putVal(ILjava/lang/Object;Ljava/lang/Object;ZZ)Ljava/lang/Object; @ 203
Event: 3.370 Thread 0x0000000019131800 Uncommon trap: reason=class_check action=maybe_recompile pc=0x00000000032337c0 method=java.util.HashSet.add(Ljava/lang/Object;)Z @ 8
Event: 3.377 Thread 0x0000000019131800 Uncommon trap: reason=class_check action=maybe_recompile pc=0x00000000032337c0 method=java.util.HashSet.add(Ljava/lang/Object;)Z @ 8
Event: 3.378 Thread 0x0000000019131800 Uncommon trap: reason=class_check action=maybe_recompile pc=0x00000000032337c0 method=java.util.HashSet.add(Ljava/lang/Object;)Z @ 8
Event: 3.379 Thread 0x0000000019131800 Uncommon trap: reason=class_check action=maybe_recompile pc=0x00000000032337c0 method=java.util.HashSet.add(Ljava/lang/Object;)Z @ 8
Event: 3.510 Thread 0x0000000019131800 Uncommon trap: reason=unreached action=reinterpret pc=0x0000000002f12814 method=java.util.ArrayList.indexOf(Ljava/lang/Object;)I @ 1
Event: 4.212 Thread 0x0000000019131800 Uncommon trap: reason=class_check action=maybe_recompile pc=0x00000000031f3878 method=org.openqa.selenium.json.Input.init()V @ 18
Event: 4.213 Thread 0x0000000019131800 Uncommon trap: reason=class_check action=maybe_recompile pc=0x00000000031f3878 method=org.openqa.selenium.json.Input.init()V @ 18
Event: 4.213 Thread 0x0000000019131800 Uncommon trap: reason=class_check action=maybe_recompile pc=0x00000000031f3878 method=org.openqa.selenium.json.Input.init()V @ 18
Event: 4.213 Thread 0x0000000019131800 Uncommon trap: reason=class_check action=maybe_recompile pc=0x00000000031f3878 method=org.openqa.selenium.json.Input.init()V @ 18

Internal exceptions (10 events):
Event: 4.564 Thread 0x0000000019131800 Exception <a 'java/security/PrivilegedActionException'> (0x00000000dc3ae578) thrown at [D:\re\workspace\8-2-build-windows-amd64-cygwin\jdk8\563\hotspot\src\share\vm\prims\jvm.cpp, line 1248]
Event: 4.564 Thread 0x0000000019131800 Exception <a 'java/security/PrivilegedActionException'> (0x00000000dc3b72a0) thrown at [D:\re\workspace\8-2-build-windows-amd64-cygwin\jdk8\563\hotspot\src\share\vm\prims\jvm.cpp, line 1248]
Event: 4.565 Thread 0x0000000019131800 Exception <a 'java/security/PrivilegedActionException'> (0x00000000dc3bfc10) thrown at [D:\re\workspace\8-2-build-windows-amd64-cygwin\jdk8\563\hotspot\src\share\vm\prims\jvm.cpp, line 1248]
Event: 4.566 Thread 0x0000000019131800 Exception <a 'java/security/PrivilegedActionException'> (0x00000000dc3c3dd0) thrown at [D:\re\workspace\8-2-build-windows-amd64-cygwin\jdk8\563\hotspot\src\share\vm\prims\jvm.cpp, line 1248]
Event: 4.567 Thread 0x0000000019131800 Exception <a 'java/security/PrivilegedActionException'> (0x00000000dc3d1f78) thrown at [D:\re\workspace\8-2-build-windows-amd64-cygwin\jdk8\563\hotspot\src\share\vm\prims\jvm.cpp, line 1248]
Event: 4.568 Thread 0x0000000019131800 Exception <a 'java/security/PrivilegedActionException'> (0x00000000dc3d9f48) thrown at [D:\re\workspace\8-2-build-windows-amd64-cygwin\jdk8\563\hotspot\src\share\vm\prims\jvm.cpp, line 1248]
Event: 4.570 Thread 0x0000000019131800 Exception <a 'java/security/PrivilegedActionException'> (0x00000000dc3e4288) thrown at [D:\re\workspace\8-2-build-windows-amd64-cygwin\jdk8\563\hotspot\src\share\vm\prims\jvm.cpp, line 1248]
Event: 4.571 Thread 0x0000000019131800 Exception <a 'java/security/PrivilegedActionException'> (0x00000000dc3ed7e0) thrown at [D:\re\workspace\8-2-build-windows-amd64-cygwin\jdk8\563\hotspot\src\share\vm\prims\jvm.cpp, line 1248]
Event: 4.571 Thread 0x0000000019131800 Exception <a 'java/security/PrivilegedActionException'> (0x00000000dc3f33d0) thrown at [D:\re\workspace\8-2-build-windows-amd64-cygwin\jdk8\563\hotspot\src\share\vm\prims\jvm.cpp, line 1248]
Event: 4.572 Thread 0x0000000019131800 Exception <a 'java/security/PrivilegedActionException'> (0x00000000dc3fb2d8) thrown at [D:\re\workspace\8-2-build-windows-amd64-cygwin\jdk8\563\hotspot\src\share\vm\prims\jvm.cpp, line 1248]

Events (10 events):
Event: 4.568 loading class okhttp3/internal/connection/RouteSelector done
Event: 4.570 loading class okhttp3/internal/cache/CacheStrategy$Factory
Event: 4.570 loading class okhttp3/internal/cache/CacheStrategy$Factory done
Event: 4.571 loading class okhttp3/internal/cache/CacheStrategy
Event: 4.571 loading class okhttp3/internal/cache/CacheStrategy done
Event: 4.571 loading class okhttp3/CacheControl
Event: 4.571 loading class okhttp3/CacheControl done
Event: 4.572 loading class okhttp3/CacheControl$Builder
Event: 4.572 loading class okhttp3/CacheControl$Builder done
Event: 4.573 Executing VM operation: CollectForMetadataAllocation


Dynamic libraries:
0x00007ff634dc0000 - 0x00007ff634df4000 	C:\Program Files\Java\jdk1.8.0\bin\javaw.exe
0x00007ff9375c0000 - 0x00007ff937781000 	C:\Windows\SYSTEM32\ntdll.dll
0x00007ff937340000 - 0x00007ff9373ed000 	C:\Windows\system32\KERNEL32.DLL
0x00007ff934180000 - 0x00007ff934368000 	C:\Windows\system32\KERNELBASE.dll
0x00007ff936ac0000 - 0x00007ff936b67000 	C:\Windows\system32\ADVAPI32.dll
0x00007ff936a20000 - 0x00007ff936abd000 	C:\Windows\system32\msvcrt.dll
0x00007ff936790000 - 0x00007ff9367eb000 	C:\Windows\system32\sechost.dll
0x00007ff936cf0000 - 0x00007ff936e0d000 	C:\Windows\system32\RPCRT4.dll
0x00007ff936630000 - 0x00007ff936786000 	C:\Windows\system32\USER32.dll
0x00007ff936880000 - 0x00007ff936a07000 	C:\Windows\system32\GDI32.dll
0x00007ff92a670000 - 0x00007ff92a8e4000 	C:\Windows\WinSxS\amd64_microsoft.windows.common-controls_6595b64144ccf1df_6.0.10586.839_none_a2ddba30a539a2ae\COMCTL32.dll
0x00007ff936080000 - 0x00007ff9362fe000 	C:\Windows\system32\combase.dll
0x00007ff933e40000 - 0x00007ff933eaa000 	C:\Windows\system32\bcryptPrimitives.dll
0x00007ff9372a0000 - 0x00007ff9372db000 	C:\Windows\system32\IMM32.DLL
0x0000000062050000 - 0x0000000062122000 	C:\Program Files\Java\jdk1.8.0\jre\bin\msvcr100.dll
0x0000000060d20000 - 0x0000000061539000 	C:\Program Files\Java\jdk1.8.0\jre\bin\server\jvm.dll
0x00007ff9375b0000 - 0x00007ff9375b8000 	C:\Windows\system32\PSAPI.DLL
0x00007ff931f20000 - 0x00007ff931f43000 	C:\Windows\SYSTEM32\WINMM.dll
0x00007ff92e100000 - 0x00007ff92e109000 	C:\Windows\SYSTEM32\WSOCK32.dll
0x00007ff936c80000 - 0x00007ff936ceb000 	C:\Windows\system32\WS2_32.dll
0x00000000011f0000 - 0x000000000121c000 	C:\Windows\SYSTEM32\WINMMBASE.dll
0x00007ff934000000 - 0x00007ff934043000 	C:\Windows\system32\cfgmgr32.dll
0x0000000062040000 - 0x000000006204f000 	C:\Program Files\Java\jdk1.8.0\jre\bin\verify.dll
0x0000000062010000 - 0x0000000062038000 	C:\Program Files\Java\jdk1.8.0\jre\bin\java.dll
0x0000000061fa0000 - 0x0000000061fb6000 	C:\Program Files\Java\jdk1.8.0\jre\bin\zip.dll
0x00007ff9349c0000 - 0x00007ff935f1c000 	C:\Windows\system32\SHELL32.dll
0x00007ff934370000 - 0x00007ff9349b5000 	C:\Windows\system32\windows.storage.dll
0x00007ff9372e0000 - 0x00007ff937332000 	C:\Windows\system32\shlwapi.dll
0x00007ff933bf0000 - 0x00007ff933bff000 	C:\Windows\system32\kernel.appcore.dll
0x00007ff933eb0000 - 0x00007ff933f65000 	C:\Windows\system32\shcore.dll
0x00007ff933c00000 - 0x00007ff933c4b000 	C:\Windows\system32\powrprof.dll
0x00007ff933c50000 - 0x00007ff933c64000 	C:\Windows\system32\profapi.dll
0x0000000060cd0000 - 0x0000000060ce9000 	C:\Program Files\Java\jdk1.8.0\jre\bin\net.dll
0x00007ff933510000 - 0x00007ff93356c000 	C:\Windows\system32\mswsock.dll
0x00007ff932710000 - 0x00007ff9327ba000 	C:\Windows\SYSTEM32\DNSAPI.dll
0x00007ff936a10000 - 0x00007ff936a18000 	C:\Windows\system32\NSI.dll
0x00007ff92b490000 - 0x00007ff92b49a000 	C:\Windows\System32\rasadhlp.dll
0x00007ff92e440000 - 0x00007ff92e4a7000 	C:\Windows\System32\fwpuclnt.dll
0x00007ff933a70000 - 0x00007ff933a99000 	C:\Windows\SYSTEM32\bcrypt.dll
0x00007ff9335c0000 - 0x00007ff9335d7000 	C:\Windows\SYSTEM32\CRYPTSP.dll
0x00007ff933250000 - 0x00007ff933284000 	C:\Windows\system32\rsaenh.dll
0x00007ff9333a0000 - 0x00007ff9333bf000 	C:\Windows\SYSTEM32\USERENV.dll
0x00007ff9336e0000 - 0x00007ff9336eb000 	C:\Windows\SYSTEM32\CRYPTBASE.dll
0x00007ff91e670000 - 0x00007ff91e686000 	C:\Windows\system32\napinsp.dll
0x00007ff91e690000 - 0x00007ff91e6aa000 	C:\Windows\system32\pnrpnsp.dll
0x00007ff9316a0000 - 0x00007ff9316b8000 	C:\Windows\system32\NLAapi.dll
0x00007ff91e6b0000 - 0x00007ff91e6bd000 	C:\Windows\System32\winrnr.dll
0x00007ff91e6c0000 - 0x00007ff91e6d5000 	C:\Windows\System32\wshbth.dll
0x00007ff92fb20000 - 0x00007ff92fb58000 	C:\Windows\SYSTEM32\IPHLPAPI.DLL
0x0000000060cb0000 - 0x0000000060cc1000 	C:\Program Files\Java\jdk1.8.0\jre\bin\nio.dll
0x0000000060cf0000 - 0x0000000060d14000 	C:\Program Files\Java\jdk1.8.0\jre\bin\sunec.dll
0x0000000061f80000 - 0x0000000061f8b000 	C:\Program Files\Java\jdk1.8.0\jre\bin\sunmscapi.dll
0x00007ff933c70000 - 0x00007ff933e38000 	C:\Windows\system32\CRYPT32.dll
0x00007ff933be0000 - 0x00007ff933bf0000 	C:\Windows\system32\MSASN1.dll
0x00007ff92df30000 - 0x00007ff92df46000 	C:\Windows\SYSTEM32\dhcpcsvc6.DLL
0x00007ff92e0e0000 - 0x00007ff92e0fa000 	C:\Windows\SYSTEM32\dhcpcsvc.DLL
0x00007ff911ce0000 - 0x00007ff911e6c000 	C:\Windows\SYSTEM32\dbghelp.dll

VM Arguments:
jvm_args: -ea -Dfile.encoding=Cp1252 
java_command: org.testng.remote.RemoteTestNG -serport 65024 -protocol json -d E:\New Projects\eSign\test-output E:\New Projects\eSign\Build\Package.xml
java_class_path (initial): E:\Softwares\eclipse\configuration\org.eclipse.osgi\935\0\.cp\lib\testng-remote.jar;E:\New Projects\eSign\target\test-classes;E:\New Projects\eSign\target\classes;C:\Users\admin\.m2\repository\org\testng\testng\6.14.2\testng-6.14.2.jar;C:\Users\admin\.m2\repository\com\beust\jcommander\1.72\jcommander-1.72.jar;C:\Users\admin\.m2\repository\org\apache-extras\beanshell\bsh\2.0b6\bsh-2.0b6.jar;C:\Users\admin\.m2\repository\org\seleniumhq\selenium\selenium-java\3.13.0\selenium-java-3.13.0.jar;C:\Users\admin\.m2\repository\org\seleniumhq\selenium\selenium-edge-driver\3.13.0\selenium-edge-driver-3.13.0.jar;C:\Users\admin\.m2\repository\org\seleniumhq\selenium\selenium-ie-driver\3.13.0\selenium-ie-driver-3.13.0.jar;C:\Users\admin\.m2\repository\org\seleniumhq\selenium\selenium-opera-driver\3.13.0\selenium-opera-driver-3.13.0.jar;C:\Users\admin\.m2\repository\org\seleniumhq\selenium\selenium-safari-driver\3.13.0\selenium-safari-driver-3.13.0.jar;C:\Users\admin\.m2\repository\org\seleniumhq\selenium\selenium-support\3.13.0\selenium-support-3.13.0.jar;C:\Users\admin\.m2\repository\net\bytebuddy\byte-buddy\1.8.3\byte-buddy-1.8.3.jar;C:\Users\admin\.m2\repository\org\apache\commons\commons-exec\1.3\commons-exec-1.3.jar;C:\Users\admin\.m2\repository\commons-codec\commons-codec\1.10\commons-codec-1.10.jar;C:\Users\admin\.m2\repository\commons-logging\commons-logging\1.2\commons-logging-1.2.jar;C:\Users\admin\.m2\repository\com\google\code\gson\gson\2.8.4\gson-2.8.4.jar;C:\Users\admin\.m2\repository\com\google\guava\guava\25.0-jre\guava-25.0-jre.jar;C:\Users\admin\.m2\repository\com\google\code\findbugs\jsr305\1.3.9\jsr305-1.3.9.jar;C:\Users\admin\.m2\repository\org\checkerframework\checker-compat-qual\2.0.0\checker-compat-qual-2.0.0.jar;C:\Users\admin\.m2\repository\com\google\errorprone\error_prone_annotations\2.1.3\error_prone_annotations-2.1.3.jar;C:\Users\admin\.m2\repository\com\google\j2objc\j2objc-annotations\1.1\j2objc-annotations-1.1.jar;C:\U
Launcher Type: SUN_STANDARD

Environment Variables:
JAVA_HOME=C:\Program Files\Java\jdk1.8.0
PATH=C:\Windows\system32;C:\Windows;C:\Windows\System32\Wbem;C:\Windows\System32\WindowsPowerShell\v1.0\;C:\Program Files (x86)\Skype\Phone\;E:\Backup Folder\Chirag Backup\Software\apache-maven-3.5.2-bin\apache-maven-3.5.2\bin;C:\Program Files\Java\jdk1.8.0\bin
USERNAME=admin
OS=Windows_NT
PROCESSOR_IDENTIFIER=AMD64 Family 21 Model 48 Stepping 1, AuthenticAMD



---------------  S Y S T E M  ---------------

OS: Windows 8.1 , 64 bit Build 9600 

CPU:total 4 (4 cores per cpu, 1 threads per core) family 21 model 48 stepping 1, cmov, cx8, fxsr, mmx, sse, sse2, sse3, ssse3, sse4.1, sse4.2, popcnt, avx, aes, clmul, mmxext, 3dnowpref, lzcnt, sse4a, tsc, tscinvbit

Memory: 4k page, physical 7284048k(1929500k free), swap 13007872k(1735584k free)

vm_info: Java HotSpot(TM) 64-Bit Server VM (25.0-b55) for windows-amd64 JRE (1.8.0-ea-b113), built on Oct 24 2013 10:27:42 by "java_re" with MS VC++ 10.0 (VS2010)

time: Wed Oct 10 11:26:55 2018
elapsed time: 4 seconds

